#
# There is insufficient memory for the Java Runtime Environment to continue.
# Native memory allocation (mmap) failed to map 191889408 bytes for Failed to commit area from 0x000000008f900000 to 0x000000009b000000 of length 191889408.
# Possible reasons:
#   The system is out of physical RAM or swap space
#   The process is running with CompressedOops enabled, and the Java Heap may be blocking the growth of the native heap
# Possible solutions:
#   Reduce memory load on the system
#   Increase physical memory or swap space
#   Check if swap backing store is full
#   Decrease Java heap size (-Xmx/-Xms)
#   Decrease number of Java threads
#   Decrease Java thread stack sizes (-Xss)
#   Set larger code cache with -XX:ReservedCodeCacheSize=
#   JVM is running with Unscaled Compressed Oops mode in which the Java heap is
#     placed in the first 4GB address space. The Java Heap base address is the
#     maximum limit for the native heap growth. Please use -XX:HeapBaseMinAddress
#     to set the Java Heap base and to place the Java Heap above 4GB virtual address.
# This output file may be truncated or incomplete.
#
#  Out of Memory Error (./src/hotspot/os/windows/os_windows.cpp:3303), pid=12392, tid=9580
#
# JRE version: OpenJDK Runtime Environment (11.0.8+10) (build 11.0.8+10-b944.6842174)
# Java VM: OpenJDK 64-Bit Server VM (11.0.8+10-b944.6842174, mixed mode, tiered, compressed oops, g1 gc, windows-amd64)
# No core dump will be written. Minidumps are not enabled by default on client versions of Windows
#

---------------  S U M M A R Y ------------

Command Line: --add-opens=java.base/java.util=ALL-UNNAMED --add-opens=java.base/java.lang=ALL-UNNAMED --add-opens=java.base/java.lang.invoke=ALL-UNNAMED --add-opens=java.prefs/java.util.prefs=ALL-UNNAMED -Xmx2048m -Dfile.encoding=UTF-8 -Duser.country=US -Duser.language=en -Duser.variant org.gradle.launcher.daemon.bootstrap.GradleDaemon 6.7.1

Host: Intel(R) Core(TM) i3-7020U CPU @ 2.30GHz, 4 cores, 3G,  Windows 10 , 64 bit Build 19041 (10.0.19041.1348)
Time: Tue Nov 23 20:51:35 2021 SE Asia Standard Time elapsed time: 407 seconds (0d 0h 6m 47s)

---------------  T H R E A D  ---------------

Current thread (0x0000014d7fa9e800):  VMThread "VM Thread" [stack: 0x0000001567900000,0x0000001567a00000] [id=9580]

Stack: [0x0000001567900000,0x0000001567a00000]
[error occurred during error reporting (printing stack bounds), id 0xc0000005, EXCEPTION_ACCESS_VIOLATION (0xc0000005) at pc=0x0000014d00000dad]

Native frames: (J=compiled Java code, j=interpreted, Vv=VM code, C=native code)
V  [jvm.dll+0x5de50a]
V  [jvm.dll+0x7122f5]
V  [jvm.dll+0x71384d]
V  [jvm.dll+0x713e65]
V  [jvm.dll+0x713e1b]
V  [jvm.dll+0x5dd958]
V  [jvm.dll+0x5de0f8]
C  [ntdll.dll+0xa20cf]
C  [ntdll.dll+0x51454]
C  [ntdll.dll+0xa0bfe]
C  0x0000014d00000dad

VM_Operation (0x00000015702f9010): G1CollectForAllocation, mode: safepoint, requested by thread 0x0000014d184ca800


---------------  P R O C E S S  ---------------

Threads class SMR info:
_java_thread_list=0x0000014d1872a460, length=143, elements={
0x0000014d7310a800, 0x0000014d7faa7800, 0x0000014d7fab5000, 0x0000014d7fb00800,
0x0000014d7fb01800, 0x0000014d7fb03800, 0x0000014d7fb0c800, 0x0000014d7fb10000,
0x0000014d0f93f000, 0x0000014d0f95b800, 0x0000014d115d0800, 0x0000014d10ea1000,
0x0000014d10840800, 0x0000014d110dc000, 0x0000014d110d9800, 0x0000014d110d9000,
0x0000014d110d7800, 0x0000014d14209800, 0x0000014d12009800, 0x0000014d1589f000,
0x0000014d158a3000, 0x0000014d1200a800, 0x0000014d1200b800, 0x0000014d12009000,
0x0000014d1200c000, 0x0000014d12006800, 0x0000014d1200d000, 0x0000014d12007800,
0x0000014d1200e000, 0x0000014d12008000, 0x0000014d12012800, 0x0000014d12012000,
0x0000014d1200e800, 0x0000014d12010800, 0x0000014d12013800, 0x0000014d1200f800,
0x0000014d12011000, 0x0000014d12014800, 0x0000014d12015000, 0x0000014d14205800,
0x0000014d14206800, 0x0000014d14209000, 0x0000014d14204000, 0x0000014d1420a800,
0x0000014d14204800, 0x0000014d1420b000, 0x0000014d1420c000, 0x0000014d1420d000,
0x0000014d14207000, 0x0000014d1420e800, 0x0000014d1420f800, 0x0000014d14210000,
0x0000014d1420d800, 0x0000014d14211000, 0x0000014d14212000, 0x0000014d14212800,
0x0000014d158a1000, 0x0000014d158a0800, 0x0000014d1589e000, 0x0000014d1589b800,
0x0000014d1589f800, 0x0000014d158a2000, 0x0000014d1589c800, 0x0000014d158a3800,
0x0000014d158a4800, 0x0000014d158a5800, 0x0000014d158aa000, 0x0000014d158a7000,
0x0000014d158a8000, 0x0000014d158a8800, 0x0000014d158a6000, 0x0000014d158a9800,
0x0000014d110da800, 0x0000014d110db800, 0x0000014d110d6800, 0x0000014d110dd000,
0x0000014d110d8000, 0x0000014d17f54000, 0x0000014d17f56800, 0x0000014d17f55800,
0x0000014d17f57000, 0x0000014d17f54800, 0x0000014d17f58000, 0x0000014d17f52800,
0x0000014d17f59000, 0x0000014d17f53000, 0x0000014d17f5b800, 0x0000014d17f5a800,
0x0000014d17f5d800, 0x0000014d17f5e800, 0x0000014d17f5f800, 0x0000014d17f5c000,
0x0000014d17f5d000, 0x0000014d17f59800, 0x0000014d17f60000, 0x0000014d17f61000,
0x0000014d11633000, 0x0000014d11631000, 0x0000014d11632000, 0x0000014d11635000,
0x0000014d11634800, 0x0000014d11633800, 0x0000014d11637000, 0x0000014d11636000,
0x0000014d1163b000, 0x0000014d11639800, 0x0000014d1163a000, 0x0000014d1163c000,
0x0000014d1163c800, 0x0000014d1163d800, 0x0000014d11637800, 0x0000014d11638800,
0x0000014d1163e000, 0x0000014d1163f000, 0x0000014d11640000, 0x0000014d17f0d800,
0x0000014d17f0a000, 0x0000014d17f0b800, 0x0000014d17f0e000, 0x0000014d17f0b000,
0x0000014d17f0c800, 0x0000014d17f0f000, 0x0000014d17f09000, 0x0000014d17f12000,
0x0000014d17f13000, 0x0000014d17f15800, 0x0000014d17f14000, 0x0000014d17f10000,
0x0000014d17f16800, 0x0000014d17f10800, 0x0000014d17f14800, 0x0000014d17f17000,
0x0000014d17f11800, 0x0000014d17f18000, 0x0000014d184d0000, 0x0000014d184cb800,
0x0000014d184ce800, 0x0000014d184cc000, 0x0000014d184ca800, 0x0000014d184d1000,
0x0000014d184d2800, 0x0000014d184d2000, 0x0000014d184cf800
}

Java Threads: ( => current thread )
  0x0000014d7310a800 JavaThread "main" [_thread_blocked, id=72, stack(0x0000001567300000,0x0000001567400000)]
  0x0000014d7faa7800 JavaThread "Reference Handler" daemon [_thread_blocked, id=10268, stack(0x0000001567a00000,0x0000001567b00000)]
  0x0000014d7fab5000 JavaThread "Finalizer" daemon [_thread_blocked, id=7976, stack(0x0000001567b00000,0x0000001567c00000)]
  0x0000014d7fb00800 JavaThread "Signal Dispatcher" daemon [_thread_blocked, id=8048, stack(0x0000001567c00000,0x0000001567d00000)]
  0x0000014d7fb01800 JavaThread "Attach Listener" daemon [_thread_blocked, id=9568, stack(0x0000001567d00000,0x0000001567e00000)]
  0x0000014d7fb03800 JavaThread "C2 CompilerThread0" daemon [_thread_blocked, id=6660, stack(0x0000001567e00000,0x0000001567f00000)]
  0x0000014d7fb0c800 JavaThread "C1 CompilerThread0" daemon [_thread_blocked, id=14456, stack(0x0000001567f00000,0x0000001568000000)]
  0x0000014d7fb10000 JavaThread "Sweeper thread" daemon [_thread_blocked, id=8984, stack(0x0000001568000000,0x0000001568100000)]
  0x0000014d0f93f000 JavaThread "Common-Cleaner" daemon [_thread_blocked, id=12600, stack(0x0000001568100000,0x0000001568200000)]
  0x0000014d0f95b800 JavaThread "Service Thread" daemon [_thread_blocked, id=14540, stack(0x0000001568200000,0x0000001568300000)]
  0x0000014d115d0800 JavaThread "Daemon health stats" [_thread_blocked, id=9420, stack(0x0000001568500000,0x0000001568600000)]
  0x0000014d10ea1000 JavaThread "Incoming local TCP Connector on port 60092" [_thread_in_native, id=68, stack(0x0000001568a00000,0x0000001568b00000)]
  0x0000014d10840800 JavaThread "Daemon periodic checks" [_thread_blocked, id=11180, stack(0x0000001568b00000,0x0000001568c00000)]
  0x0000014d110dc000 JavaThread "Cache worker for file hash cache (C:\Users\VuThiLanh\.gradle\caches\6.7.1\fileHashes)" [_thread_blocked, id=8820, stack(0x0000001569300000,0x0000001569400000)]
  0x0000014d110d9800 JavaThread "File lock request listener" [_thread_in_native, id=13852, stack(0x0000001569400000,0x0000001569500000)]
  0x0000014d110d9000 JavaThread "Cache worker for journal cache (C:\Users\VuThiLanh\.gradle\caches\journal-1)" [_thread_blocked, id=14244, stack(0x0000001569500000,0x0000001569600000)]
  0x0000014d110d7800 JavaThread "Cache worker for execution history cache (C:\Users\VuThiLanh\.gradle\caches\6.7.1\executionHistory)" [_thread_blocked, id=3524, stack(0x0000001569a00000,0x0000001569b00000)]
  0x0000014d14209800 JavaThread "Cache worker for file content cache (C:\Users\VuThiLanh\.gradle\caches\6.7.1\fileContent)" [_thread_blocked, id=11368, stack(0x0000001569c00000,0x0000001569d00000)]
  0x0000014d12009800 JavaThread "Memory manager" [_thread_blocked, id=1884, stack(0x0000001570400000,0x0000001570500000)]
  0x0000014d1589f000 JavaThread "Java2D Disposer" daemon [_thread_blocked, id=10600, stack(0x0000001570f00000,0x0000001571000000)]
  0x0000014d158a3000 JavaThread "Cache worker for Java compile cache (C:\Users\VuThiLanh\.gradle\caches\6.7.1\javaCompile)" [_thread_blocked, id=11308, stack(0x0000001567200000,0x0000001567300000)]
  0x0000014d1200a800 JavaThread "Daemon Thread 2" [_thread_blocked, id=14608, stack(0x0000001567000000,0x0000001567100000)]
  0x0000014d1200b800 JavaThread "Handler for socket connection from /127.0.0.1:60092 to /127.0.0.1:60304" [_thread_in_native, id=3660, stack(0x0000001567100000,0x0000001567200000)]
  0x0000014d12009000 JavaThread "Cancel handler" [_thread_blocked, id=9132, stack(0x0000001568800000,0x0000001568900000)]
  0x0000014d1200c000 JavaThread "Daemon worker Thread 2" [_thread_blocked, id=7600, stack(0x0000001568900000,0x0000001568a00000)]
  0x0000014d12006800 JavaThread "Asynchronous log dispatcher for DefaultDaemonConnection: socket connection from /127.0.0.1:60092 to /127.0.0.1:60304" [_thread_blocked, id=13872, stack(0x0000001568c00000,0x0000001568d00000)]
  0x0000014d1200d000 JavaThread "Stdin handler" [_thread_blocked, id=880, stack(0x0000001568d00000,0x0000001568e00000)]
  0x0000014d12007800 JavaThread "Thread-142" [_thread_blocked, id=7712, stack(0x0000001568e00000,0x0000001568f00000)]
  0x0000014d1200e000 JavaThread "Cache worker for file hash cache (E:\K7_MaNguonMo\1_BaiTapLon\Nhom14_AppBanSachTrenNenTangAndroid\.gradle\6.7.1\fileHashes)" [_thread_blocked, id=13848, stack(0x0000001568f00000,0x0000001569000000)]
  0x0000014d12008000 JavaThread "Cache worker for checksums cache (E:\K7_MaNguonMo\1_BaiTapLon\Nhom14_AppBanSachTrenNenTangAndroid\.gradle\checksums)" [_thread_blocked, id=8664, stack(0x0000001569000000,0x0000001569100000)]
  0x0000014d12012800 JavaThread "Cache worker for cache directory md-supplier (C:\Users\VuThiLanh\.gradle\caches\6.7.1\md-supplier)" [_thread_blocked, id=11476, stack(0x0000001569100000,0x0000001569200000)]
  0x0000014d12012000 JavaThread "Cache worker for cache directory md-rule (C:\Users\VuThiLanh\.gradle\caches\6.7.1\md-rule)" [_thread_blocked, id=14484, stack(0x0000001569200000,0x0000001569300000)]
  0x0000014d1200e800 JavaThread "Cache worker for Build Output Cleanup Cache (E:\K7_MaNguonMo\1_BaiTapLon\Nhom14_AppBanSachTrenNenTangAndroid\.gradle\buildOutputCleanup)" [_thread_blocked, id=14860, stack(0x0000001569600000,0x0000001569700000)]
  0x0000014d12010800 JavaThread "Build operations" [_thread_blocked, id=12964, stack(0x0000001569700000,0x0000001569800000)]
  0x0000014d12013800 JavaThread "Build operations Thread 2" [_thread_blocked, id=14308, stack(0x0000001569800000,0x0000001569900000)]
  0x0000014d1200f800 JavaThread "Build operations Thread 3" [_thread_blocked, id=8588, stack(0x0000001569900000,0x0000001569a00000)]
  0x0000014d12011000 JavaThread "Build operations Thread 4" [_thread_blocked, id=3816, stack(0x0000001569b00000,0x0000001569c00000)]
  0x0000014d12014800 JavaThread "jar transforms Thread 100" [_thread_blocked, id=1648, stack(0x0000001569d00000,0x0000001569e00000)]
  0x0000014d12015000 JavaThread "jar transforms Thread 101" [_thread_blocked, id=3032, stack(0x0000001569e00000,0x0000001569f00000)]
  0x0000014d14205800 JavaThread "jar transforms Thread 102" [_thread_blocked, id=13244, stack(0x0000001569f00000,0x000000156a000000)]
  0x0000014d14206800 JavaThread "jar transforms Thread 103" [_thread_blocked, id=14664, stack(0x000000156a000000,0x000000156a100000)]
  0x0000014d14209000 JavaThread "jar transforms Thread 104" [_thread_blocked, id=1600, stack(0x000000156a100000,0x000000156a200000)]
  0x0000014d14204000 JavaThread "jar transforms Thread 105" [_thread_blocked, id=2256, stack(0x000000156a200000,0x000000156a300000)]
  0x0000014d1420a800 JavaThread "jar transforms Thread 106" [_thread_blocked, id=3216, stack(0x000000156a300000,0x000000156a400000)]
  0x0000014d14204800 JavaThread "jar transforms Thread 107" [_thread_blocked, id=13660, stack(0x000000156a400000,0x000000156a500000)]
  0x0000014d1420b000 JavaThread "jar transforms Thread 108" [_thread_blocked, id=6276, stack(0x000000156a500000,0x000000156a600000)]
  0x0000014d1420c000 JavaThread "jar transforms Thread 109" [_thread_blocked, id=5060, stack(0x000000156a600000,0x000000156a700000)]
  0x0000014d1420d000 JavaThread "jar transforms Thread 110" [_thread_blocked, id=10500, stack(0x000000156a700000,0x000000156a800000)]
  0x0000014d14207000 JavaThread "jar transforms Thread 111" [_thread_blocked, id=6312, stack(0x000000156a800000,0x000000156a900000)]
  0x0000014d1420e800 JavaThread "jar transforms Thread 112" [_thread_blocked, id=9336, stack(0x000000156a900000,0x000000156aa00000)]
  0x0000014d1420f800 JavaThread "jar transforms Thread 113" [_thread_blocked, id=1832, stack(0x000000156aa00000,0x000000156ab00000)]
  0x0000014d14210000 JavaThread "jar transforms Thread 114" [_thread_blocked, id=13352, stack(0x000000156ab00000,0x000000156ac00000)]
  0x0000014d1420d800 JavaThread "jar transforms Thread 115" [_thread_blocked, id=1120, stack(0x000000156ac00000,0x000000156ad00000)]
  0x0000014d14211000 JavaThread "jar transforms Thread 116" [_thread_blocked, id=9576, stack(0x000000156ad00000,0x000000156ae00000)]
  0x0000014d14212000 JavaThread "jar transforms Thread 117" [_thread_blocked, id=12776, stack(0x000000156ae00000,0x000000156af00000)]
  0x0000014d14212800 JavaThread "jar transforms Thread 118" [_thread_blocked, id=6192, stack(0x000000156af00000,0x000000156b000000)]
  0x0000014d158a1000 JavaThread "jar transforms Thread 119" [_thread_blocked, id=10264, stack(0x000000156b000000,0x000000156b100000)]
  0x0000014d158a0800 JavaThread "jar transforms Thread 120" [_thread_blocked, id=8840, stack(0x000000156b100000,0x000000156b200000)]
  0x0000014d1589e000 JavaThread "jar transforms Thread 121" [_thread_blocked, id=14700, stack(0x000000156b200000,0x000000156b300000)]
  0x0000014d1589b800 JavaThread "jar transforms Thread 122" [_thread_blocked, id=8212, stack(0x000000156b300000,0x000000156b400000)]
  0x0000014d1589f800 JavaThread "jar transforms Thread 123" [_thread_blocked, id=12496, stack(0x000000156b400000,0x000000156b500000)]
  0x0000014d158a2000 JavaThread "jar transforms Thread 124" [_thread_blocked, id=14148, stack(0x000000156b500000,0x000000156b600000)]
  0x0000014d1589c800 JavaThread "jar transforms Thread 125" [_thread_blocked, id=2864, stack(0x000000156b600000,0x000000156b700000)]
  0x0000014d158a3800 JavaThread "jar transforms Thread 126" [_thread_blocked, id=14772, stack(0x000000156b700000,0x000000156b800000)]
  0x0000014d158a4800 JavaThread "jar transforms Thread 127" [_thread_blocked, id=11736, stack(0x000000156b800000,0x000000156b900000)]
  0x0000014d158a5800 JavaThread "jar transforms Thread 128" [_thread_blocked, id=13404, stack(0x000000156b900000,0x000000156ba00000)]
  0x0000014d158aa000 JavaThread "jar transforms Thread 129" [_thread_blocked, id=11220, stack(0x000000156ba00000,0x000000156bb00000)]
  0x0000014d158a7000 JavaThread "jar transforms Thread 130" [_thread_blocked, id=13192, stack(0x000000156bb00000,0x000000156bc00000)]
  0x0000014d158a8000 JavaThread "jar transforms Thread 131" [_thread_blocked, id=12124, stack(0x000000156bc00000,0x000000156bd00000)]
  0x0000014d158a8800 JavaThread "jar transforms Thread 132" [_thread_blocked, id=15168, stack(0x000000156bd00000,0x000000156be00000)]
  0x0000014d158a6000 JavaThread "jar transforms Thread 133" [_thread_blocked, id=3656, stack(0x000000156be00000,0x000000156bf00000)]
  0x0000014d158a9800 JavaThread "jar transforms Thread 134" [_thread_blocked, id=13744, stack(0x000000156bf00000,0x000000156c000000)]
  0x0000014d110da800 JavaThread "jar transforms Thread 135" [_thread_blocked, id=6992, stack(0x000000156c000000,0x000000156c100000)]
  0x0000014d110db800 JavaThread "jar transforms Thread 136" [_thread_blocked, id=14200, stack(0x000000156c100000,0x000000156c200000)]
  0x0000014d110d6800 JavaThread "jar transforms Thread 137" [_thread_blocked, id=10280, stack(0x000000156c200000,0x000000156c300000)]
  0x0000014d110dd000 JavaThread "jar transforms Thread 138" [_thread_blocked, id=10936, stack(0x000000156c300000,0x000000156c400000)]
  0x0000014d110d8000 JavaThread "jar transforms Thread 139" [_thread_blocked, id=9316, stack(0x000000156c400000,0x000000156c500000)]
  0x0000014d17f54000 JavaThread "jar transforms Thread 140" [_thread_blocked, id=15320, stack(0x000000156c500000,0x000000156c600000)]
  0x0000014d17f56800 JavaThread "jar transforms Thread 141" [_thread_blocked, id=12080, stack(0x000000156c600000,0x000000156c700000)]
  0x0000014d17f55800 JavaThread "jar transforms Thread 142" [_thread_blocked, id=11452, stack(0x000000156c700000,0x000000156c800000)]
  0x0000014d17f57000 JavaThread "jar transforms Thread 143" [_thread_blocked, id=9468, stack(0x000000156c800000,0x000000156c900000)]
  0x0000014d17f54800 JavaThread "jar transforms Thread 144" [_thread_blocked, id=7112, stack(0x000000156c900000,0x000000156ca00000)]
  0x0000014d17f58000 JavaThread "jar transforms Thread 145" [_thread_blocked, id=9392, stack(0x000000156ca00000,0x000000156cb00000)]
  0x0000014d17f52800 JavaThread "jar transforms Thread 146" [_thread_blocked, id=12452, stack(0x000000156cb00000,0x000000156cc00000)]
  0x0000014d17f59000 JavaThread "jar transforms Thread 147" [_thread_blocked, id=8660, stack(0x000000156cc00000,0x000000156cd00000)]
  0x0000014d17f53000 JavaThread "jar transforms Thread 148" [_thread_blocked, id=11132, stack(0x000000156cd00000,0x000000156ce00000)]
  0x0000014d17f5b800 JavaThread "jar transforms Thread 149" [_thread_blocked, id=7740, stack(0x000000156ce00000,0x000000156cf00000)]
  0x0000014d17f5a800 JavaThread "jar transforms Thread 150" [_thread_blocked, id=1768, stack(0x000000156cf00000,0x000000156d000000)]
  0x0000014d17f5d800 JavaThread "jar transforms Thread 151" [_thread_blocked, id=9376, stack(0x000000156d000000,0x000000156d100000)]
  0x0000014d17f5e800 JavaThread "jar transforms Thread 152" [_thread_blocked, id=13004, stack(0x000000156d100000,0x000000156d200000)]
  0x0000014d17f5f800 JavaThread "jar transforms Thread 153" [_thread_blocked, id=5332, stack(0x000000156d200000,0x000000156d300000)]
  0x0000014d17f5c000 JavaThread "jar transforms Thread 154" [_thread_blocked, id=4392, stack(0x000000156d300000,0x000000156d400000)]
  0x0000014d17f5d000 JavaThread "jar transforms Thread 155" [_thread_blocked, id=14752, stack(0x000000156d400000,0x000000156d500000)]
  0x0000014d17f59800 JavaThread "jar transforms Thread 156" [_thread_blocked, id=9948, stack(0x000000156d500000,0x000000156d600000)]
  0x0000014d17f60000 JavaThread "jar transforms Thread 157" [_thread_blocked, id=13636, stack(0x000000156d600000,0x000000156d700000)]
  0x0000014d17f61000 JavaThread "jar transforms Thread 158" [_thread_blocked, id=928, stack(0x000000156d700000,0x000000156d800000)]
  0x0000014d11633000 JavaThread "jar transforms Thread 159" [_thread_blocked, id=12780, stack(0x000000156d800000,0x000000156d900000)]
  0x0000014d11631000 JavaThread "jar transforms Thread 160" [_thread_blocked, id=5404, stack(0x000000156d900000,0x000000156da00000)]
  0x0000014d11632000 JavaThread "jar transforms Thread 161" [_thread_blocked, id=2824, stack(0x000000156da00000,0x000000156db00000)]
  0x0000014d11635000 JavaThread "jar transforms Thread 162" [_thread_blocked, id=4712, stack(0x000000156db00000,0x000000156dc00000)]
  0x0000014d11634800 JavaThread "jar transforms Thread 163" [_thread_blocked, id=1152, stack(0x000000156dc00000,0x000000156dd00000)]
  0x0000014d11633800 JavaThread "jar transforms Thread 164" [_thread_blocked, id=3924, stack(0x000000156dd00000,0x000000156de00000)]
  0x0000014d11637000 JavaThread "jar transforms Thread 165" [_thread_blocked, id=2472, stack(0x000000156de00000,0x000000156df00000)]
  0x0000014d11636000 JavaThread "jar transforms Thread 166" [_thread_blocked, id=15156, stack(0x000000156df00000,0x000000156e000000)]
  0x0000014d1163b000 JavaThread "jar transforms Thread 167" [_thread_blocked, id=2812, stack(0x000000156e000000,0x000000156e100000)]
  0x0000014d11639800 JavaThread "jar transforms Thread 168" [_thread_blocked, id=13968, stack(0x000000156e100000,0x000000156e200000)]
  0x0000014d1163a000 JavaThread "jar transforms Thread 169" [_thread_blocked, id=4936, stack(0x000000156e200000,0x000000156e300000)]
  0x0000014d1163c000 JavaThread "jar transforms Thread 170" [_thread_blocked, id=14020, stack(0x000000156e300000,0x000000156e400000)]
  0x0000014d1163c800 JavaThread "jar transforms Thread 171" [_thread_blocked, id=5212, stack(0x000000156e400000,0x000000156e500000)]
  0x0000014d1163d800 JavaThread "jar transforms Thread 172" [_thread_blocked, id=2136, stack(0x000000156e500000,0x000000156e600000)]
  0x0000014d11637800 JavaThread "jar transforms Thread 173" [_thread_blocked, id=9032, stack(0x000000156e600000,0x000000156e700000)]
  0x0000014d11638800 JavaThread "jar transforms Thread 174" [_thread_blocked, id=14536, stack(0x000000156e700000,0x000000156e800000)]
  0x0000014d1163e000 JavaThread "jar transforms Thread 175" [_thread_blocked, id=10220, stack(0x000000156e800000,0x000000156e900000)]
  0x0000014d1163f000 JavaThread "jar transforms Thread 176" [_thread_blocked, id=2140, stack(0x000000156e900000,0x000000156ea00000)]
  0x0000014d11640000 JavaThread "jar transforms Thread 177" [_thread_blocked, id=1992, stack(0x000000156ea00000,0x000000156eb00000)]
  0x0000014d17f0d800 JavaThread "jar transforms Thread 178" [_thread_blocked, id=6800, stack(0x000000156eb00000,0x000000156ec00000)]
  0x0000014d17f0a000 JavaThread "jar transforms Thread 179" [_thread_blocked, id=13800, stack(0x000000156ec00000,0x000000156ed00000)]
  0x0000014d17f0b800 JavaThread "jar transforms Thread 180" [_thread_blocked, id=9816, stack(0x000000156ed00000,0x000000156ee00000)]
  0x0000014d17f0e000 JavaThread "jar transforms Thread 181" [_thread_blocked, id=6420, stack(0x000000156ee00000,0x000000156ef00000)]
  0x0000014d17f0b000 JavaThread "jar transforms Thread 182" [_thread_blocked, id=10252, stack(0x000000156ef00000,0x000000156f000000)]
  0x0000014d17f0c800 JavaThread "jar transforms Thread 183" [_thread_blocked, id=3380, stack(0x000000156f000000,0x000000156f100000)]
  0x0000014d17f0f000 JavaThread "jar transforms Thread 184" [_thread_blocked, id=2972, stack(0x000000156f100000,0x000000156f200000)]
  0x0000014d17f09000 JavaThread "jar transforms Thread 185" [_thread_blocked, id=10424, stack(0x000000156f200000,0x000000156f300000)]
  0x0000014d17f12000 JavaThread "jar transforms Thread 186" [_thread_blocked, id=13904, stack(0x000000156f300000,0x000000156f400000)]
  0x0000014d17f13000 JavaThread "jar transforms Thread 187" [_thread_blocked, id=6204, stack(0x000000156f400000,0x000000156f500000)]
  0x0000014d17f15800 JavaThread "jar transforms Thread 188" [_thread_blocked, id=5276, stack(0x000000156f500000,0x000000156f600000)]
  0x0000014d17f14000 JavaThread "jar transforms Thread 189" [_thread_blocked, id=1560, stack(0x000000156f600000,0x000000156f700000)]
  0x0000014d17f10000 JavaThread "jar transforms Thread 190" [_thread_blocked, id=14888, stack(0x000000156f700000,0x000000156f800000)]
  0x0000014d17f16800 JavaThread "jar transforms Thread 191" [_thread_blocked, id=692, stack(0x000000156f800000,0x000000156f900000)]
  0x0000014d17f10800 JavaThread "jar transforms Thread 192" [_thread_blocked, id=11688, stack(0x000000156f900000,0x000000156fa00000)]
  0x0000014d17f14800 JavaThread "jar transforms Thread 193" [_thread_blocked, id=12072, stack(0x000000156fa00000,0x000000156fb00000)]
  0x0000014d17f17000 JavaThread "jar transforms Thread 194" [_thread_blocked, id=15040, stack(0x000000156fb00000,0x000000156fc00000)]
  0x0000014d17f11800 JavaThread "jar transforms Thread 195" [_thread_blocked, id=10320, stack(0x000000156fc00000,0x000000156fd00000)]
  0x0000014d17f18000 JavaThread "jar transforms Thread 196" [_thread_blocked, id=1744, stack(0x000000156fd00000,0x000000156fe00000)]
  0x0000014d184d0000 JavaThread "jar transforms Thread 197" [_thread_blocked, id=3392, stack(0x000000156fe00000,0x000000156ff00000)]
  0x0000014d184cb800 JavaThread "jar transforms Thread 198" [_thread_blocked, id=10552, stack(0x000000156ff00000,0x0000001570000000)]
  0x0000014d184ce800 JavaThread "build event listener" [_thread_blocked, id=7956, stack(0x0000001570000000,0x0000001570100000)]
  0x0000014d184cc000 JavaThread "build event listener" [_thread_blocked, id=12900, stack(0x0000001570100000,0x0000001570200000)]
  0x0000014d184ca800 JavaThread "Execution worker for ':'" [_thread_blocked, id=15112, stack(0x0000001570200000,0x0000001570300000)]
  0x0000014d184d1000 JavaThread "Execution worker for ':' Thread 2" [_thread_blocked, id=14904, stack(0x0000001570300000,0x0000001570400000)]
  0x0000014d184d2800 JavaThread "Execution worker for ':' Thread 3" [_thread_blocked, id=9616, stack(0x0000001570500000,0x0000001570600000)]
  0x0000014d184d2000 JavaThread "Cache worker for execution history cache (E:\K7_MaNguonMo\1_BaiTapLon\Nhom14_AppBanSachTrenNenTangAndroid\.gradle\6.7.1\executionHistory)" [_thread_blocked, id=1160, stack(0x0000001570600000,0x0000001570700000)]
  0x0000014d184cf800 JavaThread "Cache worker for Java compile cache (E:\K7_MaNguonMo\1_BaiTapLon\Nhom14_AppBanSachTrenNenTangAndroid\.gradle\6.7.1\javaCompile)" [_thread_blocked, id=9652, stack(0x0000001570700000,0x0000001570800000)]

Other Threads:
=>0x0000014d7fa9e800 VMThread "VM Thread" [stack: 0x0000001567900000,0x0000001567a00000] [id=9580]
  0x0000014d0f95d000 WatcherThread [stack: 0x0000001568300000,0x0000001568400000] [id=5900]
  0x0000014d73123800 GCTaskThread "GC Thread#0" [stack: 0x0000001567400000,0x0000001567500000] [id=13444]
  0x0000014d0fd39800 GCTaskThread "GC Thread#1" [stack: 0x0000001568400000,0x0000001568500000] [id=4108]
  0x0000014d10eac000 GCTaskThread "GC Thread#2" [stack: 0x0000001568600000,0x0000001568700000] [id=14268]
  0x0000014d10fd4000 GCTaskThread "GC Thread#3" [stack: 0x0000001568700000,0x0000001568800000] [id=4852]
  0x0000014d73153000 ConcurrentGCThread "G1 Main Marker" [stack: 0x0000001567500000,0x0000001567600000] [id=9508]
  0x0000014d73157000 ConcurrentGCThread "G1 Conc#0" [stack: 0x0000001567600000,0x0000001567700000] [id=960]
  0x0000014d731ad800 ConcurrentGCThread "G1 Refine#0" [stack: 0x0000001567700000,0x0000001567800000] [id=9532]
  0x0000014d11ad6800 ConcurrentGCThread "G1 Refine#1" [stack: 0x0000001570800000,0x0000001570900000] [id=2684]
  0x0000014d731af000 ConcurrentGCThread "G1 Young RemSet Sampling" [stack: 0x0000001567800000,0x0000001567900000] [id=11304]

Threads with active compile tasks:
C2 CompilerThread0 408073 17612       4       java.util.ArrayList::add (65 bytes)

VM state:at safepoint (normal execution)

VM Mutex/Monitor currently owned by a thread:  ([mutex/lock_event])
[0x0000014d73107f40] Threads_lock - owner thread: 0x0000014d7fa9e800
[0x0000014d73106830] Heap_lock - owner thread: 0x0000014d184ca800

Heap address: 0x0000000080000000, size: 2048 MB, Compressed Oops mode: 32-bit
Narrow klass base: 0x0000000000000000, Narrow klass shift: 3
Compressed class space size: 1073741824 Address: 0x0000000100000000

Heap:
 garbage-first heap   total 442368K, used 242688K [0x0000000080000000, 0x0000000100000000)
  region size 1024K, 2 young (2048K), 2 survivors (2048K)
 Metaspace       used 118681K, capacity 121240K, committed 121420K, reserved 1155072K
  class space    used 14239K, capacity 15130K, committed 15180K, reserved 1048576K
Heap Regions: E=young(eden), S=young(survivor), O=old, HS=humongous(starts), HC=humongous(continues), CS=collection set, F=free, A=archive, TAMS=top-at-mark-start (previous, next)
|   0|0x0000000080000000, 0x0000000080100000, 0x0000000080100000|100%| O|  |TAMS 0x0000000080100000, 0x0000000080100000| Untracked 
|   1|0x0000000080100000, 0x0000000080200000, 0x0000000080200000|100%| O|  |TAMS 0x0000000080200000, 0x0000000080200000| Untracked 
|   2|0x0000000080200000, 0x0000000080300000, 0x0000000080300000|100%| O|  |TAMS 0x0000000080300000, 0x0000000080300000| Untracked 
|   3|0x0000000080300000, 0x0000000080400000, 0x0000000080400000|100%|HS|  |TAMS 0x0000000080400000, 0x0000000080400000| Complete 
|   4|0x0000000080400000, 0x0000000080500000, 0x0000000080500000|100%|HC|  |TAMS 0x0000000080500000, 0x0000000080500000| Complete 
|   5|0x0000000080500000, 0x0000000080600000, 0x0000000080600000|100%|HC|  |TAMS 0x0000000080600000, 0x0000000080600000| Complete 
|   6|0x0000000080600000, 0x0000000080700000, 0x0000000080700000|100%| O|  |TAMS 0x0000000080700000, 0x0000000080700000| Untracked 
|   7|0x0000000080700000, 0x0000000080800000, 0x0000000080800000|100%| O|  |TAMS 0x0000000080800000, 0x0000000080800000| Untracked 
|   8|0x0000000080800000, 0x0000000080900000, 0x0000000080900000|100%| O|  |TAMS 0x0000000080900000, 0x0000000080900000| Untracked 
|   9|0x0000000080900000, 0x0000000080a00000, 0x0000000080a00000|100%| O|  |TAMS 0x0000000080a00000, 0x0000000080a00000| Untracked 
|  10|0x0000000080a00000, 0x0000000080b00000, 0x0000000080b00000|100%| O|  |TAMS 0x0000000080b00000, 0x0000000080b00000| Untracked 
|  11|0x0000000080b00000, 0x0000000080c00000, 0x0000000080c00000|100%| O|  |TAMS 0x0000000080c00000, 0x0000000080c00000| Untracked 
|  12|0x0000000080c00000, 0x0000000080d00000, 0x0000000080d00000|100%| O|  |TAMS 0x0000000080d00000, 0x0000000080d00000| Untracked 
|  13|0x0000000080d00000, 0x0000000080e00000, 0x0000000080e00000|100%| O|  |TAMS 0x0000000080e00000, 0x0000000080e00000| Untracked 
|  14|0x0000000080e00000, 0x0000000080f00000, 0x0000000080f00000|100%| O|  |TAMS 0x0000000080f00000, 0x0000000080f00000| Untracked 
|  15|0x0000000080f00000, 0x0000000081000000, 0x0000000081000000|100%| O|  |TAMS 0x0000000081000000, 0x0000000081000000| Untracked 
|  16|0x0000000081000000, 0x0000000081100000, 0x0000000081100000|100%| O|  |TAMS 0x0000000081100000, 0x0000000081100000| Untracked 
|  17|0x0000000081100000, 0x0000000081200000, 0x0000000081200000|100%| O|  |TAMS 0x0000000081200000, 0x0000000081200000| Untracked 
|  18|0x0000000081200000, 0x0000000081300000, 0x0000000081300000|100%| O|  |TAMS 0x0000000081300000, 0x0000000081300000| Untracked 
|  19|0x0000000081300000, 0x0000000081400000, 0x0000000081400000|100%| O|  |TAMS 0x0000000081400000, 0x0000000081400000| Untracked 
|  20|0x0000000081400000, 0x0000000081500000, 0x0000000081500000|100%| O|  |TAMS 0x0000000081500000, 0x0000000081500000| Untracked 
|  21|0x0000000081500000, 0x0000000081600000, 0x0000000081600000|100%| O|  |TAMS 0x0000000081600000, 0x0000000081600000| Untracked 
|  22|0x0000000081600000, 0x0000000081700000, 0x0000000081700000|100%| O|  |TAMS 0x0000000081700000, 0x0000000081700000| Untracked 
|  23|0x0000000081700000, 0x0000000081800000, 0x0000000081800000|100%| O|  |TAMS 0x0000000081800000, 0x0000000081800000| Untracked 
|  24|0x0000000081800000, 0x0000000081900000, 0x0000000081900000|100%| O|  |TAMS 0x0000000081900000, 0x0000000081900000| Untracked 
|  25|0x0000000081900000, 0x0000000081a00000, 0x0000000081a00000|100%|HS|  |TAMS 0x0000000081a00000, 0x0000000081a00000| Complete 
|  26|0x0000000081a00000, 0x0000000081b00000, 0x0000000081b00000|100%|HS|  |TAMS 0x0000000081b00000, 0x0000000081b00000| Complete 
|  27|0x0000000081b00000, 0x0000000081c00000, 0x0000000081c00000|100%|HC|  |TAMS 0x0000000081c00000, 0x0000000081c00000| Complete 
|  28|0x0000000081c00000, 0x0000000081d00000, 0x0000000081d00000|100%| O|  |TAMS 0x0000000081d00000, 0x0000000081d00000| Untracked 
|  29|0x0000000081d00000, 0x0000000081e00000, 0x0000000081e00000|100%| O|  |TAMS 0x0000000081e00000, 0x0000000081e00000| Untracked 
|  30|0x0000000081e00000, 0x0000000081f00000, 0x0000000081f00000|100%| O|  |TAMS 0x0000000081f00000, 0x0000000081f00000| Untracked 
|  31|0x0000000081f00000, 0x0000000082000000, 0x0000000082000000|100%| O|  |TAMS 0x0000000082000000, 0x0000000082000000| Untracked 
|  32|0x0000000082000000, 0x0000000082100000, 0x0000000082100000|100%| O|  |TAMS 0x0000000082100000, 0x0000000082100000| Untracked 
|  33|0x0000000082100000, 0x0000000082200000, 0x0000000082200000|100%| O|  |TAMS 0x0000000082200000, 0x0000000082200000| Untracked 
|  34|0x0000000082200000, 0x0000000082300000, 0x0000000082300000|100%| O|  |TAMS 0x0000000082300000, 0x0000000082300000| Untracked 
|  35|0x0000000082300000, 0x0000000082400000, 0x0000000082400000|100%| O|  |TAMS 0x0000000082400000, 0x0000000082400000| Untracked 
|  36|0x0000000082400000, 0x0000000082500000, 0x0000000082500000|100%| O|  |TAMS 0x0000000082500000, 0x0000000082500000| Untracked 
|  37|0x0000000082500000, 0x0000000082600000, 0x0000000082600000|100%| O|  |TAMS 0x0000000082600000, 0x0000000082600000| Untracked 
|  38|0x0000000082600000, 0x0000000082700000, 0x0000000082700000|100%| O|  |TAMS 0x0000000082700000, 0x0000000082700000| Untracked 
|  39|0x0000000082700000, 0x0000000082800000, 0x0000000082800000|100%| O|  |TAMS 0x0000000082800000, 0x0000000082800000| Untracked 
|  40|0x0000000082800000, 0x0000000082900000, 0x0000000082900000|100%| O|  |TAMS 0x0000000082900000, 0x0000000082900000| Untracked 
|  41|0x0000000082900000, 0x0000000082a00000, 0x0000000082a00000|100%| O|  |TAMS 0x0000000082a00000, 0x0000000082a00000| Untracked 
|  42|0x0000000082a00000, 0x0000000082b00000, 0x0000000082b00000|100%| O|  |TAMS 0x0000000082b00000, 0x0000000082b00000| Untracked 
|  43|0x0000000082b00000, 0x0000000082c00000, 0x0000000082c00000|100%| O|  |TAMS 0x0000000082c00000, 0x0000000082c00000| Untracked 
|  44|0x0000000082c00000, 0x0000000082d00000, 0x0000000082d00000|100%| O|  |TAMS 0x0000000082d00000, 0x0000000082d00000| Untracked 
|  45|0x0000000082d00000, 0x0000000082e00000, 0x0000000082e00000|100%| O|  |TAMS 0x0000000082e00000, 0x0000000082e00000| Untracked 
|  46|0x0000000082e00000, 0x0000000082f00000, 0x0000000082f00000|100%| O|  |TAMS 0x0000000082f00000, 0x0000000082f00000| Untracked 
|  47|0x0000000082f00000, 0x0000000083000000, 0x0000000083000000|100%| O|  |TAMS 0x0000000083000000, 0x0000000083000000| Untracked 
|  48|0x0000000083000000, 0x0000000083100000, 0x0000000083100000|100%| O|  |TAMS 0x0000000083100000, 0x0000000083100000| Untracked 
|  49|0x0000000083100000, 0x0000000083200000, 0x0000000083200000|100%| O|  |TAMS 0x0000000083200000, 0x0000000083200000| Untracked 
|  50|0x0000000083200000, 0x0000000083300000, 0x0000000083300000|100%| O|  |TAMS 0x0000000083300000, 0x0000000083300000| Untracked 
|  51|0x0000000083300000, 0x0000000083400000, 0x0000000083400000|100%| O|  |TAMS 0x0000000083400000, 0x0000000083400000| Untracked 
|  52|0x0000000083400000, 0x0000000083500000, 0x0000000083500000|100%| O|  |TAMS 0x0000000083500000, 0x0000000083500000| Untracked 
|  53|0x0000000083500000, 0x0000000083600000, 0x0000000083600000|100%| O|  |TAMS 0x0000000083600000, 0x0000000083600000| Untracked 
|  54|0x0000000083600000, 0x0000000083700000, 0x0000000083700000|100%| O|  |TAMS 0x0000000083700000, 0x0000000083700000| Untracked 
|  55|0x0000000083700000, 0x0000000083800000, 0x0000000083800000|100%| O|  |TAMS 0x0000000083800000, 0x0000000083800000| Untracked 
|  56|0x0000000083800000, 0x0000000083900000, 0x0000000083900000|100%| O|  |TAMS 0x0000000083900000, 0x0000000083900000| Untracked 
|  57|0x0000000083900000, 0x0000000083a00000, 0x0000000083a00000|100%| O|  |TAMS 0x0000000083a00000, 0x0000000083a00000| Untracked 
|  58|0x0000000083a00000, 0x0000000083b00000, 0x0000000083b00000|100%| O|  |TAMS 0x0000000083b00000, 0x0000000083b00000| Untracked 
|  59|0x0000000083b00000, 0x0000000083c00000, 0x0000000083c00000|100%| O|  |TAMS 0x0000000083c00000, 0x0000000083c00000| Untracked 
|  60|0x0000000083c00000, 0x0000000083d00000, 0x0000000083d00000|100%| O|  |TAMS 0x0000000083d00000, 0x0000000083d00000| Untracked 
|  61|0x0000000083d00000, 0x0000000083e00000, 0x0000000083e00000|100%| O|  |TAMS 0x0000000083e00000, 0x0000000083e00000| Untracked 
|  62|0x0000000083e00000, 0x0000000083f00000, 0x0000000083f00000|100%| O|  |TAMS 0x0000000083f00000, 0x0000000083f00000| Untracked 
|  63|0x0000000083f00000, 0x0000000084000000, 0x0000000084000000|100%| O|  |TAMS 0x0000000084000000, 0x0000000084000000| Untracked 
|  64|0x0000000084000000, 0x0000000084100000, 0x0000000084100000|100%| O|  |TAMS 0x0000000084100000, 0x0000000084100000| Untracked 
|  65|0x0000000084100000, 0x0000000084200000, 0x0000000084200000|100%| O|  |TAMS 0x0000000084200000, 0x0000000084200000| Untracked 
|  66|0x0000000084200000, 0x0000000084300000, 0x0000000084300000|100%| O|  |TAMS 0x0000000084300000, 0x0000000084300000| Untracked 
|  67|0x0000000084300000, 0x0000000084400000, 0x0000000084400000|100%| O|  |TAMS 0x0000000084300000, 0x0000000084400000| Untracked 
|  68|0x0000000084400000, 0x0000000084500000, 0x0000000084500000|100%| O|  |TAMS 0x0000000084500000, 0x0000000084500000| Untracked 
|  69|0x0000000084500000, 0x0000000084600000, 0x0000000084600000|100%| O|  |TAMS 0x0000000084600000, 0x0000000084600000| Untracked 
|  70|0x0000000084600000, 0x0000000084700000, 0x0000000084700000|100%| O|  |TAMS 0x0000000084700000, 0x0000000084700000| Untracked 
|  71|0x0000000084700000, 0x0000000084800000, 0x0000000084800000|100%| O|  |TAMS 0x0000000084800000, 0x0000000084800000| Untracked 
|  72|0x0000000084800000, 0x0000000084900000, 0x0000000084900000|100%| O|  |TAMS 0x0000000084800000, 0x0000000084900000| Untracked 
|  73|0x0000000084900000, 0x0000000084a00000, 0x0000000084a00000|100%| O|  |TAMS 0x0000000084a00000, 0x0000000084a00000| Untracked 
|  74|0x0000000084a00000, 0x0000000084b00000, 0x0000000084b00000|100%| O|  |TAMS 0x0000000084b00000, 0x0000000084b00000| Untracked 
|  75|0x0000000084b00000, 0x0000000084c00000, 0x0000000084c00000|100%| O|  |TAMS 0x0000000084c00000, 0x0000000084c00000| Untracked 
|  76|0x0000000084c00000, 0x0000000084d00000, 0x0000000084d00000|100%| O|  |TAMS 0x0000000084d00000, 0x0000000084d00000| Untracked 
|  77|0x0000000084d00000, 0x0000000084e00000, 0x0000000084e00000|100%| O|  |TAMS 0x0000000084e00000, 0x0000000084e00000| Untracked 
|  78|0x0000000084e00000, 0x0000000084f00000, 0x0000000084f00000|100%| O|  |TAMS 0x0000000084f00000, 0x0000000084f00000| Untracked 
|  79|0x0000000084f00000, 0x0000000085000000, 0x0000000085000000|100%| O|  |TAMS 0x0000000085000000, 0x0000000085000000| Untracked 
|  80|0x0000000085000000, 0x0000000085100000, 0x0000000085100000|100%| O|  |TAMS 0x0000000085100000, 0x0000000085100000| Untracked 
|  81|0x0000000085100000, 0x0000000085200000, 0x0000000085200000|100%| O|  |TAMS 0x0000000085200000, 0x0000000085200000| Untracked 
|  82|0x0000000085200000, 0x0000000085300000, 0x0000000085300000|100%| O|  |TAMS 0x0000000085300000, 0x0000000085300000| Untracked 
|  83|0x0000000085300000, 0x0000000085400000, 0x0000000085400000|100%| O|  |TAMS 0x0000000085400000, 0x0000000085400000| Untracked 
|  84|0x0000000085400000, 0x0000000085500000, 0x0000000085500000|100%| O|  |TAMS 0x0000000085500000, 0x0000000085500000| Untracked 
|  85|0x0000000085500000, 0x0000000085600000, 0x0000000085600000|100%| O|  |TAMS 0x0000000085600000, 0x0000000085600000| Untracked 
|  86|0x0000000085600000, 0x0000000085700000, 0x0000000085700000|100%| O|  |TAMS 0x0000000085700000, 0x0000000085700000| Untracked 
|  87|0x0000000085700000, 0x0000000085800000, 0x0000000085800000|100%| O|  |TAMS 0x0000000085800000, 0x0000000085800000| Untracked 
|  88|0x0000000085800000, 0x0000000085900000, 0x0000000085900000|100%| O|  |TAMS 0x0000000085900000, 0x0000000085900000| Untracked 
|  89|0x0000000085900000, 0x0000000085a00000, 0x0000000085a00000|100%| O|  |TAMS 0x0000000085a00000, 0x0000000085a00000| Untracked 
|  90|0x0000000085a00000, 0x0000000085b00000, 0x0000000085b00000|100%| O|  |TAMS 0x0000000085b00000, 0x0000000085b00000| Untracked 
|  91|0x0000000085b00000, 0x0000000085c00000, 0x0000000085c00000|100%| O|  |TAMS 0x0000000085c00000, 0x0000000085c00000| Untracked 
|  92|0x0000000085c00000, 0x0000000085d00000, 0x0000000085d00000|100%| O|  |TAMS 0x0000000085d00000, 0x0000000085d00000| Untracked 
|  93|0x0000000085d00000, 0x0000000085e00000, 0x0000000085e00000|100%| O|  |TAMS 0x0000000085e00000, 0x0000000085e00000| Untracked 
|  94|0x0000000085e00000, 0x0000000085f00000, 0x0000000085f00000|100%| O|  |TAMS 0x0000000085f00000, 0x0000000085f00000| Untracked 
|  95|0x0000000085f00000, 0x0000000086000000, 0x0000000086000000|100%| O|  |TAMS 0x0000000086000000, 0x0000000086000000| Untracked 
|  96|0x0000000086000000, 0x0000000086100000, 0x0000000086100000|100%| O|  |TAMS 0x0000000086100000, 0x0000000086100000| Untracked 
|  97|0x0000000086100000, 0x0000000086200000, 0x0000000086200000|100%| O|  |TAMS 0x0000000086200000, 0x0000000086200000| Untracked 
|  98|0x0000000086200000, 0x0000000086300000, 0x0000000086300000|100%| O|  |TAMS 0x0000000086300000, 0x0000000086300000| Untracked 
|  99|0x0000000086300000, 0x0000000086400000, 0x0000000086400000|100%| O|  |TAMS 0x0000000086400000, 0x0000000086400000| Untracked 
| 100|0x0000000086400000, 0x0000000086500000, 0x0000000086500000|100%|HS|  |TAMS 0x0000000086500000, 0x0000000086500000| Complete 
| 101|0x0000000086500000, 0x0000000086600000, 0x0000000086600000|100%|HC|  |TAMS 0x0000000086600000, 0x0000000086600000| Complete 
| 102|0x0000000086600000, 0x0000000086700000, 0x0000000086700000|100%| O|  |TAMS 0x0000000086700000, 0x0000000086700000| Untracked 
| 103|0x0000000086700000, 0x0000000086800000, 0x0000000086800000|100%| O|  |TAMS 0x0000000086800000, 0x0000000086800000| Untracked 
| 104|0x0000000086800000, 0x0000000086900000, 0x0000000086900000|100%| O|  |TAMS 0x0000000086900000, 0x0000000086900000| Untracked 
| 105|0x0000000086900000, 0x0000000086a00000, 0x0000000086a00000|100%| O|  |TAMS 0x0000000086a00000, 0x0000000086a00000| Untracked 
| 106|0x0000000086a00000, 0x0000000086b00000, 0x0000000086b00000|100%| O|  |TAMS 0x0000000086b00000, 0x0000000086b00000| Untracked 
| 107|0x0000000086b00000, 0x0000000086c00000, 0x0000000086c00000|100%| O|  |TAMS 0x0000000086c00000, 0x0000000086c00000| Untracked 
| 108|0x0000000086c00000, 0x0000000086d00000, 0x0000000086d00000|100%| O|  |TAMS 0x0000000086d00000, 0x0000000086d00000| Untracked 
| 109|0x0000000086d00000, 0x0000000086e00000, 0x0000000086e00000|100%| O|  |TAMS 0x0000000086e00000, 0x0000000086e00000| Untracked 
| 110|0x0000000086e00000, 0x0000000086f00000, 0x0000000086f00000|100%| O|  |TAMS 0x0000000086f00000, 0x0000000086f00000| Untracked 
| 111|0x0000000086f00000, 0x0000000087000000, 0x0000000087000000|100%| O|  |TAMS 0x0000000087000000, 0x0000000087000000| Untracked 
| 112|0x0000000087000000, 0x0000000087100000, 0x0000000087100000|100%| O|  |TAMS 0x0000000087100000, 0x0000000087100000| Untracked 
| 113|0x0000000087100000, 0x0000000087200000, 0x0000000087200000|100%| O|  |TAMS 0x0000000087200000, 0x0000000087200000| Untracked 
| 114|0x0000000087200000, 0x0000000087300000, 0x0000000087300000|100%| O|  |TAMS 0x0000000087300000, 0x0000000087300000| Untracked 
| 115|0x0000000087300000, 0x0000000087400000, 0x0000000087400000|100%| O|  |TAMS 0x0000000087400000, 0x0000000087400000| Untracked 
| 116|0x0000000087400000, 0x0000000087500000, 0x0000000087500000|100%| O|  |TAMS 0x0000000087500000, 0x0000000087500000| Untracked 
| 117|0x0000000087500000, 0x0000000087600000, 0x0000000087600000|100%| O|  |TAMS 0x0000000087600000, 0x0000000087600000| Untracked 
| 118|0x0000000087600000, 0x0000000087700000, 0x0000000087700000|100%| O|  |TAMS 0x0000000087700000, 0x0000000087700000| Untracked 
| 119|0x0000000087700000, 0x0000000087800000, 0x0000000087800000|100%| O|  |TAMS 0x0000000087800000, 0x0000000087800000| Untracked 
| 120|0x0000000087800000, 0x0000000087900000, 0x0000000087900000|100%| O|  |TAMS 0x0000000087900000, 0x0000000087900000| Untracked 
| 121|0x0000000087900000, 0x0000000087a00000, 0x0000000087a00000|100%| O|  |TAMS 0x0000000087a00000, 0x0000000087a00000| Untracked 
| 122|0x0000000087a00000, 0x0000000087b00000, 0x0000000087b00000|100%| O|  |TAMS 0x0000000087b00000, 0x0000000087b00000| Untracked 
| 123|0x0000000087b00000, 0x0000000087c00000, 0x0000000087c00000|100%| O|  |TAMS 0x0000000087c00000, 0x0000000087c00000| Untracked 
| 124|0x0000000087c00000, 0x0000000087d00000, 0x0000000087d00000|100%| O|  |TAMS 0x0000000087d00000, 0x0000000087d00000| Untracked 
| 125|0x0000000087d00000, 0x0000000087e00000, 0x0000000087e00000|100%| O|  |TAMS 0x0000000087e00000, 0x0000000087e00000| Untracked 
| 126|0x0000000087e00000, 0x0000000087f00000, 0x0000000087f00000|100%| O|  |TAMS 0x0000000087f00000, 0x0000000087f00000| Untracked 
| 127|0x0000000087f00000, 0x0000000088000000, 0x0000000088000000|100%| O|  |TAMS 0x0000000088000000, 0x0000000088000000| Untracked 
| 128|0x0000000088000000, 0x0000000088100000, 0x0000000088100000|100%| O|  |TAMS 0x0000000088100000, 0x0000000088100000| Untracked 
| 129|0x0000000088100000, 0x0000000088200000, 0x0000000088200000|100%| O|  |TAMS 0x0000000088200000, 0x0000000088200000| Untracked 
| 130|0x0000000088200000, 0x0000000088300000, 0x0000000088300000|100%| O|  |TAMS 0x0000000088300000, 0x0000000088300000| Untracked 
| 131|0x0000000088300000, 0x0000000088400000, 0x0000000088400000|100%| O|  |TAMS 0x0000000088400000, 0x0000000088400000| Untracked 
| 132|0x0000000088400000, 0x0000000088500000, 0x0000000088500000|100%| O|  |TAMS 0x0000000088500000, 0x0000000088500000| Untracked 
| 133|0x0000000088500000, 0x0000000088600000, 0x0000000088600000|100%| O|  |TAMS 0x0000000088600000, 0x0000000088600000| Untracked 
| 134|0x0000000088600000, 0x0000000088700000, 0x0000000088700000|100%| O|  |TAMS 0x0000000088700000, 0x0000000088700000| Untracked 
| 135|0x0000000088700000, 0x0000000088800000, 0x0000000088800000|100%| O|  |TAMS 0x0000000088800000, 0x0000000088800000| Untracked 
| 136|0x0000000088800000, 0x0000000088900000, 0x0000000088900000|100%| O|  |TAMS 0x0000000088900000, 0x0000000088900000| Untracked 
| 137|0x0000000088900000, 0x0000000088a00000, 0x0000000088a00000|100%| O|  |TAMS 0x0000000088900000, 0x0000000088a00000| Untracked 
| 138|0x0000000088a00000, 0x0000000088b00000, 0x0000000088b00000|100%| O|  |TAMS 0x0000000088a00000, 0x0000000088b00000| Untracked 
| 139|0x0000000088b00000, 0x0000000088c00000, 0x0000000088c00000|100%| O|  |TAMS 0x0000000088b00000, 0x0000000088c00000| Untracked 
| 140|0x0000000088c00000, 0x0000000088d00000, 0x0000000088d00000|100%| O|  |TAMS 0x0000000088c00000, 0x0000000088d00000| Untracked 
| 141|0x0000000088d00000, 0x0000000088e00000, 0x0000000088e00000|100%| O|  |TAMS 0x0000000088d00000, 0x0000000088e00000| Untracked 
| 142|0x0000000088e00000, 0x0000000088f00000, 0x0000000088f00000|100%| O|  |TAMS 0x0000000088e00000, 0x0000000088f00000| Untracked 
| 143|0x0000000088f00000, 0x0000000089000000, 0x0000000089000000|100%| O|  |TAMS 0x0000000088f00000, 0x0000000089000000| Untracked 
| 144|0x0000000089000000, 0x0000000089100000, 0x0000000089100000|100%| O|  |TAMS 0x0000000089000000, 0x0000000089100000| Untracked 
| 145|0x0000000089100000, 0x0000000089200000, 0x0000000089200000|100%| O|  |TAMS 0x0000000089100000, 0x0000000089200000| Untracked 
| 146|0x0000000089200000, 0x0000000089300000, 0x0000000089300000|100%| O|  |TAMS 0x0000000089200000, 0x0000000089300000| Untracked 
| 147|0x0000000089300000, 0x0000000089400000, 0x0000000089400000|100%| O|  |TAMS 0x0000000089300000, 0x0000000089400000| Untracked 
| 148|0x0000000089400000, 0x0000000089500000, 0x0000000089500000|100%| O|  |TAMS 0x0000000089400000, 0x0000000089500000| Untracked 
| 149|0x0000000089500000, 0x0000000089600000, 0x0000000089600000|100%| O|  |TAMS 0x0000000089500000, 0x0000000089600000| Untracked 
| 150|0x0000000089600000, 0x0000000089700000, 0x0000000089700000|100%| O|  |TAMS 0x0000000089600000, 0x0000000089700000| Untracked 
| 151|0x0000000089700000, 0x0000000089800000, 0x0000000089800000|100%| O|  |TAMS 0x0000000089700000, 0x0000000089800000| Untracked 
| 152|0x0000000089800000, 0x0000000089900000, 0x0000000089900000|100%| O|  |TAMS 0x0000000089800000, 0x0000000089900000| Untracked 
| 153|0x0000000089900000, 0x0000000089a00000, 0x0000000089a00000|100%| O|  |TAMS 0x0000000089900000, 0x0000000089a00000| Untracked 
| 154|0x0000000089a00000, 0x0000000089b00000, 0x0000000089b00000|100%| O|  |TAMS 0x0000000089a00000, 0x0000000089b00000| Untracked 
| 155|0x0000000089b00000, 0x0000000089c00000, 0x0000000089c00000|100%| O|  |TAMS 0x0000000089b00000, 0x0000000089c00000| Untracked 
| 156|0x0000000089c00000, 0x0000000089d00000, 0x0000000089d00000|100%| O|  |TAMS 0x0000000089c00000, 0x0000000089d00000| Untracked 
| 157|0x0000000089d00000, 0x0000000089e00000, 0x0000000089e00000|100%| O|  |TAMS 0x0000000089d00000, 0x0000000089e00000| Untracked 
| 158|0x0000000089e00000, 0x0000000089f00000, 0x0000000089f00000|100%| O|  |TAMS 0x0000000089e00000, 0x0000000089f00000| Untracked 
| 159|0x0000000089f00000, 0x000000008a000000, 0x000000008a000000|100%| O|  |TAMS 0x0000000089f00000, 0x000000008a000000| Untracked 
| 160|0x000000008a000000, 0x000000008a100000, 0x000000008a100000|100%| O|  |TAMS 0x000000008a000000, 0x000000008a100000| Untracked 
| 161|0x000000008a100000, 0x000000008a200000, 0x000000008a200000|100%| O|  |TAMS 0x000000008a100000, 0x000000008a200000| Untracked 
| 162|0x000000008a200000, 0x000000008a300000, 0x000000008a300000|100%| O|  |TAMS 0x000000008a200000, 0x000000008a300000| Untracked 
| 163|0x000000008a300000, 0x000000008a400000, 0x000000008a400000|100%| O|  |TAMS 0x000000008a300000, 0x000000008a400000| Untracked 
| 164|0x000000008a400000, 0x000000008a500000, 0x000000008a500000|100%| O|  |TAMS 0x000000008a400000, 0x000000008a500000| Untracked 
| 165|0x000000008a500000, 0x000000008a600000, 0x000000008a600000|100%| O|  |TAMS 0x000000008a500000, 0x000000008a600000| Untracked 
| 166|0x000000008a600000, 0x000000008a700000, 0x000000008a700000|100%| O|  |TAMS 0x000000008a600000, 0x000000008a700000| Untracked 
| 167|0x000000008a700000, 0x000000008a800000, 0x000000008a800000|100%| O|  |TAMS 0x000000008a700000, 0x000000008a800000| Untracked 
| 168|0x000000008a800000, 0x000000008a900000, 0x000000008a900000|100%| O|  |TAMS 0x000000008a800000, 0x000000008a900000| Untracked 
| 169|0x000000008a900000, 0x000000008aa00000, 0x000000008aa00000|100%| O|  |TAMS 0x000000008a900000, 0x000000008aa00000| Untracked 
| 170|0x000000008aa00000, 0x000000008ab00000, 0x000000008ab00000|100%| O|  |TAMS 0x000000008aa00000, 0x000000008ab00000| Untracked 
| 171|0x000000008ab00000, 0x000000008ac00000, 0x000000008ac00000|100%| O|  |TAMS 0x000000008ab00000, 0x000000008ac00000| Untracked 
| 172|0x000000008ac00000, 0x000000008ad00000, 0x000000008ad00000|100%| O|  |TAMS 0x000000008ac00000, 0x000000008ad00000| Untracked 
| 173|0x000000008ad00000, 0x000000008ae00000, 0x000000008ae00000|100%| O|  |TAMS 0x000000008ad00000, 0x000000008ae00000| Untracked 
| 174|0x000000008ae00000, 0x000000008af00000, 0x000000008af00000|100%| O|  |TAMS 0x000000008ae00000, 0x000000008af00000| Untracked 
| 175|0x000000008af00000, 0x000000008b000000, 0x000000008b000000|100%| O|  |TAMS 0x000000008af00000, 0x000000008b000000| Untracked 
| 176|0x000000008b000000, 0x000000008b100000, 0x000000008b100000|100%| O|  |TAMS 0x000000008b000000, 0x000000008b100000| Untracked 
| 177|0x000000008b100000, 0x000000008b200000, 0x000000008b200000|100%| O|  |TAMS 0x000000008b100000, 0x000000008b200000| Untracked 
| 178|0x000000008b200000, 0x000000008b300000, 0x000000008b300000|100%| O|  |TAMS 0x000000008b200000, 0x000000008b300000| Untracked 
| 179|0x000000008b300000, 0x000000008b400000, 0x000000008b400000|100%| O|  |TAMS 0x000000008b300000, 0x000000008b400000| Untracked 
| 180|0x000000008b400000, 0x000000008b500000, 0x000000008b500000|100%| O|  |TAMS 0x000000008b400000, 0x000000008b479600| Untracked 
| 181|0x000000008b500000, 0x000000008b600000, 0x000000008b600000|100%| O|  |TAMS 0x000000008b500000, 0x000000008b500000| Untracked 
| 182|0x000000008b600000, 0x000000008b700000, 0x000000008b700000|100%| O|  |TAMS 0x000000008b600000, 0x000000008b600000| Untracked 
| 183|0x000000008b700000, 0x000000008b800000, 0x000000008b800000|100%| O|  |TAMS 0x000000008b700000, 0x000000008b700000| Untracked 
| 184|0x000000008b800000, 0x000000008b900000, 0x000000008b900000|100%| O|  |TAMS 0x000000008b800000, 0x000000008b800000| Untracked 
| 185|0x000000008b900000, 0x000000008ba00000, 0x000000008ba00000|100%| O|  |TAMS 0x000000008b900000, 0x000000008b900000| Untracked 
| 186|0x000000008ba00000, 0x000000008bb00000, 0x000000008bb00000|100%| O|  |TAMS 0x000000008ba00000, 0x000000008ba00000| Untracked 
| 187|0x000000008bb00000, 0x000000008bc00000, 0x000000008bc00000|100%| O|  |TAMS 0x000000008bb00000, 0x000000008bb00000| Untracked 
| 188|0x000000008bc00000, 0x000000008bd00000, 0x000000008bd00000|100%| O|  |TAMS 0x000000008bc00000, 0x000000008bc00000| Untracked 
| 189|0x000000008bd00000, 0x000000008be00000, 0x000000008be00000|100%| O|  |TAMS 0x000000008bd00000, 0x000000008bd00000| Untracked 
| 190|0x000000008be00000, 0x000000008bf00000, 0x000000008bf00000|100%| O|  |TAMS 0x000000008be00000, 0x000000008be00000| Untracked 
| 191|0x000000008bf00000, 0x000000008c000000, 0x000000008c000000|100%| O|  |TAMS 0x000000008bf00000, 0x000000008bf00000| Untracked 
| 192|0x000000008c000000, 0x000000008c100000, 0x000000008c100000|100%| O|  |TAMS 0x000000008c000000, 0x000000008c000000| Untracked 
| 193|0x000000008c100000, 0x000000008c200000, 0x000000008c200000|100%| O|  |TAMS 0x000000008c100000, 0x000000008c100000| Untracked 
| 194|0x000000008c200000, 0x000000008c300000, 0x000000008c300000|100%| O|  |TAMS 0x000000008c200000, 0x000000008c200000| Untracked 
| 195|0x000000008c300000, 0x000000008c400000, 0x000000008c400000|100%| O|  |TAMS 0x000000008c300000, 0x000000008c300000| Untracked 
| 196|0x000000008c400000, 0x000000008c500000, 0x000000008c500000|100%| O|  |TAMS 0x000000008c400000, 0x000000008c400000| Untracked 
| 197|0x000000008c500000, 0x000000008c600000, 0x000000008c600000|100%| O|  |TAMS 0x000000008c500000, 0x000000008c500000| Untracked 
| 198|0x000000008c600000, 0x000000008c700000, 0x000000008c700000|100%| O|  |TAMS 0x000000008c600000, 0x000000008c600000| Untracked 
| 199|0x000000008c700000, 0x000000008c800000, 0x000000008c800000|100%| O|  |TAMS 0x000000008c700000, 0x000000008c700000| Untracked 
| 200|0x000000008c800000, 0x000000008c900000, 0x000000008c900000|100%| O|  |TAMS 0x000000008c800000, 0x000000008c800000| Untracked 
| 201|0x000000008c900000, 0x000000008ca00000, 0x000000008ca00000|100%| O|  |TAMS 0x000000008c900000, 0x000000008c900000| Untracked 
| 202|0x000000008ca00000, 0x000000008cb00000, 0x000000008cb00000|100%| O|  |TAMS 0x000000008ca00000, 0x000000008ca00000| Untracked 
| 203|0x000000008cb00000, 0x000000008cc00000, 0x000000008cc00000|100%| O|  |TAMS 0x000000008cb00000, 0x000000008cb00000| Untracked 
| 204|0x000000008cc00000, 0x000000008cd00000, 0x000000008cd00000|100%| O|  |TAMS 0x000000008cc00000, 0x000000008cc00000| Untracked 
| 205|0x000000008cd00000, 0x000000008ce00000, 0x000000008ce00000|100%| O|  |TAMS 0x000000008cd00000, 0x000000008cd00000| Untracked 
| 206|0x000000008ce00000, 0x000000008cf00000, 0x000000008cf00000|100%| O|  |TAMS 0x000000008ce00000, 0x000000008ce00000| Untracked 
| 207|0x000000008cf00000, 0x000000008d000000, 0x000000008d000000|100%| O|  |TAMS 0x000000008cf00000, 0x000000008cf00000| Untracked 
| 208|0x000000008d000000, 0x000000008d100000, 0x000000008d100000|100%| O|  |TAMS 0x000000008d000000, 0x000000008d000000| Untracked 
| 209|0x000000008d100000, 0x000000008d200000, 0x000000008d200000|100%| O|  |TAMS 0x000000008d100000, 0x000000008d100000| Untracked 
| 210|0x000000008d200000, 0x000000008d300000, 0x000000008d300000|100%| O|  |TAMS 0x000000008d200000, 0x000000008d200000| Untracked 
| 211|0x000000008d300000, 0x000000008d400000, 0x000000008d400000|100%| O|  |TAMS 0x000000008d300000, 0x000000008d300000| Untracked 
| 212|0x000000008d400000, 0x000000008d500000, 0x000000008d500000|100%| O|  |TAMS 0x000000008d400000, 0x000000008d400000| Untracked 
| 213|0x000000008d500000, 0x000000008d600000, 0x000000008d600000|100%| O|  |TAMS 0x000000008d500000, 0x000000008d500000| Untracked 
| 214|0x000000008d600000, 0x000000008d600000, 0x000000008d700000|  0%| F|  |TAMS 0x000000008d600000, 0x000000008d600000| Untracked 
| 215|0x000000008d700000, 0x000000008d800000, 0x000000008d800000|100%| S|CS|TAMS 0x000000008d700000, 0x000000008d700000| Complete 
| 216|0x000000008d800000, 0x000000008d800000, 0x000000008d900000|  0%| F|  |TAMS 0x000000008d800000, 0x000000008d800000| Untracked 
| 217|0x000000008d900000, 0x000000008d900000, 0x000000008da00000|  0%| F|  |TAMS 0x000000008d900000, 0x000000008d900000| Untracked 
| 218|0x000000008da00000, 0x000000008da00000, 0x000000008db00000|  0%| F|  |TAMS 0x000000008da00000, 0x000000008da00000| Untracked 
| 219|0x000000008db00000, 0x000000008db00000, 0x000000008dc00000|  0%| F|  |TAMS 0x000000008db00000, 0x000000008db00000| Untracked 
| 220|0x000000008dc00000, 0x000000008dc00000, 0x000000008dd00000|  0%| F|  |TAMS 0x000000008dc00000, 0x000000008dc00000| Untracked 
| 221|0x000000008dd00000, 0x000000008dd00000, 0x000000008de00000|  0%| F|  |TAMS 0x000000008dd00000, 0x000000008dd00000| Untracked 
| 222|0x000000008de00000, 0x000000008de00000, 0x000000008df00000|  0%| F|  |TAMS 0x000000008de00000, 0x000000008de00000| Untracked 
| 223|0x000000008df00000, 0x000000008df00000, 0x000000008e000000|  0%| F|  |TAMS 0x000000008df00000, 0x000000008df00000| Untracked 
| 224|0x000000008e000000, 0x000000008e000000, 0x000000008e100000|  0%| F|  |TAMS 0x000000008e000000, 0x000000008e000000| Untracked 
| 225|0x000000008e100000, 0x000000008e100000, 0x000000008e200000|  0%| F|  |TAMS 0x000000008e100000, 0x000000008e100000| Untracked 
| 226|0x000000008e200000, 0x000000008e300000, 0x000000008e300000|100%| O|  |TAMS 0x000000008e200000, 0x000000008e200000| Untracked 
| 227|0x000000008e300000, 0x000000008e400000, 0x000000008e400000|100%| O|  |TAMS 0x000000008e300000, 0x000000008e300000| Untracked 
| 228|0x000000008e400000, 0x000000008e500000, 0x000000008e500000|100%| O|  |TAMS 0x000000008e400000, 0x000000008e400000| Untracked 
| 229|0x000000008e500000, 0x000000008e600000, 0x000000008e600000|100%| O|  |TAMS 0x000000008e500000, 0x000000008e500000| Untracked 
| 230|0x000000008e600000, 0x000000008e700000, 0x000000008e700000|100%| O|  |TAMS 0x000000008e600000, 0x000000008e600000| Untracked 
| 231|0x000000008e700000, 0x000000008e800000, 0x000000008e800000|100%| O|  |TAMS 0x000000008e700000, 0x000000008e700000| Untracked 
| 232|0x000000008e800000, 0x000000008e900000, 0x000000008e900000|100%| O|  |TAMS 0x000000008e800000, 0x000000008e800000| Untracked 
| 233|0x000000008e900000, 0x000000008ea00000, 0x000000008ea00000|100%| O|  |TAMS 0x000000008e900000, 0x000000008e900000| Untracked 
| 234|0x000000008ea00000, 0x000000008eb00000, 0x000000008eb00000|100%| O|  |TAMS 0x000000008ea00000, 0x000000008ea00000| Untracked 
| 235|0x000000008eb00000, 0x000000008eb00000, 0x000000008ec00000|  0%| F|  |TAMS 0x000000008eb00000, 0x000000008eb00000| Untracked 
| 236|0x000000008ec00000, 0x000000008ed00000, 0x000000008ed00000|100%| O|  |TAMS 0x000000008ec00000, 0x000000008ec00000| Untracked 
| 237|0x000000008ed00000, 0x000000008ee00000, 0x000000008ee00000|100%| O|  |TAMS 0x000000008ed00000, 0x000000008ed00000| Untracked 
| 238|0x000000008ee00000, 0x000000008ef00000, 0x000000008ef00000|100%| O|  |TAMS 0x000000008ee00000, 0x000000008ee00000| Untracked 
| 239|0x000000008ef00000, 0x000000008f000000, 0x000000008f000000|100%| O|  |TAMS 0x000000008ef00000, 0x000000008ef00000| Untracked 
| 240|0x000000008f000000, 0x000000008f100000, 0x000000008f100000|100%| O|  |TAMS 0x000000008f000000, 0x000000008f000000| Untracked 
| 241|0x000000008f100000, 0x000000008f200000, 0x000000008f200000|100%| S|CS|TAMS 0x000000008f100000, 0x000000008f100000| Complete 
| 242|0x000000008f200000, 0x000000008f300000, 0x000000008f300000|100%| O|  |TAMS 0x000000008f200000, 0x000000008f200000| Untracked 
| 243|0x000000008f300000, 0x000000008f400000, 0x000000008f400000|100%| O|  |TAMS 0x000000008f300000, 0x000000008f300000| Untracked 
| 244|0x000000008f400000, 0x000000008f500000, 0x000000008f500000|100%| O|  |TAMS 0x000000008f400000, 0x000000008f400000| Untracked 
| 245|0x000000008f500000, 0x000000008f600000, 0x000000008f600000|100%| O|  |TAMS 0x000000008f500000, 0x000000008f500000| Untracked 
| 246|0x000000008f600000, 0x000000008f700000, 0x000000008f700000|100%| O|  |TAMS 0x000000008f600000, 0x000000008f600000| Untracked 
| 247|0x000000008f700000, 0x000000008f800000, 0x000000008f800000|100%| O|  |TAMS 0x000000008f700000, 0x000000008f700000| Untracked 
| 248|0x000000008f800000, 0x000000008f900000, 0x000000008f900000|100%| O|  |TAMS 0x000000008f800000, 0x000000008f800000| Untracked 

Card table byte_map: [0x0000014d78ca0000,0x0000014d790a0000] _byte_map_base: 0x0000014d788a0000

Marking Bits (Prev, Next): (CMBitMap*) 0x0000014d7314a500, (CMBitMap*) 0x0000014d7314a4c8
 Prev Bits: [0x0000014d7b4a0000, 0x0000014d7d4a0000)
 Next Bits: [0x0000014d794a0000, 0x0000014d7b4a0000)

Polling page: 0x0000014d749a0000

Metaspace:

Usage:
  Non-class:    103.62 MB capacity,   101.99 MB ( 98%) used,     1.35 MB (  1%) free+waste,   289.13 KB ( <1%) overhead. 
      Class:     14.78 MB capacity,    13.91 MB ( 94%) used,   767.72 KB (  5%) free+waste,   123.06 KB ( <1%) overhead. 
       Both:    118.40 MB capacity,   115.90 MB ( 98%) used,     2.10 MB (  2%) free+waste,   412.19 KB ( <1%) overhead. 

Virtual space:
  Non-class space:      104.00 MB reserved,     103.75 MB (>99%) committed 
      Class space:        1.00 GB reserved,      14.82 MB (  1%) committed 
             Both:        1.10 GB reserved,     118.57 MB ( 11%) committed 

Chunk freelists:
   Non-Class:  2.00 KB
       Class:  6.00 KB
        Both:  8.00 KB

MaxMetaspaceSize: 17179869184.00 GB
CompressedClassSpaceSize: 1.00 GB

CodeHeap 'non-profiled nmethods': size=120064Kb used=8958Kb max_used=9300Kb free=111105Kb
 bounds [0x0000014d07ac0000, 0x0000014d083e0000, 0x0000014d0f000000]
CodeHeap 'profiled nmethods': size=120000Kb used=32151Kb max_used=34229Kb free=87848Kb
 bounds [0x0000014d00590000, 0x0000014d02710000, 0x0000014d07ac0000]
CodeHeap 'non-nmethods': size=5696Kb used=2368Kb max_used=2416Kb free=3327Kb
 bounds [0x0000014d00000000, 0x0000014d00270000, 0x0000014d00590000]
 total_blobs=16796 nmethods=15788 adapters=918
 compilation: enabled
              stopped_count=0, restarted_count=0
 full_count=0

Compilation events (20 events):
Event: 407.248 Thread 0x0000014d7fb0c800 17714       2       org.apache.xerces.parsers.XML11Configuration::getProperty (20 bytes)
Event: 407.254 Thread 0x0000014d7fb0c800 nmethod 17714 0x0000014d008eed10 code [0x0000014d008eeee0, 0x0000014d008ef088]
Event: 407.254 Thread 0x0000014d7fb0c800 17715       2       org.apache.xerces.util.ParserConfigurationSettings::getProperty (20 bytes)
Event: 407.254 Thread 0x0000014d7fb0c800 nmethod 17715 0x0000014d008e9890 code [0x0000014d008e9a60, 0x0000014d008e9bd8]
Event: 407.481 Thread 0x0000014d7fb03800 nmethod 17634 0x0000014d07dd1390 code [0x0000014d07dd1a20, 0x0000014d07dd87f8]
Event: 407.483 Thread 0x0000014d7fb03800 17641       4       org.apache.xerces.dom.ParentNode::nodeListGetLength (141 bytes)
Event: 407.492 Thread 0x0000014d7fb0c800 17716       2       org.apache.xerces.dom.NodeImpl::isFirstChild (28 bytes)
Event: 407.492 Thread 0x0000014d7fb0c800 nmethod 17716 0x0000014d008f1410 code [0x0000014d008f15c0, 0x0000014d008f16d8]
Event: 407.502 Thread 0x0000014d7fb03800 nmethod 17641 0x0000014d07b69a10 code [0x0000014d07b69bc0, 0x0000014d07b6a158]
Event: 407.502 Thread 0x0000014d7fb03800 17695       4       com.sun.tools.javac.comp.Resolve::findInheritedMemberType (186 bytes)
Event: 407.702 Thread 0x0000014d7fb03800 nmethod 17695 0x0000014d07c54c10 code [0x0000014d07c55040, 0x0000014d07c566b0]
Event: 407.702 Thread 0x0000014d7fb03800 17635       4       org.apache.xerces.dom.DeferredDocumentImpl::getPrevSibling (106 bytes)
Event: 407.716 Thread 0x0000014d7fb03800 nmethod 17635 0x0000014d07b6d510 code [0x0000014d07b6d6c0, 0x0000014d07b6d9b8]
Event: 407.716 Thread 0x0000014d7fb03800 17622       4       org.apache.xerces.dom.DeferredDocumentImpl::getLastChild (49 bytes)
Event: 407.722 Thread 0x0000014d7fb03800 nmethod 17622 0x0000014d07b89610 code [0x0000014d07b897c0, 0x0000014d07b899d8]
Event: 407.722 Thread 0x0000014d7fb03800 17624       4       org.apache.xerces.dom.DeferredDocumentImpl::getNodeName (49 bytes)
Event: 407.729 Thread 0x0000014d7fb03800 nmethod 17624 0x0000014d07b92410 code [0x0000014d07b925c0, 0x0000014d07b92878]
Event: 407.729 Thread 0x0000014d7fb03800 17626       4       org.apache.xerces.dom.DeferredDocumentImpl::getNodeExtra (49 bytes)
Event: 407.734 Thread 0x0000014d7fb03800 nmethod 17626 0x0000014d07bcf010 code [0x0000014d07bcf1c0, 0x0000014d07bcf3d8]
Event: 407.734 Thread 0x0000014d7fb03800 17612       4       java.util.ArrayList::add (65 bytes)

GC Heap History (20 events):
Event: 404.287 GC heap after
{Heap after GC invocations=70 (full 0):
 garbage-first heap   total 231424K, used 153447K [0x0000000080000000, 0x0000000100000000)
  region size 1024K, 2 young (2048K), 2 survivors (2048K)
 Metaspace       used 116665K, capacity 119168K, committed 119372K, reserved 1153024K
  class space    used 14011K, capacity 14891K, committed 14924K, reserved 1048576K
}
Event: 406.134 GC heap before
{Heap before GC invocations=71 (full 0):
 garbage-first heap   total 231424K, used 187239K [0x0000000080000000, 0x0000000100000000)
  region size 1024K, 34 young (34816K), 2 survivors (2048K)
 Metaspace       used 118630K, capacity 121239K, committed 121420K, reserved 1155072K
  class space    used 14239K, capacity 15130K, committed 15180K, reserved 1048576K
}
Event: 406.163 GC heap after
{Heap after GC invocations=72 (full 0):
 garbage-first heap   total 231424K, used 163328K [0x0000000080000000, 0x0000000100000000)
  region size 1024K, 5 young (5120K), 5 survivors (5120K)
 Metaspace       used 118630K, capacity 121239K, committed 121420K, reserved 1155072K
  class space    used 14239K, capacity 15130K, committed 15180K, reserved 1048576K
}
Event: 406.267 GC heap before
{Heap before GC invocations=72 (full 0):
 garbage-first heap   total 231424K, used 169472K [0x0000000080000000, 0x0000000100000000)
  region size 1024K, 11 young (11264K), 5 survivors (5120K)
 Metaspace       used 118630K, capacity 121239K, committed 121420K, reserved 1155072K
  class space    used 14239K, capacity 15130K, committed 15180K, reserved 1048576K
}
Event: 406.300 GC heap after
{Heap after GC invocations=73 (full 0):
 garbage-first heap   total 231424K, used 167616K [0x0000000080000000, 0x0000000100000000)
  region size 1024K, 2 young (2048K), 2 survivors (2048K)
 Metaspace       used 118630K, capacity 121239K, committed 121420K, reserved 1155072K
  class space    used 14239K, capacity 15130K, committed 15180K, reserved 1048576K
}
Event: 406.634 GC heap before
{Heap before GC invocations=73 (full 0):
 garbage-first heap   total 231424K, used 190144K [0x0000000080000000, 0x0000000100000000)
  region size 1024K, 24 young (24576K), 2 survivors (2048K)
 Metaspace       used 118630K, capacity 121239K, committed 121420K, reserved 1155072K
  class space    used 14239K, capacity 15130K, committed 15180K, reserved 1048576K
}
Event: 406.811 GC heap after
{Heap after GC invocations=74 (full 0):
 garbage-first heap   total 231424K, used 187877K [0x0000000080000000, 0x0000000100000000)
  region size 1024K, 3 young (3072K), 3 survivors (3072K)
 Metaspace       used 118630K, capacity 121239K, committed 121420K, reserved 1155072K
  class space    used 14239K, capacity 15130K, committed 15180K, reserved 1048576K
}
Event: 406.895 GC heap before
{Heap before GC invocations=74 (full 0):
 garbage-first heap   total 231424K, used 196069K [0x0000000080000000, 0x0000000100000000)
  region size 1024K, 11 young (11264K), 3 survivors (3072K)
 Metaspace       used 118630K, capacity 121239K, committed 121420K, reserved 1155072K
  class space    used 14239K, capacity 15130K, committed 15180K, reserved 1048576K
}
Event: 406.927 GC heap after
{Heap after GC invocations=75 (full 0):
 garbage-first heap   total 231424K, used 197120K [0x0000000080000000, 0x0000000100000000)
  region size 1024K, 2 young (2048K), 2 survivors (2048K)
 Metaspace       used 118630K, capacity 121239K, committed 121420K, reserved 1155072K
  class space    used 14239K, capacity 15130K, committed 15180K, reserved 1048576K
}
Event: 407.141 GC heap before
{Heap before GC invocations=75 (full 0):
 garbage-first heap   total 231424K, used 206336K [0x0000000080000000, 0x0000000100000000)
  region size 1024K, 11 young (11264K), 2 survivors (2048K)
 Metaspace       used 118664K, capacity 121240K, committed 121420K, reserved 1155072K
  class space    used 14239K, capacity 15130K, committed 15180K, reserved 1048576K
}
Event: 407.156 GC heap after
{Heap after GC invocations=76 (full 0):
 garbage-first heap   total 231424K, used 202752K [0x0000000080000000, 0x0000000100000000)
  region size 1024K, 2 young (2048K), 2 survivors (2048K)
 Metaspace       used 118664K, capacity 121240K, committed 121420K, reserved 1155072K
  class space    used 14239K, capacity 15130K, committed 15180K, reserved 1048576K
}
Event: 407.298 GC heap before
{Heap before GC invocations=76 (full 0):
 garbage-first heap   total 231424K, used 211968K [0x0000000080000000, 0x0000000100000000)
  region size 1024K, 11 young (11264K), 2 survivors (2048K)
 Metaspace       used 118681K, capacity 121240K, committed 121420K, reserved 1155072K
  class space    used 14239K, capacity 15130K, committed 15180K, reserved 1048576K
}
Event: 407.319 GC heap after
{Heap after GC invocations=77 (full 0):
 garbage-first heap   total 231424K, used 208896K [0x0000000080000000, 0x0000000100000000)
  region size 1024K, 2 young (2048K), 2 survivors (2048K)
 Metaspace       used 118681K, capacity 121240K, committed 121420K, reserved 1155072K
  class space    used 14239K, capacity 15130K, committed 15180K, reserved 1048576K
}
Event: 407.421 GC heap before
{Heap before GC invocations=77 (full 0):
 garbage-first heap   total 231424K, used 218112K [0x0000000080000000, 0x0000000100000000)
  region size 1024K, 11 young (11264K), 2 survivors (2048K)
 Metaspace       used 118681K, capacity 121240K, committed 121420K, reserved 1155072K
  class space    used 14239K, capacity 15130K, committed 15180K, reserved 1048576K
}
Event: 407.431 GC heap after
{Heap after GC invocations=78 (full 0):
 garbage-first heap   total 231424K, used 218112K [0x0000000080000000, 0x0000000100000000)
  region size 1024K, 2 young (2048K), 2 survivors (2048K)
 Metaspace       used 118681K, capacity 121240K, committed 121420K, reserved 1155072K
  class space    used 14239K, capacity 15130K, committed 15180K, reserved 1048576K
}
Event: 407.507 GC heap before
{Heap before GC invocations=78 (full 0):
 garbage-first heap   total 231424K, used 227328K [0x0000000080000000, 0x0000000100000000)
  region size 1024K, 11 young (11264K), 2 survivors (2048K)
 Metaspace       used 118681K, capacity 121240K, committed 121420K, reserved 1155072K
  class space    used 14239K, capacity 15130K, committed 15180K, reserved 1048576K
}
Event: 407.583 GC heap after
{Heap after GC invocations=79 (full 0):
 garbage-first heap   total 238592K, used 227328K [0x0000000080000000, 0x0000000100000000)
  region size 1024K, 2 young (2048K), 2 survivors (2048K)
 Metaspace       used 118681K, capacity 121240K, committed 121420K, reserved 1155072K
  class space    used 14239K, capacity 15130K, committed 15180K, reserved 1048576K
}
Event: 407.645 GC heap before
{Heap before GC invocations=79 (full 0):
 garbage-first heap   total 238592K, used 236544K [0x0000000080000000, 0x0000000100000000)
  region size 1024K, 11 young (11264K), 2 survivors (2048K)
 Metaspace       used 118681K, capacity 121240K, committed 121420K, reserved 1155072K
  class space    used 14239K, capacity 15130K, committed 15180K, reserved 1048576K
}
Event: 407.670 GC heap after
{Heap after GC invocations=80 (full 0):
 garbage-first heap   total 245760K, used 234268K [0x0000000080000000, 0x0000000100000000)
  region size 1024K, 2 young (2048K), 2 survivors (2048K)
 Metaspace       used 118681K, capacity 121240K, committed 121420K, reserved 1155072K
  class space    used 14239K, capacity 15130K, committed 15180K, reserved 1048576K
}
Event: 407.759 GC heap before
{Heap before GC invocations=80 (full 0):
 garbage-first heap   total 245760K, used 244508K [0x0000000080000000, 0x0000000100000000)
  region size 1024K, 12 young (12288K), 2 survivors (2048K)
 Metaspace       used 118681K, capacity 121240K, committed 121420K, reserved 1155072K
  class space    used 14239K, capacity 15130K, committed 15180K, reserved 1048576K
}

Deoptimization events (20 events):
Event: 405.704 Thread 0x0000014d184ca800 DEOPT PACKING pc=0x0000014d02630df8 sp=0x00000015702f8d60
Event: 405.704 Thread 0x0000014d184ca800 DEOPT UNPACKING pc=0x0000014d000272ce sp=0x00000015702f8280 mode 0
Event: 405.705 Thread 0x0000014d184ca800 DEOPT PACKING pc=0x0000014d02630df8 sp=0x00000015702f8e20
Event: 405.705 Thread 0x0000014d184ca800 DEOPT UNPACKING pc=0x0000014d000272ce sp=0x00000015702f8340 mode 0
Event: 405.705 Thread 0x0000014d184ca800 DEOPT PACKING pc=0x0000014d02630df8 sp=0x00000015702f8d60
Event: 405.705 Thread 0x0000014d184ca800 DEOPT UNPACKING pc=0x0000014d000272ce sp=0x00000015702f8280 mode 0
Event: 405.705 Thread 0x0000014d184ca800 DEOPT PACKING pc=0x0000014d02630df8 sp=0x00000015702f8e90
Event: 405.705 Thread 0x0000014d184ca800 DEOPT UNPACKING pc=0x0000014d000272ce sp=0x00000015702f83b0 mode 0
Event: 406.021 Thread 0x0000014d184ca800 DEOPT PACKING pc=0x0000014d025dd7a0 sp=0x00000015702f90f0
Event: 406.066 Thread 0x0000014d184ca800 DEOPT UNPACKING pc=0x0000014d000272ce sp=0x00000015702f86b8 mode 0
Event: 406.547 Thread 0x0000014d184ca800 DEOPT PACKING pc=0x0000014d02609a7c sp=0x00000015702f94e0
Event: 406.548 Thread 0x0000014d184ca800 DEOPT UNPACKING pc=0x0000014d000272ce sp=0x00000015702f89d8 mode 0
Event: 406.567 Thread 0x0000014d184ca800 Uncommon trap: trap_request=0xffffff4d fr.pc=0x0000014d08385b38 relative=0x00000000000004f8
Event: 406.567 Thread 0x0000014d184ca800 Uncommon trap: reason=unstable_if action=reinterpret pc=0x0000014d08385b38 method=org.apache.xerces.dom.ParentNode.nodeListGetLength()I @ 35 c2
Event: 406.567 Thread 0x0000014d184ca800 DEOPT PACKING pc=0x0000014d08385b38 sp=0x00000015702f9470
Event: 406.567 Thread 0x0000014d184ca800 DEOPT UNPACKING pc=0x0000014d000274af sp=0x00000015702f9420 mode 2
Event: 407.249 Thread 0x0000014d184ca800 Uncommon trap: trap_request=0xffffffde fr.pc=0x0000014d0836cdc4 relative=0x0000000000003384
Event: 407.252 Thread 0x0000014d184ca800 Uncommon trap: reason=class_check action=maybe_recompile pc=0x0000014d0836cdc4 method=org.apache.xerces.impl.XMLDocumentFragmentScannerImpl.scanStartElement()Z @ 309 c2
Event: 407.255 Thread 0x0000014d184ca800 DEOPT PACKING pc=0x0000014d0836cdc4 sp=0x00000015702f9140
Event: 407.257 Thread 0x0000014d184ca800 DEOPT UNPACKING pc=0x0000014d000274af sp=0x00000015702f9128 mode 2

Classes redefined (0 events):
No events

Internal exceptions (20 events):
Event: 404.832 Thread 0x0000014d184ca800 Exception <a 'sun/nio/fs/WindowsException'{0x000000008d5e88c8}> (0x000000008d5e88c8) thrown at [./src/hotspot/share/prims/jni.cpp, line 615]
Event: 404.833 Thread 0x0000014d184ca800 Exception <a 'sun/nio/fs/WindowsException'{0x000000008d5eab48}> (0x000000008d5eab48) thrown at [./src/hotspot/share/prims/jni.cpp, line 615]
Event: 404.833 Thread 0x0000014d184ca800 Exception <a 'sun/nio/fs/WindowsException'{0x000000008d5eacd8}> (0x000000008d5eacd8) thrown at [./src/hotspot/share/prims/jni.cpp, line 615]
Event: 404.833 Thread 0x0000014d184ca800 Exception <a 'sun/nio/fs/WindowsException'{0x000000008d5ecf40}> (0x000000008d5ecf40) thrown at [./src/hotspot/share/prims/jni.cpp, line 615]
Event: 404.833 Thread 0x0000014d184ca800 Exception <a 'sun/nio/fs/WindowsException'{0x000000008d5ed0c0}> (0x000000008d5ed0c0) thrown at [./src/hotspot/share/prims/jni.cpp, line 615]
Event: 404.833 Thread 0x0000014d184ca800 Exception <a 'sun/nio/fs/WindowsException'{0x000000008d5ef320}> (0x000000008d5ef320) thrown at [./src/hotspot/share/prims/jni.cpp, line 615]
Event: 404.897 Thread 0x0000014d184ca800 Exception <a 'sun/nio/fs/WindowsException'{0x000000008d4160b8}> (0x000000008d4160b8) thrown at [./src/hotspot/share/prims/jni.cpp, line 615]
Event: 404.912 Thread 0x0000014d184ca800 Exception <a 'sun/nio/fs/WindowsException'{0x000000008d433e40}> (0x000000008d433e40) thrown at [./src/hotspot/share/prims/jni.cpp, line 615]
Event: 404.922 Thread 0x0000014d184ca800 Exception <a 'sun/nio/fs/WindowsException'{0x000000008d44a610}> (0x000000008d44a610) thrown at [./src/hotspot/share/prims/jni.cpp, line 615]
Event: 404.930 Thread 0x0000014d184ca800 Exception <a 'sun/nio/fs/WindowsException'{0x000000008d460278}> (0x000000008d460278) thrown at [./src/hotspot/share/prims/jni.cpp, line 615]
Event: 405.067 Thread 0x0000014d184ca800 Exception <a 'sun/nio/fs/WindowsException'{0x000000008d371d08}> (0x000000008d371d08) thrown at [./src/hotspot/share/prims/jni.cpp, line 615]
Event: 405.068 Thread 0x0000014d184ca800 Exception <a 'sun/nio/fs/WindowsException'{0x000000008d373110}> (0x000000008d373110) thrown at [./src/hotspot/share/prims/jni.cpp, line 615]
Event: 405.068 Thread 0x0000014d184ca800 Exception <a 'sun/nio/fs/WindowsException'{0x000000008d374170}> (0x000000008d374170) thrown at [./src/hotspot/share/prims/jni.cpp, line 615]
Event: 405.068 Thread 0x0000014d184ca800 Exception <a 'sun/nio/fs/WindowsException'{0x000000008d375400}> (0x000000008d375400) thrown at [./src/hotspot/share/prims/jni.cpp, line 615]
Event: 405.068 Thread 0x0000014d184ca800 Exception <a 'sun/nio/fs/WindowsException'{0x000000008d3755b0}> (0x000000008d3755b0) thrown at [./src/hotspot/share/prims/jni.cpp, line 615]
Event: 405.069 Thread 0x0000014d184ca800 Exception <a 'sun/nio/fs/WindowsException'{0x000000008d377848}> (0x000000008d377848) thrown at [./src/hotspot/share/prims/jni.cpp, line 615]
Event: 405.079 Thread 0x0000014d184ca800 Exception <a 'sun/nio/fs/WindowsException'{0x000000008d382d00}> (0x000000008d382d00) thrown at [./src/hotspot/share/prims/jni.cpp, line 615]
Event: 405.167 Thread 0x0000014d184ca800 Exception <a 'sun/nio/fs/WindowsException'{0x000000008d2ec058}> (0x000000008d2ec058) thrown at [./src/hotspot/share/prims/jni.cpp, line 615]
Event: 405.175 Thread 0x0000014d184ca800 Exception <a 'sun/nio/fs/WindowsException'{0x000000008d10b528}> (0x000000008d10b528) thrown at [./src/hotspot/share/prims/jni.cpp, line 615]
Event: 405.686 Thread 0x0000014d184ca800 Implicit null exception at 0x0000014d08378b95 to 0x0000014d0837b972

Events (20 events):
Event: 406.120 Executing VM operation: CGC_Operation done
Event: 406.133 Executing VM operation: G1CollectForAllocation
Event: 406.163 Executing VM operation: G1CollectForAllocation done
Event: 406.266 Executing VM operation: G1CollectForAllocation
Event: 406.300 Executing VM operation: G1CollectForAllocation done
Event: 406.634 Executing VM operation: G1CollectForAllocation
Event: 406.811 Executing VM operation: G1CollectForAllocation done
Event: 406.895 Executing VM operation: G1CollectForAllocation
Event: 406.927 Executing VM operation: G1CollectForAllocation done
Event: 407.141 Executing VM operation: G1CollectForAllocation
Event: 407.156 Executing VM operation: G1CollectForAllocation done
Event: 407.298 Executing VM operation: G1CollectForAllocation
Event: 407.319 Executing VM operation: G1CollectForAllocation done
Event: 407.408 Executing VM operation: G1CollectForAllocation
Event: 407.431 Executing VM operation: G1CollectForAllocation done
Event: 407.506 Executing VM operation: G1CollectForAllocation
Event: 407.585 Executing VM operation: G1CollectForAllocation done
Event: 407.644 Executing VM operation: G1CollectForAllocation
Event: 407.670 Executing VM operation: G1CollectForAllocation done
Event: 407.757 Executing VM operation: G1CollectForAllocation


Dynamic libraries:
0x00007ff7d5f10000 - 0x00007ff7d5f1a000 	C:\Program Files\Android\Android Studio1\jre\bin\java.exe
0x00007ffadc690000 - 0x00007ffadc885000 	C:\Windows\SYSTEM32\ntdll.dll
0x00007ffadbbb0000 - 0x00007ffadbc6e000 	C:\Windows\System32\KERNEL32.DLL
0x00007ffada410000 - 0x00007ffada6d8000 	C:\Windows\System32\KERNELBASE.dll
0x00007ffad9f00000 - 0x00007ffada000000 	C:\Windows\System32\ucrtbase.dll
0x00007ffad3e20000 - 0x00007ffad3e37000 	C:\Program Files\Android\Android Studio1\jre\bin\VCRUNTIME140.dll
0x00007ffad3cf0000 - 0x00007ffad3d09000 	C:\Program Files\Android\Android Studio1\jre\bin\jli.dll
0x00007ffada770000 - 0x00007ffada911000 	C:\Windows\System32\USER32.dll
0x00007ffada3e0000 - 0x00007ffada402000 	C:\Windows\System32\win32u.dll
0x00007ffada6e0000 - 0x00007ffada70b000 	C:\Windows\System32\GDI32.dll
0x00007ffada0e0000 - 0x00007ffada1eb000 	C:\Windows\System32\gdi32full.dll
0x00007ffad9db0000 - 0x00007ffad9e4d000 	C:\Windows\System32\msvcp_win.dll
0x00007ffac8710000 - 0x00007ffac89aa000 	C:\Windows\WinSxS\amd64_microsoft.windows.common-controls_6595b64144ccf1df_6.0.19041.1110_none_60b5254171f9507e\COMCTL32.dll
0x00007ffadb5a0000 - 0x00007ffadb63e000 	C:\Windows\System32\msvcrt.dll
0x00007ffadbc70000 - 0x00007ffadbca0000 	C:\Windows\System32\IMM32.DLL
0x00007ffad3c30000 - 0x00007ffad3ccd000 	C:\Program Files\Android\Android Studio1\jre\bin\msvcp140.dll
0x00007ffa96300000 - 0x00007ffa96dbc000 	C:\Program Files\Android\Android Studio1\jre\bin\server\jvm.dll
0x00007ffadac10000 - 0x00007ffadacbc000 	C:\Windows\System32\ADVAPI32.dll
0x00007ffadbfc0000 - 0x00007ffadc05b000 	C:\Windows\System32\sechost.dll
0x00007ffadbe20000 - 0x00007ffadbf4a000 	C:\Windows\System32\RPCRT4.dll
0x00007ffadae50000 - 0x00007ffadae58000 	C:\Windows\System32\PSAPI.DLL
0x00007ffac4580000 - 0x00007ffac4589000 	C:\Windows\SYSTEM32\WSOCK32.dll
0x00007ffadbf50000 - 0x00007ffadbfbb000 	C:\Windows\System32\WS2_32.dll
0x00007ffad2860000 - 0x00007ffad286a000 	C:\Windows\SYSTEM32\VERSION.dll
0x00007ffac5c80000 - 0x00007ffac5ca7000 	C:\Windows\SYSTEM32\WINMM.dll
0x00007ffad8630000 - 0x00007ffad8642000 	C:\Windows\SYSTEM32\kernel.appcore.dll
0x00007ffad1f00000 - 0x00007ffad1f11000 	C:\Program Files\Android\Android Studio1\jre\bin\verify.dll
0x00007ffad8340000 - 0x00007ffad8524000 	C:\Windows\SYSTEM32\DBGHELP.DLL
0x00007ffac9300000 - 0x00007ffac932c000 	C:\Windows\SYSTEM32\dbgcore.DLL
0x00007ffada050000 - 0x00007ffada0d3000 	C:\Windows\System32\bcryptPrimitives.dll
0x00007ffaba500000 - 0x00007ffaba529000 	C:\Program Files\Android\Android Studio1\jre\bin\java.dll
0x00007ffad1ef0000 - 0x00007ffad1efb000 	C:\Program Files\Android\Android Studio1\jre\bin\jimage.dll
0x00007ffab2f20000 - 0x00007ffab2f38000 	C:\Program Files\Android\Android Studio1\jre\bin\zip.dll
0x00007ffadae60000 - 0x00007ffadb59f000 	C:\Windows\System32\SHELL32.dll
0x00007ffad7ae0000 - 0x00007ffad8270000 	C:\Windows\SYSTEM32\windows.storage.dll
0x00007ffadb710000 - 0x00007ffadba65000 	C:\Windows\System32\combase.dll
0x00007ffad9730000 - 0x00007ffad975e000 	C:\Windows\SYSTEM32\Wldp.dll
0x00007ffadada0000 - 0x00007ffadae4d000 	C:\Windows\System32\SHCORE.dll
0x00007ffadc060000 - 0x00007ffadc0b5000 	C:\Windows\System32\shlwapi.dll
0x00007ffad9cf0000 - 0x00007ffad9d0f000 	C:\Windows\SYSTEM32\profapi.dll
0x00007ffab2f00000 - 0x00007ffab2f1a000 	C:\Program Files\Android\Android Studio1\jre\bin\net.dll
0x00007ffacadc0000 - 0x00007ffacaecc000 	C:\Windows\SYSTEM32\WINHTTP.dll
0x00007ffad9490000 - 0x00007ffad94fa000 	C:\Windows\system32\mswsock.dll
0x00007ffaae8b0000 - 0x00007ffaae8c4000 	C:\Program Files\Android\Android Studio1\jre\bin\nio.dll
0x00007ffac5490000 - 0x00007ffac54b7000 	C:\Users\VuThiLanh\.gradle\native\fdc75f09e3144964f2cf3f50f0aa648679c211496f362492102eb8c894070792\windows-amd64\native-platform.dll
0x00007ffa9b500000 - 0x00007ffa9b696000 	C:\Users\VuThiLanh\.gradle\native\12488b8bf47d2d4c9fbf2f6322a914ad602e24e48041cd04a747c6da556b65c4\windows-amd64\native-platform-file-events.dll
0x00007ffad1c60000 - 0x00007ffad1c6a000 	C:\Program Files\Android\Android Studio1\jre\bin\management.dll
0x00007ffac70f0000 - 0x00007ffac70fc000 	C:\Program Files\Android\Android Studio1\jre\bin\management_ext.dll
0x00007ffad9680000 - 0x00007ffad9698000 	C:\Windows\SYSTEM32\CRYPTSP.dll
0x00007ffad8e10000 - 0x00007ffad8e44000 	C:\Windows\system32\rsaenh.dll
0x00007ffada1f0000 - 0x00007ffada217000 	C:\Windows\System32\bcrypt.dll
0x00007ffad9cb0000 - 0x00007ffad9cde000 	C:\Windows\SYSTEM32\USERENV.dll
0x00007ffad96a0000 - 0x00007ffad96ac000 	C:\Windows\SYSTEM32\CRYPTBASE.dll
0x00007ffad9180000 - 0x00007ffad91bb000 	C:\Windows\SYSTEM32\IPHLPAPI.DLL
0x00007ffadbe10000 - 0x00007ffadbe18000 	C:\Windows\System32\NSI.dll
0x00007ffacdf40000 - 0x00007ffacdf57000 	C:\Windows\SYSTEM32\dhcpcsvc6.DLL
0x00007ffad1190000 - 0x00007ffad11ad000 	C:\Windows\SYSTEM32\dhcpcsvc.DLL
0x00007ffad91c0000 - 0x00007ffad928b000 	C:\Windows\SYSTEM32\DNSAPI.dll
0x00007ffad1750000 - 0x00007ffad175b000 	C:\Windows\SYSTEM32\WINNSI.DLL
0x00007ffa97810000 - 0x00007ffa979b2000 	C:\Program Files\Android\Android Studio1\jre\bin\awt.dll
0x00007ffadb640000 - 0x00007ffadb70d000 	C:\Windows\System32\OLEAUT32.dll
0x00007ffad7610000 - 0x00007ffad763f000 	C:\Windows\SYSTEM32\dwmapi.dll
0x00007ffad6fe0000 - 0x00007ffad7070000 	C:\Windows\SYSTEM32\apphelp.dll
0x00007ffad7420000 - 0x00007ffad74be000 	C:\Windows\system32\uxtheme.dll

dbghelp: loaded successfully - version: 4.0.5 - missing functions: none
symbol engine: initialized successfully - sym options: 0x614 - pdb path: .;C:\Program Files\Android\Android Studio1\jre\bin;C:\Windows\SYSTEM32;C:\Windows\WinSxS\amd64_microsoft.windows.common-controls_6595b64144ccf1df_6.0.19041.1110_none_60b5254171f9507e;C:\Program Files\Android\Android Studio1\jre\bin\server;C:\Users\VuThiLanh\.gradle\native\fdc75f09e3144964f2cf3f50f0aa648679c211496f362492102eb8c894070792\windows-amd64;C:\Users\VuThiLanh\.gradle\native\12488b8bf47d2d4c9fbf2f6322a914ad602e24e48041cd04a747c6da556b65c4\windows-amd64

VM Arguments:
jvm_args: --add-opens=java.base/java.util=ALL-UNNAMED --add-opens=java.base/java.lang=ALL-UNNAMED --add-opens=java.base/java.lang.invoke=ALL-UNNAMED --add-opens=java.prefs/java.util.prefs=ALL-UNNAMED -Xmx2048m -Dfile.encoding=UTF-8 -Duser.country=US -Duser.language=en -Duser.variant 
java_command: org.gradle.launcher.daemon.bootstrap.GradleDaemon 6.7.1
java_class_path (initial): C:\Users\VuThiLanh\.gradle\wrapper\dists\gradle-6.7.1-bin\bwlcbys1h7rz3272sye1xwiv6\gradle-6.7.1\lib\gradle-launcher-6.7.1.jar
Launcher Type: SUN_STANDARD

[Global flags]
     intx CICompilerCount                          = 3                                         {product} {ergonomic}
     uint ConcGCThreads                            = 1                                         {product} {ergonomic}
     uint G1ConcRefinementThreads                  = 4                                         {product} {ergonomic}
   size_t G1HeapRegionSize                         = 1048576                                   {product} {ergonomic}
    uintx GCDrainStackTargetSize                   = 64                                        {product} {ergonomic}
   size_t InitialHeapSize                          = 65011712                                  {product} {ergonomic}
   size_t MarkStackSize                            = 4194304                                   {product} {ergonomic}
   size_t MaxHeapSize                              = 2147483648                                {product} {command line}
   size_t MaxNewSize                               = 1287651328                                {product} {ergonomic}
   size_t MinHeapDeltaBytes                        = 1048576                                   {product} {ergonomic}
    uintx NonNMethodCodeHeapSize                   = 5830732                                {pd product} {ergonomic}
    uintx NonProfiledCodeHeapSize                  = 122913754                              {pd product} {ergonomic}
    uintx ProfiledCodeHeapSize                     = 122913754                              {pd product} {ergonomic}
    uintx ReservedCodeCacheSize                    = 251658240                              {pd product} {ergonomic}
     bool SegmentedCodeCache                       = true                                      {product} {ergonomic}
     bool UseCompressedClassPointers               = true                                 {lp64_product} {ergonomic}
     bool UseCompressedOops                        = true                                 {lp64_product} {ergonomic}
     bool UseG1GC                                  = true                                      {product} {ergonomic}
     bool UseLargePagesIndividualAllocation        = false                                  {pd product} {ergonomic}

Logging:
Log output configuration:
 #0: stdout all=warning uptime,level,tags
 #1: stderr all=off uptime,level,tags

Environment Variables:
PATH=C:\Program Files\Common Files\Oracle\Java\javapath;C:\Windows\system32;C:\Windows;C:\Windows\System32\Wbem;C:\Windows\System32\WindowsPowerShell\v1.0\;C:\Windows\System32\OpenSSH\;C:\Program Files\Microsoft SQL Server\Client SDK\ODBC\170\Tools\Binn\;C:\Program Files (x86)\Microsoft SQL Server\150\Tools\Binn\;C:\Program Files\Microsoft SQL Server\150\Tools\Binn\;C:\Program Files\Microsoft SQL Server\150\DTS\Binn\;C:\Program Files (x86)\Microsoft SQL Server\150\DTS\Binn\;C:\Program Files\Azure Data Studio\bin;C:\Program Files\Microsoft SQL Server\130\Tools\Binn\;C:\Program Files\Git\cmd;C:\Program Files (x86)\Rational\common;C:\Program Files\dotnet\;C:\Users\VuThiLanh\AppData\Local\Microsoft\WindowsApps;C:\Program Files\Azure Data Studio\bin;C:\Users\VuThiLanh\.dotnet\tools;C:\Users\VuThiLanh\AppData\Local\GitHubDesktop\bin
USERNAME=VuThiLanh
OS=Windows_NT
PROCESSOR_IDENTIFIER=Intel64 Family 6 Model 142 Stepping 9, GenuineIntel



---------------  S Y S T E M  ---------------

OS: Windows 10 , 64 bit Build 19041 (10.0.19041.1348)
OS uptime: 2 days 10:38 hours

CPU:total 4 (initial active 4) (2 cores per cpu, 2 threads per core) family 6 model 142 stepping 9, cmov, cx8, fxsr, mmx, sse, sse2, sse3, ssse3, sse4.1, sse4.2, popcnt, avx, avx2, aes, clmul, erms, 3dnowpref, lzcnt, ht, tsc, tscinvbit, bmi1, bmi2, adx, fma

Memory: 4k page, system-wide physical 3961M (169M free)
TotalPageFile size 12057M (AvailPageFile size 174M)
current process WorkingSet (physical memory assigned to process): 196M, peak: 383M
current process commit charge ("private bytes"): 579M, peak: 762M

vm_info: OpenJDK 64-Bit Server VM (11.0.8+10-b944.6842174) for windows-amd64 JRE (11.0.8+10-b944.6842174), built on Sep 19 2020 01:11:42 by "builder" with MS VC++ 14.0 (VS2015)

END.
