#
# There is insufficient memory for the Java Runtime Environment to continue.
# Native memory allocation (malloc) failed to allocate 1406416 bytes for Chunk::new
# Possible reasons:
#   The system is out of physical RAM or swap space
#   The process is running with CompressedOops enabled, and the Java Heap may be blocking the growth of the native heap
# Possible solutions:
#   Reduce memory load on the system
#   Increase physical memory or swap space
#   Check if swap backing store is full
#   Decrease Java heap size (-Xmx/-Xms)
#   Decrease number of Java threads
#   Decrease Java thread stack sizes (-Xss)
#   Set larger code cache with -XX:ReservedCodeCacheSize=
#   JVM is running with Unscaled Compressed Oops mode in which the Java heap is
#     placed in the first 4GB address space. The Java Heap base address is the
#     maximum limit for the native heap growth. Please use -XX:HeapBaseMinAddress
#     to set the Java Heap base and to place the Java Heap above 4GB virtual address.
# This output file may be truncated or incomplete.
#
#  Out of Memory Error (./src/hotspot/share/memory/arena.cpp:197), pid=4956, tid=11260
#
# JRE version: OpenJDK Runtime Environment (11.0.8+10) (build 11.0.8+10-b944.6842174)
# Java VM: OpenJDK 64-Bit Server VM (11.0.8+10-b944.6842174, mixed mode, tiered, compressed oops, g1 gc, windows-amd64)
# No core dump will be written. Minidumps are not enabled by default on client versions of Windows
#

---------------  S U M M A R Y ------------

Command Line: --add-opens=java.base/java.util=ALL-UNNAMED --add-opens=java.base/java.lang=ALL-UNNAMED --add-opens=java.base/java.lang.invoke=ALL-UNNAMED --add-opens=java.prefs/java.util.prefs=ALL-UNNAMED -Xmx2048m -Dfile.encoding=UTF-8 -Duser.country=US -Duser.language=en -Duser.variant org.gradle.launcher.daemon.bootstrap.GradleDaemon 6.7.1

Host: Intel(R) Core(TM) i3-7020U CPU @ 2.30GHz, 4 cores, 3G,  Windows 10 , 64 bit Build 19041 (10.0.19041.1348)
Time: Tue Nov 23 21:29:58 2021 SE Asia Standard Time elapsed time: 122 seconds (0d 0h 2m 2s)

---------------  T H R E A D  ---------------

Current thread (0x00000225fffa4000):  JavaThread "C2 CompilerThread0" daemon [_thread_in_native, id=11260, stack(0x0000004128c00000,0x0000004128d00000)]


Current CompileTask:
C2: 122537 12652   !   4       java.nio.file.FileTreeWalker::next (144 bytes)

Stack: [0x0000004128c00000,0x0000004128d00000]
Native frames: (J=compiled Java code, j=interpreted, Vv=VM code, C=native code)
V  [jvm.dll+0x5de50a]
V  [jvm.dll+0x7122f5]
V  [jvm.dll+0x71384d]
V  [jvm.dll+0x713f03]
V  [jvm.dll+0x23e728]
V  [jvm.dll+0xb899c]
V  [jvm.dll+0xb8e9c]
V  [jvm.dll+0x35024d]
V  [jvm.dll+0x193ebc]
V  [jvm.dll+0x1f780e]
V  [jvm.dll+0x1f68d4]
V  [jvm.dll+0x17f32c]
V  [jvm.dll+0x205047]
V  [jvm.dll+0x203891]
V  [jvm.dll+0x6dad3f]
V  [jvm.dll+0x6d3895]
V  [jvm.dll+0x5dd4a6]
C  [ucrtbase.dll+0x21bb2]
C  [KERNEL32.DLL+0x17034]
C  [ntdll.dll+0x52651]


---------------  P R O C E S S  ---------------

Threads class SMR info:
_java_thread_list=0x000002258b3caef0, length=142, elements={
0x00000225e9ddb000, 0x00000225fff48000, 0x00000225fff55800, 0x00000225fffa0800,
0x00000225fffa1800, 0x00000225fffa4000, 0x00000225fffa8000, 0x00000225fffab000,
0x0000022584a33000, 0x0000022584a76000, 0x000002258604a800, 0x0000022585721800,
0x000002258675b000, 0x000002258629e800, 0x0000022584b94000, 0x0000022585939000,
0x0000022585935000, 0x000002258593a000, 0x0000022588e02800, 0x0000022588dff000,
0x000002258972f800, 0x0000022589724000, 0x0000022589723800, 0x0000022589728000,
0x0000022589725800, 0x0000022589725000, 0x0000022589726800, 0x000002258972b800,
0x0000022589729000, 0x000002258972a000, 0x0000022589727800, 0x000002258972a800,
0x0000022589730800, 0x000002258972c000, 0x000002258972d000, 0x0000022589731000,
0x000002258972e000, 0x0000022589732000, 0x000002258972e800, 0x0000022588e00800,
0x0000022588e01800, 0x0000022588e03000, 0x0000022588e04000, 0x0000022588dfe800,
0x0000022588e05000, 0x0000022588e09800, 0x0000022588e07000, 0x0000022588e06800,
0x0000022588e0a800, 0x0000022588e0b800, 0x0000022588e05800, 0x0000022588e0d000,
0x0000022588e0c000, 0x0000022588e08000, 0x0000022588e09000, 0x0000022585936000,
0x000002258593a800, 0x000002258593b800, 0x0000022585937800, 0x0000022585936800,
0x0000022585938800, 0x0000022585aac000, 0x0000022585aad000, 0x0000022585aad800,
0x0000022585aae800, 0x0000022585aaf000, 0x0000022585ab0000, 0x0000022585ab1000,
0x0000022585aab000, 0x0000022585ab3800, 0x0000022585ab7800, 0x0000022585ab4000,
0x0000022585ab1800, 0x0000022585ab5000, 0x0000022585ab6000, 0x0000022585ab8000,
0x0000022585ab6800, 0x0000022585ab2800, 0x0000022585ab9000, 0x0000022585aba000,
0x000002258cbb7000, 0x000002258cbb4800, 0x000002258cbb3800, 0x000002258cbb5000,
0x000002258cbb1000, 0x000002258cbb6000, 0x000002258cbb7800, 0x000002258cbb2000,
0x000002258cbb8800, 0x000002258cbb2800, 0x000002258cbbc800, 0x000002258cbbd800,
0x000002258cbbb800, 0x000002258cbbe000, 0x000002258cbba000, 0x000002258cbbf000,
0x000002258cbb9000, 0x000002258cbbb000, 0x000002258cbc0000, 0x0000022588a70800,
0x0000022588a72800, 0x0000022588a73800, 0x0000022588a77000, 0x0000022588a74800,
0x0000022588a75000, 0x0000022588a76000, 0x0000022588a71000, 0x0000022588a77800,
0x0000022588a72000, 0x0000022588a7b800, 0x0000022588a7b000, 0x0000022588a79800,
0x0000022588a7c800, 0x0000022588a7a000, 0x0000022588a7d800, 0x0000022588a7e000,
0x0000022588a78800, 0x0000022588a7f000, 0x0000022586548000, 0x000002258654a000,
0x000002258654b000, 0x000002258654e800, 0x000002258654c800, 0x000002258654c000,
0x0000022586548800, 0x000002258654d800, 0x000002258654f000, 0x0000022586549800,
0x0000022586550000, 0x0000022586550800, 0x0000022586554000, 0x0000022586553000,
0x0000022586556800, 0x0000022586551800, 0x0000022586552800, 0x0000022586555000,
0x0000022586555800, 0x0000022588b65000, 0x0000022588b61000, 0x0000022588b62000,
0x0000022588b60000, 0x0000022588b62800
}

Java Threads: ( => current thread )
  0x00000225e9ddb000 JavaThread "main" [_thread_blocked, id=9088, stack(0x0000004128100000,0x0000004128200000)]
  0x00000225fff48000 JavaThread "Reference Handler" daemon [_thread_blocked, id=3124, stack(0x0000004128800000,0x0000004128900000)]
  0x00000225fff55800 JavaThread "Finalizer" daemon [_thread_blocked, id=9700, stack(0x0000004128900000,0x0000004128a00000)]
  0x00000225fffa0800 JavaThread "Signal Dispatcher" daemon [_thread_blocked, id=7276, stack(0x0000004128a00000,0x0000004128b00000)]
  0x00000225fffa1800 JavaThread "Attach Listener" daemon [_thread_blocked, id=10428, stack(0x0000004128b00000,0x0000004128c00000)]
=>0x00000225fffa4000 JavaThread "C2 CompilerThread0" daemon [_thread_in_native, id=11260, stack(0x0000004128c00000,0x0000004128d00000)]
  0x00000225fffa8000 JavaThread "C1 CompilerThread0" daemon [_thread_in_native, id=5900, stack(0x0000004128d00000,0x0000004128e00000)]
  0x00000225fffab000 JavaThread "Sweeper thread" daemon [_thread_blocked, id=13152, stack(0x0000004128e00000,0x0000004128f00000)]
  0x0000022584a33000 JavaThread "Common-Cleaner" daemon [_thread_blocked, id=10236, stack(0x0000004128f00000,0x0000004129000000)]
  0x0000022584a76000 JavaThread "Service Thread" daemon [_thread_blocked, id=8668, stack(0x0000004129000000,0x0000004129100000)]
  0x000002258604a800 JavaThread "Daemon health stats" [_thread_blocked, id=12380, stack(0x0000004129300000,0x0000004129400000)]
  0x0000022585721800 JavaThread "Incoming local TCP Connector on port 64616" [_thread_in_native, id=11536, stack(0x0000004129800000,0x0000004129900000)]
  0x000002258675b000 JavaThread "Daemon periodic checks" [_thread_blocked, id=3504, stack(0x0000004129900000,0x0000004129a00000)]
  0x000002258629e800 JavaThread "Daemon" [_thread_blocked, id=8832, stack(0x0000004129a00000,0x0000004129b00000)]
  0x0000022584b94000 JavaThread "Daemon worker" [_thread_blocked, id=13188, stack(0x0000004129d00000,0x0000004129e00000)]
  0x0000022585939000 JavaThread "Cache worker for file hash cache (C:\Users\VuThiLanh\.gradle\caches\6.7.1\fileHashes)" [_thread_blocked, id=3580, stack(0x000000412a100000,0x000000412a200000)]
  0x0000022585935000 JavaThread "File lock request listener" [_thread_in_native, id=13236, stack(0x000000412a200000,0x000000412a300000)]
  0x000002258593a000 JavaThread "Cache worker for journal cache (C:\Users\VuThiLanh\.gradle\caches\journal-1)" [_thread_blocked, id=2168, stack(0x000000412a300000,0x000000412a400000)]
  0x0000022588e02800 JavaThread "Cache worker for execution history cache (C:\Users\VuThiLanh\.gradle\caches\6.7.1\executionHistory)" [_thread_blocked, id=11760, stack(0x000000412bd00000,0x000000412be00000)]
  0x0000022588dff000 JavaThread "Cache worker for file content cache (C:\Users\VuThiLanh\.gradle\caches\6.7.1\fileContent)" [_thread_blocked, id=14388, stack(0x000000412be00000,0x000000412bf00000)]
  0x000002258972f800 JavaThread "Memory manager" [_thread_blocked, id=4308, stack(0x0000004131200000,0x0000004131300000)]
  0x0000022589724000 JavaThread "Handler for socket connection from /127.0.0.1:64616 to /127.0.0.1:64663" [_thread_in_native, id=5860, stack(0x0000004129b00000,0x0000004129c00000)]
  0x0000022589723800 JavaThread "Cancel handler" [_thread_blocked, id=4872, stack(0x0000004129c00000,0x0000004129d00000)]
  0x0000022589728000 JavaThread "Asynchronous log dispatcher for DefaultDaemonConnection: socket connection from /127.0.0.1:64616 to /127.0.0.1:64663" [_thread_blocked, id=1596, stack(0x0000004129e00000,0x0000004129f00000)]
  0x0000022589725800 JavaThread "Stdin handler" [_thread_blocked, id=5008, stack(0x0000004129f00000,0x000000412a000000)]
  0x0000022589725000 JavaThread "Thread-130" [_thread_blocked, id=9080, stack(0x000000412a000000,0x000000412a100000)]
  0x0000022589726800 JavaThread "Cache worker for file hash cache (E:\K7_MaNguonMo\1_BaiTapLon\Nhom14_AppBanSachTrenNenTangAndroid\.gradle\6.7.1\fileHashes)" [_thread_blocked, id=9136, stack(0x000000412a400000,0x000000412a500000)]
  0x000002258972b800 JavaThread "Cache worker for checksums cache (E:\K7_MaNguonMo\1_BaiTapLon\Nhom14_AppBanSachTrenNenTangAndroid\.gradle\checksums)" [_thread_blocked, id=3704, stack(0x000000412a500000,0x000000412a600000)]
  0x0000022589729000 JavaThread "Cache worker for cache directory md-supplier (C:\Users\VuThiLanh\.gradle\caches\6.7.1\md-supplier)" [_thread_blocked, id=6540, stack(0x000000412a600000,0x000000412a700000)]
  0x000002258972a000 JavaThread "Cache worker for cache directory md-rule (C:\Users\VuThiLanh\.gradle\caches\6.7.1\md-rule)" [_thread_blocked, id=6552, stack(0x000000412a700000,0x000000412a800000)]
  0x0000022589727800 JavaThread "Cache worker for Build Output Cleanup Cache (E:\K7_MaNguonMo\1_BaiTapLon\Nhom14_AppBanSachTrenNenTangAndroid\.gradle\buildOutputCleanup)" [_thread_blocked, id=1280, stack(0x000000412a800000,0x000000412a900000)]
  0x000002258972a800 JavaThread "Build operations" [_thread_blocked, id=13448, stack(0x000000412a900000,0x000000412aa00000)]
  0x0000022589730800 JavaThread "Build operations Thread 2" [_thread_blocked, id=10824, stack(0x000000412aa00000,0x000000412ab00000)]
  0x000002258972c000 JavaThread "Build operations Thread 3" [_thread_blocked, id=8460, stack(0x000000412ab00000,0x000000412ac00000)]
  0x000002258972d000 JavaThread "Build operations Thread 4" [_thread_blocked, id=11360, stack(0x000000412ac00000,0x000000412ad00000)]
  0x0000022589731000 JavaThread "jar transforms Thread 100" [_thread_blocked, id=8608, stack(0x000000412ad00000,0x000000412ae00000)]
  0x000002258972e000 JavaThread "jar transforms Thread 101" [_thread_blocked, id=10760, stack(0x000000412ae00000,0x000000412af00000)]
  0x0000022589732000 JavaThread "jar transforms Thread 102" [_thread_blocked, id=12992, stack(0x000000412af00000,0x000000412b000000)]
  0x000002258972e800 JavaThread "jar transforms Thread 103" [_thread_blocked, id=14380, stack(0x000000412b000000,0x000000412b100000)]
  0x0000022588e00800 JavaThread "jar transforms Thread 104" [_thread_blocked, id=14024, stack(0x000000412b100000,0x000000412b200000)]
  0x0000022588e01800 JavaThread "jar transforms Thread 105" [_thread_blocked, id=11932, stack(0x000000412b200000,0x000000412b300000)]
  0x0000022588e03000 JavaThread "jar transforms Thread 106" [_thread_blocked, id=10836, stack(0x000000412b300000,0x000000412b400000)]
  0x0000022588e04000 JavaThread "jar transforms Thread 107" [_thread_blocked, id=10680, stack(0x000000412b400000,0x000000412b500000)]
  0x0000022588dfe800 JavaThread "jar transforms Thread 108" [_thread_blocked, id=11488, stack(0x000000412b500000,0x000000412b600000)]
  0x0000022588e05000 JavaThread "jar transforms Thread 109" [_thread_blocked, id=14988, stack(0x000000412b600000,0x000000412b700000)]
  0x0000022588e09800 JavaThread "jar transforms Thread 110" [_thread_blocked, id=5224, stack(0x000000412b700000,0x000000412b800000)]
  0x0000022588e07000 JavaThread "jar transforms Thread 111" [_thread_blocked, id=7524, stack(0x000000412b800000,0x000000412b900000)]
  0x0000022588e06800 JavaThread "jar transforms Thread 112" [_thread_blocked, id=2688, stack(0x000000412b900000,0x000000412ba00000)]
  0x0000022588e0a800 JavaThread "jar transforms Thread 113" [_thread_blocked, id=3600, stack(0x000000412ba00000,0x000000412bb00000)]
  0x0000022588e0b800 JavaThread "jar transforms Thread 114" [_thread_blocked, id=6088, stack(0x000000412bb00000,0x000000412bc00000)]
  0x0000022588e05800 JavaThread "jar transforms Thread 115" [_thread_blocked, id=9772, stack(0x000000412bc00000,0x000000412bd00000)]
  0x0000022588e0d000 JavaThread "jar transforms Thread 116" [_thread_blocked, id=13012, stack(0x000000412bf00000,0x000000412c000000)]
  0x0000022588e0c000 JavaThread "jar transforms Thread 117" [_thread_blocked, id=6848, stack(0x000000412c000000,0x000000412c100000)]
  0x0000022588e08000 JavaThread "jar transforms Thread 118" [_thread_blocked, id=14524, stack(0x000000412c100000,0x000000412c200000)]
  0x0000022588e09000 JavaThread "jar transforms Thread 119" [_thread_blocked, id=3656, stack(0x000000412c200000,0x000000412c300000)]
  0x0000022585936000 JavaThread "jar transforms Thread 120" [_thread_blocked, id=8740, stack(0x000000412c300000,0x000000412c400000)]
  0x000002258593a800 JavaThread "jar transforms Thread 121" [_thread_blocked, id=5416, stack(0x000000412c400000,0x000000412c500000)]
  0x000002258593b800 JavaThread "jar transforms Thread 122" [_thread_blocked, id=7872, stack(0x000000412c500000,0x000000412c600000)]
  0x0000022585937800 JavaThread "jar transforms Thread 123" [_thread_blocked, id=9484, stack(0x000000412c600000,0x000000412c700000)]
  0x0000022585936800 JavaThread "jar transforms Thread 124" [_thread_blocked, id=13532, stack(0x000000412c700000,0x000000412c800000)]
  0x0000022585938800 JavaThread "jar transforms Thread 125" [_thread_blocked, id=6084, stack(0x000000412c800000,0x000000412c900000)]
  0x0000022585aac000 JavaThread "jar transforms Thread 126" [_thread_blocked, id=13184, stack(0x000000412c900000,0x000000412ca00000)]
  0x0000022585aad000 JavaThread "jar transforms Thread 127" [_thread_blocked, id=11164, stack(0x000000412ca00000,0x000000412cb00000)]
  0x0000022585aad800 JavaThread "jar transforms Thread 128" [_thread_blocked, id=764, stack(0x000000412cb00000,0x000000412cc00000)]
  0x0000022585aae800 JavaThread "jar transforms Thread 129" [_thread_blocked, id=8084, stack(0x000000412cc00000,0x000000412cd00000)]
  0x0000022585aaf000 JavaThread "jar transforms Thread 130" [_thread_blocked, id=11580, stack(0x000000412cd00000,0x000000412ce00000)]
  0x0000022585ab0000 JavaThread "jar transforms Thread 131" [_thread_blocked, id=15052, stack(0x000000412ce00000,0x000000412cf00000)]
  0x0000022585ab1000 JavaThread "jar transforms Thread 132" [_thread_blocked, id=13216, stack(0x000000412cf00000,0x000000412d000000)]
  0x0000022585aab000 JavaThread "jar transforms Thread 133" [_thread_blocked, id=4084, stack(0x000000412d000000,0x000000412d100000)]
  0x0000022585ab3800 JavaThread "jar transforms Thread 134" [_thread_blocked, id=13600, stack(0x000000412d100000,0x000000412d200000)]
  0x0000022585ab7800 JavaThread "jar transforms Thread 135" [_thread_blocked, id=12552, stack(0x000000412d200000,0x000000412d300000)]
  0x0000022585ab4000 JavaThread "jar transforms Thread 136" [_thread_blocked, id=8796, stack(0x000000412d300000,0x000000412d400000)]
  0x0000022585ab1800 JavaThread "jar transforms Thread 137" [_thread_blocked, id=10004, stack(0x000000412d400000,0x000000412d500000)]
  0x0000022585ab5000 JavaThread "jar transforms Thread 138" [_thread_blocked, id=8744, stack(0x000000412d500000,0x000000412d600000)]
  0x0000022585ab6000 JavaThread "jar transforms Thread 139" [_thread_blocked, id=2464, stack(0x000000412d600000,0x000000412d700000)]
  0x0000022585ab8000 JavaThread "jar transforms Thread 140" [_thread_blocked, id=7732, stack(0x000000412d700000,0x000000412d800000)]
  0x0000022585ab6800 JavaThread "jar transforms Thread 141" [_thread_blocked, id=4816, stack(0x000000412d800000,0x000000412d900000)]
  0x0000022585ab2800 JavaThread "jar transforms Thread 142" [_thread_blocked, id=3032, stack(0x000000412d900000,0x000000412da00000)]
  0x0000022585ab9000 JavaThread "jar transforms Thread 143" [_thread_blocked, id=6156, stack(0x000000412da00000,0x000000412db00000)]
  0x0000022585aba000 JavaThread "jar transforms Thread 144" [_thread_blocked, id=10308, stack(0x000000412db00000,0x000000412dc00000)]
  0x000002258cbb7000 JavaThread "jar transforms Thread 145" [_thread_blocked, id=12972, stack(0x000000412dc00000,0x000000412dd00000)]
  0x000002258cbb4800 JavaThread "jar transforms Thread 146" [_thread_blocked, id=14180, stack(0x000000412dd00000,0x000000412de00000)]
  0x000002258cbb3800 JavaThread "jar transforms Thread 147" [_thread_blocked, id=10156, stack(0x000000412de00000,0x000000412df00000)]
  0x000002258cbb5000 JavaThread "jar transforms Thread 148" [_thread_blocked, id=13728, stack(0x000000412df00000,0x000000412e000000)]
  0x000002258cbb1000 JavaThread "jar transforms Thread 149" [_thread_blocked, id=13684, stack(0x000000412e000000,0x000000412e100000)]
  0x000002258cbb6000 JavaThread "jar transforms Thread 150" [_thread_blocked, id=11248, stack(0x000000412e100000,0x000000412e200000)]
  0x000002258cbb7800 JavaThread "jar transforms Thread 151" [_thread_blocked, id=12512, stack(0x000000412e200000,0x000000412e300000)]
  0x000002258cbb2000 JavaThread "jar transforms Thread 152" [_thread_blocked, id=9952, stack(0x000000412e300000,0x000000412e400000)]
  0x000002258cbb8800 JavaThread "jar transforms Thread 153" [_thread_blocked, id=1408, stack(0x000000412e400000,0x000000412e500000)]
  0x000002258cbb2800 JavaThread "jar transforms Thread 154" [_thread_blocked, id=4024, stack(0x000000412e500000,0x000000412e600000)]
  0x000002258cbbc800 JavaThread "jar transforms Thread 155" [_thread_blocked, id=12776, stack(0x000000412e600000,0x000000412e700000)]
  0x000002258cbbd800 JavaThread "jar transforms Thread 156" [_thread_blocked, id=6236, stack(0x000000412e700000,0x000000412e800000)]
  0x000002258cbbb800 JavaThread "jar transforms Thread 157" [_thread_blocked, id=13256, stack(0x000000412e800000,0x000000412e900000)]
  0x000002258cbbe000 JavaThread "jar transforms Thread 158" [_thread_blocked, id=5532, stack(0x000000412e900000,0x000000412ea00000)]
  0x000002258cbba000 JavaThread "jar transforms Thread 159" [_thread_blocked, id=14056, stack(0x000000412ea00000,0x000000412eb00000)]
  0x000002258cbbf000 JavaThread "jar transforms Thread 160" [_thread_blocked, id=13384, stack(0x000000412eb00000,0x000000412ec00000)]
  0x000002258cbb9000 JavaThread "jar transforms Thread 161" [_thread_blocked, id=12940, stack(0x000000412ec00000,0x000000412ed00000)]
  0x000002258cbbb000 JavaThread "jar transforms Thread 162" [_thread_blocked, id=11244, stack(0x000000412ed00000,0x000000412ee00000)]
  0x000002258cbc0000 JavaThread "jar transforms Thread 163" [_thread_blocked, id=15048, stack(0x000000412ee00000,0x000000412ef00000)]
  0x0000022588a70800 JavaThread "jar transforms Thread 164" [_thread_blocked, id=9372, stack(0x000000412ef00000,0x000000412f000000)]
  0x0000022588a72800 JavaThread "jar transforms Thread 165" [_thread_blocked, id=10900, stack(0x000000412f000000,0x000000412f100000)]
  0x0000022588a73800 JavaThread "jar transforms Thread 166" [_thread_blocked, id=6152, stack(0x000000412f100000,0x000000412f200000)]
  0x0000022588a77000 JavaThread "jar transforms Thread 167" [_thread_blocked, id=1032, stack(0x000000412f200000,0x000000412f300000)]
  0x0000022588a74800 JavaThread "jar transforms Thread 168" [_thread_blocked, id=9692, stack(0x000000412f300000,0x000000412f400000)]
  0x0000022588a75000 JavaThread "jar transforms Thread 169" [_thread_blocked, id=5432, stack(0x000000412f400000,0x000000412f500000)]
  0x0000022588a76000 JavaThread "jar transforms Thread 170" [_thread_blocked, id=15072, stack(0x000000412f500000,0x000000412f600000)]
  0x0000022588a71000 JavaThread "jar transforms Thread 171" [_thread_blocked, id=4220, stack(0x000000412f600000,0x000000412f700000)]
  0x0000022588a77800 JavaThread "jar transforms Thread 172" [_thread_blocked, id=2544, stack(0x000000412f700000,0x000000412f800000)]
  0x0000022588a72000 JavaThread "jar transforms Thread 173" [_thread_blocked, id=10000, stack(0x000000412f800000,0x000000412f900000)]
  0x0000022588a7b800 JavaThread "jar transforms Thread 174" [_thread_blocked, id=13272, stack(0x000000412f900000,0x000000412fa00000)]
  0x0000022588a7b000 JavaThread "jar transforms Thread 175" [_thread_blocked, id=14308, stack(0x000000412fa00000,0x000000412fb00000)]
  0x0000022588a79800 JavaThread "jar transforms Thread 176" [_thread_blocked, id=2800, stack(0x000000412fb00000,0x000000412fc00000)]
  0x0000022588a7c800 JavaThread "jar transforms Thread 177" [_thread_blocked, id=7232, stack(0x000000412fc00000,0x000000412fd00000)]
  0x0000022588a7a000 JavaThread "jar transforms Thread 178" [_thread_blocked, id=748, stack(0x000000412fd00000,0x000000412fe00000)]
  0x0000022588a7d800 JavaThread "jar transforms Thread 179" [_thread_blocked, id=10332, stack(0x000000412fe00000,0x000000412ff00000)]
  0x0000022588a7e000 JavaThread "jar transforms Thread 180" [_thread_blocked, id=8952, stack(0x000000412ff00000,0x0000004130000000)]
  0x0000022588a78800 JavaThread "jar transforms Thread 181" [_thread_blocked, id=8716, stack(0x0000004130000000,0x0000004130100000)]
  0x0000022588a7f000 JavaThread "jar transforms Thread 182" [_thread_blocked, id=7412, stack(0x0000004130100000,0x0000004130200000)]
  0x0000022586548000 JavaThread "jar transforms Thread 183" [_thread_blocked, id=12136, stack(0x0000004130200000,0x0000004130300000)]
  0x000002258654a000 JavaThread "jar transforms Thread 184" [_thread_blocked, id=9264, stack(0x0000004130300000,0x0000004130400000)]
  0x000002258654b000 JavaThread "jar transforms Thread 185" [_thread_blocked, id=14904, stack(0x0000004130400000,0x0000004130500000)]
  0x000002258654e800 JavaThread "jar transforms Thread 186" [_thread_blocked, id=6660, stack(0x0000004130500000,0x0000004130600000)]
  0x000002258654c800 JavaThread "jar transforms Thread 187" [_thread_blocked, id=6260, stack(0x0000004130600000,0x0000004130700000)]
  0x000002258654c000 JavaThread "jar transforms Thread 188" [_thread_blocked, id=10788, stack(0x0000004130700000,0x0000004130800000)]
  0x0000022586548800 JavaThread "jar transforms Thread 189" [_thread_blocked, id=5744, stack(0x0000004130800000,0x0000004130900000)]
  0x000002258654d800 JavaThread "jar transforms Thread 190" [_thread_blocked, id=9376, stack(0x0000004130900000,0x0000004130a00000)]
  0x000002258654f000 JavaThread "jar transforms Thread 191" [_thread_blocked, id=12384, stack(0x0000004130a00000,0x0000004130b00000)]
  0x0000022586549800 JavaThread "jar transforms Thread 192" [_thread_blocked, id=14356, stack(0x0000004130b00000,0x0000004130c00000)]
  0x0000022586550000 JavaThread "jar transforms Thread 193" [_thread_blocked, id=7368, stack(0x0000004130c00000,0x0000004130d00000)]
  0x0000022586550800 JavaThread "jar transforms Thread 194" [_thread_blocked, id=6892, stack(0x0000004130d00000,0x0000004130e00000)]
  0x0000022586554000 JavaThread "jar transforms Thread 195" [_thread_blocked, id=12604, stack(0x0000004130e00000,0x0000004130f00000)]
  0x0000022586553000 JavaThread "jar transforms Thread 196" [_thread_blocked, id=9144, stack(0x0000004130f00000,0x0000004131000000)]
  0x0000022586556800 JavaThread "jar transforms Thread 197" [_thread_blocked, id=6564, stack(0x0000004131000000,0x0000004131100000)]
  0x0000022586551800 JavaThread "jar transforms Thread 198" [_thread_blocked, id=8496, stack(0x0000004131100000,0x0000004131200000)]
  0x0000022586552800 JavaThread "build event listener" [_thread_blocked, id=2356, stack(0x0000004131300000,0x0000004131400000)]
  0x0000022586555000 JavaThread "build event listener" [_thread_blocked, id=1400, stack(0x0000004131400000,0x0000004131500000)]
  0x0000022586555800 JavaThread "Execution worker for ':'" [_thread_blocked, id=7644, stack(0x0000004131500000,0x0000004131600000)]
  0x0000022588b65000 JavaThread "Execution worker for ':' Thread 2" [_thread_blocked, id=10656, stack(0x0000004131600000,0x0000004131700000)]
  0x0000022588b61000 JavaThread "Execution worker for ':' Thread 3" [_thread_in_native, id=8488, stack(0x0000004131700000,0x0000004131800000)]
  0x0000022588b62000 JavaThread "Cache worker for execution history cache (E:\K7_MaNguonMo\1_BaiTapLon\Nhom14_AppBanSachTrenNenTangAndroid\.gradle\6.7.1\executionHistory)" [_thread_blocked, id=8580, stack(0x0000004131800000,0x0000004131900000)]
  0x0000022588b60000 JavaThread "Cache worker for Java compile cache (C:\Users\VuThiLanh\.gradle\caches\6.7.1\javaCompile)" [_thread_blocked, id=13084, stack(0x0000004131900000,0x0000004131a00000)]
  0x0000022588b62800 JavaThread "Cache worker for Java compile cache (E:\K7_MaNguonMo\1_BaiTapLon\Nhom14_AppBanSachTrenNenTangAndroid\.gradle\6.7.1\javaCompile)" [_thread_blocked, id=12436, stack(0x0000004131a00000,0x0000004131b00000)]

Other Threads:
  0x00000225fff3f800 VMThread "VM Thread" [stack: 0x0000004128700000,0x0000004128800000] [id=11592]
  0x0000022584a3a000 WatcherThread [stack: 0x0000004129100000,0x0000004129200000] [id=13892]
  0x00000225e9df4800 GCTaskThread "GC Thread#0" [stack: 0x0000004128200000,0x0000004128300000] [id=9720]
  0x000002258525b800 GCTaskThread "GC Thread#1" [stack: 0x0000004129200000,0x0000004129300000] [id=14732]
  0x0000022585ec7800 GCTaskThread "GC Thread#2" [stack: 0x0000004129400000,0x0000004129500000] [id=6756]
  0x0000022585e07800 GCTaskThread "GC Thread#3" [stack: 0x0000004129500000,0x0000004129600000] [id=12844]
  0x00000225e9e24000 ConcurrentGCThread "G1 Main Marker" [stack: 0x0000004128300000,0x0000004128400000] [id=9312]
  0x00000225e9e27000 ConcurrentGCThread "G1 Conc#0" [stack: 0x0000004128400000,0x0000004128500000] [id=776]
  0x00000225e9e7e000 ConcurrentGCThread "G1 Refine#0" [stack: 0x0000004128500000,0x0000004128600000] [id=10204]
  0x0000022586fab800 ConcurrentGCThread "G1 Refine#1" [stack: 0x0000004127e00000,0x0000004127f00000] [id=3892]
  0x00000225896c2800 ConcurrentGCThread "G1 Refine#2" [stack: 0x0000004127f00000,0x0000004128000000] [id=2884]
  0x000002258b070800 ConcurrentGCThread "G1 Refine#3" [stack: 0x0000004128000000,0x0000004128100000] [id=12808]
  0x00000225e9e7f000 ConcurrentGCThread "G1 Young RemSet Sampling" [stack: 0x0000004128600000,0x0000004128700000] [id=14300]

Threads with active compile tasks:
C2 CompilerThread0 122624 12652   !   4       java.nio.file.FileTreeWalker::next (144 bytes)

VM state:not at safepoint (normal execution)

VM Mutex/Monitor currently owned by a thread: None

Heap address: 0x0000000080000000, size: 2048 MB, Compressed Oops mode: 32-bit
Narrow klass base: 0x0000000000000000, Narrow klass shift: 3
Compressed class space size: 1073741824 Address: 0x0000000100000000

Heap:
 garbage-first heap   total 236544K, used 130799K [0x0000000080000000, 0x0000000100000000)
  region size 1024K, 20 young (20480K), 7 survivors (7168K)
 Metaspace       used 105920K, capacity 108733K, committed 108876K, reserved 1144832K
  class space    used 13421K, capacity 14343K, committed 14464K, reserved 1048576K
Heap Regions: E=young(eden), S=young(survivor), O=old, HS=humongous(starts), HC=humongous(continues), CS=collection set, F=free, A=archive, TAMS=top-at-mark-start (previous, next)
|   0|0x0000000080000000, 0x0000000080100000, 0x0000000080100000|100%| O|  |TAMS 0x0000000080100000, 0x0000000080000000| Untracked 
|   1|0x0000000080100000, 0x0000000080200000, 0x0000000080200000|100%| O|  |TAMS 0x0000000080200000, 0x0000000080100000| Untracked 
|   2|0x0000000080200000, 0x0000000080300000, 0x0000000080300000|100%| O|  |TAMS 0x0000000080300000, 0x0000000080200000| Untracked 
|   3|0x0000000080300000, 0x0000000080400000, 0x0000000080400000|100%|HS|  |TAMS 0x0000000080400000, 0x0000000080300000| Complete 
|   4|0x0000000080400000, 0x0000000080500000, 0x0000000080500000|100%|HC|  |TAMS 0x0000000080500000, 0x0000000080400000| Complete 
|   5|0x0000000080500000, 0x0000000080600000, 0x0000000080600000|100%|HC|  |TAMS 0x0000000080600000, 0x0000000080500000| Complete 
|   6|0x0000000080600000, 0x0000000080700000, 0x0000000080700000|100%| O|  |TAMS 0x0000000080700000, 0x0000000080600000| Untracked 
|   7|0x0000000080700000, 0x0000000080800000, 0x0000000080800000|100%| O|  |TAMS 0x0000000080800000, 0x0000000080700000| Untracked 
|   8|0x0000000080800000, 0x0000000080900000, 0x0000000080900000|100%| O|  |TAMS 0x0000000080900000, 0x0000000080800000| Untracked 
|   9|0x0000000080900000, 0x0000000080a00000, 0x0000000080a00000|100%| O|  |TAMS 0x0000000080a00000, 0x0000000080900000| Untracked 
|  10|0x0000000080a00000, 0x0000000080b00000, 0x0000000080b00000|100%| O|  |TAMS 0x0000000080b00000, 0x0000000080a00000| Untracked 
|  11|0x0000000080b00000, 0x0000000080c00000, 0x0000000080c00000|100%| O|  |TAMS 0x0000000080c00000, 0x0000000080b00000| Untracked 
|  12|0x0000000080c00000, 0x0000000080d00000, 0x0000000080d00000|100%| O|  |TAMS 0x0000000080d00000, 0x0000000080c00000| Untracked 
|  13|0x0000000080d00000, 0x0000000080e00000, 0x0000000080e00000|100%| O|  |TAMS 0x0000000080e00000, 0x0000000080d00000| Untracked 
|  14|0x0000000080e00000, 0x0000000080f00000, 0x0000000080f00000|100%| O|  |TAMS 0x0000000080f00000, 0x0000000080e00000| Untracked 
|  15|0x0000000080f00000, 0x0000000081000000, 0x0000000081000000|100%|HS|  |TAMS 0x0000000081000000, 0x0000000080f00000| Complete 
|  16|0x0000000081000000, 0x0000000081100000, 0x0000000081100000|100%|HC|  |TAMS 0x0000000081100000, 0x0000000081000000| Complete 
|  17|0x0000000081100000, 0x0000000081200000, 0x0000000081200000|100%| O|  |TAMS 0x0000000081200000, 0x0000000081100000| Untracked 
|  18|0x0000000081200000, 0x0000000081300000, 0x0000000081300000|100%|HS|  |TAMS 0x0000000081300000, 0x0000000081200000| Complete 
|  19|0x0000000081300000, 0x0000000081400000, 0x0000000081400000|100%|HC|  |TAMS 0x0000000081400000, 0x0000000081300000| Complete 
|  20|0x0000000081400000, 0x0000000081500000, 0x0000000081500000|100%|HC|  |TAMS 0x0000000081500000, 0x0000000081400000| Complete 
|  21|0x0000000081500000, 0x0000000081600000, 0x0000000081600000|100%|HS|  |TAMS 0x0000000081600000, 0x0000000081500000| Complete 
|  22|0x0000000081600000, 0x0000000081700000, 0x0000000081700000|100%|HC|  |TAMS 0x0000000081700000, 0x0000000081600000| Complete 
|  23|0x0000000081700000, 0x0000000081800000, 0x0000000081800000|100%|HC|  |TAMS 0x0000000081800000, 0x0000000081700000| Complete 
|  24|0x0000000081800000, 0x0000000081900000, 0x0000000081900000|100%|HC|  |TAMS 0x0000000081900000, 0x0000000081800000| Complete 
|  25|0x0000000081900000, 0x0000000081a00000, 0x0000000081a00000|100%| O|  |TAMS 0x0000000081a00000, 0x0000000081900000| Untracked 
|  26|0x0000000081a00000, 0x0000000081b00000, 0x0000000081b00000|100%| O|  |TAMS 0x0000000081b00000, 0x0000000081a00000| Untracked 
|  27|0x0000000081b00000, 0x0000000081c00000, 0x0000000081c00000|100%| O|  |TAMS 0x0000000081c00000, 0x0000000081b00000| Untracked 
|  28|0x0000000081c00000, 0x0000000081d00000, 0x0000000081d00000|100%| O|  |TAMS 0x0000000081d00000, 0x0000000081c00000| Untracked 
|  29|0x0000000081d00000, 0x0000000081e00000, 0x0000000081e00000|100%| O|  |TAMS 0x0000000081e00000, 0x0000000081d00000| Untracked 
|  30|0x0000000081e00000, 0x0000000081f00000, 0x0000000081f00000|100%| O|  |TAMS 0x0000000081f00000, 0x0000000081e00000| Untracked 
|  31|0x0000000081f00000, 0x0000000082000000, 0x0000000082000000|100%| O|  |TAMS 0x0000000082000000, 0x0000000081f00000| Untracked 
|  32|0x0000000082000000, 0x0000000082100000, 0x0000000082100000|100%| O|  |TAMS 0x0000000082100000, 0x0000000082000000| Untracked 
|  33|0x0000000082100000, 0x0000000082200000, 0x0000000082200000|100%| O|  |TAMS 0x0000000082200000, 0x0000000082100000| Untracked 
|  34|0x0000000082200000, 0x0000000082300000, 0x0000000082300000|100%| O|  |TAMS 0x0000000082300000, 0x0000000082200000| Untracked 
|  35|0x0000000082300000, 0x0000000082400000, 0x0000000082400000|100%| O|  |TAMS 0x0000000082400000, 0x0000000082300000| Untracked 
|  36|0x0000000082400000, 0x0000000082500000, 0x0000000082500000|100%| O|  |TAMS 0x0000000082500000, 0x0000000082400000| Untracked 
|  37|0x0000000082500000, 0x0000000082600000, 0x0000000082600000|100%|HS|  |TAMS 0x0000000082600000, 0x0000000082500000| Complete 
|  38|0x0000000082600000, 0x0000000082700000, 0x0000000082700000|100%|HC|  |TAMS 0x0000000082700000, 0x0000000082600000| Complete 
|  39|0x0000000082700000, 0x0000000082800000, 0x0000000082800000|100%|HC|  |TAMS 0x0000000082800000, 0x0000000082700000| Complete 
|  40|0x0000000082800000, 0x0000000082900000, 0x0000000082900000|100%|HC|  |TAMS 0x0000000082900000, 0x0000000082800000| Complete 
|  41|0x0000000082900000, 0x0000000082a00000, 0x0000000082a00000|100%|HS|  |TAMS 0x0000000082a00000, 0x0000000082900000| Complete 
|  42|0x0000000082a00000, 0x0000000082b00000, 0x0000000082b00000|100%|HC|  |TAMS 0x0000000082b00000, 0x0000000082a00000| Complete 
|  43|0x0000000082b00000, 0x0000000082c00000, 0x0000000082c00000|100%|HC|  |TAMS 0x0000000082c00000, 0x0000000082b00000| Complete 
|  44|0x0000000082c00000, 0x0000000082d00000, 0x0000000082d00000|100%| O|  |TAMS 0x0000000082d00000, 0x0000000082c00000| Untracked 
|  45|0x0000000082d00000, 0x0000000082e00000, 0x0000000082e00000|100%| O|  |TAMS 0x0000000082e00000, 0x0000000082d00000| Untracked 
|  46|0x0000000082e00000, 0x0000000082f00000, 0x0000000082f00000|100%| O|  |TAMS 0x0000000082f00000, 0x0000000082e00000| Untracked 
|  47|0x0000000082f00000, 0x0000000083000000, 0x0000000083000000|100%| O|  |TAMS 0x0000000083000000, 0x0000000082f00000| Untracked 
|  48|0x0000000083000000, 0x0000000083100000, 0x0000000083100000|100%| O|  |TAMS 0x0000000083100000, 0x0000000083000000| Untracked 
|  49|0x0000000083100000, 0x0000000083200000, 0x0000000083200000|100%| O|  |TAMS 0x0000000083200000, 0x0000000083100000| Untracked 
|  50|0x0000000083200000, 0x0000000083300000, 0x0000000083300000|100%|HS|  |TAMS 0x0000000083300000, 0x0000000083200000| Complete 
|  51|0x0000000083300000, 0x0000000083400000, 0x0000000083400000|100%| O|  |TAMS 0x0000000083400000, 0x0000000083300000| Untracked 
|  52|0x0000000083400000, 0x0000000083500000, 0x0000000083500000|100%| O|  |TAMS 0x0000000083500000, 0x0000000083400000| Untracked 
|  53|0x0000000083500000, 0x0000000083600000, 0x0000000083600000|100%| O|  |TAMS 0x0000000083600000, 0x0000000083500000| Untracked 
|  54|0x0000000083600000, 0x0000000083700000, 0x0000000083700000|100%|HS|  |TAMS 0x0000000083700000, 0x0000000083600000| Complete 
|  55|0x0000000083700000, 0x0000000083800000, 0x0000000083800000|100%|HC|  |TAMS 0x0000000083800000, 0x0000000083700000| Complete 
|  56|0x0000000083800000, 0x0000000083900000, 0x0000000083900000|100%| O|  |TAMS 0x0000000083900000, 0x0000000083800000| Untracked 
|  57|0x0000000083900000, 0x0000000083a00000, 0x0000000083a00000|100%| O|  |TAMS 0x0000000083a00000, 0x0000000083900000| Untracked 
|  58|0x0000000083a00000, 0x0000000083b00000, 0x0000000083b00000|100%| O|  |TAMS 0x0000000083b00000, 0x0000000083a00000| Untracked 
|  59|0x0000000083b00000, 0x0000000083c00000, 0x0000000083c00000|100%| O|  |TAMS 0x0000000083c00000, 0x0000000083b00000| Untracked 
|  60|0x0000000083c00000, 0x0000000083d00000, 0x0000000083d00000|100%| O|  |TAMS 0x0000000083d00000, 0x0000000083c00000| Untracked 
|  61|0x0000000083d00000, 0x0000000083e00000, 0x0000000083e00000|100%| O|  |TAMS 0x0000000083e00000, 0x0000000083d00000| Untracked 
|  62|0x0000000083e00000, 0x0000000083f00000, 0x0000000083f00000|100%| O|  |TAMS 0x0000000083f00000, 0x0000000083e00000| Untracked 
|  63|0x0000000083f00000, 0x0000000084000000, 0x0000000084000000|100%| O|  |TAMS 0x0000000084000000, 0x0000000083f00000| Untracked 
|  64|0x0000000084000000, 0x0000000084100000, 0x0000000084100000|100%| O|  |TAMS 0x0000000084100000, 0x0000000084000000| Untracked 
|  65|0x0000000084100000, 0x0000000084200000, 0x0000000084200000|100%| O|  |TAMS 0x0000000084200000, 0x0000000084100000| Untracked 
|  66|0x0000000084200000, 0x0000000084300000, 0x0000000084300000|100%| O|  |TAMS 0x0000000084300000, 0x0000000084200000| Untracked 
|  67|0x0000000084300000, 0x0000000084400000, 0x0000000084400000|100%| O|  |TAMS 0x0000000084400000, 0x0000000084300000| Untracked 
|  68|0x0000000084400000, 0x0000000084500000, 0x0000000084500000|100%| O|  |TAMS 0x0000000084500000, 0x0000000084400000| Untracked 
|  69|0x0000000084500000, 0x0000000084600000, 0x0000000084600000|100%| O|  |TAMS 0x0000000084600000, 0x0000000084500000| Untracked 
|  70|0x0000000084600000, 0x0000000084700000, 0x0000000084700000|100%| O|  |TAMS 0x0000000084700000, 0x0000000084600000| Untracked 
|  71|0x0000000084700000, 0x0000000084800000, 0x0000000084800000|100%| O|  |TAMS 0x0000000084800000, 0x0000000084700000| Untracked 
|  72|0x0000000084800000, 0x0000000084900000, 0x0000000084900000|100%| O|  |TAMS 0x0000000084900000, 0x0000000084800000| Untracked 
|  73|0x0000000084900000, 0x0000000084a00000, 0x0000000084a00000|100%| O|  |TAMS 0x0000000084a00000, 0x0000000084900000| Untracked 
|  74|0x0000000084a00000, 0x0000000084b00000, 0x0000000084b00000|100%| O|  |TAMS 0x0000000084b00000, 0x0000000084a00000| Untracked 
|  75|0x0000000084b00000, 0x0000000084c00000, 0x0000000084c00000|100%| O|  |TAMS 0x0000000084c00000, 0x0000000084b00000| Untracked 
|  76|0x0000000084c00000, 0x0000000084d00000, 0x0000000084d00000|100%| O|  |TAMS 0x0000000084d00000, 0x0000000084c00000| Untracked 
|  77|0x0000000084d00000, 0x0000000084e00000, 0x0000000084e00000|100%| O|  |TAMS 0x0000000084e00000, 0x0000000084d00000| Untracked 
|  78|0x0000000084e00000, 0x0000000084f00000, 0x0000000084f00000|100%| O|  |TAMS 0x0000000084f00000, 0x0000000084e00000| Untracked 
|  79|0x0000000084f00000, 0x0000000085000000, 0x0000000085000000|100%| O|  |TAMS 0x0000000085000000, 0x0000000084f00000| Untracked 
|  80|0x0000000085000000, 0x0000000085100000, 0x0000000085100000|100%| O|  |TAMS 0x0000000085100000, 0x0000000085000000| Untracked 
|  81|0x0000000085100000, 0x0000000085200000, 0x0000000085200000|100%| O|  |TAMS 0x0000000085200000, 0x0000000085100000| Untracked 
|  82|0x0000000085200000, 0x0000000085300000, 0x0000000085300000|100%| O|  |TAMS 0x0000000085300000, 0x0000000085200000| Untracked 
|  83|0x0000000085300000, 0x0000000085400000, 0x0000000085400000|100%| O|  |TAMS 0x0000000085400000, 0x0000000085300000| Untracked 
|  84|0x0000000085400000, 0x0000000085500000, 0x0000000085500000|100%| O|  |TAMS 0x0000000085500000, 0x0000000085400000| Untracked 
|  85|0x0000000085500000, 0x0000000085600000, 0x0000000085600000|100%| O|  |TAMS 0x0000000085600000, 0x0000000085500000| Untracked 
|  86|0x0000000085600000, 0x0000000085700000, 0x0000000085700000|100%| O|  |TAMS 0x0000000085700000, 0x0000000085600000| Untracked 
|  87|0x0000000085700000, 0x0000000085800000, 0x0000000085800000|100%| O|  |TAMS 0x0000000085800000, 0x0000000085700000| Untracked 
|  88|0x0000000085800000, 0x0000000085900000, 0x0000000085900000|100%| O|  |TAMS 0x0000000085900000, 0x0000000085800000| Untracked 
|  89|0x0000000085900000, 0x0000000085a00000, 0x0000000085a00000|100%| O|  |TAMS 0x0000000085a00000, 0x0000000085900000| Untracked 
|  90|0x0000000085a00000, 0x0000000085b00000, 0x0000000085b00000|100%| O|  |TAMS 0x0000000085b00000, 0x0000000085a00000| Untracked 
|  91|0x0000000085b00000, 0x0000000085c00000, 0x0000000085c00000|100%| O|  |TAMS 0x0000000085c00000, 0x0000000085b00000| Untracked 
|  92|0x0000000085c00000, 0x0000000085d00000, 0x0000000085d00000|100%| O|  |TAMS 0x0000000085d00000, 0x0000000085c00000| Untracked 
|  93|0x0000000085d00000, 0x0000000085e00000, 0x0000000085e00000|100%| O|  |TAMS 0x0000000085e00000, 0x0000000085d00000| Untracked 
|  94|0x0000000085e00000, 0x0000000085f00000, 0x0000000085f00000|100%| O|  |TAMS 0x0000000085f00000, 0x0000000085e00000| Untracked 
|  95|0x0000000085f00000, 0x0000000086000000, 0x0000000086000000|100%| O|  |TAMS 0x0000000086000000, 0x0000000085f00000| Untracked 
|  96|0x0000000086000000, 0x0000000086100000, 0x0000000086100000|100%| O|  |TAMS 0x0000000086100000, 0x0000000086000000| Untracked 
|  97|0x0000000086100000, 0x0000000086200000, 0x0000000086200000|100%| O|  |TAMS 0x0000000086200000, 0x0000000086100000| Untracked 
|  98|0x0000000086200000, 0x0000000086300000, 0x0000000086300000|100%| O|  |TAMS 0x0000000086300000, 0x0000000086200000| Untracked 
|  99|0x0000000086300000, 0x0000000086400000, 0x0000000086400000|100%| O|  |TAMS 0x0000000086400000, 0x0000000086300000| Untracked 
| 100|0x0000000086400000, 0x0000000086500000, 0x0000000086500000|100%| O|  |TAMS 0x0000000086500000, 0x0000000086400000| Untracked 
| 101|0x0000000086500000, 0x0000000086600000, 0x0000000086600000|100%| O|  |TAMS 0x0000000086600000, 0x0000000086500000| Untracked 
| 102|0x0000000086600000, 0x0000000086700000, 0x0000000086700000|100%| O|  |TAMS 0x0000000086700000, 0x0000000086600000| Untracked 
| 103|0x0000000086700000, 0x0000000086800000, 0x0000000086800000|100%| O|  |TAMS 0x0000000086800000, 0x0000000086700000| Untracked 
| 104|0x0000000086800000, 0x0000000086900000, 0x0000000086900000|100%| O|  |TAMS 0x0000000086900000, 0x0000000086800000| Untracked 
| 105|0x0000000086900000, 0x0000000086a00000, 0x0000000086a00000|100%| O|  |TAMS 0x0000000086a00000, 0x0000000086900000| Untracked 
| 106|0x0000000086a00000, 0x0000000086b00000, 0x0000000086b00000|100%| O|  |TAMS 0x0000000086b00000, 0x0000000086a00000| Untracked 
| 107|0x0000000086b00000, 0x0000000086c00000, 0x0000000086c00000|100%| O|  |TAMS 0x0000000086c00000, 0x0000000086b00000| Untracked 
| 108|0x0000000086c00000, 0x0000000086c59800, 0x0000000086d00000| 34%| O|  |TAMS 0x0000000086c59800, 0x0000000086c00000| Untracked 
| 109|0x0000000086d00000, 0x0000000086e00000, 0x0000000086e00000|100%|HS|  |TAMS 0x0000000086d00000, 0x0000000086d00000| Complete 
| 110|0x0000000086e00000, 0x0000000086f00000, 0x0000000086f00000|100%|HC|  |TAMS 0x0000000086e00000, 0x0000000086e00000| Complete 
| 111|0x0000000086f00000, 0x0000000086f00000, 0x0000000087000000|  0%| F|  |TAMS 0x0000000086f00000, 0x0000000086f00000| Untracked 
| 112|0x0000000087000000, 0x0000000087000000, 0x0000000087100000|  0%| F|  |TAMS 0x0000000087000000, 0x0000000087000000| Untracked 
| 113|0x0000000087100000, 0x0000000087100000, 0x0000000087200000|  0%| F|  |TAMS 0x0000000087100000, 0x0000000087100000| Untracked 
| 114|0x0000000087200000, 0x0000000087200000, 0x0000000087300000|  0%| F|  |TAMS 0x0000000087200000, 0x0000000087200000| Untracked 
| 115|0x0000000087300000, 0x0000000087300000, 0x0000000087400000|  0%| F|  |TAMS 0x0000000087300000, 0x0000000087300000| Untracked 
| 116|0x0000000087400000, 0x0000000087400000, 0x0000000087500000|  0%| F|  |TAMS 0x0000000087400000, 0x0000000087400000| Untracked 
| 117|0x0000000087500000, 0x0000000087500000, 0x0000000087600000|  0%| F|  |TAMS 0x0000000087500000, 0x0000000087500000| Untracked 
| 118|0x0000000087600000, 0x0000000087600000, 0x0000000087700000|  0%| F|  |TAMS 0x0000000087600000, 0x0000000087600000| Untracked 
| 119|0x0000000087700000, 0x0000000087700000, 0x0000000087800000|  0%| F|  |TAMS 0x0000000087700000, 0x0000000087700000| Untracked 
| 120|0x0000000087800000, 0x0000000087800000, 0x0000000087900000|  0%| F|  |TAMS 0x0000000087800000, 0x0000000087800000| Untracked 
| 121|0x0000000087900000, 0x0000000087900000, 0x0000000087a00000|  0%| F|  |TAMS 0x0000000087900000, 0x0000000087900000| Untracked 
| 122|0x0000000087a00000, 0x0000000087a00000, 0x0000000087b00000|  0%| F|  |TAMS 0x0000000087a00000, 0x0000000087a00000| Untracked 
| 123|0x0000000087b00000, 0x0000000087b00000, 0x0000000087c00000|  0%| F|  |TAMS 0x0000000087b00000, 0x0000000087b00000| Untracked 
| 124|0x0000000087c00000, 0x0000000087c00000, 0x0000000087d00000|  0%| F|  |TAMS 0x0000000087c00000, 0x0000000087c00000| Untracked 
| 125|0x0000000087d00000, 0x0000000087d00000, 0x0000000087e00000|  0%| F|  |TAMS 0x0000000087d00000, 0x0000000087d00000| Untracked 
| 126|0x0000000087e00000, 0x0000000087e00000, 0x0000000087f00000|  0%| F|  |TAMS 0x0000000087e00000, 0x0000000087e00000| Untracked 
| 127|0x0000000087f00000, 0x0000000087f00000, 0x0000000088000000|  0%| F|  |TAMS 0x0000000087f00000, 0x0000000087f00000| Untracked 
| 128|0x0000000088000000, 0x0000000088000000, 0x0000000088100000|  0%| F|  |TAMS 0x0000000088000000, 0x0000000088000000| Untracked 
| 129|0x0000000088100000, 0x0000000088100000, 0x0000000088200000|  0%| F|  |TAMS 0x0000000088100000, 0x0000000088100000| Untracked 
| 130|0x0000000088200000, 0x0000000088200000, 0x0000000088300000|  0%| F|  |TAMS 0x0000000088200000, 0x0000000088200000| Untracked 
| 131|0x0000000088300000, 0x0000000088300000, 0x0000000088400000|  0%| F|  |TAMS 0x0000000088300000, 0x0000000088300000| Untracked 
| 132|0x0000000088400000, 0x0000000088400000, 0x0000000088500000|  0%| F|  |TAMS 0x0000000088400000, 0x0000000088400000| Untracked 
| 133|0x0000000088500000, 0x0000000088500000, 0x0000000088600000|  0%| F|  |TAMS 0x0000000088500000, 0x0000000088500000| Untracked 
| 134|0x0000000088600000, 0x0000000088600000, 0x0000000088700000|  0%| F|  |TAMS 0x0000000088600000, 0x0000000088600000| Untracked 
| 135|0x0000000088700000, 0x0000000088700000, 0x0000000088800000|  0%| F|  |TAMS 0x0000000088700000, 0x0000000088700000| Untracked 
| 136|0x0000000088800000, 0x0000000088800000, 0x0000000088900000|  0%| F|  |TAMS 0x0000000088800000, 0x0000000088800000| Untracked 
| 137|0x0000000088900000, 0x0000000088900000, 0x0000000088a00000|  0%| F|  |TAMS 0x0000000088900000, 0x0000000088900000| Untracked 
| 138|0x0000000088a00000, 0x0000000088a00000, 0x0000000088b00000|  0%| F|  |TAMS 0x0000000088a00000, 0x0000000088a00000| Untracked 
| 139|0x0000000088b00000, 0x0000000088b00000, 0x0000000088c00000|  0%| F|  |TAMS 0x0000000088b00000, 0x0000000088b00000| Untracked 
| 140|0x0000000088c00000, 0x0000000088c00000, 0x0000000088d00000|  0%| F|  |TAMS 0x0000000088c00000, 0x0000000088c00000| Untracked 
| 141|0x0000000088d00000, 0x0000000088d00000, 0x0000000088e00000|  0%| F|  |TAMS 0x0000000088d00000, 0x0000000088d00000| Untracked 
| 142|0x0000000088e00000, 0x0000000088e00000, 0x0000000088f00000|  0%| F|  |TAMS 0x0000000088e00000, 0x0000000088e00000| Untracked 
| 143|0x0000000088f00000, 0x0000000088f00000, 0x0000000089000000|  0%| F|  |TAMS 0x0000000088f00000, 0x0000000088f00000| Untracked 
| 144|0x0000000089000000, 0x0000000089000000, 0x0000000089100000|  0%| F|  |TAMS 0x0000000089000000, 0x0000000089000000| Untracked 
| 145|0x0000000089100000, 0x0000000089100000, 0x0000000089200000|  0%| F|  |TAMS 0x0000000089100000, 0x0000000089100000| Untracked 
| 146|0x0000000089200000, 0x0000000089200000, 0x0000000089300000|  0%| F|  |TAMS 0x0000000089200000, 0x0000000089200000| Untracked 
| 147|0x0000000089300000, 0x0000000089300000, 0x0000000089400000|  0%| F|  |TAMS 0x0000000089300000, 0x0000000089300000| Untracked 
| 148|0x0000000089400000, 0x0000000089400000, 0x0000000089500000|  0%| F|  |TAMS 0x0000000089400000, 0x0000000089400000| Untracked 
| 149|0x0000000089500000, 0x0000000089500000, 0x0000000089600000|  0%| F|  |TAMS 0x0000000089500000, 0x0000000089500000| Untracked 
| 150|0x0000000089600000, 0x0000000089600000, 0x0000000089700000|  0%| F|  |TAMS 0x0000000089600000, 0x0000000089600000| Untracked 
| 151|0x0000000089700000, 0x0000000089700000, 0x0000000089800000|  0%| F|  |TAMS 0x0000000089700000, 0x0000000089700000| Untracked 
| 152|0x0000000089800000, 0x0000000089800000, 0x0000000089900000|  0%| F|  |TAMS 0x0000000089800000, 0x0000000089800000| Untracked 
| 153|0x0000000089900000, 0x0000000089900000, 0x0000000089a00000|  0%| F|  |TAMS 0x0000000089900000, 0x0000000089900000| Untracked 
| 154|0x0000000089a00000, 0x0000000089a00000, 0x0000000089b00000|  0%| F|  |TAMS 0x0000000089a00000, 0x0000000089a00000| Untracked 
| 155|0x0000000089b00000, 0x0000000089b00000, 0x0000000089c00000|  0%| F|  |TAMS 0x0000000089b00000, 0x0000000089b00000| Untracked 
| 156|0x0000000089c00000, 0x0000000089c00000, 0x0000000089d00000|  0%| F|  |TAMS 0x0000000089c00000, 0x0000000089c00000| Untracked 
| 157|0x0000000089d00000, 0x0000000089d00000, 0x0000000089e00000|  0%| F|  |TAMS 0x0000000089d00000, 0x0000000089d00000| Untracked 
| 158|0x0000000089e00000, 0x0000000089e00000, 0x0000000089f00000|  0%| F|  |TAMS 0x0000000089e00000, 0x0000000089e00000| Untracked 
| 159|0x0000000089f00000, 0x0000000089f00000, 0x000000008a000000|  0%| F|  |TAMS 0x0000000089f00000, 0x0000000089f00000| Untracked 
| 160|0x000000008a000000, 0x000000008a000000, 0x000000008a100000|  0%| F|  |TAMS 0x000000008a000000, 0x000000008a000000| Untracked 
| 161|0x000000008a100000, 0x000000008a100000, 0x000000008a200000|  0%| F|  |TAMS 0x000000008a100000, 0x000000008a100000| Untracked 
| 162|0x000000008a200000, 0x000000008a200000, 0x000000008a300000|  0%| F|  |TAMS 0x000000008a200000, 0x000000008a200000| Untracked 
| 163|0x000000008a300000, 0x000000008a300000, 0x000000008a400000|  0%| F|  |TAMS 0x000000008a300000, 0x000000008a300000| Untracked 
| 164|0x000000008a400000, 0x000000008a400000, 0x000000008a500000|  0%| F|  |TAMS 0x000000008a400000, 0x000000008a400000| Untracked 
| 165|0x000000008a500000, 0x000000008a500000, 0x000000008a600000|  0%| F|  |TAMS 0x000000008a500000, 0x000000008a500000| Untracked 
| 166|0x000000008a600000, 0x000000008a600000, 0x000000008a700000|  0%| F|  |TAMS 0x000000008a600000, 0x000000008a600000| Untracked 
| 167|0x000000008a700000, 0x000000008a700000, 0x000000008a800000|  0%| F|  |TAMS 0x000000008a700000, 0x000000008a700000| Untracked 
| 168|0x000000008a800000, 0x000000008a800000, 0x000000008a900000|  0%| F|  |TAMS 0x000000008a800000, 0x000000008a800000| Untracked 
| 169|0x000000008a900000, 0x000000008a900000, 0x000000008aa00000|  0%| F|  |TAMS 0x000000008a900000, 0x000000008a900000| Untracked 
| 170|0x000000008aa00000, 0x000000008aa00000, 0x000000008ab00000|  0%| F|  |TAMS 0x000000008aa00000, 0x000000008aa00000| Untracked 
| 171|0x000000008ab00000, 0x000000008ab00000, 0x000000008ac00000|  0%| F|  |TAMS 0x000000008ab00000, 0x000000008ab00000| Untracked 
| 172|0x000000008ac00000, 0x000000008ac00000, 0x000000008ad00000|  0%| F|  |TAMS 0x000000008ac00000, 0x000000008ac00000| Untracked 
| 173|0x000000008ad00000, 0x000000008ad00000, 0x000000008ae00000|  0%| F|  |TAMS 0x000000008ad00000, 0x000000008ad00000| Untracked 
| 174|0x000000008ae00000, 0x000000008ae00000, 0x000000008af00000|  0%| F|  |TAMS 0x000000008ae00000, 0x000000008ae00000| Untracked 
| 175|0x000000008af00000, 0x000000008af00000, 0x000000008b000000|  0%| F|  |TAMS 0x000000008af00000, 0x000000008af00000| Untracked 
| 176|0x000000008b000000, 0x000000008b000000, 0x000000008b100000|  0%| F|  |TAMS 0x000000008b000000, 0x000000008b000000| Untracked 
| 177|0x000000008b100000, 0x000000008b100000, 0x000000008b200000|  0%| F|  |TAMS 0x000000008b100000, 0x000000008b100000| Untracked 
| 178|0x000000008b200000, 0x000000008b200000, 0x000000008b300000|  0%| F|  |TAMS 0x000000008b200000, 0x000000008b200000| Untracked 
| 179|0x000000008b300000, 0x000000008b300000, 0x000000008b400000|  0%| F|  |TAMS 0x000000008b300000, 0x000000008b300000| Untracked 
| 180|0x000000008b400000, 0x000000008b400000, 0x000000008b500000|  0%| F|  |TAMS 0x000000008b400000, 0x000000008b400000| Untracked 
| 181|0x000000008b500000, 0x000000008b500000, 0x000000008b600000|  0%| F|  |TAMS 0x000000008b500000, 0x000000008b500000| Untracked 
| 182|0x000000008b600000, 0x000000008b600000, 0x000000008b700000|  0%| F|  |TAMS 0x000000008b600000, 0x000000008b600000| Untracked 
| 183|0x000000008b700000, 0x000000008b700000, 0x000000008b800000|  0%| F|  |TAMS 0x000000008b700000, 0x000000008b700000| Untracked 
| 184|0x000000008b800000, 0x000000008b800000, 0x000000008b900000|  0%| F|  |TAMS 0x000000008b800000, 0x000000008b800000| Untracked 
| 185|0x000000008b900000, 0x000000008b900000, 0x000000008ba00000|  0%| F|  |TAMS 0x000000008b900000, 0x000000008b900000| Untracked 
| 186|0x000000008ba00000, 0x000000008ba00000, 0x000000008bb00000|  0%| F|  |TAMS 0x000000008ba00000, 0x000000008ba00000| Untracked 
| 187|0x000000008bb00000, 0x000000008bb00000, 0x000000008bc00000|  0%| F|  |TAMS 0x000000008bb00000, 0x000000008bb00000| Untracked 
| 188|0x000000008bc00000, 0x000000008bc00000, 0x000000008bd00000|  0%| F|  |TAMS 0x000000008bc00000, 0x000000008bc00000| Untracked 
| 189|0x000000008bd00000, 0x000000008bd00000, 0x000000008be00000|  0%| F|  |TAMS 0x000000008bd00000, 0x000000008bd00000| Untracked 
| 190|0x000000008be00000, 0x000000008be00000, 0x000000008bf00000|  0%| F|  |TAMS 0x000000008be00000, 0x000000008be00000| Untracked 
| 191|0x000000008bf00000, 0x000000008bf00000, 0x000000008c000000|  0%| F|  |TAMS 0x000000008bf00000, 0x000000008bf00000| Untracked 
| 192|0x000000008c000000, 0x000000008c000000, 0x000000008c100000|  0%| F|  |TAMS 0x000000008c000000, 0x000000008c000000| Untracked 
| 193|0x000000008c100000, 0x000000008c100000, 0x000000008c200000|  0%| F|  |TAMS 0x000000008c100000, 0x000000008c100000| Untracked 
| 194|0x000000008c200000, 0x000000008c200000, 0x000000008c300000|  0%| F|  |TAMS 0x000000008c200000, 0x000000008c200000| Untracked 
| 195|0x000000008c300000, 0x000000008c300000, 0x000000008c400000|  0%| F|  |TAMS 0x000000008c300000, 0x000000008c300000| Untracked 
| 196|0x000000008c400000, 0x000000008c400000, 0x000000008c500000|  0%| F|  |TAMS 0x000000008c400000, 0x000000008c400000| Untracked 
| 197|0x000000008c500000, 0x000000008c500000, 0x000000008c600000|  0%| F|  |TAMS 0x000000008c500000, 0x000000008c500000| Untracked 
| 198|0x000000008c600000, 0x000000008c600000, 0x000000008c700000|  0%| F|  |TAMS 0x000000008c600000, 0x000000008c600000| Untracked 
| 199|0x000000008c700000, 0x000000008c700000, 0x000000008c800000|  0%| F|  |TAMS 0x000000008c700000, 0x000000008c700000| Untracked 
| 200|0x000000008c800000, 0x000000008c800000, 0x000000008c900000|  0%| F|  |TAMS 0x000000008c800000, 0x000000008c800000| Untracked 
| 201|0x000000008c900000, 0x000000008c900000, 0x000000008ca00000|  0%| F|  |TAMS 0x000000008c900000, 0x000000008c900000| Untracked 
| 202|0x000000008ca00000, 0x000000008ca00000, 0x000000008cb00000|  0%| F|  |TAMS 0x000000008ca00000, 0x000000008ca00000| Untracked 
| 203|0x000000008cb00000, 0x000000008cb00000, 0x000000008cc00000|  0%| F|  |TAMS 0x000000008cb00000, 0x000000008cb00000| Untracked 
| 204|0x000000008cc00000, 0x000000008cc00000, 0x000000008cd00000|  0%| F|  |TAMS 0x000000008cc00000, 0x000000008cc00000| Untracked 
| 205|0x000000008cd00000, 0x000000008cd00000, 0x000000008ce00000|  0%| F|  |TAMS 0x000000008cd00000, 0x000000008cd00000| Untracked 
| 206|0x000000008ce00000, 0x000000008ce00000, 0x000000008cf00000|  0%| F|  |TAMS 0x000000008ce00000, 0x000000008ce00000| Untracked 
| 207|0x000000008cf00000, 0x000000008cf00000, 0x000000008d000000|  0%| F|  |TAMS 0x000000008cf00000, 0x000000008cf00000| Untracked 
| 208|0x000000008d000000, 0x000000008d000000, 0x000000008d100000|  0%| F|  |TAMS 0x000000008d000000, 0x000000008d000000| Untracked 
| 209|0x000000008d100000, 0x000000008d100000, 0x000000008d200000|  0%| F|  |TAMS 0x000000008d100000, 0x000000008d100000| Untracked 
| 210|0x000000008d200000, 0x000000008d200000, 0x000000008d300000|  0%| F|  |TAMS 0x000000008d200000, 0x000000008d200000| Untracked 
| 211|0x000000008d300000, 0x000000008d370af8, 0x000000008d400000| 44%| E|  |TAMS 0x000000008d300000, 0x000000008d300000| Complete 
| 212|0x000000008d400000, 0x000000008d500000, 0x000000008d500000|100%| E|CS|TAMS 0x000000008d400000, 0x000000008d400000| Complete 
| 213|0x000000008d500000, 0x000000008d600000, 0x000000008d600000|100%| E|CS|TAMS 0x000000008d500000, 0x000000008d500000| Complete 
| 214|0x000000008d600000, 0x000000008d700000, 0x000000008d700000|100%| E|CS|TAMS 0x000000008d600000, 0x000000008d600000| Complete 
| 215|0x000000008d700000, 0x000000008d800000, 0x000000008d800000|100%| E|CS|TAMS 0x000000008d700000, 0x000000008d700000| Complete 
| 216|0x000000008d800000, 0x000000008d900000, 0x000000008d900000|100%| E|CS|TAMS 0x000000008d800000, 0x000000008d800000| Complete 
| 217|0x000000008d900000, 0x000000008da00000, 0x000000008da00000|100%| E|CS|TAMS 0x000000008d900000, 0x000000008d900000| Complete 
| 218|0x000000008da00000, 0x000000008da62668, 0x000000008db00000| 38%| S|CS|TAMS 0x000000008da00000, 0x000000008da00000| Complete 
| 219|0x000000008db00000, 0x000000008dc00000, 0x000000008dc00000|100%| S|CS|TAMS 0x000000008db00000, 0x000000008db00000| Complete 
| 220|0x000000008dc00000, 0x000000008dd00000, 0x000000008dd00000|100%| S|CS|TAMS 0x000000008dc00000, 0x000000008dc00000| Complete 
| 221|0x000000008dd00000, 0x000000008de00000, 0x000000008de00000|100%| S|CS|TAMS 0x000000008dd00000, 0x000000008dd00000| Complete 
| 222|0x000000008de00000, 0x000000008df00000, 0x000000008df00000|100%| S|CS|TAMS 0x000000008de00000, 0x000000008de00000| Complete 
| 223|0x000000008df00000, 0x000000008e000000, 0x000000008e000000|100%| S|CS|TAMS 0x000000008df00000, 0x000000008df00000| Complete 
| 224|0x000000008e000000, 0x000000008e100000, 0x000000008e100000|100%| S|CS|TAMS 0x000000008e000000, 0x000000008e000000| Complete 
| 225|0x000000008e100000, 0x000000008e200000, 0x000000008e200000|100%| E|CS|TAMS 0x000000008e100000, 0x000000008e100000| Complete 
| 226|0x000000008e200000, 0x000000008e300000, 0x000000008e300000|100%| E|CS|TAMS 0x000000008e200000, 0x000000008e200000| Complete 
| 227|0x000000008e300000, 0x000000008e400000, 0x000000008e400000|100%| E|CS|TAMS 0x000000008e300000, 0x000000008e300000| Complete 
| 228|0x000000008e400000, 0x000000008e500000, 0x000000008e500000|100%| E|CS|TAMS 0x000000008e400000, 0x000000008e400000| Complete 
| 229|0x000000008e500000, 0x000000008e600000, 0x000000008e600000|100%| E|  |TAMS 0x000000008e500000, 0x000000008e500000| Complete 
| 230|0x000000008e600000, 0x000000008e700000, 0x000000008e700000|100%| E|CS|TAMS 0x000000008e600000, 0x000000008e600000| Complete 

Card table byte_map: [0x00000225fd190000,0x00000225fd590000] _byte_map_base: 0x00000225fcd90000

Marking Bits (Prev, Next): (CMBitMap*) 0x00000225e9e1b120, (CMBitMap*) 0x00000225e9e1b0e8
 Prev Bits: [0x0000022580000000, 0x0000022582000000)
 Next Bits: [0x00000225fd990000, 0x00000225ff990000)

Polling page: 0x00000225e83b0000

Metaspace:

Usage:
  Non-class:     92.18 MB capacity,    90.33 MB ( 98%) used,     1.57 MB (  2%) free+waste,   284.88 KB ( <1%) overhead. 
      Class:     14.01 MB capacity,    13.11 MB ( 94%) used,   789.88 KB (  6%) free+waste,   131.44 KB ( <1%) overhead. 
       Both:    106.18 MB capacity,   103.44 MB ( 97%) used,     2.34 MB (  2%) free+waste,   416.31 KB ( <1%) overhead. 

Virtual space:
  Non-class space:       94.00 MB reserved,      92.20 MB ( 98%) committed 
      Class space:        1.00 GB reserved,      14.13 MB (  1%) committed 
             Both:        1.09 GB reserved,     106.32 MB ( 10%) committed 

Chunk freelists:
   Non-Class:  22.00 KB
       Class:  25.00 KB
        Both:  47.00 KB

MaxMetaspaceSize: 17179869184.00 GB
CompressedClassSpaceSize: 1.00 GB

CodeHeap 'non-profiled nmethods': size=120064Kb used=6962Kb max_used=6962Kb free=113101Kb
 bounds [0x00000225f5220000, 0x00000225f5900000, 0x00000225fc760000]
CodeHeap 'profiled nmethods': size=120000Kb used=25852Kb max_used=25852Kb free=94147Kb
 bounds [0x00000225edcf0000, 0x00000225ef640000, 0x00000225f5220000]
CodeHeap 'non-nmethods': size=5696Kb used=2296Kb max_used=2346Kb free=3399Kb
 bounds [0x00000225ed760000, 0x00000225ed9d0000, 0x00000225edcf0000]
 total_blobs=12752 nmethods=11852 adapters=811
 compilation: enabled
              stopped_count=0, restarted_count=0
 full_count=0

Compilation events (20 events):
Event: 122.139 Thread 0x00000225fffa8000 12683       3       com.sun.tools.javac.file.JavacFileManager$ArchiveContainer$1::preVisitDirectory (10 bytes)
Event: 122.139 Thread 0x00000225fffa8000 nmethod 12683 0x00000225ef62b310 code [0x00000225ef62b4e0, 0x00000225ef62b708]
Event: 122.139 Thread 0x00000225fffa8000 12684       3       com.sun.tools.javac.file.JavacFileManager$ArchiveContainer$1::preVisitDirectory (60 bytes)
Event: 122.140 Thread 0x00000225fffa8000 nmethod 12684 0x00000225ef62b810 code [0x00000225ef62ba20, 0x00000225ef62bf78]
Event: 122.140 Thread 0x00000225fffa8000 12685       3       jdk.nio.zipfs.ZipPath::getFileName (5 bytes)
Event: 122.140 Thread 0x00000225fffa8000 nmethod 12685 0x00000225ef62c190 code [0x00000225ef62c340, 0x00000225ef62c468]
Event: 122.140 Thread 0x00000225fffa8000 12686       3       com.sun.tools.javac.file.JavacFileManager$ArchiveContainer::isValid (39 bytes)
Event: 122.141 Thread 0x00000225fffa8000 nmethod 12686 0x00000225ef62c510 code [0x00000225ef62c740, 0x00000225ef62cdb8]
Event: 122.141 Thread 0x00000225fffa8000 12687  s    3       jdk.nio.zipfs.ZipDirectoryStream::close (6 bytes)
Event: 122.141 Thread 0x00000225fffa8000 nmethod 12687 0x00000225ef62d090 code [0x00000225ef62d240, 0x00000225ef62d4b8]
Event: 122.277 Thread 0x00000225fffa8000 12688   !   3       java.util.jar.Attributes::read (388 bytes)
Event: 122.282 Thread 0x00000225fffa8000 nmethod 12688 0x00000225ef62d590 code [0x00000225ef62db00, 0x00000225ef630738]
Event: 122.313 Thread 0x00000225fffa8000 12690 % !   3       jdk.nio.zipfs.ZipFileSystem::iteratorOf @ 54 (154 bytes)
Event: 122.316 Thread 0x00000225fffa8000 nmethod 12690% 0x00000225ef631990 code [0x00000225ef631d40, 0x00000225ef633518]
Event: 122.339 Thread 0x00000225fffa8000 12691       2       jdk.nio.zipfs.ZipFileSystem$IndexNode::<init> (25 bytes)
Event: 122.339 Thread 0x00000225fffa8000 nmethod 12691 0x00000225ef634390 code [0x00000225ef634540, 0x00000225ef6346e8]
Event: 122.340 Thread 0x00000225fffa8000 12692       2       jdk.nio.zipfs.ZipFileSystem$Entry::<init> (104 bytes)
Event: 122.340 Thread 0x00000225fffa8000 nmethod 12692 0x00000225ef634790 code [0x00000225ef634940, 0x00000225ef634ba8]
Event: 122.359 Thread 0x00000225fffa8000 12693 %     3       jdk.nio.zipfs.ZipCoder$UTF8::toString @ 8 (49 bytes)
Event: 122.360 Thread 0x00000225fffa8000 nmethod 12693% 0x00000225ef634c90 code [0x00000225ef634e80, 0x00000225ef635278]

GC Heap History (20 events):
Event: 52.516 GC heap before
{Heap before GC invocations=68 (full 0):
 garbage-first heap   total 163840K, used 131584K [0x0000000080000000, 0x0000000100000000)
  region size 1024K, 52 young (53248K), 5 survivors (5120K)
 Metaspace       used 84067K, capacity 86146K, committed 86476K, reserved 1124352K
  class space    used 11005K, capacity 11700K, committed 11776K, reserved 1048576K
}
Event: 52.542 GC heap after
{Heap after GC invocations=69 (full 0):
 garbage-first heap   total 163840K, used 86965K [0x0000000080000000, 0x0000000100000000)
  region size 1024K, 6 young (6144K), 6 survivors (6144K)
 Metaspace       used 84067K, capacity 86146K, committed 86476K, reserved 1124352K
  class space    used 11005K, capacity 11700K, committed 11776K, reserved 1048576K
}
Event: 56.700 GC heap before
{Heap before GC invocations=70 (full 0):
 garbage-first heap   total 163840K, used 133045K [0x0000000080000000, 0x0000000100000000)
  region size 1024K, 52 young (53248K), 6 survivors (6144K)
 Metaspace       used 87519K, capacity 89645K, committed 89932K, reserved 1126400K
  class space    used 11376K, capacity 12100K, committed 12160K, reserved 1048576K
}
Event: 56.734 GC heap after
{Heap after GC invocations=71 (full 0):
 garbage-first heap   total 196608K, used 91134K [0x0000000080000000, 0x0000000100000000)
  region size 1024K, 7 young (7168K), 7 survivors (7168K)
 Metaspace       used 87519K, capacity 89645K, committed 89932K, reserved 1126400K
  class space    used 11376K, capacity 12100K, committed 12160K, reserved 1048576K
}
Event: 60.199 GC heap before
{Heap before GC invocations=71 (full 0):
 garbage-first heap   total 196608K, used 149502K [0x0000000080000000, 0x0000000100000000)
  region size 1024K, 64 young (65536K), 7 survivors (7168K)
 Metaspace       used 87927K, capacity 90137K, committed 90444K, reserved 1128448K
  class space    used 11381K, capacity 12103K, committed 12160K, reserved 1048576K
}
Event: 60.255 GC heap after
{Heap after GC invocations=72 (full 0):
 garbage-first heap   total 196608K, used 94495K [0x0000000080000000, 0x0000000100000000)
  region size 1024K, 4 young (4096K), 4 survivors (4096K)
 Metaspace       used 87927K, capacity 90137K, committed 90444K, reserved 1128448K
  class space    used 11381K, capacity 12103K, committed 12160K, reserved 1048576K
}
Event: 63.647 GC heap before
{Heap before GC invocations=72 (full 0):
 garbage-first heap   total 196608K, used 154911K [0x0000000080000000, 0x0000000100000000)
  region size 1024K, 63 young (64512K), 4 survivors (4096K)
 Metaspace       used 91642K, capacity 94027K, committed 94156K, reserved 1130496K
  class space    used 11896K, capacity 12710K, committed 12800K, reserved 1048576K
}
Event: 63.669 GC heap after
{Heap after GC invocations=73 (full 0):
 garbage-first heap   total 196608K, used 97643K [0x0000000080000000, 0x0000000100000000)
  region size 1024K, 7 young (7168K), 7 survivors (7168K)
 Metaspace       used 91642K, capacity 94027K, committed 94156K, reserved 1130496K
  class space    used 11896K, capacity 12710K, committed 12800K, reserved 1048576K
}
Event: 65.463 GC heap before
{Heap before GC invocations=74 (full 0):
 garbage-first heap   total 196608K, used 118123K [0x0000000080000000, 0x0000000100000000)
  region size 1024K, 28 young (28672K), 7 survivors (7168K)
 Metaspace       used 92176K, capacity 94603K, committed 95052K, reserved 1132544K
  class space    used 11946K, capacity 12769K, committed 12928K, reserved 1048576K
}
Event: 65.503 GC heap after
{Heap after GC invocations=75 (full 0):
 garbage-first heap   total 196608K, used 100105K [0x0000000080000000, 0x0000000100000000)
  region size 1024K, 6 young (6144K), 6 survivors (6144K)
 Metaspace       used 92176K, capacity 94603K, committed 95052K, reserved 1132544K
  class space    used 11946K, capacity 12769K, committed 12928K, reserved 1048576K
}
Event: 111.476 GC heap before
{Heap before GC invocations=76 (full 0):
 garbage-first heap   total 196608K, used 160521K [0x0000000080000000, 0x0000000100000000)
  region size 1024K, 65 young (66560K), 6 survivors (6144K)
 Metaspace       used 97005K, capacity 99635K, committed 99660K, reserved 1136640K
  class space    used 12307K, capacity 13183K, committed 13184K, reserved 1048576K
}
Event: 111.680 GC heap after
{Heap after GC invocations=77 (full 0):
 garbage-first heap   total 196608K, used 102889K [0x0000000080000000, 0x0000000100000000)
  region size 1024K, 6 young (6144K), 6 survivors (6144K)
 Metaspace       used 97005K, capacity 99635K, committed 99660K, reserved 1136640K
  class space    used 12307K, capacity 13183K, committed 13184K, reserved 1048576K
}
Event: 115.506 GC heap before
{Heap before GC invocations=77 (full 0):
 garbage-first heap   total 196608K, used 161257K [0x0000000080000000, 0x0000000100000000)
  region size 1024K, 64 young (65536K), 6 survivors (6144K)
 Metaspace       used 98208K, capacity 100804K, committed 100940K, reserved 1136640K
  class space    used 12457K, capacity 13354K, committed 13440K, reserved 1048576K
}
Event: 115.551 GC heap after
{Heap after GC invocations=78 (full 0):
 garbage-first heap   total 236544K, used 106868K [0x0000000080000000, 0x0000000100000000)
  region size 1024K, 8 young (8192K), 8 survivors (8192K)
 Metaspace       used 98208K, capacity 100804K, committed 100940K, reserved 1136640K
  class space    used 12457K, capacity 13354K, committed 13440K, reserved 1048576K
}
Event: 118.043 GC heap before
{Heap before GC invocations=79 (full 0):
 garbage-first heap   total 236544K, used 187764K [0x0000000080000000, 0x0000000100000000)
  region size 1024K, 87 young (89088K), 8 survivors (8192K)
 Metaspace       used 98441K, capacity 101081K, committed 101196K, reserved 1136640K
  class space    used 12477K, capacity 13369K, committed 13440K, reserved 1048576K
}
Event: 118.091 GC heap after
{Heap after GC invocations=80 (full 0):
 garbage-first heap   total 236544K, used 111097K [0x0000000080000000, 0x0000000100000000)
  region size 1024K, 9 young (9216K), 9 survivors (9216K)
 Metaspace       used 98441K, capacity 101081K, committed 101196K, reserved 1136640K
  class space    used 12477K, capacity 13369K, committed 13440K, reserved 1048576K
}
Event: 121.050 GC heap before
{Heap before GC invocations=80 (full 0):
 garbage-first heap   total 236544K, used 189945K [0x0000000080000000, 0x0000000100000000)
  region size 1024K, 87 young (89088K), 9 survivors (9216K)
 Metaspace       used 104925K, capacity 107802K, committed 107980K, reserved 1142784K
  class space    used 13353K, capacity 14268K, committed 14336K, reserved 1048576K
}
Event: 121.088 GC heap after
{Heap after GC invocations=81 (full 0):
 garbage-first heap   total 236544K, used 115665K [0x0000000080000000, 0x0000000100000000)
  region size 1024K, 9 young (9216K), 9 survivors (9216K)
 Metaspace       used 104925K, capacity 107802K, committed 107980K, reserved 1142784K
  class space    used 13353K, capacity 14268K, committed 14336K, reserved 1048576K
}
Event: 121.669 GC heap before
{Heap before GC invocations=81 (full 0):
 garbage-first heap   total 236544K, used 119761K [0x0000000080000000, 0x0000000100000000)
  region size 1024K, 15 young (15360K), 9 survivors (9216K)
 Metaspace       used 105754K, capacity 108567K, committed 108748K, reserved 1144832K
  class space    used 13411K, capacity 14309K, committed 14336K, reserved 1048576K
}
Event: 121.713 GC heap after
{Heap after GC invocations=82 (full 0):
 garbage-first heap   total 236544K, used 117487K [0x0000000080000000, 0x0000000100000000)
  region size 1024K, 7 young (7168K), 7 survivors (7168K)
 Metaspace       used 105754K, capacity 108567K, committed 108748K, reserved 1144832K
  class space    used 13411K, capacity 14309K, committed 14336K, reserved 1048576K
}

Deoptimization events (20 events):
Event: 121.908 Thread 0x0000022588b61000 Uncommon trap: trap_request=0xffffff4d fr.pc=0x00000225f53ec074 relative=0x00000000000005b4
Event: 121.908 Thread 0x0000022588b61000 Uncommon trap: reason=unstable_if action=reinterpret pc=0x00000225f53ec074 method=jdk.nio.zipfs.ZipPath.getFileName()Ljdk/nio/zipfs/ZipPath; @ 12 c2
Event: 121.908 Thread 0x0000022588b61000 DEOPT PACKING pc=0x00000225f53ec074 sp=0x00000041317f9c80
Event: 121.908 Thread 0x0000022588b61000 DEOPT UNPACKING pc=0x00000225ed7874af sp=0x00000041317f9c38 mode 2
Event: 121.974 Thread 0x0000022588b61000 Uncommon trap: trap_request=0xffffffde fr.pc=0x00000225f52df67c relative=0x00000000000011dc
Event: 121.974 Thread 0x0000022588b61000 Uncommon trap: reason=class_check action=maybe_recompile pc=0x00000225f52df67c method=java.util.zip.InflaterInputStream.read([BII)I @ 100 c2
Event: 121.974 Thread 0x0000022588b61000 DEOPT PACKING pc=0x00000225f52df67c sp=0x00000041317f97d0
Event: 121.974 Thread 0x0000022588b61000 DEOPT UNPACKING pc=0x00000225ed7874af sp=0x00000041317f9810 mode 2
Event: 122.277 Thread 0x0000022588b61000 Uncommon trap: trap_request=0xffffffde fr.pc=0x00000225f52df67c relative=0x00000000000011dc
Event: 122.277 Thread 0x0000022588b61000 Uncommon trap: reason=class_check action=maybe_recompile pc=0x00000225f52df67c method=java.util.zip.InflaterInputStream.read([BII)I @ 100 c2
Event: 122.277 Thread 0x0000022588b61000 DEOPT PACKING pc=0x00000225f52df67c sp=0x00000041317f97d0
Event: 122.277 Thread 0x0000022588b61000 DEOPT UNPACKING pc=0x00000225ed7874af sp=0x00000041317f9810 mode 2
Event: 122.278 Thread 0x0000022588b61000 Uncommon trap: trap_request=0xffffffde fr.pc=0x00000225f52df67c relative=0x00000000000011dc
Event: 122.278 Thread 0x0000022588b61000 Uncommon trap: reason=class_check action=maybe_recompile pc=0x00000225f52df67c method=java.util.zip.InflaterInputStream.read([BII)I @ 100 c2
Event: 122.278 Thread 0x0000022588b61000 DEOPT PACKING pc=0x00000225f52df67c sp=0x00000041317f97d0
Event: 122.278 Thread 0x0000022588b61000 DEOPT UNPACKING pc=0x00000225ed7874af sp=0x00000041317f9810 mode 2
Event: 122.313 Thread 0x0000022588b61000 Uncommon trap: trap_request=0xffffffde fr.pc=0x00000225f52df67c relative=0x00000000000011dc
Event: 122.313 Thread 0x0000022588b61000 Uncommon trap: reason=class_check action=maybe_recompile pc=0x00000225f52df67c method=java.util.zip.InflaterInputStream.read([BII)I @ 100 c2
Event: 122.313 Thread 0x0000022588b61000 DEOPT PACKING pc=0x00000225f52df67c sp=0x00000041317f97d0
Event: 122.313 Thread 0x0000022588b61000 DEOPT UNPACKING pc=0x00000225ed7874af sp=0x00000041317f9810 mode 2

Classes redefined (0 events):
No events

Internal exceptions (20 events):
Event: 119.174 Thread 0x0000022588b61000 Exception <a 'java/lang/NoSuchMethodError'{0x000000008bb0dc80}: 'java.lang.Object java.lang.invoke.DirectMethodHandle$Holder.invokeSpecial(java.lang.Object, java.lang.Object, int, java.lang.Object, java.lang.Object)'> (0x000000008bb0dc80) thrown at [./src/hotspot/share/interpreter/linkResolver.cpp, line 773]
Event: 119.176 Thread 0x0000022588b61000 Exception <a 'java/lang/NoSuchMethodError'{0x000000008bb16210}: 'java.lang.Object java.lang.invoke.DirectMethodHandle$Holder.invokeStatic(java.lang.Object, java.lang.Object, int, java.lang.Object)'> (0x000000008bb16210) thrown at [./src/hotspot/share/interpreter/linkResolver.cpp, line 773]
Event: 119.177 Thread 0x0000022588b61000 Exception <a 'java/lang/NoSuchMethodError'{0x000000008bb19f08}: 'java.lang.Object java.lang.invoke.Invokers$Holder.linkToTargetMethod(java.lang.Object, int, java.lang.Object, java.lang.Object)'> (0x000000008bb19f08) thrown at [./src/hotspot/share/interpreter/linkResolver.cpp, line 773]
Event: 119.181 Thread 0x0000022588b61000 Exception <a 'java/lang/NoSuchMethodError'{0x000000008bb31d98}: 'void java.lang.invoke.DirectMethodHandle$Holder.invokeVirtual(java.lang.Object, java.lang.Object)'> (0x000000008bb31d98) thrown at [./src/hotspot/share/interpreter/linkResolver.cpp, line 773]
Event: 120.456 Thread 0x0000022588b61000 Exception <a 'java/lang/NoSuchMethodError'{0x000000008ab12000}: 'java.lang.Object java.lang.invoke.Invokers$Holder.linkToTargetMethod(java.lang.Object, java.lang.Object, java.lang.Object, int, int, java.lang.Object)'> (0x000000008ab12000) thrown at [./src/hotspot/share/interpreter/linkResolver.cpp, line 773]
Event: 120.535 Thread 0x0000022588b61000 Exception <a 'java/security/PrivilegedActionException'{0x000000008aa99fb0}> (0x000000008aa99fb0) thrown at [./src/hotspot/share/prims/jvm.cpp, line 1297]
Event: 120.536 Thread 0x0000022588b61000 Exception <a 'java/security/PrivilegedActionException'{0x000000008aa9ad20}> (0x000000008aa9ad20) thrown at [./src/hotspot/share/prims/jvm.cpp, line 1297]
Event: 120.536 Thread 0x0000022588b61000 Exception <a 'java/security/PrivilegedActionException'{0x000000008aa9d410}> (0x000000008aa9d410) thrown at [./src/hotspot/share/prims/jvm.cpp, line 1297]
Event: 120.536 Thread 0x0000022588b61000 Exception <a 'java/security/PrivilegedActionException'{0x000000008aa9e180}> (0x000000008aa9e180) thrown at [./src/hotspot/share/prims/jvm.cpp, line 1297]
Event: 120.537 Thread 0x0000022588b61000 Exception <a 'java/security/PrivilegedActionException'{0x000000008aaa0920}> (0x000000008aaa0920) thrown at [./src/hotspot/share/prims/jvm.cpp, line 1297]
Event: 120.537 Thread 0x0000022588b61000 Exception <a 'java/security/PrivilegedActionException'{0x000000008aaa1690}> (0x000000008aaa1690) thrown at [./src/hotspot/share/prims/jvm.cpp, line 1297]
Event: 120.537 Thread 0x0000022588b61000 Exception <a 'java/security/PrivilegedActionException'{0x000000008aaa3d88}> (0x000000008aaa3d88) thrown at [./src/hotspot/share/prims/jvm.cpp, line 1297]
Event: 120.537 Thread 0x0000022588b61000 Exception <a 'java/security/PrivilegedActionException'{0x000000008aaa4af8}> (0x000000008aaa4af8) thrown at [./src/hotspot/share/prims/jvm.cpp, line 1297]
Event: 120.537 Thread 0x0000022588b61000 Exception <a 'java/security/PrivilegedActionException'{0x000000008aaa7240}> (0x000000008aaa7240) thrown at [./src/hotspot/share/prims/jvm.cpp, line 1297]
Event: 120.537 Thread 0x0000022588b61000 Exception <a 'java/security/PrivilegedActionException'{0x000000008aaa7fb0}> (0x000000008aaa7fb0) thrown at [./src/hotspot/share/prims/jvm.cpp, line 1297]
Event: 120.537 Thread 0x0000022588b61000 Exception <a 'java/security/PrivilegedActionException'{0x000000008aaaa750}> (0x000000008aaaa750) thrown at [./src/hotspot/share/prims/jvm.cpp, line 1297]
Event: 120.537 Thread 0x0000022588b61000 Exception <a 'java/security/PrivilegedActionException'{0x000000008aaab4c0}> (0x000000008aaab4c0) thrown at [./src/hotspot/share/prims/jvm.cpp, line 1297]
Event: 121.634 Thread 0x0000022588b61000 Exception <a 'sun/nio/fs/WindowsException'{0x000000008e124a28}> (0x000000008e124a28) thrown at [./src/hotspot/share/prims/jni.cpp, line 615]
Event: 121.634 Thread 0x0000022588b61000 Exception <a 'sun/nio/fs/WindowsException'{0x000000008e124b30}> (0x000000008e124b30) thrown at [./src/hotspot/share/prims/jni.cpp, line 615]
Event: 121.898 Thread 0x0000022588b61000 Implicit null exception at 0x00000225f53eb62c to 0x00000225f53eb7da

Events (20 events):
Event: 121.669 Executing VM operation: G1CollectForAllocation
Event: 121.713 Executing VM operation: G1CollectForAllocation done
Event: 121.796 loading class java/time/DateTimeException
Event: 121.797 loading class java/time/DateTimeException done
Event: 121.797 loading class java/util/regex/PatternSyntaxException
Event: 121.797 loading class java/util/regex/PatternSyntaxException done
Event: 121.801 loading class java/nio/file/SimpleFileVisitor
Event: 121.801 loading class java/nio/file/SimpleFileVisitor done
Event: 121.804 loading class java/nio/file/ClosedDirectoryStreamException
Event: 121.804 loading class java/nio/file/ClosedDirectoryStreamException done
Event: 121.804 loading class java/nio/file/DirectoryIteratorException
Event: 121.804 loading class java/nio/file/DirectoryIteratorException done
Event: 121.910 loading class com/sun/tools/javac/code/Symbol$PackageSymbol
Event: 121.910 loading class com/sun/tools/javac/code/Symbol$PackageSymbol done
Event: 121.910 loading class com/sun/tools/javac/code/ClassFinder
Event: 121.910 loading class com/sun/tools/javac/code/ClassFinder done
Event: 122.027 Executing VM operation: CGC_Operation
Event: 122.045 Executing VM operation: CGC_Operation done
Event: 122.223 Executing VM operation: CGC_Operation
Event: 122.224 Executing VM operation: CGC_Operation done


Dynamic libraries:
0x00007ff7c9910000 - 0x00007ff7c991a000 	C:\Program Files\Android\Android Studio1\jre\bin\java.exe
0x00007ffadc690000 - 0x00007ffadc885000 	C:\Windows\SYSTEM32\ntdll.dll
0x00007ffadbbb0000 - 0x00007ffadbc6e000 	C:\Windows\System32\KERNEL32.DLL
0x00007ffada410000 - 0x00007ffada6d8000 	C:\Windows\System32\KERNELBASE.dll
0x00007ffad9f00000 - 0x00007ffada000000 	C:\Windows\System32\ucrtbase.dll
0x00007ffad3e20000 - 0x00007ffad3e39000 	C:\Program Files\Android\Android Studio1\jre\bin\jli.dll
0x00007ffad3d30000 - 0x00007ffad3d47000 	C:\Program Files\Android\Android Studio1\jre\bin\VCRUNTIME140.dll
0x00007ffada770000 - 0x00007ffada911000 	C:\Windows\System32\USER32.dll
0x00007ffada3e0000 - 0x00007ffada402000 	C:\Windows\System32\win32u.dll
0x00007ffada6e0000 - 0x00007ffada70b000 	C:\Windows\System32\GDI32.dll
0x00007ffada0e0000 - 0x00007ffada1eb000 	C:\Windows\System32\gdi32full.dll
0x00007ffad9db0000 - 0x00007ffad9e4d000 	C:\Windows\System32\msvcp_win.dll
0x00007ffac8710000 - 0x00007ffac89aa000 	C:\Windows\WinSxS\amd64_microsoft.windows.common-controls_6595b64144ccf1df_6.0.19041.1110_none_60b5254171f9507e\COMCTL32.dll
0x00007ffadb5a0000 - 0x00007ffadb63e000 	C:\Windows\System32\msvcrt.dll
0x00007ffadbc70000 - 0x00007ffadbca0000 	C:\Windows\System32\IMM32.DLL
0x00007ffaa7b60000 - 0x00007ffaa7bfd000 	C:\Program Files\Android\Android Studio1\jre\bin\msvcp140.dll
0x00007ffa96300000 - 0x00007ffa96dbc000 	C:\Program Files\Android\Android Studio1\jre\bin\server\jvm.dll
0x00007ffadac10000 - 0x00007ffadacbc000 	C:\Windows\System32\ADVAPI32.dll
0x00007ffadbfc0000 - 0x00007ffadc05b000 	C:\Windows\System32\sechost.dll
0x00007ffadbe20000 - 0x00007ffadbf4a000 	C:\Windows\System32\RPCRT4.dll
0x00007ffadae50000 - 0x00007ffadae58000 	C:\Windows\System32\PSAPI.DLL
0x00007ffac5c80000 - 0x00007ffac5ca7000 	C:\Windows\SYSTEM32\WINMM.dll
0x00007ffac4580000 - 0x00007ffac4589000 	C:\Windows\SYSTEM32\WSOCK32.dll
0x00007ffadbf50000 - 0x00007ffadbfbb000 	C:\Windows\System32\WS2_32.dll
0x00007ffad2860000 - 0x00007ffad286a000 	C:\Windows\SYSTEM32\VERSION.dll
0x00007ffad8630000 - 0x00007ffad8642000 	C:\Windows\SYSTEM32\kernel.appcore.dll
0x00007ffad1f00000 - 0x00007ffad1f11000 	C:\Program Files\Android\Android Studio1\jre\bin\verify.dll
0x00007ffad8340000 - 0x00007ffad8524000 	C:\Windows\SYSTEM32\DBGHELP.DLL
0x00007ffac9300000 - 0x00007ffac932c000 	C:\Windows\SYSTEM32\dbgcore.DLL
0x00007ffada050000 - 0x00007ffada0d3000 	C:\Windows\System32\bcryptPrimitives.dll
0x00007ffaba500000 - 0x00007ffaba529000 	C:\Program Files\Android\Android Studio1\jre\bin\java.dll
0x00007ffad1ef0000 - 0x00007ffad1efb000 	C:\Program Files\Android\Android Studio1\jre\bin\jimage.dll
0x00007ffab2f20000 - 0x00007ffab2f38000 	C:\Program Files\Android\Android Studio1\jre\bin\zip.dll
0x00007ffadae60000 - 0x00007ffadb59f000 	C:\Windows\System32\SHELL32.dll
0x00007ffad7ae0000 - 0x00007ffad8270000 	C:\Windows\SYSTEM32\windows.storage.dll
0x00007ffadb710000 - 0x00007ffadba65000 	C:\Windows\System32\combase.dll
0x00007ffad9730000 - 0x00007ffad975e000 	C:\Windows\SYSTEM32\Wldp.dll
0x00007ffadada0000 - 0x00007ffadae4d000 	C:\Windows\System32\SHCORE.dll
0x00007ffadc060000 - 0x00007ffadc0b5000 	C:\Windows\System32\shlwapi.dll
0x00007ffad9cf0000 - 0x00007ffad9d0f000 	C:\Windows\SYSTEM32\profapi.dll
0x00007ffab2f00000 - 0x00007ffab2f1a000 	C:\Program Files\Android\Android Studio1\jre\bin\net.dll
0x00007ffacadc0000 - 0x00007ffacaecc000 	C:\Windows\SYSTEM32\WINHTTP.dll
0x00007ffad9490000 - 0x00007ffad94fa000 	C:\Windows\system32\mswsock.dll
0x00007ffaae8b0000 - 0x00007ffaae8c4000 	C:\Program Files\Android\Android Studio1\jre\bin\nio.dll
0x00007ffac5490000 - 0x00007ffac54b7000 	C:\Users\VuThiLanh\.gradle\native\fdc75f09e3144964f2cf3f50f0aa648679c211496f362492102eb8c894070792\windows-amd64\native-platform.dll
0x00007ffa9b500000 - 0x00007ffa9b696000 	C:\Users\VuThiLanh\.gradle\native\12488b8bf47d2d4c9fbf2f6322a914ad602e24e48041cd04a747c6da556b65c4\windows-amd64\native-platform-file-events.dll
0x00007ffad1c60000 - 0x00007ffad1c6a000 	C:\Program Files\Android\Android Studio1\jre\bin\management.dll
0x00007ffac70f0000 - 0x00007ffac70fc000 	C:\Program Files\Android\Android Studio1\jre\bin\management_ext.dll
0x00007ffad9680000 - 0x00007ffad9698000 	C:\Windows\SYSTEM32\CRYPTSP.dll
0x00007ffad8e10000 - 0x00007ffad8e44000 	C:\Windows\system32\rsaenh.dll
0x00007ffada1f0000 - 0x00007ffada217000 	C:\Windows\System32\bcrypt.dll
0x00007ffad9cb0000 - 0x00007ffad9cde000 	C:\Windows\SYSTEM32\USERENV.dll
0x00007ffad96a0000 - 0x00007ffad96ac000 	C:\Windows\SYSTEM32\CRYPTBASE.dll
0x00007ffad9180000 - 0x00007ffad91bb000 	C:\Windows\SYSTEM32\IPHLPAPI.DLL
0x00007ffadbe10000 - 0x00007ffadbe18000 	C:\Windows\System32\NSI.dll
0x00007ffacdf40000 - 0x00007ffacdf57000 	C:\Windows\SYSTEM32\dhcpcsvc6.DLL
0x00007ffad1190000 - 0x00007ffad11ad000 	C:\Windows\SYSTEM32\dhcpcsvc.DLL
0x00007ffad91c0000 - 0x00007ffad928b000 	C:\Windows\SYSTEM32\DNSAPI.dll
0x00007ffad1750000 - 0x00007ffad175b000 	C:\Windows\SYSTEM32\WINNSI.DLL

dbghelp: loaded successfully - version: 4.0.5 - missing functions: none
symbol engine: initialized successfully - sym options: 0x614 - pdb path: .;C:\Program Files\Android\Android Studio1\jre\bin;C:\Windows\SYSTEM32;C:\Windows\WinSxS\amd64_microsoft.windows.common-controls_6595b64144ccf1df_6.0.19041.1110_none_60b5254171f9507e;C:\Program Files\Android\Android Studio1\jre\bin\server;C:\Users\VuThiLanh\.gradle\native\fdc75f09e3144964f2cf3f50f0aa648679c211496f362492102eb8c894070792\windows-amd64;C:\Users\VuThiLanh\.gradle\native\12488b8bf47d2d4c9fbf2f6322a914ad602e24e48041cd04a747c6da556b65c4\windows-amd64

VM Arguments:
jvm_args: --add-opens=java.base/java.util=ALL-UNNAMED --add-opens=java.base/java.lang=ALL-UNNAMED --add-opens=java.base/java.lang.invoke=ALL-UNNAMED --add-opens=java.prefs/java.util.prefs=ALL-UNNAMED -Xmx2048m -Dfile.encoding=UTF-8 -Duser.country=US -Duser.language=en -Duser.variant 
java_command: org.gradle.launcher.daemon.bootstrap.GradleDaemon 6.7.1
java_class_path (initial): C:\Users\VuThiLanh\.gradle\wrapper\dists\gradle-6.7.1-bin\bwlcbys1h7rz3272sye1xwiv6\gradle-6.7.1\lib\gradle-launcher-6.7.1.jar
Launcher Type: SUN_STANDARD

[Global flags]
     intx CICompilerCount                          = 3                                         {product} {ergonomic}
     uint ConcGCThreads                            = 1                                         {product} {ergonomic}
     uint G1ConcRefinementThreads                  = 4                                         {product} {ergonomic}
   size_t G1HeapRegionSize                         = 1048576                                   {product} {ergonomic}
    uintx GCDrainStackTargetSize                   = 64                                        {product} {ergonomic}
   size_t InitialHeapSize                          = 65011712                                  {product} {ergonomic}
   size_t MarkStackSize                            = 4194304                                   {product} {ergonomic}
   size_t MaxHeapSize                              = 2147483648                                {product} {command line}
   size_t MaxNewSize                               = 1287651328                                {product} {ergonomic}
   size_t MinHeapDeltaBytes                        = 1048576                                   {product} {ergonomic}
    uintx NonNMethodCodeHeapSize                   = 5830732                                {pd product} {ergonomic}
    uintx NonProfiledCodeHeapSize                  = 122913754                              {pd product} {ergonomic}
    uintx ProfiledCodeHeapSize                     = 122913754                              {pd product} {ergonomic}
    uintx ReservedCodeCacheSize                    = 251658240                              {pd product} {ergonomic}
     bool SegmentedCodeCache                       = true                                      {product} {ergonomic}
     bool UseCompressedClassPointers               = true                                 {lp64_product} {ergonomic}
     bool UseCompressedOops                        = true                                 {lp64_product} {ergonomic}
     bool UseG1GC                                  = true                                      {product} {ergonomic}
     bool UseLargePagesIndividualAllocation        = false                                  {pd product} {ergonomic}

Logging:
Log output configuration:
 #0: stdout all=warning uptime,level,tags
 #1: stderr all=off uptime,level,tags

Environment Variables:
PATH=C:\Program Files\Common Files\Oracle\Java\javapath;C:\Windows\system32;C:\Windows;C:\Windows\System32\Wbem;C:\Windows\System32\WindowsPowerShell\v1.0\;C:\Windows\System32\OpenSSH\;C:\Program Files\Microsoft SQL Server\Client SDK\ODBC\170\Tools\Binn\;C:\Program Files (x86)\Microsoft SQL Server\150\Tools\Binn\;C:\Program Files\Microsoft SQL Server\150\Tools\Binn\;C:\Program Files\Microsoft SQL Server\150\DTS\Binn\;C:\Program Files (x86)\Microsoft SQL Server\150\DTS\Binn\;C:\Program Files\Azure Data Studio\bin;C:\Program Files\Microsoft SQL Server\130\Tools\Binn\;C:\Program Files\Git\cmd;C:\Program Files (x86)\Rational\common;C:\Program Files\dotnet\;C:\Users\VuThiLanh\AppData\Local\Microsoft\WindowsApps;C:\Program Files\Azure Data Studio\bin;C:\Users\VuThiLanh\.dotnet\tools;C:\Users\VuThiLanh\AppData\Local\GitHubDesktop\bin
USERNAME=VuThiLanh
OS=Windows_NT
PROCESSOR_IDENTIFIER=Intel64 Family 6 Model 142 Stepping 9, GenuineIntel



---------------  S Y S T E M  ---------------

OS: Windows 10 , 64 bit Build 19041 (10.0.19041.1348)
OS uptime: 2 days 11:16 hours

CPU:total 4 (initial active 4) (2 cores per cpu, 2 threads per core) family 6 model 142 stepping 9, cmov, cx8, fxsr, mmx, sse, sse2, sse3, ssse3, sse4.1, sse4.2, popcnt, avx, avx2, aes, clmul, erms, 3dnowpref, lzcnt, ht, tsc, tscinvbit, bmi1, bmi2, adx, fma

Memory: 4k page, system-wide physical 3961M (279M free)
TotalPageFile size 12057M (AvailPageFile size 8M)
current process WorkingSet (physical memory assigned to process): 377M, peak: 379M
current process commit charge ("private bytes"): 537M, peak: 539M

vm_info: OpenJDK 64-Bit Server VM (11.0.8+10-b944.6842174) for windows-amd64 JRE (11.0.8+10-b944.6842174), built on Sep 19 2020 01:11:42 by "builder" with MS VC++ 14.0 (VS2015)

END.
