#
# There is insufficient memory for the Java Runtime Environment to continue.
# Native memory allocation (malloc) failed to allocate 1289456 bytes for Chunk::new
# Possible reasons:
#   The system is out of physical RAM or swap space
#   The process is running with CompressedOops enabled, and the Java Heap may be blocking the growth of the native heap
# Possible solutions:
#   Reduce memory load on the system
#   Increase physical memory or swap space
#   Check if swap backing store is full
#   Decrease Java heap size (-Xmx/-Xms)
#   Decrease number of Java threads
#   Decrease Java thread stack sizes (-Xss)
#   Set larger code cache with -XX:ReservedCodeCacheSize=
#   JVM is running with Unscaled Compressed Oops mode in which the Java heap is
#     placed in the first 4GB address space. The Java Heap base address is the
#     maximum limit for the native heap growth. Please use -XX:HeapBaseMinAddress
#     to set the Java Heap base and to place the Java Heap above 4GB virtual address.
# This output file may be truncated or incomplete.
#
#  Out of Memory Error (./src/hotspot/share/memory/arena.cpp:197), pid=4736, tid=15064
#
# JRE version: OpenJDK Runtime Environment (11.0.8+10) (build 11.0.8+10-b944.6842174)
# Java VM: OpenJDK 64-Bit Server VM (11.0.8+10-b944.6842174, mixed mode, tiered, compressed oops, g1 gc, windows-amd64)
# No core dump will be written. Minidumps are not enabled by default on client versions of Windows
#

---------------  S U M M A R Y ------------

Command Line: --add-opens=java.base/java.util=ALL-UNNAMED --add-opens=java.base/java.lang=ALL-UNNAMED --add-opens=java.base/java.lang.invoke=ALL-UNNAMED --add-opens=java.prefs/java.util.prefs=ALL-UNNAMED -Xmx2048m -Dfile.encoding=UTF-8 -Duser.country=US -Duser.language=en -Duser.variant org.gradle.launcher.daemon.bootstrap.GradleDaemon 6.7.1

Host: Intel(R) Core(TM) i3-7020U CPU @ 2.30GHz, 4 cores, 3G,  Windows 10 , 64 bit Build 19041 (10.0.19041.1348)
Time: Tue Nov 23 21:27:07 2021 SE Asia Standard Time elapsed time: 72 seconds (0d 0h 1m 12s)

---------------  T H R E A D  ---------------

Current thread (0x000002063d107000):  JavaThread "C2 CompilerThread0" daemon [_thread_in_native, id=15064, stack(0x000000aafb200000,0x000000aafb300000)]


Current CompileTask:
C2:  72353 11041   !   4       java.net.URLClassLoader::defineClass (224 bytes)

Stack: [0x000000aafb200000,0x000000aafb300000]
Native frames: (J=compiled Java code, j=interpreted, Vv=VM code, C=native code)
V  [jvm.dll+0x5de50a]
V  [jvm.dll+0x7122f5]
V  [jvm.dll+0x71384d]
V  [jvm.dll+0x713f03]
V  [jvm.dll+0x23e728]
V  [jvm.dll+0xb899c]
V  [jvm.dll+0xb8e9c]
V  [jvm.dll+0x35020b]
V  [jvm.dll+0x31dea3]
V  [jvm.dll+0x31d39a]
V  [jvm.dll+0x1f7702]
V  [jvm.dll+0x1f68d4]
V  [jvm.dll+0x17f32c]
V  [jvm.dll+0x205047]
V  [jvm.dll+0x203891]
V  [jvm.dll+0x6dad3f]
V  [jvm.dll+0x6d3895]
V  [jvm.dll+0x5dd4a6]
C  [ucrtbase.dll+0x21bb2]
C  [KERNEL32.DLL+0x17034]
C  [ntdll.dll+0x52651]


---------------  P R O C E S S  ---------------

Threads class SMR info:
_java_thread_list=0x00000206466a8ca0, length=142, elements={
0x0000020622efb800, 0x000002063d0ae000, 0x000002063d0b7800, 0x000002063d101800,
0x000002063d102800, 0x000002063d107000, 0x000002063d109000, 0x000002063d10d000,
0x000002063db76000, 0x000002063db8a000, 0x000002063f055800, 0x000002063ea04800,
0x000002063ed0c000, 0x000002063f3c7000, 0x000002063f3c7800, 0x000002063de08000,
0x000002063e023000, 0x000002063dd70000, 0x000002063de02800, 0x000002063da6e000,
0x000002063e879000, 0x000002063e87a000, 0x000002063e878800, 0x000002063e87d000,
0x000002063e87b800, 0x000002063e87e000, 0x000002063e87f000, 0x000002063e87c800,
0x000002063e87b000, 0x0000020641cd8000, 0x0000020641cdc000, 0x0000020641cda800,
0x0000020641cdd000, 0x0000020641cd7000, 0x0000020641cdb000, 0x0000020641cdd800,
0x0000020641cd8800, 0x0000020641e4a000, 0x0000020641e4d000, 0x0000020641e47800,
0x0000020641e4c800, 0x0000020641e49000, 0x0000020641e4b000, 0x0000020641e4e000,
0x0000020641e4b800, 0x0000020641e48800, 0x0000020641e53000, 0x0000020641e52000,
0x0000020641e4f000, 0x0000020641e53800, 0x0000020641e50800, 0x0000020641e54800,
0x0000020641e4f800, 0x0000020641e55800, 0x0000020641e56000, 0x0000020641e51800,
0x00000206415dd000, 0x00000206415de000, 0x00000206415df000, 0x00000206415df800,
0x00000206415e0800, 0x00000206415da800, 0x00000206415e1000, 0x00000206415db800,
0x00000206415e2000, 0x00000206415dc800, 0x00000206415e8800, 0x00000206415e3000,
0x00000206415e9800, 0x00000206415e3800, 0x00000206415e7000, 0x00000206415e4800,
0x00000206415e5800, 0x00000206415e7800, 0x00000206415e6000, 0x00000206413c2800,
0x00000206413c5800, 0x00000206413c7000, 0x00000206413c4800, 0x00000206413c8000,
0x00000206413c4000, 0x00000206413c9000, 0x00000206413c3000, 0x00000206413ca800,
0x00000206413c6800, 0x00000206413cc000, 0x00000206413c9800, 0x00000206413cb800,
0x00000206413ce800, 0x00000206413cd000, 0x00000206413cd800, 0x00000206413d0000,
0x00000206413cf800, 0x00000206413d1000, 0x00000206410c9000, 0x00000206410cd000,
0x00000206410c9800, 0x00000206410cc000, 0x00000206410ca800, 0x00000206410cb800,
0x00000206410c7000, 0x00000206410cd800, 0x00000206410c8000, 0x00000206410d0000,
0x00000206410d3800, 0x00000206410d2000, 0x00000206410d2800, 0x00000206410d4000,
0x00000206410ce800, 0x00000206410cf800, 0x00000206410d5000, 0x00000206410d6000,
0x00000206410d1000, 0x00000206412a5800, 0x00000206412a7800, 0x00000206412a8000,
0x00000206412a5000, 0x00000206412a9000, 0x00000206412a6800, 0x00000206412a3000,
0x00000206412a9800, 0x00000206412a4000, 0x00000206412ad000, 0x00000206412ab800,
0x00000206412ac000, 0x00000206412ae000, 0x00000206412ae800, 0x00000206412af800,
0x00000206412b0800, 0x00000206412aa800, 0x00000206412b1000, 0x00000206412b2000,
0x00000206411aa000, 0x00000206411b0800, 0x00000206411ab000, 0x00000206411b1800,
0x00000206411ae000, 0x00000206411af000, 0x00000206411ab800, 0x00000206411b8000,
0x00000206411b2000, 0x00000206411b9000
}

Java Threads: ( => current thread )
  0x0000020622efb800 JavaThread "main" [_thread_blocked, id=1160, stack(0x000000aafa700000,0x000000aafa800000)]
  0x000002063d0ae000 JavaThread "Reference Handler" daemon [_thread_blocked, id=2432, stack(0x000000aafae00000,0x000000aafaf00000)]
  0x000002063d0b7800 JavaThread "Finalizer" daemon [_thread_blocked, id=840, stack(0x000000aafaf00000,0x000000aafb000000)]
  0x000002063d101800 JavaThread "Signal Dispatcher" daemon [_thread_blocked, id=14708, stack(0x000000aafb000000,0x000000aafb100000)]
  0x000002063d102800 JavaThread "Attach Listener" daemon [_thread_blocked, id=9764, stack(0x000000aafb100000,0x000000aafb200000)]
=>0x000002063d107000 JavaThread "C2 CompilerThread0" daemon [_thread_in_native, id=15064, stack(0x000000aafb200000,0x000000aafb300000)]
  0x000002063d109000 JavaThread "C1 CompilerThread0" daemon [_thread_blocked, id=13696, stack(0x000000aafb300000,0x000000aafb400000)]
  0x000002063d10d000 JavaThread "Sweeper thread" daemon [_thread_blocked, id=13168, stack(0x000000aafb400000,0x000000aafb500000)]
  0x000002063db76000 JavaThread "Common-Cleaner" daemon [_thread_blocked, id=4020, stack(0x000000aafb500000,0x000000aafb600000)]
  0x000002063db8a000 JavaThread "Service Thread" daemon [_thread_blocked, id=12656, stack(0x000000aafb600000,0x000000aafb700000)]
  0x000002063f055800 JavaThread "Daemon health stats" [_thread_blocked, id=10436, stack(0x000000aafb900000,0x000000aafba00000)]
  0x000002063ea04800 JavaThread "Incoming local TCP Connector on port 64541" [_thread_in_native, id=3992, stack(0x000000aafbe00000,0x000000aafbf00000)]
  0x000002063ed0c000 JavaThread "Daemon periodic checks" [_thread_blocked, id=11992, stack(0x000000aafbf00000,0x000000aafc000000)]
  0x000002063f3c7000 JavaThread "Daemon" [_thread_blocked, id=14592, stack(0x000000aafc000000,0x000000aafc100000)]
  0x000002063f3c7800 JavaThread "Handler for socket connection from /127.0.0.1:64541 to /127.0.0.1:64544" [_thread_in_native, id=11148, stack(0x000000aafc100000,0x000000aafc200000)]
  0x000002063de08000 JavaThread "Cancel handler" [_thread_blocked, id=7960, stack(0x000000aafc200000,0x000000aafc300000)]
  0x000002063e023000 JavaThread "Daemon worker" [_thread_blocked, id=1480, stack(0x000000aafc300000,0x000000aafc400000)]
  0x000002063dd70000 JavaThread "Asynchronous log dispatcher for DefaultDaemonConnection: socket connection from /127.0.0.1:64541 to /127.0.0.1:64544" [_thread_blocked, id=11988, stack(0x000000aafc400000,0x000000aafc500000)]
  0x000002063de02800 JavaThread "Stdin handler" [_thread_blocked, id=7852, stack(0x000000aafc500000,0x000000aafc600000)]
  0x000002063da6e000 JavaThread "Thread-8" [_thread_blocked, id=6868, stack(0x000000aafc600000,0x000000aafc700000)]
  0x000002063e879000 JavaThread "Cache worker for file hash cache (C:\Users\VuThiLanh\.gradle\caches\6.7.1\fileHashes)" [_thread_blocked, id=8872, stack(0x000000aafc700000,0x000000aafc800000)]
  0x000002063e87a000 JavaThread "File lock request listener" [_thread_in_native, id=1736, stack(0x000000aafc800000,0x000000aafc900000)]
  0x000002063e878800 JavaThread "Cache worker for journal cache (C:\Users\VuThiLanh\.gradle\caches\journal-1)" [_thread_blocked, id=11464, stack(0x000000aafc900000,0x000000aafca00000)]
  0x000002063e87d000 JavaThread "Cache worker for file hash cache (E:\K7_MaNguonMo\1_BaiTapLon\Nhom14_AppBanSachTrenNenTangAndroid\.gradle\6.7.1\fileHashes)" [_thread_blocked, id=10188, stack(0x000000aafca00000,0x000000aafcb00000)]
  0x000002063e87b800 JavaThread "Cache worker for checksums cache (E:\K7_MaNguonMo\1_BaiTapLon\Nhom14_AppBanSachTrenNenTangAndroid\.gradle\checksums)" [_thread_blocked, id=14964, stack(0x000000aafcb00000,0x000000aafcc00000)]
  0x000002063e87e000 JavaThread "Cache worker for cache directory md-supplier (C:\Users\VuThiLanh\.gradle\caches\6.7.1\md-supplier)" [_thread_blocked, id=6992, stack(0x000000aafcc00000,0x000000aafcd00000)]
  0x000002063e87f000 JavaThread "Cache worker for cache directory md-rule (C:\Users\VuThiLanh\.gradle\caches\6.7.1\md-rule)" [_thread_blocked, id=9548, stack(0x000000aafcd00000,0x000000aafce00000)]
  0x000002063e87c800 JavaThread "Cache worker for execution history cache (C:\Users\VuThiLanh\.gradle\caches\6.7.1\executionHistory)" [_thread_blocked, id=12488, stack(0x000000aafce00000,0x000000aafcf00000)]
  0x000002063e87b000 JavaThread "jar transforms" [_thread_blocked, id=3192, stack(0x000000aafcf00000,0x000000aafd000000)]
  0x0000020641cd8000 JavaThread "Cache worker for file content cache (C:\Users\VuThiLanh\.gradle\caches\6.7.1\fileContent)" [_thread_blocked, id=10620, stack(0x000000aafd000000,0x000000aafd100000)]
  0x0000020641cdc000 JavaThread "Cache worker for Build Output Cleanup Cache (E:\K7_MaNguonMo\1_BaiTapLon\Nhom14_AppBanSachTrenNenTangAndroid\.gradle\buildOutputCleanup)" [_thread_blocked, id=9440, stack(0x000000aafd100000,0x000000aafd200000)]
  0x0000020641cda800 JavaThread "Build operations" [_thread_blocked, id=2304, stack(0x000000aafd200000,0x000000aafd300000)]
  0x0000020641cdd000 JavaThread "Build operations Thread 2" [_thread_blocked, id=3204, stack(0x000000aafd300000,0x000000aafd400000)]
  0x0000020641cd7000 JavaThread "Build operations Thread 3" [_thread_blocked, id=10212, stack(0x000000aafd400000,0x000000aafd500000)]
  0x0000020641cdb000 JavaThread "Build operations Thread 4" [_thread_blocked, id=5240, stack(0x000000aafd500000,0x000000aafd600000)]
  0x0000020641cdd800 JavaThread "jar transforms Thread 2" [_thread_blocked, id=11076, stack(0x000000aafd600000,0x000000aafd700000)]
  0x0000020641cd8800 JavaThread "jar transforms Thread 3" [_thread_blocked, id=10948, stack(0x000000aafd700000,0x000000aafd800000)]
  0x0000020641e4a000 JavaThread "jar transforms Thread 4" [_thread_blocked, id=7988, stack(0x000000aafd800000,0x000000aafd900000)]
  0x0000020641e4d000 JavaThread "jar transforms Thread 5" [_thread_blocked, id=10120, stack(0x000000aafd900000,0x000000aafda00000)]
  0x0000020641e47800 JavaThread "jar transforms Thread 6" [_thread_blocked, id=15148, stack(0x000000aafda00000,0x000000aafdb00000)]
  0x0000020641e4c800 JavaThread "jar transforms Thread 7" [_thread_blocked, id=4884, stack(0x000000aafdb00000,0x000000aafdc00000)]
  0x0000020641e49000 JavaThread "jar transforms Thread 8" [_thread_blocked, id=9392, stack(0x000000aafdc00000,0x000000aafdd00000)]
  0x0000020641e4b000 JavaThread "jar transforms Thread 9" [_thread_blocked, id=4276, stack(0x000000aafdd00000,0x000000aafde00000)]
  0x0000020641e4e000 JavaThread "jar transforms Thread 10" [_thread_blocked, id=9112, stack(0x000000aafde00000,0x000000aafdf00000)]
  0x0000020641e4b800 JavaThread "jar transforms Thread 11" [_thread_blocked, id=13128, stack(0x000000aafdf00000,0x000000aafe000000)]
  0x0000020641e48800 JavaThread "jar transforms Thread 12" [_thread_blocked, id=8556, stack(0x000000aafe000000,0x000000aafe100000)]
  0x0000020641e53000 JavaThread "jar transforms Thread 13" [_thread_blocked, id=11756, stack(0x000000aafe100000,0x000000aafe200000)]
  0x0000020641e52000 JavaThread "jar transforms Thread 14" [_thread_blocked, id=7908, stack(0x000000aafe200000,0x000000aafe300000)]
  0x0000020641e4f000 JavaThread "jar transforms Thread 15" [_thread_blocked, id=11552, stack(0x000000aafe300000,0x000000aafe400000)]
  0x0000020641e53800 JavaThread "jar transforms Thread 16" [_thread_blocked, id=3924, stack(0x000000aafe400000,0x000000aafe500000)]
  0x0000020641e50800 JavaThread "jar transforms Thread 17" [_thread_blocked, id=2012, stack(0x000000aafe500000,0x000000aafe600000)]
  0x0000020641e54800 JavaThread "jar transforms Thread 18" [_thread_blocked, id=12420, stack(0x000000aafe600000,0x000000aafe700000)]
  0x0000020641e4f800 JavaThread "jar transforms Thread 19" [_thread_blocked, id=12516, stack(0x000000aafe700000,0x000000aafe800000)]
  0x0000020641e55800 JavaThread "jar transforms Thread 20" [_thread_blocked, id=11492, stack(0x000000aafe800000,0x000000aafe900000)]
  0x0000020641e56000 JavaThread "jar transforms Thread 21" [_thread_blocked, id=12616, stack(0x000000aafe900000,0x000000aafea00000)]
  0x0000020641e51800 JavaThread "jar transforms Thread 22" [_thread_blocked, id=3464, stack(0x000000aafea00000,0x000000aafeb00000)]
  0x00000206415dd000 JavaThread "jar transforms Thread 23" [_thread_blocked, id=14872, stack(0x000000aafeb00000,0x000000aafec00000)]
  0x00000206415de000 JavaThread "jar transforms Thread 24" [_thread_blocked, id=14392, stack(0x000000aafec00000,0x000000aafed00000)]
  0x00000206415df000 JavaThread "jar transforms Thread 25" [_thread_blocked, id=10324, stack(0x000000aafed00000,0x000000aafee00000)]
  0x00000206415df800 JavaThread "jar transforms Thread 26" [_thread_blocked, id=13932, stack(0x000000aafee00000,0x000000aafef00000)]
  0x00000206415e0800 JavaThread "jar transforms Thread 27" [_thread_blocked, id=5916, stack(0x000000aafef00000,0x000000aaff000000)]
  0x00000206415da800 JavaThread "jar transforms Thread 28" [_thread_blocked, id=13308, stack(0x000000aaff000000,0x000000aaff100000)]
  0x00000206415e1000 JavaThread "jar transforms Thread 29" [_thread_blocked, id=7112, stack(0x000000aaff100000,0x000000aaff200000)]
  0x00000206415db800 JavaThread "jar transforms Thread 30" [_thread_blocked, id=8468, stack(0x000000aaff200000,0x000000aaff300000)]
  0x00000206415e2000 JavaThread "jar transforms Thread 31" [_thread_blocked, id=7816, stack(0x000000aaff300000,0x000000aaff400000)]
  0x00000206415dc800 JavaThread "jar transforms Thread 32" [_thread_blocked, id=5024, stack(0x000000aaff400000,0x000000aaff500000)]
  0x00000206415e8800 JavaThread "jar transforms Thread 33" [_thread_blocked, id=5004, stack(0x000000aaff500000,0x000000aaff600000)]
  0x00000206415e3000 JavaThread "jar transforms Thread 34" [_thread_blocked, id=10440, stack(0x000000aaff600000,0x000000aaff700000)]
  0x00000206415e9800 JavaThread "jar transforms Thread 35" [_thread_blocked, id=1700, stack(0x000000aaff700000,0x000000aaff800000)]
  0x00000206415e3800 JavaThread "jar transforms Thread 36" [_thread_blocked, id=2348, stack(0x000000aaff800000,0x000000aaff900000)]
  0x00000206415e7000 JavaThread "jar transforms Thread 37" [_thread_blocked, id=14504, stack(0x000000aaff900000,0x000000aaffa00000)]
  0x00000206415e4800 JavaThread "jar transforms Thread 38" [_thread_blocked, id=8724, stack(0x000000aaffa00000,0x000000aaffb00000)]
  0x00000206415e5800 JavaThread "jar transforms Thread 39" [_thread_blocked, id=10448, stack(0x000000aaffb00000,0x000000aaffc00000)]
  0x00000206415e7800 JavaThread "jar transforms Thread 40" [_thread_blocked, id=7552, stack(0x000000aaffc00000,0x000000aaffd00000)]
  0x00000206415e6000 JavaThread "jar transforms Thread 41" [_thread_blocked, id=11236, stack(0x000000aaffd00000,0x000000aaffe00000)]
  0x00000206413c2800 JavaThread "jar transforms Thread 42" [_thread_blocked, id=12408, stack(0x000000aaffe00000,0x000000aafff00000)]
  0x00000206413c5800 JavaThread "jar transforms Thread 43" [_thread_blocked, id=6140, stack(0x000000aafff00000,0x000000ab00000000)]
  0x00000206413c7000 JavaThread "jar transforms Thread 44" [_thread_blocked, id=1868, stack(0x000000aa80000000,0x000000aa80100000)]
  0x00000206413c4800 JavaThread "jar transforms Thread 45" [_thread_blocked, id=11484, stack(0x000000aa80100000,0x000000aa80200000)]
  0x00000206413c8000 JavaThread "jar transforms Thread 46" [_thread_blocked, id=4480, stack(0x000000aa80200000,0x000000aa80300000)]
  0x00000206413c4000 JavaThread "jar transforms Thread 47" [_thread_blocked, id=15032, stack(0x000000aa80300000,0x000000aa80400000)]
  0x00000206413c9000 JavaThread "jar transforms Thread 48" [_thread_blocked, id=6604, stack(0x000000aa80400000,0x000000aa80500000)]
  0x00000206413c3000 JavaThread "jar transforms Thread 49" [_thread_blocked, id=1332, stack(0x000000aa80500000,0x000000aa80600000)]
  0x00000206413ca800 JavaThread "jar transforms Thread 50" [_thread_blocked, id=15316, stack(0x000000aa80600000,0x000000aa80700000)]
  0x00000206413c6800 JavaThread "jar transforms Thread 51" [_thread_blocked, id=6928, stack(0x000000aa80700000,0x000000aa80800000)]
  0x00000206413cc000 JavaThread "jar transforms Thread 52" [_thread_blocked, id=11068, stack(0x000000aa80800000,0x000000aa80900000)]
  0x00000206413c9800 JavaThread "jar transforms Thread 53" [_thread_blocked, id=6476, stack(0x000000aa80900000,0x000000aa80a00000)]
  0x00000206413cb800 JavaThread "jar transforms Thread 54" [_thread_blocked, id=12392, stack(0x000000aa80a00000,0x000000aa80b00000)]
  0x00000206413ce800 JavaThread "jar transforms Thread 55" [_thread_blocked, id=11568, stack(0x000000aa80b00000,0x000000aa80c00000)]
  0x00000206413cd000 JavaThread "jar transforms Thread 56" [_thread_blocked, id=8924, stack(0x000000aa80c00000,0x000000aa80d00000)]
  0x00000206413cd800 JavaThread "jar transforms Thread 57" [_thread_blocked, id=8840, stack(0x000000aa80d00000,0x000000aa80e00000)]
  0x00000206413d0000 JavaThread "jar transforms Thread 58" [_thread_blocked, id=9928, stack(0x000000aa80e00000,0x000000aa80f00000)]
  0x00000206413cf800 JavaThread "jar transforms Thread 59" [_thread_blocked, id=14268, stack(0x000000aa80f00000,0x000000aa81000000)]
  0x00000206413d1000 JavaThread "jar transforms Thread 60" [_thread_blocked, id=2028, stack(0x000000aa81000000,0x000000aa81100000)]
  0x00000206410c9000 JavaThread "jar transforms Thread 61" [_thread_blocked, id=8224, stack(0x000000aa81100000,0x000000aa81200000)]
  0x00000206410cd000 JavaThread "jar transforms Thread 62" [_thread_blocked, id=10500, stack(0x000000aa81200000,0x000000aa81300000)]
  0x00000206410c9800 JavaThread "jar transforms Thread 63" [_thread_blocked, id=9856, stack(0x000000aa81300000,0x000000aa81400000)]
  0x00000206410cc000 JavaThread "jar transforms Thread 64" [_thread_blocked, id=8288, stack(0x000000aa81400000,0x000000aa81500000)]
  0x00000206410ca800 JavaThread "jar transforms Thread 65" [_thread_blocked, id=12484, stack(0x000000aa81500000,0x000000aa81600000)]
  0x00000206410cb800 JavaThread "jar transforms Thread 66" [_thread_blocked, id=7740, stack(0x000000aa81600000,0x000000aa81700000)]
  0x00000206410c7000 JavaThread "jar transforms Thread 67" [_thread_blocked, id=4308, stack(0x000000aa81700000,0x000000aa81800000)]
  0x00000206410cd800 JavaThread "jar transforms Thread 68" [_thread_blocked, id=5284, stack(0x000000aa81800000,0x000000aa81900000)]
  0x00000206410c8000 JavaThread "jar transforms Thread 69" [_thread_blocked, id=11180, stack(0x000000aa81900000,0x000000aa81a00000)]
  0x00000206410d0000 JavaThread "jar transforms Thread 70" [_thread_blocked, id=2676, stack(0x000000aa81a00000,0x000000aa81b00000)]
  0x00000206410d3800 JavaThread "jar transforms Thread 71" [_thread_blocked, id=10928, stack(0x000000aa81b00000,0x000000aa81c00000)]
  0x00000206410d2000 JavaThread "jar transforms Thread 72" [_thread_blocked, id=3460, stack(0x000000aa81c00000,0x000000aa81d00000)]
  0x00000206410d2800 JavaThread "jar transforms Thread 73" [_thread_blocked, id=14172, stack(0x000000aa81d00000,0x000000aa81e00000)]
  0x00000206410d4000 JavaThread "jar transforms Thread 74" [_thread_blocked, id=11304, stack(0x000000aa81e00000,0x000000aa81f00000)]
  0x00000206410ce800 JavaThread "jar transforms Thread 75" [_thread_blocked, id=13612, stack(0x000000aa81f00000,0x000000aa82000000)]
  0x00000206410cf800 JavaThread "jar transforms Thread 76" [_thread_blocked, id=13808, stack(0x000000aa82000000,0x000000aa82100000)]
  0x00000206410d5000 JavaThread "jar transforms Thread 77" [_thread_blocked, id=13280, stack(0x000000aa82100000,0x000000aa82200000)]
  0x00000206410d6000 JavaThread "jar transforms Thread 78" [_thread_blocked, id=14976, stack(0x000000aa82200000,0x000000aa82300000)]
  0x00000206410d1000 JavaThread "jar transforms Thread 79" [_thread_blocked, id=14188, stack(0x000000aa82300000,0x000000aa82400000)]
  0x00000206412a5800 JavaThread "jar transforms Thread 80" [_thread_blocked, id=5740, stack(0x000000aa82400000,0x000000aa82500000)]
  0x00000206412a7800 JavaThread "jar transforms Thread 81" [_thread_blocked, id=11300, stack(0x000000aa82500000,0x000000aa82600000)]
  0x00000206412a8000 JavaThread "jar transforms Thread 82" [_thread_blocked, id=6480, stack(0x000000aa82600000,0x000000aa82700000)]
  0x00000206412a5000 JavaThread "jar transforms Thread 83" [_thread_blocked, id=11420, stack(0x000000aa82700000,0x000000aa82800000)]
  0x00000206412a9000 JavaThread "jar transforms Thread 84" [_thread_blocked, id=12716, stack(0x000000aa82800000,0x000000aa82900000)]
  0x00000206412a6800 JavaThread "jar transforms Thread 85" [_thread_blocked, id=12660, stack(0x000000aa82900000,0x000000aa82a00000)]
  0x00000206412a3000 JavaThread "jar transforms Thread 86" [_thread_blocked, id=2248, stack(0x000000aa82a00000,0x000000aa82b00000)]
  0x00000206412a9800 JavaThread "jar transforms Thread 87" [_thread_blocked, id=11132, stack(0x000000aa82b00000,0x000000aa82c00000)]
  0x00000206412a4000 JavaThread "jar transforms Thread 88" [_thread_blocked, id=10056, stack(0x000000aa82c00000,0x000000aa82d00000)]
  0x00000206412ad000 JavaThread "jar transforms Thread 89" [_thread_blocked, id=5340, stack(0x000000aa82d00000,0x000000aa82e00000)]
  0x00000206412ab800 JavaThread "jar transforms Thread 90" [_thread_blocked, id=12504, stack(0x000000aa82e00000,0x000000aa82f00000)]
  0x00000206412ac000 JavaThread "jar transforms Thread 91" [_thread_blocked, id=12272, stack(0x000000aa82f00000,0x000000aa83000000)]
  0x00000206412ae000 JavaThread "jar transforms Thread 92" [_thread_blocked, id=10860, stack(0x000000aa83000000,0x000000aa83100000)]
  0x00000206412ae800 JavaThread "jar transforms Thread 93" [_thread_blocked, id=11920, stack(0x000000aa83100000,0x000000aa83200000)]
  0x00000206412af800 JavaThread "jar transforms Thread 94" [_thread_blocked, id=14804, stack(0x000000aa83200000,0x000000aa83300000)]
  0x00000206412b0800 JavaThread "jar transforms Thread 95" [_thread_blocked, id=7800, stack(0x000000aa83300000,0x000000aa83400000)]
  0x00000206412aa800 JavaThread "jar transforms Thread 96" [_thread_blocked, id=5656, stack(0x000000aa83400000,0x000000aa83500000)]
  0x00000206412b1000 JavaThread "jar transforms Thread 97" [_thread_blocked, id=6304, stack(0x000000aa83500000,0x000000aa83600000)]
  0x00000206412b2000 JavaThread "jar transforms Thread 98" [_thread_blocked, id=11772, stack(0x000000aa83600000,0x000000aa83700000)]
  0x00000206411aa000 JavaThread "jar transforms Thread 99" [_thread_blocked, id=9716, stack(0x000000aa83700000,0x000000aa83800000)]
  0x00000206411b0800 JavaThread "Memory manager" [_thread_blocked, id=1360, stack(0x000000aa83800000,0x000000aa83900000)]
  0x00000206411ab000 JavaThread "build event listener" [_thread_blocked, id=12668, stack(0x000000aa83900000,0x000000aa83a00000)]
  0x00000206411b1800 JavaThread "build event listener" [_thread_blocked, id=9064, stack(0x000000aa83a00000,0x000000aa83b00000)]
  0x00000206411ae000 JavaThread "Execution worker for ':'" [_thread_in_vm, id=14556, stack(0x000000aa83b00000,0x000000aa83c00000)]
  0x00000206411af000 JavaThread "Execution worker for ':' Thread 2" [_thread_blocked, id=2772, stack(0x000000aa83c00000,0x000000aa83d00000)]
  0x00000206411ab800 JavaThread "Execution worker for ':' Thread 3" [_thread_blocked, id=3240, stack(0x000000aa83d00000,0x000000aa83e00000)]
  0x00000206411b8000 JavaThread "Cache worker for execution history cache (E:\K7_MaNguonMo\1_BaiTapLon\Nhom14_AppBanSachTrenNenTangAndroid\.gradle\6.7.1\executionHistory)" [_thread_blocked, id=11740, stack(0x000000aa83e00000,0x000000aa83f00000)]
  0x00000206411b2000 JavaThread "Cache worker for Java compile cache (C:\Users\VuThiLanh\.gradle\caches\6.7.1\javaCompile)" [_thread_blocked, id=1492, stack(0x000000aa83f00000,0x000000aa84000000)]
  0x00000206411b9000 JavaThread "Cache worker for Java compile cache (E:\K7_MaNguonMo\1_BaiTapLon\Nhom14_AppBanSachTrenNenTangAndroid\.gradle\6.7.1\javaCompile)" [_thread_blocked, id=14820, stack(0x000000aa84000000,0x000000aa84100000)]

Other Threads:
  0x000002063d0a6000 VMThread "VM Thread" [stack: 0x000000aafad00000,0x000000aafae00000] [id=5260]
  0x000002063dbd5800 WatcherThread [stack: 0x000000aafb700000,0x000000aafb800000] [id=9480]
  0x0000020622f14000 GCTaskThread "GC Thread#0" [stack: 0x000000aafa800000,0x000000aafa900000] [id=9632]
  0x000002063e391000 GCTaskThread "GC Thread#1" [stack: 0x000000aafb800000,0x000000aafb900000] [id=6420]
  0x000002063f461000 GCTaskThread "GC Thread#2" [stack: 0x000000aafba00000,0x000000aafbb00000] [id=6128]
  0x000002063ec63000 GCTaskThread "GC Thread#3" [stack: 0x000000aafbb00000,0x000000aafbc00000] [id=10524]
  0x0000020622f43800 ConcurrentGCThread "G1 Main Marker" [stack: 0x000000aafa900000,0x000000aafaa00000] [id=14348]
  0x0000020622f46000 ConcurrentGCThread "G1 Conc#0" [stack: 0x000000aafaa00000,0x000000aafab00000] [id=7592]
  0x0000020622f9d800 ConcurrentGCThread "G1 Refine#0" [stack: 0x000000aafab00000,0x000000aafac00000] [id=3176]
  0x0000020622fa0800 ConcurrentGCThread "G1 Young RemSet Sampling" [stack: 0x000000aafac00000,0x000000aafad00000] [id=8860]

Threads with active compile tasks:
C2 CompilerThread0  72448 11041   !   4       java.net.URLClassLoader::defineClass (224 bytes)

VM state:not at safepoint (normal execution)

VM Mutex/Monitor currently owned by a thread: None

Heap address: 0x0000000080000000, size: 2048 MB, Compressed Oops mode: 32-bit
Narrow klass base: 0x0000000000000000, Narrow klass shift: 3
Compressed class space size: 1073741824 Address: 0x0000000100000000

Heap:
 garbage-first heap   total 238592K, used 140288K [0x0000000080000000, 0x0000000100000000)
  region size 1024K, 8 young (8192K), 5 survivors (5120K)
 Metaspace       used 93437K, capacity 95644K, committed 95872K, reserved 1132544K
  class space    used 11848K, capacity 12619K, committed 12672K, reserved 1048576K
Heap Regions: E=young(eden), S=young(survivor), O=old, HS=humongous(starts), HC=humongous(continues), CS=collection set, F=free, A=archive, TAMS=top-at-mark-start (previous, next)
|   0|0x0000000080000000, 0x0000000080100000, 0x0000000080100000|100%| O|  |TAMS 0x0000000080100000, 0x0000000080100000| Untracked 
|   1|0x0000000080100000, 0x0000000080200000, 0x0000000080200000|100%| O|  |TAMS 0x0000000080200000, 0x0000000080200000| Untracked 
|   2|0x0000000080200000, 0x0000000080300000, 0x0000000080300000|100%| O|  |TAMS 0x0000000080300000, 0x0000000080300000| Untracked 
|   3|0x0000000080300000, 0x0000000080400000, 0x0000000080400000|100%|HS|  |TAMS 0x0000000080400000, 0x0000000080400000| Complete 
|   4|0x0000000080400000, 0x0000000080500000, 0x0000000080500000|100%|HC|  |TAMS 0x0000000080500000, 0x0000000080500000| Complete 
|   5|0x0000000080500000, 0x0000000080600000, 0x0000000080600000|100%|HC|  |TAMS 0x0000000080600000, 0x0000000080600000| Complete 
|   6|0x0000000080600000, 0x0000000080700000, 0x0000000080700000|100%| O|  |TAMS 0x0000000080700000, 0x0000000080700000| Untracked 
|   7|0x0000000080700000, 0x0000000080800000, 0x0000000080800000|100%| O|  |TAMS 0x0000000080800000, 0x0000000080800000| Untracked 
|   8|0x0000000080800000, 0x0000000080900000, 0x0000000080900000|100%| O|  |TAMS 0x0000000080900000, 0x0000000080900000| Untracked 
|   9|0x0000000080900000, 0x0000000080a00000, 0x0000000080a00000|100%| O|  |TAMS 0x0000000080a00000, 0x0000000080a00000| Untracked 
|  10|0x0000000080a00000, 0x0000000080b00000, 0x0000000080b00000|100%| O|  |TAMS 0x0000000080b00000, 0x0000000080b00000| Untracked 
|  11|0x0000000080b00000, 0x0000000080c00000, 0x0000000080c00000|100%| O|  |TAMS 0x0000000080c00000, 0x0000000080c00000| Untracked 
|  12|0x0000000080c00000, 0x0000000080d00000, 0x0000000080d00000|100%| O|  |TAMS 0x0000000080d00000, 0x0000000080d00000| Untracked 
|  13|0x0000000080d00000, 0x0000000080e00000, 0x0000000080e00000|100%| O|  |TAMS 0x0000000080e00000, 0x0000000080e00000| Untracked 
|  14|0x0000000080e00000, 0x0000000080f00000, 0x0000000080f00000|100%| O|  |TAMS 0x0000000080f00000, 0x0000000080f00000| Untracked 
|  15|0x0000000080f00000, 0x0000000081000000, 0x0000000081000000|100%| O|  |TAMS 0x0000000081000000, 0x0000000081000000| Untracked 
|  16|0x0000000081000000, 0x0000000081100000, 0x0000000081100000|100%| O|  |TAMS 0x0000000081100000, 0x0000000081100000| Untracked 
|  17|0x0000000081100000, 0x0000000081200000, 0x0000000081200000|100%| O|  |TAMS 0x0000000081200000, 0x0000000081200000| Untracked 
|  18|0x0000000081200000, 0x0000000081300000, 0x0000000081300000|100%| O|  |TAMS 0x0000000081300000, 0x0000000081300000| Untracked 
|  19|0x0000000081300000, 0x0000000081400000, 0x0000000081400000|100%| O|  |TAMS 0x0000000081400000, 0x0000000081400000| Untracked 
|  20|0x0000000081400000, 0x0000000081500000, 0x0000000081500000|100%| O|  |TAMS 0x0000000081500000, 0x0000000081500000| Untracked 
|  21|0x0000000081500000, 0x0000000081600000, 0x0000000081600000|100%| O|  |TAMS 0x0000000081600000, 0x0000000081600000| Untracked 
|  22|0x0000000081600000, 0x0000000081700000, 0x0000000081700000|100%| O|  |TAMS 0x0000000081700000, 0x0000000081700000| Untracked 
|  23|0x0000000081700000, 0x0000000081800000, 0x0000000081800000|100%| O|  |TAMS 0x0000000081800000, 0x0000000081800000| Untracked 
|  24|0x0000000081800000, 0x0000000081900000, 0x0000000081900000|100%|HS|  |TAMS 0x0000000081900000, 0x0000000081900000| Complete 
|  25|0x0000000081900000, 0x0000000081a00000, 0x0000000081a00000|100%|HS|  |TAMS 0x0000000081a00000, 0x0000000081a00000| Complete 
|  26|0x0000000081a00000, 0x0000000081b00000, 0x0000000081b00000|100%|HC|  |TAMS 0x0000000081b00000, 0x0000000081b00000| Complete 
|  27|0x0000000081b00000, 0x0000000081c00000, 0x0000000081c00000|100%| O|  |TAMS 0x0000000081c00000, 0x0000000081c00000| Untracked 
|  28|0x0000000081c00000, 0x0000000081d00000, 0x0000000081d00000|100%| O|  |TAMS 0x0000000081d00000, 0x0000000081d00000| Untracked 
|  29|0x0000000081d00000, 0x0000000081e00000, 0x0000000081e00000|100%| O|  |TAMS 0x0000000081e00000, 0x0000000081e00000| Untracked 
|  30|0x0000000081e00000, 0x0000000081f00000, 0x0000000081f00000|100%| O|  |TAMS 0x0000000081f00000, 0x0000000081f00000| Untracked 
|  31|0x0000000081f00000, 0x0000000082000000, 0x0000000082000000|100%| O|  |TAMS 0x0000000082000000, 0x0000000082000000| Untracked 
|  32|0x0000000082000000, 0x0000000082100000, 0x0000000082100000|100%| O|  |TAMS 0x0000000082100000, 0x0000000082100000| Untracked 
|  33|0x0000000082100000, 0x0000000082200000, 0x0000000082200000|100%| O|  |TAMS 0x0000000082200000, 0x0000000082200000| Untracked 
|  34|0x0000000082200000, 0x0000000082300000, 0x0000000082300000|100%| O|  |TAMS 0x0000000082300000, 0x0000000082300000| Untracked 
|  35|0x0000000082300000, 0x0000000082400000, 0x0000000082400000|100%| O|  |TAMS 0x0000000082400000, 0x0000000082400000| Untracked 
|  36|0x0000000082400000, 0x0000000082500000, 0x0000000082500000|100%| O|  |TAMS 0x0000000082500000, 0x0000000082500000| Untracked 
|  37|0x0000000082500000, 0x0000000082600000, 0x0000000082600000|100%| O|  |TAMS 0x0000000082600000, 0x0000000082600000| Untracked 
|  38|0x0000000082600000, 0x0000000082700000, 0x0000000082700000|100%| O|  |TAMS 0x0000000082700000, 0x0000000082700000| Untracked 
|  39|0x0000000082700000, 0x0000000082800000, 0x0000000082800000|100%| O|  |TAMS 0x0000000082800000, 0x0000000082800000| Untracked 
|  40|0x0000000082800000, 0x0000000082900000, 0x0000000082900000|100%| O|  |TAMS 0x0000000082900000, 0x0000000082900000| Untracked 
|  41|0x0000000082900000, 0x0000000082a00000, 0x0000000082a00000|100%| O|  |TAMS 0x0000000082a00000, 0x0000000082a00000| Untracked 
|  42|0x0000000082a00000, 0x0000000082b00000, 0x0000000082b00000|100%| O|  |TAMS 0x0000000082b00000, 0x0000000082b00000| Untracked 
|  43|0x0000000082b00000, 0x0000000082c00000, 0x0000000082c00000|100%| O|  |TAMS 0x0000000082c00000, 0x0000000082c00000| Untracked 
|  44|0x0000000082c00000, 0x0000000082d00000, 0x0000000082d00000|100%| O|  |TAMS 0x0000000082d00000, 0x0000000082d00000| Untracked 
|  45|0x0000000082d00000, 0x0000000082e00000, 0x0000000082e00000|100%| O|  |TAMS 0x0000000082e00000, 0x0000000082e00000| Untracked 
|  46|0x0000000082e00000, 0x0000000082f00000, 0x0000000082f00000|100%| O|  |TAMS 0x0000000082f00000, 0x0000000082f00000| Untracked 
|  47|0x0000000082f00000, 0x0000000083000000, 0x0000000083000000|100%| O|  |TAMS 0x0000000083000000, 0x0000000083000000| Untracked 
|  48|0x0000000083000000, 0x0000000083100000, 0x0000000083100000|100%| O|  |TAMS 0x0000000083100000, 0x0000000083100000| Untracked 
|  49|0x0000000083100000, 0x0000000083200000, 0x0000000083200000|100%| O|  |TAMS 0x0000000083200000, 0x0000000083200000| Untracked 
|  50|0x0000000083200000, 0x0000000083300000, 0x0000000083300000|100%| O|  |TAMS 0x0000000083300000, 0x0000000083300000| Untracked 
|  51|0x0000000083300000, 0x0000000083400000, 0x0000000083400000|100%| O|  |TAMS 0x0000000083400000, 0x0000000083400000| Untracked 
|  52|0x0000000083400000, 0x0000000083500000, 0x0000000083500000|100%| O|  |TAMS 0x0000000083500000, 0x0000000083500000| Untracked 
|  53|0x0000000083500000, 0x0000000083600000, 0x0000000083600000|100%| O|  |TAMS 0x0000000083600000, 0x0000000083600000| Untracked 
|  54|0x0000000083600000, 0x0000000083700000, 0x0000000083700000|100%| O|  |TAMS 0x0000000083700000, 0x0000000083700000| Untracked 
|  55|0x0000000083700000, 0x0000000083800000, 0x0000000083800000|100%| O|  |TAMS 0x0000000083800000, 0x0000000083800000| Untracked 
|  56|0x0000000083800000, 0x0000000083900000, 0x0000000083900000|100%| O|  |TAMS 0x0000000083900000, 0x0000000083900000| Untracked 
|  57|0x0000000083900000, 0x0000000083a00000, 0x0000000083a00000|100%| O|  |TAMS 0x0000000083a00000, 0x0000000083a00000| Untracked 
|  58|0x0000000083a00000, 0x0000000083b00000, 0x0000000083b00000|100%| O|  |TAMS 0x0000000083b00000, 0x0000000083b00000| Untracked 
|  59|0x0000000083b00000, 0x0000000083c00000, 0x0000000083c00000|100%| O|  |TAMS 0x0000000083c00000, 0x0000000083c00000| Untracked 
|  60|0x0000000083c00000, 0x0000000083d00000, 0x0000000083d00000|100%| O|  |TAMS 0x0000000083d00000, 0x0000000083d00000| Untracked 
|  61|0x0000000083d00000, 0x0000000083e00000, 0x0000000083e00000|100%| O|  |TAMS 0x0000000083e00000, 0x0000000083e00000| Untracked 
|  62|0x0000000083e00000, 0x0000000083f00000, 0x0000000083f00000|100%| O|  |TAMS 0x0000000083f00000, 0x0000000083f00000| Untracked 
|  63|0x0000000083f00000, 0x0000000084000000, 0x0000000084000000|100%| O|  |TAMS 0x0000000084000000, 0x0000000084000000| Untracked 
|  64|0x0000000084000000, 0x0000000084100000, 0x0000000084100000|100%| O|  |TAMS 0x0000000084100000, 0x0000000084100000| Untracked 
|  65|0x0000000084100000, 0x0000000084200000, 0x0000000084200000|100%| O|  |TAMS 0x0000000084200000, 0x0000000084200000| Untracked 
|  66|0x0000000084200000, 0x0000000084300000, 0x0000000084300000|100%|HS|  |TAMS 0x0000000084300000, 0x0000000084300000| Complete 
|  67|0x0000000084300000, 0x0000000084400000, 0x0000000084400000|100%|HC|  |TAMS 0x0000000084400000, 0x0000000084400000| Complete 
|  68|0x0000000084400000, 0x0000000084500000, 0x0000000084500000|100%| O|  |TAMS 0x0000000084500000, 0x0000000084500000| Untracked 
|  69|0x0000000084500000, 0x0000000084600000, 0x0000000084600000|100%| O|  |TAMS 0x0000000084600000, 0x0000000084600000| Untracked 
|  70|0x0000000084600000, 0x0000000084700000, 0x0000000084700000|100%| O|  |TAMS 0x0000000084700000, 0x0000000084700000| Untracked 
|  71|0x0000000084700000, 0x0000000084800000, 0x0000000084800000|100%| O|  |TAMS 0x0000000084800000, 0x0000000084800000| Untracked 
|  72|0x0000000084800000, 0x0000000084900000, 0x0000000084900000|100%| O|  |TAMS 0x0000000084900000, 0x0000000084900000| Untracked 
|  73|0x0000000084900000, 0x0000000084a00000, 0x0000000084a00000|100%| O|  |TAMS 0x0000000084a00000, 0x0000000084a00000| Untracked 
|  74|0x0000000084a00000, 0x0000000084b00000, 0x0000000084b00000|100%| O|  |TAMS 0x0000000084b00000, 0x0000000084b00000| Untracked 
|  75|0x0000000084b00000, 0x0000000084c00000, 0x0000000084c00000|100%| O|  |TAMS 0x0000000084c00000, 0x0000000084c00000| Untracked 
|  76|0x0000000084c00000, 0x0000000084d00000, 0x0000000084d00000|100%| O|  |TAMS 0x0000000084d00000, 0x0000000084d00000| Untracked 
|  77|0x0000000084d00000, 0x0000000084e00000, 0x0000000084e00000|100%| O|  |TAMS 0x0000000084e00000, 0x0000000084e00000| Untracked 
|  78|0x0000000084e00000, 0x0000000084f00000, 0x0000000084f00000|100%| O|  |TAMS 0x0000000084f00000, 0x0000000084f00000| Untracked 
|  79|0x0000000084f00000, 0x0000000085000000, 0x0000000085000000|100%| O|  |TAMS 0x0000000085000000, 0x0000000085000000| Untracked 
|  80|0x0000000085000000, 0x0000000085100000, 0x0000000085100000|100%| O|  |TAMS 0x0000000085100000, 0x0000000085100000| Untracked 
|  81|0x0000000085100000, 0x0000000085200000, 0x0000000085200000|100%| O|  |TAMS 0x0000000085200000, 0x0000000085200000| Untracked 
|  82|0x0000000085200000, 0x0000000085300000, 0x0000000085300000|100%| O|  |TAMS 0x0000000085300000, 0x0000000085300000| Untracked 
|  83|0x0000000085300000, 0x0000000085400000, 0x0000000085400000|100%| O|  |TAMS 0x0000000085400000, 0x0000000085400000| Untracked 
|  84|0x0000000085400000, 0x0000000085500000, 0x0000000085500000|100%| O|  |TAMS 0x0000000085500000, 0x0000000085500000| Untracked 
|  85|0x0000000085500000, 0x0000000085600000, 0x0000000085600000|100%| O|  |TAMS 0x0000000085600000, 0x0000000085600000| Untracked 
|  86|0x0000000085600000, 0x0000000085700000, 0x0000000085700000|100%| O|  |TAMS 0x0000000085700000, 0x0000000085700000| Untracked 
|  87|0x0000000085700000, 0x0000000085800000, 0x0000000085800000|100%| O|  |TAMS 0x0000000085800000, 0x0000000085800000| Untracked 
|  88|0x0000000085800000, 0x0000000085900000, 0x0000000085900000|100%| O|  |TAMS 0x0000000085900000, 0x0000000085900000| Untracked 
|  89|0x0000000085900000, 0x0000000085a00000, 0x0000000085a00000|100%| O|  |TAMS 0x0000000085a00000, 0x0000000085a00000| Untracked 
|  90|0x0000000085a00000, 0x0000000085b00000, 0x0000000085b00000|100%| O|  |TAMS 0x0000000085b00000, 0x0000000085b00000| Untracked 
|  91|0x0000000085b00000, 0x0000000085c00000, 0x0000000085c00000|100%| O|  |TAMS 0x0000000085c00000, 0x0000000085c00000| Untracked 
|  92|0x0000000085c00000, 0x0000000085d00000, 0x0000000085d00000|100%| O|  |TAMS 0x0000000085d00000, 0x0000000085d00000| Untracked 
|  93|0x0000000085d00000, 0x0000000085e00000, 0x0000000085e00000|100%| O|  |TAMS 0x0000000085e00000, 0x0000000085e00000| Untracked 
|  94|0x0000000085e00000, 0x0000000085f00000, 0x0000000085f00000|100%| O|  |TAMS 0x0000000085f00000, 0x0000000085f00000| Untracked 
|  95|0x0000000085f00000, 0x0000000086000000, 0x0000000086000000|100%| O|  |TAMS 0x0000000086000000, 0x0000000086000000| Untracked 
|  96|0x0000000086000000, 0x0000000086100000, 0x0000000086100000|100%| O|  |TAMS 0x0000000086100000, 0x0000000086100000| Untracked 
|  97|0x0000000086100000, 0x0000000086200000, 0x0000000086200000|100%| O|  |TAMS 0x0000000086200000, 0x0000000086200000| Untracked 
|  98|0x0000000086200000, 0x0000000086300000, 0x0000000086300000|100%| O|  |TAMS 0x0000000086300000, 0x0000000086300000| Untracked 
|  99|0x0000000086300000, 0x0000000086400000, 0x0000000086400000|100%| O|  |TAMS 0x0000000086400000, 0x0000000086400000| Untracked 
| 100|0x0000000086400000, 0x0000000086500000, 0x0000000086500000|100%| O|  |TAMS 0x0000000086500000, 0x0000000086500000| Untracked 
| 101|0x0000000086500000, 0x0000000086600000, 0x0000000086600000|100%| O|  |TAMS 0x0000000086600000, 0x0000000086600000| Untracked 
| 102|0x0000000086600000, 0x0000000086700000, 0x0000000086700000|100%| O|  |TAMS 0x0000000086700000, 0x0000000086700000| Untracked 
| 103|0x0000000086700000, 0x0000000086800000, 0x0000000086800000|100%| O|  |TAMS 0x0000000086800000, 0x0000000086800000| Untracked 
| 104|0x0000000086800000, 0x0000000086900000, 0x0000000086900000|100%| O|  |TAMS 0x0000000086900000, 0x0000000086900000| Untracked 
| 105|0x0000000086900000, 0x0000000086a00000, 0x0000000086a00000|100%| O|  |TAMS 0x0000000086a00000, 0x0000000086a00000| Untracked 
| 106|0x0000000086a00000, 0x0000000086b00000, 0x0000000086b00000|100%| O|  |TAMS 0x0000000086b00000, 0x0000000086b00000| Untracked 
| 107|0x0000000086b00000, 0x0000000086c00000, 0x0000000086c00000|100%| O|  |TAMS 0x0000000086c00000, 0x0000000086c00000| Untracked 
| 108|0x0000000086c00000, 0x0000000086d00000, 0x0000000086d00000|100%| O|  |TAMS 0x0000000086d00000, 0x0000000086d00000| Untracked 
| 109|0x0000000086d00000, 0x0000000086e00000, 0x0000000086e00000|100%| O|  |TAMS 0x0000000086e00000, 0x0000000086e00000| Untracked 
| 110|0x0000000086e00000, 0x0000000086f00000, 0x0000000086f00000|100%| O|  |TAMS 0x0000000086f00000, 0x0000000086f00000| Untracked 
| 111|0x0000000086f00000, 0x0000000087000000, 0x0000000087000000|100%| O|  |TAMS 0x0000000086f00000, 0x0000000087000000| Untracked 
| 112|0x0000000087000000, 0x0000000087100000, 0x0000000087100000|100%| O|  |TAMS 0x0000000087000000, 0x0000000087100000| Untracked 
| 113|0x0000000087100000, 0x0000000087200000, 0x0000000087200000|100%| O|  |TAMS 0x0000000087100000, 0x0000000087200000| Untracked 
| 114|0x0000000087200000, 0x0000000087300000, 0x0000000087300000|100%| O|  |TAMS 0x0000000087200000, 0x0000000087300000| Untracked 
| 115|0x0000000087300000, 0x0000000087400000, 0x0000000087400000|100%| O|  |TAMS 0x0000000087300000, 0x0000000087400000| Untracked 
| 116|0x0000000087400000, 0x0000000087500000, 0x0000000087500000|100%| O|  |TAMS 0x0000000087400000, 0x0000000087500000| Untracked 
| 117|0x0000000087500000, 0x0000000087600000, 0x0000000087600000|100%| O|  |TAMS 0x0000000087600000, 0x0000000087600000| Untracked 
| 118|0x0000000087600000, 0x0000000087700000, 0x0000000087700000|100%| O|  |TAMS 0x0000000087700000, 0x0000000087700000| Untracked 
| 119|0x0000000087700000, 0x0000000087800000, 0x0000000087800000|100%| O|  |TAMS 0x0000000087800000, 0x0000000087800000| Untracked 
| 120|0x0000000087800000, 0x0000000087900000, 0x0000000087900000|100%| O|  |TAMS 0x0000000087900000, 0x0000000087900000| Untracked 
| 121|0x0000000087900000, 0x0000000087a00000, 0x0000000087a00000|100%| O|  |TAMS 0x0000000087a00000, 0x0000000087a00000| Untracked 
| 122|0x0000000087a00000, 0x0000000087b00000, 0x0000000087b00000|100%| O|  |TAMS 0x0000000087b00000, 0x0000000087b00000| Untracked 
| 123|0x0000000087b00000, 0x0000000087c00000, 0x0000000087c00000|100%| O|  |TAMS 0x0000000087b00000, 0x0000000087c00000| Untracked 
| 124|0x0000000087c00000, 0x0000000087d00000, 0x0000000087d00000|100%| O|  |TAMS 0x0000000087c00000, 0x0000000087d00000| Untracked 
| 125|0x0000000087d00000, 0x0000000087e00000, 0x0000000087e00000|100%| O|  |TAMS 0x0000000087d00000, 0x0000000087e00000| Untracked 
| 126|0x0000000087e00000, 0x0000000087f00000, 0x0000000087f00000|100%|HS|  |TAMS 0x0000000087e00000, 0x0000000087e00000| Complete 
| 127|0x0000000087f00000, 0x0000000087f00000, 0x0000000088000000|  0%| F|  |TAMS 0x0000000087f00000, 0x0000000087f00000| Untracked 
| 128|0x0000000088000000, 0x0000000088000000, 0x0000000088100000|  0%| F|  |TAMS 0x0000000088000000, 0x0000000088000000| Untracked 
| 129|0x0000000088100000, 0x0000000088100000, 0x0000000088200000|  0%| F|  |TAMS 0x0000000088100000, 0x0000000088100000| Untracked 
| 130|0x0000000088200000, 0x0000000088200000, 0x0000000088300000|  0%| F|  |TAMS 0x0000000088200000, 0x0000000088200000| Untracked 
| 131|0x0000000088300000, 0x0000000088300000, 0x0000000088400000|  0%| F|  |TAMS 0x0000000088300000, 0x0000000088300000| Untracked 
| 132|0x0000000088400000, 0x0000000088400000, 0x0000000088500000|  0%| F|  |TAMS 0x0000000088400000, 0x0000000088400000| Untracked 
| 133|0x0000000088500000, 0x0000000088500000, 0x0000000088600000|  0%| F|  |TAMS 0x0000000088500000, 0x0000000088500000| Untracked 
| 134|0x0000000088600000, 0x0000000088600000, 0x0000000088700000|  0%| F|  |TAMS 0x0000000088600000, 0x0000000088600000| Untracked 
| 135|0x0000000088700000, 0x0000000088700000, 0x0000000088800000|  0%| F|  |TAMS 0x0000000088700000, 0x0000000088700000| Untracked 
| 136|0x0000000088800000, 0x0000000088800000, 0x0000000088900000|  0%| F|  |TAMS 0x0000000088800000, 0x0000000088800000| Untracked 
| 137|0x0000000088900000, 0x0000000088900000, 0x0000000088a00000|  0%| F|  |TAMS 0x0000000088900000, 0x0000000088900000| Untracked 
| 138|0x0000000088a00000, 0x0000000088a00000, 0x0000000088b00000|  0%| F|  |TAMS 0x0000000088a00000, 0x0000000088a00000| Untracked 
| 139|0x0000000088b00000, 0x0000000088b00000, 0x0000000088c00000|  0%| F|  |TAMS 0x0000000088b00000, 0x0000000088b00000| Untracked 
| 140|0x0000000088c00000, 0x0000000088c00000, 0x0000000088d00000|  0%| F|  |TAMS 0x0000000088c00000, 0x0000000088c00000| Untracked 
| 141|0x0000000088d00000, 0x0000000088d00000, 0x0000000088e00000|  0%| F|  |TAMS 0x0000000088d00000, 0x0000000088d00000| Untracked 
| 142|0x0000000088e00000, 0x0000000088e00000, 0x0000000088f00000|  0%| F|  |TAMS 0x0000000088e00000, 0x0000000088e00000| Untracked 
| 143|0x0000000088f00000, 0x0000000088f00000, 0x0000000089000000|  0%| F|  |TAMS 0x0000000088f00000, 0x0000000088f00000| Untracked 
| 144|0x0000000089000000, 0x0000000089000000, 0x0000000089100000|  0%| F|  |TAMS 0x0000000089000000, 0x0000000089000000| Untracked 
| 145|0x0000000089100000, 0x0000000089100000, 0x0000000089200000|  0%| F|  |TAMS 0x0000000089100000, 0x0000000089100000| Untracked 
| 146|0x0000000089200000, 0x0000000089200000, 0x0000000089300000|  0%| F|  |TAMS 0x0000000089200000, 0x0000000089200000| Untracked 
| 147|0x0000000089300000, 0x0000000089300000, 0x0000000089400000|  0%| F|  |TAMS 0x0000000089300000, 0x0000000089300000| Untracked 
| 148|0x0000000089400000, 0x0000000089400000, 0x0000000089500000|  0%| F|  |TAMS 0x0000000089400000, 0x0000000089400000| Untracked 
| 149|0x0000000089500000, 0x0000000089500000, 0x0000000089600000|  0%| F|  |TAMS 0x0000000089500000, 0x0000000089500000| Untracked 
| 150|0x0000000089600000, 0x0000000089600000, 0x0000000089700000|  0%| F|  |TAMS 0x0000000089600000, 0x0000000089600000| Untracked 
| 151|0x0000000089700000, 0x0000000089700000, 0x0000000089800000|  0%| F|  |TAMS 0x0000000089700000, 0x0000000089700000| Untracked 
| 152|0x0000000089800000, 0x0000000089800000, 0x0000000089900000|  0%| F|  |TAMS 0x0000000089800000, 0x0000000089800000| Untracked 
| 153|0x0000000089900000, 0x0000000089900000, 0x0000000089a00000|  0%| F|  |TAMS 0x0000000089900000, 0x0000000089900000| Untracked 
| 154|0x0000000089a00000, 0x0000000089a00000, 0x0000000089b00000|  0%| F|  |TAMS 0x0000000089a00000, 0x0000000089a00000| Untracked 
| 155|0x0000000089b00000, 0x0000000089b00000, 0x0000000089c00000|  0%| F|  |TAMS 0x0000000089b00000, 0x0000000089b00000| Untracked 
| 156|0x0000000089c00000, 0x0000000089d00000, 0x0000000089d00000|100%| O|  |TAMS 0x0000000089d00000, 0x0000000089d00000| Untracked 
| 157|0x0000000089d00000, 0x0000000089e00000, 0x0000000089e00000|100%| O|  |TAMS 0x0000000089e00000, 0x0000000089e00000| Untracked 
| 158|0x0000000089e00000, 0x0000000089f00000, 0x0000000089f00000|100%| O|  |TAMS 0x0000000089f00000, 0x0000000089f00000| Untracked 
| 159|0x0000000089f00000, 0x0000000089f00000, 0x000000008a000000|  0%| F|  |TAMS 0x0000000089f00000, 0x0000000089f00000| Untracked 
| 160|0x000000008a000000, 0x000000008a000000, 0x000000008a100000|  0%| F|  |TAMS 0x000000008a000000, 0x000000008a000000| Untracked 
| 161|0x000000008a100000, 0x000000008a100000, 0x000000008a200000|  0%| F|  |TAMS 0x000000008a100000, 0x000000008a100000| Untracked 
| 162|0x000000008a200000, 0x000000008a200000, 0x000000008a300000|  0%| F|  |TAMS 0x000000008a200000, 0x000000008a200000| Untracked 
| 163|0x000000008a300000, 0x000000008a300000, 0x000000008a400000|  0%| F|  |TAMS 0x000000008a300000, 0x000000008a300000| Untracked 
| 164|0x000000008a400000, 0x000000008a400000, 0x000000008a500000|  0%| F|  |TAMS 0x000000008a400000, 0x000000008a400000| Untracked 
| 165|0x000000008a500000, 0x000000008a500000, 0x000000008a600000|  0%| F|  |TAMS 0x000000008a500000, 0x000000008a500000| Untracked 
| 166|0x000000008a600000, 0x000000008a600000, 0x000000008a700000|  0%| F|  |TAMS 0x000000008a600000, 0x000000008a600000| Untracked 
| 167|0x000000008a700000, 0x000000008a700000, 0x000000008a800000|  0%| F|  |TAMS 0x000000008a700000, 0x000000008a700000| Untracked 
| 168|0x000000008a800000, 0x000000008a800000, 0x000000008a900000|  0%| F|  |TAMS 0x000000008a800000, 0x000000008a800000| Untracked 
| 169|0x000000008a900000, 0x000000008a900000, 0x000000008aa00000|  0%| F|  |TAMS 0x000000008a900000, 0x000000008a900000| Untracked 
| 170|0x000000008aa00000, 0x000000008aa00000, 0x000000008ab00000|  0%| F|  |TAMS 0x000000008aa00000, 0x000000008aa00000| Untracked 
| 171|0x000000008ab00000, 0x000000008ab00000, 0x000000008ac00000|  0%| F|  |TAMS 0x000000008ab00000, 0x000000008ab00000| Untracked 
| 172|0x000000008ac00000, 0x000000008ac00000, 0x000000008ad00000|  0%| F|  |TAMS 0x000000008ac00000, 0x000000008ac00000| Untracked 
| 173|0x000000008ad00000, 0x000000008ad00000, 0x000000008ae00000|  0%| F|  |TAMS 0x000000008ad00000, 0x000000008ad00000| Untracked 
| 174|0x000000008ae00000, 0x000000008ae00000, 0x000000008af00000|  0%| F|  |TAMS 0x000000008ae00000, 0x000000008ae00000| Untracked 
| 175|0x000000008af00000, 0x000000008af00000, 0x000000008b000000|  0%| F|  |TAMS 0x000000008af00000, 0x000000008af00000| Untracked 
| 176|0x000000008b000000, 0x000000008b000000, 0x000000008b100000|  0%| F|  |TAMS 0x000000008b000000, 0x000000008b000000| Untracked 
| 177|0x000000008b100000, 0x000000008b100000, 0x000000008b200000|  0%| F|  |TAMS 0x000000008b100000, 0x000000008b100000| Untracked 
| 178|0x000000008b200000, 0x000000008b200000, 0x000000008b300000|  0%| F|  |TAMS 0x000000008b200000, 0x000000008b200000| Untracked 
| 179|0x000000008b300000, 0x000000008b300000, 0x000000008b400000|  0%| F|  |TAMS 0x000000008b300000, 0x000000008b300000| Untracked 
| 180|0x000000008b400000, 0x000000008b400000, 0x000000008b500000|  0%| F|  |TAMS 0x000000008b400000, 0x000000008b400000| Untracked 
| 181|0x000000008b500000, 0x000000008b500000, 0x000000008b600000|  0%| F|  |TAMS 0x000000008b500000, 0x000000008b500000| Untracked 
| 182|0x000000008b600000, 0x000000008b600000, 0x000000008b700000|  0%| F|  |TAMS 0x000000008b600000, 0x000000008b600000| Untracked 
| 183|0x000000008b700000, 0x000000008b700000, 0x000000008b800000|  0%| F|  |TAMS 0x000000008b700000, 0x000000008b700000| Untracked 
| 184|0x000000008b800000, 0x000000008b800000, 0x000000008b900000|  0%| F|  |TAMS 0x000000008b800000, 0x000000008b800000| Untracked 
| 185|0x000000008b900000, 0x000000008b900000, 0x000000008ba00000|  0%| F|  |TAMS 0x000000008b900000, 0x000000008b900000| Untracked 
| 186|0x000000008ba00000, 0x000000008ba00000, 0x000000008bb00000|  0%| F|  |TAMS 0x000000008ba00000, 0x000000008ba00000| Untracked 
| 187|0x000000008bb00000, 0x000000008bb00000, 0x000000008bc00000|  0%| F|  |TAMS 0x000000008bb00000, 0x000000008bb00000| Untracked 
| 188|0x000000008bc00000, 0x000000008bc00000, 0x000000008bd00000|  0%| F|  |TAMS 0x000000008bc00000, 0x000000008bc00000| Untracked 
| 189|0x000000008bd00000, 0x000000008bd00000, 0x000000008be00000|  0%| F|  |TAMS 0x000000008bd00000, 0x000000008bd00000| Untracked 
| 190|0x000000008be00000, 0x000000008be00000, 0x000000008bf00000|  0%| F|  |TAMS 0x000000008be00000, 0x000000008be00000| Untracked 
| 191|0x000000008bf00000, 0x000000008bf00000, 0x000000008c000000|  0%| F|  |TAMS 0x000000008bf00000, 0x000000008bf00000| Untracked 
| 192|0x000000008c000000, 0x000000008c000000, 0x000000008c100000|  0%| F|  |TAMS 0x000000008c000000, 0x000000008c000000| Untracked 
| 193|0x000000008c100000, 0x000000008c100000, 0x000000008c200000|  0%| F|  |TAMS 0x000000008c100000, 0x000000008c100000| Untracked 
| 194|0x000000008c200000, 0x000000008c200000, 0x000000008c300000|  0%| F|  |TAMS 0x000000008c200000, 0x000000008c200000| Untracked 
| 195|0x000000008c300000, 0x000000008c300000, 0x000000008c400000|  0%| F|  |TAMS 0x000000008c300000, 0x000000008c300000| Untracked 
| 196|0x000000008c400000, 0x000000008c400000, 0x000000008c500000|  0%| F|  |TAMS 0x000000008c400000, 0x000000008c400000| Untracked 
| 197|0x000000008c500000, 0x000000008c500000, 0x000000008c600000|  0%| F|  |TAMS 0x000000008c500000, 0x000000008c500000| Untracked 
| 198|0x000000008c600000, 0x000000008c600000, 0x000000008c700000|  0%| F|  |TAMS 0x000000008c600000, 0x000000008c600000| Untracked 
| 199|0x000000008c700000, 0x000000008c800000, 0x000000008c800000|100%| S|CS|TAMS 0x000000008c700000, 0x000000008c700000| Complete 
| 200|0x000000008c800000, 0x000000008c900000, 0x000000008c900000|100%| S|CS|TAMS 0x000000008c800000, 0x000000008c800000| Complete 
| 201|0x000000008c900000, 0x000000008ca00000, 0x000000008ca00000|100%| S|CS|TAMS 0x000000008c900000, 0x000000008c900000| Complete 
| 202|0x000000008ca00000, 0x000000008cb00000, 0x000000008cb00000|100%| S|CS|TAMS 0x000000008ca00000, 0x000000008ca00000| Complete 
| 203|0x000000008cb00000, 0x000000008cc00000, 0x000000008cc00000|100%| S|CS|TAMS 0x000000008cb00000, 0x000000008cb00000| Complete 
| 204|0x000000008cc00000, 0x000000008cc00000, 0x000000008cd00000|  0%| F|  |TAMS 0x000000008cc00000, 0x000000008cc00000| Untracked 
| 205|0x000000008cd00000, 0x000000008cd00000, 0x000000008ce00000|  0%| F|  |TAMS 0x000000008cd00000, 0x000000008cd00000| Untracked 
| 206|0x000000008ce00000, 0x000000008ce00000, 0x000000008cf00000|  0%| F|  |TAMS 0x000000008ce00000, 0x000000008ce00000| Untracked 
| 207|0x000000008cf00000, 0x000000008cf00000, 0x000000008d000000|  0%| F|  |TAMS 0x000000008cf00000, 0x000000008cf00000| Untracked 
| 208|0x000000008d000000, 0x000000008d000000, 0x000000008d100000|  0%| F|  |TAMS 0x000000008d000000, 0x000000008d000000| Untracked 
| 209|0x000000008d100000, 0x000000008d100000, 0x000000008d200000|  0%| F|  |TAMS 0x000000008d100000, 0x000000008d100000| Untracked 
| 210|0x000000008d200000, 0x000000008d200000, 0x000000008d300000|  0%| F|  |TAMS 0x000000008d200000, 0x000000008d200000| Untracked 
| 211|0x000000008d300000, 0x000000008d300000, 0x000000008d400000|  0%| F|  |TAMS 0x000000008d300000, 0x000000008d300000| Untracked 
| 212|0x000000008d400000, 0x000000008d400000, 0x000000008d500000|  0%| F|  |TAMS 0x000000008d400000, 0x000000008d400000| Untracked 
| 213|0x000000008d500000, 0x000000008d500000, 0x000000008d600000|  0%| F|  |TAMS 0x000000008d500000, 0x000000008d500000| Untracked 
| 214|0x000000008d600000, 0x000000008d600000, 0x000000008d700000|  0%| F|  |TAMS 0x000000008d600000, 0x000000008d600000| Untracked 
| 215|0x000000008d700000, 0x000000008d700000, 0x000000008d800000|  0%| F|  |TAMS 0x000000008d700000, 0x000000008d700000| Untracked 
| 216|0x000000008d800000, 0x000000008d800000, 0x000000008d900000|  0%| F|  |TAMS 0x000000008d800000, 0x000000008d800000| Untracked 
| 217|0x000000008d900000, 0x000000008d900000, 0x000000008da00000|  0%| F|  |TAMS 0x000000008d900000, 0x000000008d900000| Untracked 
| 218|0x000000008da00000, 0x000000008da00000, 0x000000008db00000|  0%| F|  |TAMS 0x000000008da00000, 0x000000008da00000| Untracked 
| 219|0x000000008db00000, 0x000000008db00000, 0x000000008dc00000|  0%| F|  |TAMS 0x000000008db00000, 0x000000008db00000| Untracked 
| 220|0x000000008dc00000, 0x000000008dc00000, 0x000000008dd00000|  0%| F|  |TAMS 0x000000008dc00000, 0x000000008dc00000| Untracked 
| 221|0x000000008dd00000, 0x000000008dd00000, 0x000000008de00000|  0%| F|  |TAMS 0x000000008dd00000, 0x000000008dd00000| Untracked 
| 222|0x000000008de00000, 0x000000008de00000, 0x000000008df00000|  0%| F|  |TAMS 0x000000008de00000, 0x000000008de00000| Untracked 
| 223|0x000000008df00000, 0x000000008df00000, 0x000000008e000000|  0%| F|  |TAMS 0x000000008df00000, 0x000000008df00000| Untracked 
| 224|0x000000008e000000, 0x000000008e000000, 0x000000008e100000|  0%| F|  |TAMS 0x000000008e000000, 0x000000008e000000| Untracked 
| 225|0x000000008e100000, 0x000000008e100000, 0x000000008e200000|  0%| F|  |TAMS 0x000000008e100000, 0x000000008e100000| Untracked 
| 226|0x000000008e200000, 0x000000008e200000, 0x000000008e300000|  0%| F|  |TAMS 0x000000008e200000, 0x000000008e200000| Untracked 
| 227|0x000000008e300000, 0x000000008e300000, 0x000000008e400000|  0%| F|  |TAMS 0x000000008e300000, 0x000000008e300000| Untracked 
| 228|0x000000008e400000, 0x000000008e400000, 0x000000008e500000|  0%| F|  |TAMS 0x000000008e400000, 0x000000008e400000| Untracked 
| 229|0x000000008e500000, 0x000000008e500000, 0x000000008e600000|  0%| F|  |TAMS 0x000000008e500000, 0x000000008e500000| Untracked 
| 230|0x000000008e600000, 0x000000008e700000, 0x000000008e700000|100%| E|  |TAMS 0x000000008e600000, 0x000000008e600000| Complete 
| 231|0x000000008e700000, 0x000000008e800000, 0x000000008e800000|100%| E|CS|TAMS 0x000000008e700000, 0x000000008e700000| Complete 
| 232|0x000000008e800000, 0x000000008e900000, 0x000000008e900000|100%| E|CS|TAMS 0x000000008e800000, 0x000000008e800000| Complete 

Card table byte_map: [0x00000206362a0000,0x00000206366a0000] _byte_map_base: 0x0000020635ea0000

Marking Bits (Prev, Next): (CMBitMap*) 0x0000020622f3ae98, (CMBitMap*) 0x0000020622f3aed0
 Prev Bits: [0x0000020636aa0000, 0x0000020638aa0000)
 Next Bits: [0x0000020638aa0000, 0x000002063aaa0000)

Polling page: 0x00000206215f0000

Metaspace:

Usage:
  Non-class:     81.08 MB capacity,    79.70 MB ( 98%) used,     1.16 MB (  1%) free+waste,   230.06 KB ( <1%) overhead. 
      Class:     12.35 MB capacity,    11.58 MB ( 94%) used,   692.43 KB (  5%) free+waste,   101.81 KB ( <1%) overhead. 
       Both:     93.43 MB capacity,    91.28 MB ( 98%) used,     1.83 MB (  2%) free+waste,   331.88 KB ( <1%) overhead. 

Virtual space:
  Non-class space:       82.00 MB reserved,      81.25 MB (>99%) committed 
      Class space:        1.00 GB reserved,      12.38 MB (  1%) committed 
             Both:        1.08 GB reserved,      93.63 MB (  8%) committed 

Chunk freelists:
   Non-Class:  47.00 KB
       Class:  21.00 KB
        Both:  68.00 KB

MaxMetaspaceSize: 17179869184.00 GB
CompressedClassSpaceSize: 1.00 GB

CodeHeap 'non-profiled nmethods': size=120064Kb used=5840Kb max_used=5840Kb free=114223Kb
 bounds [0x000002062e340000, 0x000002062e900000, 0x0000020635880000]
CodeHeap 'profiled nmethods': size=120000Kb used=23432Kb max_used=23432Kb free=96567Kb
 bounds [0x0000020626e10000, 0x0000020628500000, 0x000002062e340000]
CodeHeap 'non-nmethods': size=5696Kb used=2260Kb max_used=2301Kb free=3435Kb
 bounds [0x0000020626880000, 0x0000020626af0000, 0x0000020626e10000]
 total_blobs=11498 nmethods=10642 adapters=767
 compilation: enabled
              stopped_count=0, restarted_count=0
 full_count=0

Compilation events (20 events):
Event: 72.057 Thread 0x000002063d107000 nmethod 10987 0x000002062e8eba10 code [0x000002062e8ebf80, 0x000002062e8ef9c8]
Event: 72.057 Thread 0x000002063d107000 10985       4       org.apache.xerces.util.XMLAttributesImpl::getURI (29 bytes)
Event: 72.060 Thread 0x000002063d107000 nmethod 10985 0x000002062e8f2610 code [0x000002062e8f27a0, 0x000002062e8f2898]
Event: 72.060 Thread 0x000002063d107000 10986       4       org.apache.xerces.util.XMLAttributesImpl::getValue (24 bytes)
Event: 72.061 Thread 0x000002063d107000 nmethod 10986 0x000002062e8f2a10 code [0x000002062e8f2ba0, 0x000002062e8f2c78]
Event: 72.061 Thread 0x000002063d107000 11024       4       jdk.internal.reflect.DelegatingConstructorAccessorImpl::newInstance (9 bytes)
Event: 72.062 Thread 0x000002063d107000 nmethod 11024 0x000002062e8f2d90 code [0x000002062e8f2f20, 0x000002062e8f2fb8]
Event: 72.062 Thread 0x000002063d107000 10959       4       org.apache.xerces.util.XMLAttributesImpl::setValue (18 bytes)
Event: 72.067 Thread 0x000002063d107000 nmethod 10959 0x000002062e8f3090 code [0x000002062e8f3220, 0x000002062e8f3458]
Event: 72.067 Thread 0x000002063d107000 10960       4       org.apache.xerces.util.XMLAttributesImpl::setSpecified (11 bytes)
Event: 72.069 Thread 0x000002063d107000 nmethod 10960 0x000002062e8f3590 code [0x000002062e8f3720, 0x000002062e8f37d8]
Event: 72.069 Thread 0x000002063d107000 10971       4       org.apache.xerces.util.XMLStringBuffer::append (17 bytes)
Event: 72.079 Thread 0x000002063d107000 nmethod 10971 0x000002062e8f3890 code [0x000002062e8f3a40, 0x000002062e8f3f18]
Event: 72.104 Thread 0x000002063d109000 11038       3       kotlin.jvm.internal.Lambda::<init> (10 bytes)
Event: 72.104 Thread 0x000002063d109000 nmethod 11038 0x00000206284f1490 code [0x00000206284f1640, 0x00000206284f1798]
Event: 72.104 Thread 0x000002063d109000 11039       3       kotlin.LazyKt__LazyJVMKt::lazy (102 bytes)
Event: 72.106 Thread 0x000002063d109000 nmethod 11039 0x00000206284f1890 code [0x00000206284f1c40, 0x00000206284f31c8]
Event: 72.106 Thread 0x000002063d109000 11040       3       kotlin.UnsafeLazyImpl::<init> (23 bytes)
Event: 72.107 Thread 0x000002063d109000 nmethod 11040 0x00000206284f3910 code [0x00000206284f3b40, 0x00000206284f41f8]
Event: 72.152 Thread 0x000002063d107000 11041   !   4       java.net.URLClassLoader::defineClass (224 bytes)

GC Heap History (20 events):
Event: 55.618 GC heap before
{Heap before GC invocations=51 (full 0):
 garbage-first heap   total 133120K, used 93613K [0x0000000080000000, 0x0000000100000000)
  region size 1024K, 34 young (34816K), 3 survivors (3072K)
 Metaspace       used 76755K, capacity 78571K, committed 78720K, reserved 1118208K
  class space    used 9962K, capacity 10617K, committed 10624K, reserved 1048576K
}
Event: 55.628 GC heap after
{Heap after GC invocations=52 (full 0):
 garbage-first heap   total 133120K, used 64075K [0x0000000080000000, 0x0000000100000000)
  region size 1024K, 4 young (4096K), 4 survivors (4096K)
 Metaspace       used 76755K, capacity 78571K, committed 78720K, reserved 1118208K
  class space    used 9962K, capacity 10617K, committed 10624K, reserved 1048576K
}
Event: 56.146 GC heap before
{Heap before GC invocations=52 (full 0):
 garbage-first heap   total 133120K, used 80459K [0x0000000080000000, 0x0000000100000000)
  region size 1024K, 21 young (21504K), 4 survivors (4096K)
 Metaspace       used 76921K, capacity 78728K, committed 78976K, reserved 1118208K
  class space    used 9968K, capacity 10621K, committed 10624K, reserved 1048576K
}
Event: 56.164 GC heap after
{Heap after GC invocations=53 (full 0):
 garbage-first heap   total 133120K, used 65001K [0x0000000080000000, 0x0000000100000000)
  region size 1024K, 3 young (3072K), 3 survivors (3072K)
 Metaspace       used 76921K, capacity 78728K, committed 78976K, reserved 1118208K
  class space    used 9968K, capacity 10621K, committed 10624K, reserved 1048576K
}
Event: 58.038 GC heap before
{Heap before GC invocations=54 (full 0):
 garbage-first heap   total 133120K, used 105961K [0x0000000080000000, 0x0000000100000000)
  region size 1024K, 43 young (44032K), 3 survivors (3072K)
 Metaspace       used 77144K, capacity 79009K, committed 79360K, reserved 1118208K
  class space    used 9962K, capacity 10597K, committed 10752K, reserved 1048576K
}
Event: 58.062 GC heap after
{Heap after GC invocations=55 (full 0):
 garbage-first heap   total 133120K, used 67321K [0x0000000080000000, 0x0000000100000000)
  region size 1024K, 5 young (5120K), 5 survivors (5120K)
 Metaspace       used 77144K, capacity 79009K, committed 79360K, reserved 1118208K
  class space    used 9962K, capacity 10597K, committed 10752K, reserved 1048576K
}
Event: 59.244 GC heap before
{Heap before GC invocations=55 (full 0):
 garbage-first heap   total 133120K, used 105209K [0x0000000080000000, 0x0000000100000000)
  region size 1024K, 43 young (44032K), 5 survivors (5120K)
 Metaspace       used 77332K, capacity 79191K, committed 79360K, reserved 1118208K
  class space    used 9976K, capacity 10642K, committed 10752K, reserved 1048576K
}
Event: 59.271 GC heap after
{Heap after GC invocations=56 (full 0):
 garbage-first heap   total 133120K, used 69351K [0x0000000080000000, 0x0000000100000000)
  region size 1024K, 5 young (5120K), 5 survivors (5120K)
 Metaspace       used 77332K, capacity 79191K, committed 79360K, reserved 1118208K
  class space    used 9976K, capacity 10642K, committed 10752K, reserved 1048576K
}
Event: 60.807 GC heap before
{Heap before GC invocations=57 (full 0):
 garbage-first heap   total 133120K, used 107239K [0x0000000080000000, 0x0000000100000000)
  region size 1024K, 43 young (44032K), 5 survivors (5120K)
 Metaspace       used 77565K, capacity 79453K, committed 79616K, reserved 1118208K
  class space    used 10015K, capacity 10690K, committed 10752K, reserved 1048576K
}
Event: 60.845 GC heap after
{Heap after GC invocations=58 (full 0):
 garbage-first heap   total 159744K, used 71364K [0x0000000080000000, 0x0000000100000000)
  region size 1024K, 5 young (5120K), 5 survivors (5120K)
 Metaspace       used 77565K, capacity 79453K, committed 79616K, reserved 1118208K
  class space    used 10015K, capacity 10690K, committed 10752K, reserved 1048576K
}
Event: 64.798 GC heap before
{Heap before GC invocations=58 (full 0):
 garbage-first heap   total 159744K, used 122564K [0x0000000080000000, 0x0000000100000000)
  region size 1024K, 54 young (55296K), 5 survivors (5120K)
 Metaspace       used 84848K, capacity 86859K, committed 86912K, reserved 1124352K
  class space    used 10926K, capacity 11600K, committed 11648K, reserved 1048576K
}
Event: 64.830 GC heap after
{Heap after GC invocations=59 (full 0):
 garbage-first heap   total 159744K, used 79570K [0x0000000080000000, 0x0000000100000000)
  region size 1024K, 7 young (7168K), 7 survivors (7168K)
 Metaspace       used 84848K, capacity 86859K, committed 86912K, reserved 1124352K
  class space    used 10926K, capacity 11600K, committed 11648K, reserved 1048576K
}
Event: 68.112 GC heap before
{Heap before GC invocations=59 (full 0):
 garbage-first heap   total 159744K, used 127698K [0x0000000080000000, 0x0000000100000000)
  region size 1024K, 55 young (56320K), 7 survivors (7168K)
 Metaspace       used 88003K, capacity 90198K, committed 90368K, reserved 1128448K
  class space    used 11209K, capacity 11960K, committed 12032K, reserved 1048576K
}
Event: 68.268 GC heap after
{Heap after GC invocations=60 (full 0):
 garbage-first heap   total 159744K, used 88202K [0x0000000080000000, 0x0000000100000000)
  region size 1024K, 7 young (7168K), 7 survivors (7168K)
 Metaspace       used 88003K, capacity 90198K, committed 90368K, reserved 1128448K
  class space    used 11209K, capacity 11960K, committed 12032K, reserved 1048576K
}
Event: 69.740 GC heap before
{Heap before GC invocations=61 (full 0):
 garbage-first heap   total 159744K, used 127114K [0x0000000080000000, 0x0000000100000000)
  region size 1024K, 46 young (47104K), 7 survivors (7168K)
 Metaspace       used 89525K, capacity 91718K, committed 91776K, reserved 1128448K
  class space    used 11387K, capacity 12126K, committed 12160K, reserved 1048576K
}
Event: 69.861 GC heap after
{Heap after GC invocations=62 (full 0):
 garbage-first heap   total 162816K, used 114996K [0x0000000080000000, 0x0000000100000000)
  region size 1024K, 6 young (6144K), 6 survivors (6144K)
 Metaspace       used 89525K, capacity 91718K, committed 91776K, reserved 1128448K
  class space    used 11387K, capacity 12126K, committed 12160K, reserved 1048576K
}
Event: 70.080 GC heap before
{Heap before GC invocations=62 (full 0):
 garbage-first heap   total 162816K, used 129332K [0x0000000080000000, 0x0000000100000000)
  region size 1024K, 20 young (20480K), 6 survivors (6144K)
 Metaspace       used 89527K, capacity 91718K, committed 91776K, reserved 1128448K
  class space    used 11387K, capacity 12126K, committed 12160K, reserved 1048576K
}
Event: 70.113 GC heap after
{Heap after GC invocations=63 (full 0):
 garbage-first heap   total 238592K, used 125952K [0x0000000080000000, 0x0000000100000000)
  region size 1024K, 3 young (3072K), 3 survivors (3072K)
 Metaspace       used 89527K, capacity 91718K, committed 91776K, reserved 1128448K
  class space    used 11387K, capacity 12126K, committed 12160K, reserved 1048576K
}
Event: 71.829 GC heap before
{Heap before GC invocations=64 (full 0):
 garbage-first heap   total 238592K, used 154624K [0x0000000080000000, 0x0000000100000000)
  region size 1024K, 32 young (32768K), 3 survivors (3072K)
 Metaspace       used 92249K, capacity 94428K, committed 94592K, reserved 1130496K
  class space    used 11770K, capacity 12555K, committed 12672K, reserved 1048576K
}
Event: 71.879 GC heap after
{Heap after GC invocations=65 (full 0):
 garbage-first heap   total 238592K, used 137216K [0x0000000080000000, 0x0000000100000000)
  region size 1024K, 5 young (5120K), 5 survivors (5120K)
 Metaspace       used 92249K, capacity 94428K, committed 94592K, reserved 1130496K
  class space    used 11770K, capacity 12555K, committed 12672K, reserved 1048576K
}

Deoptimization events (20 events):
Event: 71.330 Thread 0x00000206411ae000 DEOPT PACKING pc=0x000002062e8db468 sp=0x000000aa83bf19a0
Event: 71.330 Thread 0x00000206411ae000 DEOPT UNPACKING pc=0x00000206268a74af sp=0x000000aa83bf1960 mode 2
Event: 71.331 Thread 0x00000206411ae000 Uncommon trap: trap_request=0xffffff6e fr.pc=0x000002062e8db468 relative=0x00000000000005e8
Event: 71.331 Thread 0x00000206411ae000 Uncommon trap: reason=speculate_class_check action=maybe_recompile pc=0x000002062e8db468 method=java.util.zip.InflaterInputStream.read([BII)I @ 100 c2
Event: 71.331 Thread 0x00000206411ae000 DEOPT PACKING pc=0x000002062e8db468 sp=0x000000aa83bf1c30
Event: 71.331 Thread 0x00000206411ae000 DEOPT UNPACKING pc=0x00000206268a74af sp=0x000000aa83bf1bf0 mode 2
Event: 71.331 Thread 0x00000206411ae000 Uncommon trap: trap_request=0xffffff6e fr.pc=0x000002062e8db468 relative=0x00000000000005e8
Event: 71.331 Thread 0x00000206411ae000 Uncommon trap: reason=speculate_class_check action=maybe_recompile pc=0x000002062e8db468 method=java.util.zip.InflaterInputStream.read([BII)I @ 100 c2
Event: 71.331 Thread 0x00000206411ae000 DEOPT PACKING pc=0x000002062e8db468 sp=0x000000aa83bf4c80
Event: 71.331 Thread 0x00000206411ae000 DEOPT UNPACKING pc=0x00000206268a74af sp=0x000000aa83bf4c40 mode 2
Event: 71.506 Thread 0x00000206411ae000 Uncommon trap: trap_request=0xfffffff4 fr.pc=0x000002062e669d18 relative=0x0000000000001e98
Event: 71.506 Thread 0x00000206411ae000 Uncommon trap: reason=null_check action=make_not_entrant pc=0x000002062e669d18 method=java.lang.Class.createAnnotationData(I)Ljava/lang/Class$AnnotationData; @ 14 c2
Event: 71.506 Thread 0x00000206411ae000 DEOPT PACKING pc=0x000002062e669d18 sp=0x000000aa83bf7b90
Event: 71.506 Thread 0x00000206411ae000 DEOPT UNPACKING pc=0x00000206268a74af sp=0x000000aa83bf7ac8 mode 2
Event: 71.683 Thread 0x00000206411ae000 Uncommon trap: trap_request=0xffffff4d fr.pc=0x000002062e8c50cc relative=0x00000000000000ac
Event: 71.683 Thread 0x00000206411ae000 Uncommon trap: reason=unstable_if action=reinterpret pc=0x000002062e8c50cc method=org.apache.xerces.impl.XMLEntityScanner.scanChar()I @ 14 c2
Event: 71.683 Thread 0x00000206411ae000 DEOPT PACKING pc=0x000002062e8c50cc sp=0x000000aa83bf97f0
Event: 71.683 Thread 0x00000206411ae000 DEOPT UNPACKING pc=0x00000206268a74af sp=0x000000aa83bf9778 mode 2
Event: 71.693 Thread 0x00000206411ae000 DEOPT PACKING pc=0x0000020628446e78 sp=0x000000aa83bf9460
Event: 71.693 Thread 0x00000206411ae000 DEOPT UNPACKING pc=0x00000206268a72ce sp=0x000000aa83bf8980 mode 0

Classes redefined (0 events):
No events

Internal exceptions (20 events):
Event: 60.800 Thread 0x00000206411ae000 Exception <a 'java/lang/NoSuchMethodError'{0x0000000085ceb2f8}: 'java.lang.Object java.lang.invoke.Invokers$Holder.linkToTargetMethod(java.lang.Object, int, java.lang.Object, java.lang.Object)'> (0x0000000085ceb2f8) thrown at [./src/hotspot/share/interpreter/linkResolver.cpp, line 773]
Event: 60.848 Thread 0x00000206411ae000 Exception <a 'java/lang/NoSuchMethodError'{0x0000000089b37878}: 'void java.lang.invoke.DirectMethodHandle$Holder.invokeVirtual(java.lang.Object, java.lang.Object)'> (0x0000000089b37878) thrown at [./src/hotspot/share/interpreter/linkResolver.cpp, line 773]
Event: 63.053 Thread 0x00000206411ae000 Exception <a 'java/lang/NoSuchMethodError'{0x0000000088b8e368}: 'java.lang.Object java.lang.invoke.Invokers$Holder.linkToTargetMethod(java.lang.Object, java.lang.Object, java.lang.Object, int, int, java.lang.Object)'> (0x0000000088b8e368) thrown at [./src/hotspot/share/interpreter/linkResolver.cpp, line 773]
Event: 63.213 Thread 0x00000206411ae000 Exception <a 'java/security/PrivilegedActionException'{0x0000000088afd7a8}> (0x0000000088afd7a8) thrown at [./src/hotspot/share/prims/jvm.cpp, line 1297]
Event: 63.215 Thread 0x00000206411ae000 Exception <a 'java/security/PrivilegedActionException'{0x0000000088afe518}> (0x0000000088afe518) thrown at [./src/hotspot/share/prims/jvm.cpp, line 1297]
Event: 63.215 Thread 0x00000206411ae000 Exception <a 'java/security/PrivilegedActionException'{0x0000000088914ca0}> (0x0000000088914ca0) thrown at [./src/hotspot/share/prims/jvm.cpp, line 1297]
Event: 63.215 Thread 0x00000206411ae000 Exception <a 'java/security/PrivilegedActionException'{0x0000000088915a10}> (0x0000000088915a10) thrown at [./src/hotspot/share/prims/jvm.cpp, line 1297]
Event: 63.216 Thread 0x00000206411ae000 Exception <a 'java/security/PrivilegedActionException'{0x00000000889181b0}> (0x00000000889181b0) thrown at [./src/hotspot/share/prims/jvm.cpp, line 1297]
Event: 63.216 Thread 0x00000206411ae000 Exception <a 'java/security/PrivilegedActionException'{0x0000000088918f20}> (0x0000000088918f20) thrown at [./src/hotspot/share/prims/jvm.cpp, line 1297]
Event: 63.217 Thread 0x00000206411ae000 Exception <a 'java/security/PrivilegedActionException'{0x000000008891b618}> (0x000000008891b618) thrown at [./src/hotspot/share/prims/jvm.cpp, line 1297]
Event: 63.217 Thread 0x00000206411ae000 Exception <a 'java/security/PrivilegedActionException'{0x000000008891c388}> (0x000000008891c388) thrown at [./src/hotspot/share/prims/jvm.cpp, line 1297]
Event: 63.218 Thread 0x00000206411ae000 Exception <a 'java/security/PrivilegedActionException'{0x000000008891ead0}> (0x000000008891ead0) thrown at [./src/hotspot/share/prims/jvm.cpp, line 1297]
Event: 63.218 Thread 0x00000206411ae000 Exception <a 'java/security/PrivilegedActionException'{0x000000008891f840}> (0x000000008891f840) thrown at [./src/hotspot/share/prims/jvm.cpp, line 1297]
Event: 63.218 Thread 0x00000206411ae000 Exception <a 'java/security/PrivilegedActionException'{0x0000000088921fe0}> (0x0000000088921fe0) thrown at [./src/hotspot/share/prims/jvm.cpp, line 1297]
Event: 63.219 Thread 0x00000206411ae000 Exception <a 'java/security/PrivilegedActionException'{0x0000000088922d50}> (0x0000000088922d50) thrown at [./src/hotspot/share/prims/jvm.cpp, line 1297]
Event: 63.341 Thread 0x00000206411ae000 Exception <a 'java/lang/NoSuchMethodError'{0x0000000088835e18}: 'int java.lang.invoke.DirectMethodHandle$Holder.invokeVirtual(java.lang.Object, java.lang.Object, java.lang.Object)'> (0x0000000088835e18) thrown at [./src/hotspot/share/interpreter/linkResolver.cpp, line 773]
Event: 64.418 Thread 0x00000206411ae000 Exception <a 'sun/nio/fs/WindowsException'{0x00000000873979b8}> (0x00000000873979b8) thrown at [./src/hotspot/share/prims/jni.cpp, line 615]
Event: 64.418 Thread 0x00000206411ae000 Exception <a 'sun/nio/fs/WindowsException'{0x0000000087397ac0}> (0x0000000087397ac0) thrown at [./src/hotspot/share/prims/jni.cpp, line 615]
Event: 71.345 Thread 0x00000206411ae000 Exception <a 'java/lang/NullPointerException'{0x000000008d8f9050}> (0x000000008d8f9050) thrown at [./src/hotspot/share/interpreter/linkResolver.cpp, line 1440]
Event: 71.506 Thread 0x00000206411ae000 Implicit null exception at 0x000002062e668064 to 0x000002062e669cf4

Events (20 events):
Event: 72.253 loading class org/antlr/v4/runtime/TokenStream
Event: 72.253 loading class org/antlr/v4/runtime/TokenStream done
Event: 72.254 loading class org/antlr/v4/runtime/ANTLRErrorListener
Event: 72.254 loading class org/antlr/v4/runtime/ANTLRErrorListener done
Event: 72.261 loading class org/antlr/v4/runtime/tree/ParseTreeListener
Event: 72.261 loading class org/antlr/v4/runtime/tree/ParseTreeListener done
Event: 72.264 loading class org/antlr/v4/runtime/tree/ParseTreeVisitor
Event: 72.264 loading class org/antlr/v4/runtime/tree/ParseTreeVisitor done
Event: 72.265 loading class android/databinding/tool/ExpressionVisitor
Event: 72.265 loading class android/databinding/tool/ExpressionVisitor done
Event: 72.269 loading class android/databinding/parser/BindingExpressionBaseVisitor
Event: 72.269 loading class android/databinding/parser/BindingExpressionBaseVisitor done
Event: 72.283 loading class android/databinding/parser/BindingExpressionVisitor
Event: 72.283 loading class android/databinding/parser/BindingExpressionVisitor done
Event: 72.288 loading class org/antlr/v4/runtime/tree/AbstractParseTreeVisitor
Event: 72.288 loading class org/antlr/v4/runtime/tree/AbstractParseTreeVisitor done
Event: 72.289 loading class android/databinding/parser/BindingExpressionParser$StringLiteralContext
Event: 72.289 loading class android/databinding/parser/BindingExpressionParser$StringLiteralContext done
Event: 72.293 loading class android/databinding/parser/BindingExpressionParser$RootExprContext
Event: 72.293 loading class android/databinding/parser/BindingExpressionParser$RootExprContext done


Dynamic libraries:
0x00007ff68ccd0000 - 0x00007ff68ccda000 	C:\Program Files\Android\Android Studio1\jre\bin\java.exe
0x00007ffadc690000 - 0x00007ffadc885000 	C:\Windows\SYSTEM32\ntdll.dll
0x00007ffadbbb0000 - 0x00007ffadbc6e000 	C:\Windows\System32\KERNEL32.DLL
0x00007ffada410000 - 0x00007ffada6d8000 	C:\Windows\System32\KERNELBASE.dll
0x00007ffad9f00000 - 0x00007ffada000000 	C:\Windows\System32\ucrtbase.dll
0x00007ffad3d30000 - 0x00007ffad3d47000 	C:\Program Files\Android\Android Studio1\jre\bin\VCRUNTIME140.dll
0x00007ffad3e20000 - 0x00007ffad3e39000 	C:\Program Files\Android\Android Studio1\jre\bin\jli.dll
0x00007ffada770000 - 0x00007ffada911000 	C:\Windows\System32\USER32.dll
0x00007ffada3e0000 - 0x00007ffada402000 	C:\Windows\System32\win32u.dll
0x00007ffada6e0000 - 0x00007ffada70b000 	C:\Windows\System32\GDI32.dll
0x00007ffada0e0000 - 0x00007ffada1eb000 	C:\Windows\System32\gdi32full.dll
0x00007ffad9db0000 - 0x00007ffad9e4d000 	C:\Windows\System32\msvcp_win.dll
0x00007ffac8710000 - 0x00007ffac89aa000 	C:\Windows\WinSxS\amd64_microsoft.windows.common-controls_6595b64144ccf1df_6.0.19041.1110_none_60b5254171f9507e\COMCTL32.dll
0x00007ffadb5a0000 - 0x00007ffadb63e000 	C:\Windows\System32\msvcrt.dll
0x00007ffadbc70000 - 0x00007ffadbca0000 	C:\Windows\System32\IMM32.DLL
0x00007ffaa7b60000 - 0x00007ffaa7bfd000 	C:\Program Files\Android\Android Studio1\jre\bin\msvcp140.dll
0x00007ffa96300000 - 0x00007ffa96dbc000 	C:\Program Files\Android\Android Studio1\jre\bin\server\jvm.dll
0x00007ffadac10000 - 0x00007ffadacbc000 	C:\Windows\System32\ADVAPI32.dll
0x00007ffadbfc0000 - 0x00007ffadc05b000 	C:\Windows\System32\sechost.dll
0x00007ffadbe20000 - 0x00007ffadbf4a000 	C:\Windows\System32\RPCRT4.dll
0x00007ffadae50000 - 0x00007ffadae58000 	C:\Windows\System32\PSAPI.DLL
0x00007ffac4580000 - 0x00007ffac4589000 	C:\Windows\SYSTEM32\WSOCK32.dll
0x00007ffadbf50000 - 0x00007ffadbfbb000 	C:\Windows\System32\WS2_32.dll
0x00007ffad2860000 - 0x00007ffad286a000 	C:\Windows\SYSTEM32\VERSION.dll
0x00007ffac5c80000 - 0x00007ffac5ca7000 	C:\Windows\SYSTEM32\WINMM.dll
0x00007ffad8630000 - 0x00007ffad8642000 	C:\Windows\SYSTEM32\kernel.appcore.dll
0x00007ffad1f00000 - 0x00007ffad1f11000 	C:\Program Files\Android\Android Studio1\jre\bin\verify.dll
0x00007ffad8340000 - 0x00007ffad8524000 	C:\Windows\SYSTEM32\DBGHELP.DLL
0x00007ffac9300000 - 0x00007ffac932c000 	C:\Windows\SYSTEM32\dbgcore.DLL
0x00007ffada050000 - 0x00007ffada0d3000 	C:\Windows\System32\bcryptPrimitives.dll
0x00007ffaba500000 - 0x00007ffaba529000 	C:\Program Files\Android\Android Studio1\jre\bin\java.dll
0x00007ffad1ef0000 - 0x00007ffad1efb000 	C:\Program Files\Android\Android Studio1\jre\bin\jimage.dll
0x00007ffab2f20000 - 0x00007ffab2f38000 	C:\Program Files\Android\Android Studio1\jre\bin\zip.dll
0x00007ffadae60000 - 0x00007ffadb59f000 	C:\Windows\System32\SHELL32.dll
0x00007ffad7ae0000 - 0x00007ffad8270000 	C:\Windows\SYSTEM32\windows.storage.dll
0x00007ffadb710000 - 0x00007ffadba65000 	C:\Windows\System32\combase.dll
0x00007ffad9730000 - 0x00007ffad975e000 	C:\Windows\SYSTEM32\Wldp.dll
0x00007ffadada0000 - 0x00007ffadae4d000 	C:\Windows\System32\SHCORE.dll
0x00007ffadc060000 - 0x00007ffadc0b5000 	C:\Windows\System32\shlwapi.dll
0x00007ffad9cf0000 - 0x00007ffad9d0f000 	C:\Windows\SYSTEM32\profapi.dll
0x00007ffab2f00000 - 0x00007ffab2f1a000 	C:\Program Files\Android\Android Studio1\jre\bin\net.dll
0x00007ffacadc0000 - 0x00007ffacaecc000 	C:\Windows\SYSTEM32\WINHTTP.dll
0x00007ffad9490000 - 0x00007ffad94fa000 	C:\Windows\system32\mswsock.dll
0x00007ffaae8b0000 - 0x00007ffaae8c4000 	C:\Program Files\Android\Android Studio1\jre\bin\nio.dll
0x00007ffac5490000 - 0x00007ffac54b7000 	C:\Users\VuThiLanh\.gradle\native\fdc75f09e3144964f2cf3f50f0aa648679c211496f362492102eb8c894070792\windows-amd64\native-platform.dll
0x00007ffa9b500000 - 0x00007ffa9b696000 	C:\Users\VuThiLanh\.gradle\native\12488b8bf47d2d4c9fbf2f6322a914ad602e24e48041cd04a747c6da556b65c4\windows-amd64\native-platform-file-events.dll
0x00007ffad1c60000 - 0x00007ffad1c6a000 	C:\Program Files\Android\Android Studio1\jre\bin\management.dll
0x00007ffac70f0000 - 0x00007ffac70fc000 	C:\Program Files\Android\Android Studio1\jre\bin\management_ext.dll
0x00007ffad9680000 - 0x00007ffad9698000 	C:\Windows\SYSTEM32\CRYPTSP.dll
0x00007ffad8e10000 - 0x00007ffad8e44000 	C:\Windows\system32\rsaenh.dll
0x00007ffada1f0000 - 0x00007ffada217000 	C:\Windows\System32\bcrypt.dll
0x00007ffad9cb0000 - 0x00007ffad9cde000 	C:\Windows\SYSTEM32\USERENV.dll
0x00007ffad96a0000 - 0x00007ffad96ac000 	C:\Windows\SYSTEM32\CRYPTBASE.dll
0x00007ffad9180000 - 0x00007ffad91bb000 	C:\Windows\SYSTEM32\IPHLPAPI.DLL
0x00007ffadbe10000 - 0x00007ffadbe18000 	C:\Windows\System32\NSI.dll
0x00007ffacdf40000 - 0x00007ffacdf57000 	C:\Windows\SYSTEM32\dhcpcsvc6.DLL
0x00007ffad1190000 - 0x00007ffad11ad000 	C:\Windows\SYSTEM32\dhcpcsvc.DLL
0x00007ffad91c0000 - 0x00007ffad928b000 	C:\Windows\SYSTEM32\DNSAPI.dll
0x00007ffad1750000 - 0x00007ffad175b000 	C:\Windows\SYSTEM32\WINNSI.DLL

dbghelp: loaded successfully - version: 4.0.5 - missing functions: none
symbol engine: initialized successfully - sym options: 0x614 - pdb path: .;C:\Program Files\Android\Android Studio1\jre\bin;C:\Windows\SYSTEM32;C:\Windows\WinSxS\amd64_microsoft.windows.common-controls_6595b64144ccf1df_6.0.19041.1110_none_60b5254171f9507e;C:\Program Files\Android\Android Studio1\jre\bin\server;C:\Users\VuThiLanh\.gradle\native\fdc75f09e3144964f2cf3f50f0aa648679c211496f362492102eb8c894070792\windows-amd64;C:\Users\VuThiLanh\.gradle\native\12488b8bf47d2d4c9fbf2f6322a914ad602e24e48041cd04a747c6da556b65c4\windows-amd64

VM Arguments:
jvm_args: --add-opens=java.base/java.util=ALL-UNNAMED --add-opens=java.base/java.lang=ALL-UNNAMED --add-opens=java.base/java.lang.invoke=ALL-UNNAMED --add-opens=java.prefs/java.util.prefs=ALL-UNNAMED -Xmx2048m -Dfile.encoding=UTF-8 -Duser.country=US -Duser.language=en -Duser.variant 
java_command: org.gradle.launcher.daemon.bootstrap.GradleDaemon 6.7.1
java_class_path (initial): C:\Users\VuThiLanh\.gradle\wrapper\dists\gradle-6.7.1-bin\bwlcbys1h7rz3272sye1xwiv6\gradle-6.7.1\lib\gradle-launcher-6.7.1.jar
Launcher Type: SUN_STANDARD

[Global flags]
     intx CICompilerCount                          = 3                                         {product} {ergonomic}
     uint ConcGCThreads                            = 1                                         {product} {ergonomic}
     uint G1ConcRefinementThreads                  = 4                                         {product} {ergonomic}
   size_t G1HeapRegionSize                         = 1048576                                   {product} {ergonomic}
    uintx GCDrainStackTargetSize                   = 64                                        {product} {ergonomic}
   size_t InitialHeapSize                          = 65011712                                  {product} {ergonomic}
   size_t MarkStackSize                            = 4194304                                   {product} {ergonomic}
   size_t MaxHeapSize                              = 2147483648                                {product} {command line}
   size_t MaxNewSize                               = 1287651328                                {product} {ergonomic}
   size_t MinHeapDeltaBytes                        = 1048576                                   {product} {ergonomic}
    uintx NonNMethodCodeHeapSize                   = 5830732                                {pd product} {ergonomic}
    uintx NonProfiledCodeHeapSize                  = 122913754                              {pd product} {ergonomic}
    uintx ProfiledCodeHeapSize                     = 122913754                              {pd product} {ergonomic}
    uintx ReservedCodeCacheSize                    = 251658240                              {pd product} {ergonomic}
     bool SegmentedCodeCache                       = true                                      {product} {ergonomic}
     bool UseCompressedClassPointers               = true                                 {lp64_product} {ergonomic}
     bool UseCompressedOops                        = true                                 {lp64_product} {ergonomic}
     bool UseG1GC                                  = true                                      {product} {ergonomic}
     bool UseLargePagesIndividualAllocation        = false                                  {pd product} {ergonomic}

Logging:
Log output configuration:
 #0: stdout all=warning uptime,level,tags
 #1: stderr all=off uptime,level,tags

Environment Variables:
PATH=C:\Program Files\Common Files\Oracle\Java\javapath;C:\Windows\system32;C:\Windows;C:\Windows\System32\Wbem;C:\Windows\System32\WindowsPowerShell\v1.0\;C:\Windows\System32\OpenSSH\;C:\Program Files\Microsoft SQL Server\Client SDK\ODBC\170\Tools\Binn\;C:\Program Files (x86)\Microsoft SQL Server\150\Tools\Binn\;C:\Program Files\Microsoft SQL Server\150\Tools\Binn\;C:\Program Files\Microsoft SQL Server\150\DTS\Binn\;C:\Program Files (x86)\Microsoft SQL Server\150\DTS\Binn\;C:\Program Files\Azure Data Studio\bin;C:\Program Files\Microsoft SQL Server\130\Tools\Binn\;C:\Program Files\Git\cmd;C:\Program Files (x86)\Rational\common;C:\Program Files\dotnet\;C:\Users\VuThiLanh\AppData\Local\Microsoft\WindowsApps;C:\Program Files\Azure Data Studio\bin;C:\Users\VuThiLanh\.dotnet\tools;C:\Users\VuThiLanh\AppData\Local\GitHubDesktop\bin
USERNAME=VuThiLanh
OS=Windows_NT
PROCESSOR_IDENTIFIER=Intel64 Family 6 Model 142 Stepping 9, GenuineIntel



---------------  S Y S T E M  ---------------

OS: Windows 10 , 64 bit Build 19041 (10.0.19041.1348)
OS uptime: 2 days 11:13 hours

CPU:total 4 (initial active 4) (2 cores per cpu, 2 threads per core) family 6 model 142 stepping 9, cmov, cx8, fxsr, mmx, sse, sse2, sse3, ssse3, sse4.1, sse4.2, popcnt, avx, avx2, aes, clmul, erms, 3dnowpref, lzcnt, ht, tsc, tscinvbit, bmi1, bmi2, adx, fma

Memory: 4k page, system-wide physical 3961M (212M free)
TotalPageFile size 12057M (AvailPageFile size 4M)
current process WorkingSet (physical memory assigned to process): 253M, peak: 281M
current process commit charge ("private bytes"): 511M, peak: 512M

vm_info: OpenJDK 64-Bit Server VM (11.0.8+10-b944.6842174) for windows-amd64 JRE (11.0.8+10-b944.6842174), built on Sep 19 2020 01:11:42 by "builder" with MS VC++ 14.0 (VS2015)

END.
