#
# There is insufficient memory for the Java Runtime Environment to continue.
# Native memory allocation (mmap) failed to map 99614720 bytes for Failed to commit area from 0x000000008c200000 to 0x0000000092100000 of length 99614720.
# Possible reasons:
#   The system is out of physical RAM or swap space
#   The process is running with CompressedOops enabled, and the Java Heap may be blocking the growth of the native heap
# Possible solutions:
#   Reduce memory load on the system
#   Increase physical memory or swap space
#   Check if swap backing store is full
#   Decrease Java heap size (-Xmx/-Xms)
#   Decrease number of Java threads
#   Decrease Java thread stack sizes (-Xss)
#   Set larger code cache with -XX:ReservedCodeCacheSize=
#   JVM is running with Unscaled Compressed Oops mode in which the Java heap is
#     placed in the first 4GB address space. The Java Heap base address is the
#     maximum limit for the native heap growth. Please use -XX:HeapBaseMinAddress
#     to set the Java Heap base and to place the Java Heap above 4GB virtual address.
# This output file may be truncated or incomplete.
#
#  Out of Memory Error (./src/hotspot/os/windows/os_windows.cpp:3303), pid=14056, tid=8744
#
# JRE version: OpenJDK Runtime Environment (11.0.8+10) (build 11.0.8+10-b944.6842174)
# Java VM: OpenJDK 64-Bit Server VM (11.0.8+10-b944.6842174, mixed mode, tiered, compressed oops, g1 gc, windows-amd64)
# No core dump will be written. Minidumps are not enabled by default on client versions of Windows
#

---------------  S U M M A R Y ------------

Command Line: --add-opens=java.base/java.util=ALL-UNNAMED --add-opens=java.base/java.lang=ALL-UNNAMED --add-opens=java.base/java.lang.invoke=ALL-UNNAMED --add-opens=java.prefs/java.util.prefs=ALL-UNNAMED -Xmx2048m -Dfile.encoding=UTF-8 -Duser.country=US -Duser.language=en -Duser.variant org.gradle.launcher.daemon.bootstrap.GradleDaemon 6.7.1

Host: Intel(R) Core(TM) i3-7020U CPU @ 2.30GHz, 4 cores, 3G,  Windows 10 , 64 bit Build 19041 (10.0.19041.1348)
Time: Tue Nov 23 21:25:43 2021 SE Asia Standard Time elapsed time: 97 seconds (0d 0h 1m 37s)

---------------  T H R E A D  ---------------

Current thread (0x000001d52bb81800):  VMThread "VM Thread" [stack: 0x0000004a5fc00000,0x0000004a5fd00000] [id=8744]

Stack: [0x0000004a5fc00000,0x0000004a5fd00000]
[error occurred during error reporting (printing stack bounds), id 0xc0000005, EXCEPTION_ACCESS_VIOLATION (0xc0000005) at pc=0x000001d515350dad]

Native frames: (J=compiled Java code, j=interpreted, Vv=VM code, C=native code)
V  [jvm.dll+0x5de50a]
V  [jvm.dll+0x7122f5]
V  [jvm.dll+0x71384d]
V  [jvm.dll+0x713e65]
V  [jvm.dll+0x713e1b]
V  [jvm.dll+0x5dd958]
V  [jvm.dll+0x5de0f8]
C  [ntdll.dll+0xa20cf]
C  [ntdll.dll+0x51454]
C  [ntdll.dll+0xa0bfe]
C  0x000001d515350dad

VM_Operation (0x0000004a68bf2d30): G1CollectForAllocation, mode: safepoint, requested by thread 0x000001d52f1b1800


---------------  P R O C E S S  ---------------

Threads class SMR info:
_java_thread_list=0x000001d533548bc0, length=48, elements={
0x000001d5119ca000, 0x000001d52bb8a000, 0x000001d52bb8b800, 0x000001d52bbe1800,
0x000001d52bbe2000, 0x000001d52bbe4000, 0x000001d52bbec800, 0x000001d52bbf8000,
0x000001d52c665000, 0x000001d52c677800, 0x000001d52e2ee800, 0x000001d52da52000,
0x000001d52da57000, 0x000001d52c75f000, 0x000001d52d805800, 0x000001d52d8e7800,
0x000001d52d733800, 0x000001d52d376800, 0x000001d52e2ca800, 0x000001d52e2c8000,
0x000001d52e2c9800, 0x000001d52e2cb000, 0x000001d52e2c8800, 0x000001d52e2cc000,
0x000001d52e2c6800, 0x000001d52e2cd000, 0x000001d52e2c7000, 0x000001d52ede0000,
0x000001d52ede3000, 0x000001d52ede4000, 0x000001d52ede5000, 0x000001d52ede5800,
0x000001d52ede6800, 0x000001d52f1b0800, 0x000001d52f1b7000, 0x000001d52f1b4800,
0x000001d52f1b5800, 0x000001d52f1b2800, 0x000001d52f1b6800, 0x000001d52f1b1800,
0x000001d52f1b8000, 0x000001d5331ab800, 0x000001d5331a6000, 0x000001d5331ac800,
0x000001d5331a6800, 0x000001d5331a8800, 0x000001d5331aa000, 0x000001d5331a9000
}

Java Threads: ( => current thread )
  0x000001d5119ca000 JavaThread "main" [_thread_blocked, id=1992, stack(0x0000004a5f600000,0x0000004a5f700000)]
  0x000001d52bb8a000 JavaThread "Reference Handler" daemon [_thread_blocked, id=1408, stack(0x0000004a5fd00000,0x0000004a5fe00000)]
  0x000001d52bb8b800 JavaThread "Finalizer" daemon [_thread_blocked, id=12972, stack(0x0000004a5fe00000,0x0000004a5ff00000)]
  0x000001d52bbe1800 JavaThread "Signal Dispatcher" daemon [_thread_blocked, id=6236, stack(0x0000004a5ff00000,0x0000004a60000000)]
  0x000001d52bbe2000 JavaThread "Attach Listener" daemon [_thread_blocked, id=8876, stack(0x0000004a60000000,0x0000004a60100000)]
  0x000001d52bbe4000 JavaThread "C2 CompilerThread0" daemon [_thread_blocked, id=12248, stack(0x0000004a60100000,0x0000004a60200000)]
  0x000001d52bbec800 JavaThread "C1 CompilerThread0" daemon [_thread_blocked, id=1896, stack(0x0000004a60200000,0x0000004a60300000)]
  0x000001d52bbf8000 JavaThread "Sweeper thread" daemon [_thread_blocked, id=468, stack(0x0000004a60300000,0x0000004a60400000)]
  0x000001d52c665000 JavaThread "Common-Cleaner" daemon [_thread_blocked, id=6756, stack(0x0000004a60400000,0x0000004a60500000)]
  0x000001d52c677800 JavaThread "Service Thread" daemon [_thread_blocked, id=11608, stack(0x0000004a60500000,0x0000004a60600000)]
  0x000001d52e2ee800 JavaThread "Daemon health stats" [_thread_blocked, id=11904, stack(0x0000004a60800000,0x0000004a60900000)]
  0x000001d52da52000 JavaThread "Incoming local TCP Connector on port 64481" [_thread_in_native, id=6872, stack(0x0000004a60d00000,0x0000004a60e00000)]
  0x000001d52da57000 JavaThread "Daemon periodic checks" [_thread_blocked, id=8084, stack(0x0000004a60e00000,0x0000004a60f00000)]
  0x000001d52c75f000 JavaThread "Daemon" [_thread_blocked, id=14680, stack(0x0000004a60f00000,0x0000004a61000000)]
  0x000001d52d805800 JavaThread "Handler for socket connection from /127.0.0.1:64481 to /127.0.0.1:64482" [_thread_in_native, id=15200, stack(0x0000004a61000000,0x0000004a61100000)]
  0x000001d52d8e7800 JavaThread "Cancel handler" [_thread_blocked, id=4936, stack(0x0000004a61100000,0x0000004a61200000)]
  0x000001d52d733800 JavaThread "Daemon worker" [_thread_blocked, id=14768, stack(0x0000004a61200000,0x0000004a61300000)]
  0x000001d52d376800 JavaThread "Asynchronous log dispatcher for DefaultDaemonConnection: socket connection from /127.0.0.1:64481 to /127.0.0.1:64482" [_thread_blocked, id=4536, stack(0x0000004a61300000,0x0000004a61400000)]
  0x000001d52e2ca800 JavaThread "Thread-8" [_thread_blocked, id=14064, stack(0x0000004a61500000,0x0000004a61600000)]
  0x000001d52e2c8000 JavaThread "Cache worker for file hash cache (C:\Users\VuThiLanh\.gradle\caches\6.7.1\fileHashes)" [_thread_blocked, id=7672, stack(0x0000004a61600000,0x0000004a61700000)]
  0x000001d52e2c9800 JavaThread "File lock request listener" [_thread_in_native, id=6084, stack(0x0000004a61700000,0x0000004a61800000)]
  0x000001d52e2cb000 JavaThread "Cache worker for journal cache (C:\Users\VuThiLanh\.gradle\caches\journal-1)" [_thread_blocked, id=8740, stack(0x0000004a61800000,0x0000004a61900000)]
  0x000001d52e2c8800 JavaThread "Cache worker for file hash cache (E:\K7_MaNguonMo\1_BaiTapLon\Nhom14_AppBanSachTrenNenTangAndroid\.gradle\6.7.1\fileHashes)" [_thread_blocked, id=4084, stack(0x0000004a61900000,0x0000004a61a00000)]
  0x000001d52e2cc000 JavaThread "Cache worker for checksums cache (E:\K7_MaNguonMo\1_BaiTapLon\Nhom14_AppBanSachTrenNenTangAndroid\.gradle\checksums)" [_thread_blocked, id=10508, stack(0x0000004a61a00000,0x0000004a61b00000)]
  0x000001d52e2c6800 JavaThread "Cache worker for cache directory md-supplier (C:\Users\VuThiLanh\.gradle\caches\6.7.1\md-supplier)" [_thread_blocked, id=14296, stack(0x0000004a61b00000,0x0000004a61c00000)]
  0x000001d52e2cd000 JavaThread "Cache worker for cache directory md-rule (C:\Users\VuThiLanh\.gradle\caches\6.7.1\md-rule)" [_thread_blocked, id=8764, stack(0x0000004a61c00000,0x0000004a61d00000)]
  0x000001d52e2c7000 JavaThread "Cache worker for execution history cache (C:\Users\VuThiLanh\.gradle\caches\6.7.1\executionHistory)" [_thread_blocked, id=9592, stack(0x0000004a61d00000,0x0000004a61e00000)]
  0x000001d52ede0000 JavaThread "Cache worker for file content cache (C:\Users\VuThiLanh\.gradle\caches\6.7.1\fileContent)" [_thread_blocked, id=12668, stack(0x0000004a61f00000,0x0000004a62000000)]
  0x000001d52ede3000 JavaThread "Cache worker for Build Output Cleanup Cache (E:\K7_MaNguonMo\1_BaiTapLon\Nhom14_AppBanSachTrenNenTangAndroid\.gradle\buildOutputCleanup)" [_thread_blocked, id=10308, stack(0x0000004a62000000,0x0000004a62100000)]
  0x000001d52ede4000 JavaThread "Build operations" [_thread_blocked, id=9064, stack(0x0000004a62100000,0x0000004a62200000)]
  0x000001d52ede5000 JavaThread "Build operations Thread 2" [_thread_blocked, id=14556, stack(0x0000004a62200000,0x0000004a62300000)]
  0x000001d52ede5800 JavaThread "Build operations Thread 3" [_thread_blocked, id=2772, stack(0x0000004a62300000,0x0000004a62400000)]
  0x000001d52ede6800 JavaThread "Build operations Thread 4" [_thread_blocked, id=3240, stack(0x0000004a62400000,0x0000004a62500000)]
  0x000001d52f1b0800 JavaThread "jar transforms Thread 98" [_thread_blocked, id=2788, stack(0x0000004a68500000,0x0000004a68600000)]
  0x000001d52f1b7000 JavaThread "Memory manager" [_thread_blocked, id=10880, stack(0x0000004a5f300000,0x0000004a5f400000)]
  0x000001d52f1b4800 JavaThread "build event listener" [_thread_blocked, id=3412, stack(0x0000004a68700000,0x0000004a68800000)]
  0x000001d52f1b5800 JavaThread "build event listener" [_thread_blocked, id=2368, stack(0x0000004a68800000,0x0000004a68900000)]
  0x000001d52f1b2800 JavaThread "Execution worker for ':'" [_thread_blocked, id=14148, stack(0x0000004a68900000,0x0000004a68a00000)]
  0x000001d52f1b6800 JavaThread "Execution worker for ':' Thread 2" [_thread_blocked, id=13216, stack(0x0000004a68a00000,0x0000004a68b00000)]
  0x000001d52f1b1800 JavaThread "Execution worker for ':' Thread 3" [_thread_blocked, id=748, stack(0x0000004a68b00000,0x0000004a68c00000)]
  0x000001d52f1b8000 JavaThread "Cache worker for execution history cache (E:\K7_MaNguonMo\1_BaiTapLon\Nhom14_AppBanSachTrenNenTangAndroid\.gradle\6.7.1\executionHistory)" [_thread_blocked, id=10004, stack(0x0000004a68c00000,0x0000004a68d00000)]
  0x000001d5331ab800 JavaThread "WorkerExecutor Queue Thread 2" [_thread_blocked, id=8796, stack(0x0000004a5f500000,0x0000004a5f600000)]
  0x000001d5331a6000 JavaThread "WorkerExecutor Queue Thread 3" [_thread_blocked, id=10900, stack(0x0000004a61400000,0x0000004a61500000)]
  0x000001d5331ac800 JavaThread "pool-4-thread-1" [_thread_blocked, id=12940, stack(0x0000004a68d00000,0x0000004a68e00000)]
  0x000001d5331a6800 JavaThread "stderr" [_thread_in_native, id=13684, stack(0x0000004a68e00000,0x0000004a68f00000)]
  0x000001d5331a8800 JavaThread "stdout" [_thread_in_native, id=8196, stack(0x0000004a68f00000,0x0000004a69000000)]
  0x000001d5331aa000 JavaThread "Cache worker for Java compile cache (C:\Users\VuThiLanh\.gradle\caches\6.7.1\javaCompile)" [_thread_blocked, id=12776, stack(0x0000004a5f400000,0x0000004a5f500000)]
  0x000001d5331a9000 JavaThread "Cache worker for Java compile cache (E:\K7_MaNguonMo\1_BaiTapLon\Nhom14_AppBanSachTrenNenTangAndroid\.gradle\6.7.1\javaCompile)" [_thread_blocked, id=12912, stack(0x0000004a69000000,0x0000004a69100000)]

Other Threads:
=>0x000001d52bb81800 VMThread "VM Thread" [stack: 0x0000004a5fc00000,0x0000004a5fd00000] [id=8744]
  0x000001d52c678000 WatcherThread [stack: 0x0000004a60600000,0x0000004a60700000] [id=12380]
  0x000001d5119e3000 GCTaskThread "GC Thread#0" [stack: 0x0000004a5f700000,0x0000004a5f800000] [id=14360]
  0x000001d52cf00000 GCTaskThread "GC Thread#1" [stack: 0x0000004a60700000,0x0000004a60800000] [id=1764]
  0x000001d52d9dd000 GCTaskThread "GC Thread#2" [stack: 0x0000004a60900000,0x0000004a60a00000] [id=11536]
  0x000001d52db04000 GCTaskThread "GC Thread#3" [stack: 0x0000004a60a00000,0x0000004a60b00000] [id=11836]
  0x000001d511a13000 ConcurrentGCThread "G1 Main Marker" [stack: 0x0000004a5f800000,0x0000004a5f900000] [id=2256]
  0x000001d511a17000 ConcurrentGCThread "G1 Conc#0" [stack: 0x0000004a5f900000,0x0000004a5fa00000] [id=8984]
  0x000001d511a6d800 ConcurrentGCThread "G1 Refine#0" [stack: 0x0000004a5fa00000,0x0000004a5fb00000] [id=10264]
  0x000001d532b46000 ConcurrentGCThread "G1 Refine#1" [stack: 0x0000004a61e00000,0x0000004a61f00000] [id=11740]
  0x000001d511a6e800 ConcurrentGCThread "G1 Young RemSet Sampling" [stack: 0x0000004a5fb00000,0x0000004a5fc00000] [id=3656]

Threads with active compile tasks:

VM state:at safepoint (normal execution)

VM Mutex/Monitor currently owned by a thread:  ([mutex/lock_event])
[0x000001d5119c68f0] Threads_lock - owner thread: 0x000001d52bb81800
[0x000001d5119c63e0] Heap_lock - owner thread: 0x000001d52f1b1800

Heap address: 0x0000000080000000, size: 2048 MB, Compressed Oops mode: 32-bit
Narrow klass base: 0x0000000000000000, Narrow klass shift: 3
Compressed class space size: 1073741824 Address: 0x0000000100000000

Heap:
 garbage-first heap   total 295936K, used 149739K [0x0000000080000000, 0x0000000100000000)
  region size 1024K, 2 young (2048K), 2 survivors (2048K)
 Metaspace       used 98930K, capacity 101168K, committed 101248K, reserved 1136640K
  class space    used 12580K, capacity 13400K, committed 13440K, reserved 1048576K
Heap Regions: E=young(eden), S=young(survivor), O=old, HS=humongous(starts), HC=humongous(continues), CS=collection set, F=free, A=archive, TAMS=top-at-mark-start (previous, next)
|   0|0x0000000080000000, 0x0000000080100000, 0x0000000080100000|100%| O|  |TAMS 0x0000000080100000, 0x0000000080100000| Untracked 
|   1|0x0000000080100000, 0x0000000080200000, 0x0000000080200000|100%| O|  |TAMS 0x0000000080200000, 0x0000000080200000| Untracked 
|   2|0x0000000080200000, 0x0000000080300000, 0x0000000080300000|100%| O|  |TAMS 0x0000000080300000, 0x0000000080300000| Untracked 
|   3|0x0000000080300000, 0x0000000080400000, 0x0000000080400000|100%|HS|  |TAMS 0x0000000080400000, 0x0000000080400000| Complete 
|   4|0x0000000080400000, 0x0000000080500000, 0x0000000080500000|100%|HC|  |TAMS 0x0000000080500000, 0x0000000080500000| Complete 
|   5|0x0000000080500000, 0x0000000080600000, 0x0000000080600000|100%|HC|  |TAMS 0x0000000080600000, 0x0000000080600000| Complete 
|   6|0x0000000080600000, 0x0000000080700000, 0x0000000080700000|100%| O|  |TAMS 0x0000000080700000, 0x0000000080700000| Untracked 
|   7|0x0000000080700000, 0x0000000080800000, 0x0000000080800000|100%| O|  |TAMS 0x0000000080800000, 0x0000000080800000| Untracked 
|   8|0x0000000080800000, 0x0000000080900000, 0x0000000080900000|100%| O|  |TAMS 0x0000000080900000, 0x0000000080900000| Untracked 
|   9|0x0000000080900000, 0x0000000080a00000, 0x0000000080a00000|100%| O|  |TAMS 0x0000000080a00000, 0x0000000080a00000| Untracked 
|  10|0x0000000080a00000, 0x0000000080b00000, 0x0000000080b00000|100%| O|  |TAMS 0x0000000080b00000, 0x0000000080b00000| Untracked 
|  11|0x0000000080b00000, 0x0000000080c00000, 0x0000000080c00000|100%| O|  |TAMS 0x0000000080c00000, 0x0000000080c00000| Untracked 
|  12|0x0000000080c00000, 0x0000000080d00000, 0x0000000080d00000|100%| O|  |TAMS 0x0000000080d00000, 0x0000000080d00000| Untracked 
|  13|0x0000000080d00000, 0x0000000080e00000, 0x0000000080e00000|100%| O|  |TAMS 0x0000000080e00000, 0x0000000080e00000| Untracked 
|  14|0x0000000080e00000, 0x0000000080f00000, 0x0000000080f00000|100%| O|  |TAMS 0x0000000080f00000, 0x0000000080f00000| Untracked 
|  15|0x0000000080f00000, 0x0000000081000000, 0x0000000081000000|100%| O|  |TAMS 0x0000000081000000, 0x0000000081000000| Untracked 
|  16|0x0000000081000000, 0x0000000081100000, 0x0000000081100000|100%| O|  |TAMS 0x0000000081100000, 0x0000000081100000| Untracked 
|  17|0x0000000081100000, 0x0000000081200000, 0x0000000081200000|100%| O|  |TAMS 0x0000000081200000, 0x0000000081200000| Untracked 
|  18|0x0000000081200000, 0x0000000081300000, 0x0000000081300000|100%| O|  |TAMS 0x0000000081300000, 0x0000000081300000| Untracked 
|  19|0x0000000081300000, 0x0000000081400000, 0x0000000081400000|100%| O|  |TAMS 0x0000000081400000, 0x0000000081400000| Untracked 
|  20|0x0000000081400000, 0x0000000081500000, 0x0000000081500000|100%| O|  |TAMS 0x0000000081500000, 0x0000000081500000| Untracked 
|  21|0x0000000081500000, 0x0000000081600000, 0x0000000081600000|100%| O|  |TAMS 0x0000000081600000, 0x0000000081600000| Untracked 
|  22|0x0000000081600000, 0x0000000081700000, 0x0000000081700000|100%| O|  |TAMS 0x0000000081700000, 0x0000000081700000| Untracked 
|  23|0x0000000081700000, 0x0000000081800000, 0x0000000081800000|100%| O|  |TAMS 0x0000000081800000, 0x0000000081800000| Untracked 
|  24|0x0000000081800000, 0x0000000081900000, 0x0000000081900000|100%|HS|  |TAMS 0x0000000081900000, 0x0000000081900000| Complete 
|  25|0x0000000081900000, 0x0000000081a00000, 0x0000000081a00000|100%|HS|  |TAMS 0x0000000081a00000, 0x0000000081a00000| Complete 
|  26|0x0000000081a00000, 0x0000000081b00000, 0x0000000081b00000|100%|HC|  |TAMS 0x0000000081b00000, 0x0000000081b00000| Complete 
|  27|0x0000000081b00000, 0x0000000081c00000, 0x0000000081c00000|100%| O|  |TAMS 0x0000000081c00000, 0x0000000081c00000| Untracked 
|  28|0x0000000081c00000, 0x0000000081d00000, 0x0000000081d00000|100%| O|  |TAMS 0x0000000081d00000, 0x0000000081d00000| Untracked 
|  29|0x0000000081d00000, 0x0000000081e00000, 0x0000000081e00000|100%| O|  |TAMS 0x0000000081e00000, 0x0000000081e00000| Untracked 
|  30|0x0000000081e00000, 0x0000000081f00000, 0x0000000081f00000|100%| O|  |TAMS 0x0000000081f00000, 0x0000000081f00000| Untracked 
|  31|0x0000000081f00000, 0x0000000082000000, 0x0000000082000000|100%| O|  |TAMS 0x0000000082000000, 0x0000000082000000| Untracked 
|  32|0x0000000082000000, 0x0000000082100000, 0x0000000082100000|100%| O|  |TAMS 0x0000000082100000, 0x0000000082100000| Untracked 
|  33|0x0000000082100000, 0x0000000082200000, 0x0000000082200000|100%| O|  |TAMS 0x0000000082200000, 0x0000000082200000| Untracked 
|  34|0x0000000082200000, 0x0000000082300000, 0x0000000082300000|100%| O|  |TAMS 0x0000000082300000, 0x0000000082300000| Untracked 
|  35|0x0000000082300000, 0x0000000082400000, 0x0000000082400000|100%| O|  |TAMS 0x0000000082400000, 0x0000000082400000| Untracked 
|  36|0x0000000082400000, 0x0000000082500000, 0x0000000082500000|100%| O|  |TAMS 0x0000000082500000, 0x0000000082500000| Untracked 
|  37|0x0000000082500000, 0x0000000082600000, 0x0000000082600000|100%| O|  |TAMS 0x0000000082600000, 0x0000000082600000| Untracked 
|  38|0x0000000082600000, 0x0000000082700000, 0x0000000082700000|100%| O|  |TAMS 0x0000000082700000, 0x0000000082700000| Untracked 
|  39|0x0000000082700000, 0x0000000082800000, 0x0000000082800000|100%| O|  |TAMS 0x0000000082800000, 0x0000000082800000| Untracked 
|  40|0x0000000082800000, 0x0000000082900000, 0x0000000082900000|100%| O|  |TAMS 0x0000000082900000, 0x0000000082900000| Untracked 
|  41|0x0000000082900000, 0x0000000082a00000, 0x0000000082a00000|100%| O|  |TAMS 0x0000000082a00000, 0x0000000082a00000| Untracked 
|  42|0x0000000082a00000, 0x0000000082b00000, 0x0000000082b00000|100%| O|  |TAMS 0x0000000082b00000, 0x0000000082b00000| Untracked 
|  43|0x0000000082b00000, 0x0000000082c00000, 0x0000000082c00000|100%| O|  |TAMS 0x0000000082c00000, 0x0000000082c00000| Untracked 
|  44|0x0000000082c00000, 0x0000000082d00000, 0x0000000082d00000|100%| O|  |TAMS 0x0000000082d00000, 0x0000000082d00000| Untracked 
|  45|0x0000000082d00000, 0x0000000082e00000, 0x0000000082e00000|100%| O|  |TAMS 0x0000000082e00000, 0x0000000082e00000| Untracked 
|  46|0x0000000082e00000, 0x0000000082f00000, 0x0000000082f00000|100%| O|  |TAMS 0x0000000082f00000, 0x0000000082f00000| Untracked 
|  47|0x0000000082f00000, 0x0000000083000000, 0x0000000083000000|100%| O|  |TAMS 0x0000000083000000, 0x0000000083000000| Untracked 
|  48|0x0000000083000000, 0x0000000083100000, 0x0000000083100000|100%| O|  |TAMS 0x0000000083100000, 0x0000000083100000| Untracked 
|  49|0x0000000083100000, 0x0000000083200000, 0x0000000083200000|100%| O|  |TAMS 0x0000000083200000, 0x0000000083200000| Untracked 
|  50|0x0000000083200000, 0x0000000083300000, 0x0000000083300000|100%| O|  |TAMS 0x0000000083300000, 0x0000000083300000| Untracked 
|  51|0x0000000083300000, 0x0000000083400000, 0x0000000083400000|100%| O|  |TAMS 0x0000000083400000, 0x0000000083400000| Untracked 
|  52|0x0000000083400000, 0x0000000083500000, 0x0000000083500000|100%| O|  |TAMS 0x0000000083500000, 0x0000000083500000| Untracked 
|  53|0x0000000083500000, 0x0000000083600000, 0x0000000083600000|100%| O|  |TAMS 0x0000000083600000, 0x0000000083600000| Untracked 
|  54|0x0000000083600000, 0x0000000083700000, 0x0000000083700000|100%| O|  |TAMS 0x0000000083700000, 0x0000000083700000| Untracked 
|  55|0x0000000083700000, 0x0000000083800000, 0x0000000083800000|100%| O|  |TAMS 0x0000000083800000, 0x0000000083800000| Untracked 
|  56|0x0000000083800000, 0x0000000083900000, 0x0000000083900000|100%| O|  |TAMS 0x0000000083900000, 0x0000000083900000| Untracked 
|  57|0x0000000083900000, 0x0000000083a00000, 0x0000000083a00000|100%| O|  |TAMS 0x0000000083a00000, 0x0000000083a00000| Untracked 
|  58|0x0000000083a00000, 0x0000000083b00000, 0x0000000083b00000|100%| O|  |TAMS 0x0000000083b00000, 0x0000000083b00000| Untracked 
|  59|0x0000000083b00000, 0x0000000083c00000, 0x0000000083c00000|100%| O|  |TAMS 0x0000000083c00000, 0x0000000083c00000| Untracked 
|  60|0x0000000083c00000, 0x0000000083d00000, 0x0000000083d00000|100%| O|  |TAMS 0x0000000083d00000, 0x0000000083d00000| Untracked 
|  61|0x0000000083d00000, 0x0000000083e00000, 0x0000000083e00000|100%| O|  |TAMS 0x0000000083e00000, 0x0000000083e00000| Untracked 
|  62|0x0000000083e00000, 0x0000000083f00000, 0x0000000083f00000|100%| O|  |TAMS 0x0000000083f00000, 0x0000000083f00000| Untracked 
|  63|0x0000000083f00000, 0x0000000084000000, 0x0000000084000000|100%| O|  |TAMS 0x0000000084000000, 0x0000000084000000| Untracked 
|  64|0x0000000084000000, 0x0000000084100000, 0x0000000084100000|100%| O|  |TAMS 0x0000000084100000, 0x0000000084100000| Untracked 
|  65|0x0000000084100000, 0x0000000084200000, 0x0000000084200000|100%| O|  |TAMS 0x0000000084200000, 0x0000000084200000| Untracked 
|  66|0x0000000084200000, 0x0000000084300000, 0x0000000084300000|100%| O|  |TAMS 0x0000000084300000, 0x0000000084300000| Untracked 
|  67|0x0000000084300000, 0x0000000084400000, 0x0000000084400000|100%| O|  |TAMS 0x0000000084400000, 0x0000000084400000| Untracked 
|  68|0x0000000084400000, 0x0000000084500000, 0x0000000084500000|100%| O|  |TAMS 0x0000000084500000, 0x0000000084500000| Untracked 
|  69|0x0000000084500000, 0x0000000084600000, 0x0000000084600000|100%| O|  |TAMS 0x0000000084600000, 0x0000000084600000| Untracked 
|  70|0x0000000084600000, 0x0000000084700000, 0x0000000084700000|100%| O|  |TAMS 0x0000000084700000, 0x0000000084700000| Untracked 
|  71|0x0000000084700000, 0x0000000084800000, 0x0000000084800000|100%| O|  |TAMS 0x0000000084800000, 0x0000000084800000| Untracked 
|  72|0x0000000084800000, 0x0000000084900000, 0x0000000084900000|100%| O|  |TAMS 0x0000000084900000, 0x0000000084900000| Untracked 
|  73|0x0000000084900000, 0x0000000084a00000, 0x0000000084a00000|100%| O|  |TAMS 0x0000000084a00000, 0x0000000084a00000| Untracked 
|  74|0x0000000084a00000, 0x0000000084b00000, 0x0000000084b00000|100%| O|  |TAMS 0x0000000084b00000, 0x0000000084b00000| Untracked 
|  75|0x0000000084b00000, 0x0000000084c00000, 0x0000000084c00000|100%| O|  |TAMS 0x0000000084c00000, 0x0000000084c00000| Untracked 
|  76|0x0000000084c00000, 0x0000000084d00000, 0x0000000084d00000|100%| O|  |TAMS 0x0000000084d00000, 0x0000000084d00000| Untracked 
|  77|0x0000000084d00000, 0x0000000084e00000, 0x0000000084e00000|100%| O|  |TAMS 0x0000000084e00000, 0x0000000084e00000| Untracked 
|  78|0x0000000084e00000, 0x0000000084f00000, 0x0000000084f00000|100%| O|  |TAMS 0x0000000084f00000, 0x0000000084f00000| Untracked 
|  79|0x0000000084f00000, 0x0000000085000000, 0x0000000085000000|100%| O|  |TAMS 0x0000000085000000, 0x0000000085000000| Untracked 
|  80|0x0000000085000000, 0x0000000085100000, 0x0000000085100000|100%| O|  |TAMS 0x0000000085100000, 0x0000000085100000| Untracked 
|  81|0x0000000085100000, 0x0000000085200000, 0x0000000085200000|100%| O|  |TAMS 0x0000000085200000, 0x0000000085200000| Untracked 
|  82|0x0000000085200000, 0x0000000085300000, 0x0000000085300000|100%| O|  |TAMS 0x0000000085300000, 0x0000000085300000| Untracked 
|  83|0x0000000085300000, 0x0000000085400000, 0x0000000085400000|100%| O|  |TAMS 0x0000000085400000, 0x0000000085400000| Untracked 
|  84|0x0000000085400000, 0x0000000085500000, 0x0000000085500000|100%| O|  |TAMS 0x0000000085500000, 0x0000000085500000| Untracked 
|  85|0x0000000085500000, 0x0000000085600000, 0x0000000085600000|100%| O|  |TAMS 0x0000000085600000, 0x0000000085600000| Untracked 
|  86|0x0000000085600000, 0x0000000085700000, 0x0000000085700000|100%| O|  |TAMS 0x0000000085700000, 0x0000000085700000| Untracked 
|  87|0x0000000085700000, 0x0000000085800000, 0x0000000085800000|100%|HS|  |TAMS 0x0000000085800000, 0x0000000085800000| Complete 
|  88|0x0000000085800000, 0x0000000085900000, 0x0000000085900000|100%|HC|  |TAMS 0x0000000085900000, 0x0000000085900000| Complete 
|  89|0x0000000085900000, 0x0000000085a00000, 0x0000000085a00000|100%| O|  |TAMS 0x0000000085a00000, 0x0000000085a00000| Untracked 
|  90|0x0000000085a00000, 0x0000000085b00000, 0x0000000085b00000|100%| O|  |TAMS 0x0000000085b00000, 0x0000000085b00000| Untracked 
|  91|0x0000000085b00000, 0x0000000085c00000, 0x0000000085c00000|100%| O|  |TAMS 0x0000000085c00000, 0x0000000085c00000| Untracked 
|  92|0x0000000085c00000, 0x0000000085d00000, 0x0000000085d00000|100%| O|  |TAMS 0x0000000085d00000, 0x0000000085d00000| Untracked 
|  93|0x0000000085d00000, 0x0000000085e00000, 0x0000000085e00000|100%| O|  |TAMS 0x0000000085e00000, 0x0000000085e00000| Untracked 
|  94|0x0000000085e00000, 0x0000000085f00000, 0x0000000085f00000|100%| O|  |TAMS 0x0000000085f00000, 0x0000000085f00000| Untracked 
|  95|0x0000000085f00000, 0x0000000086000000, 0x0000000086000000|100%| O|  |TAMS 0x0000000086000000, 0x0000000086000000| Untracked 
|  96|0x0000000086000000, 0x0000000086100000, 0x0000000086100000|100%| O|  |TAMS 0x0000000086100000, 0x0000000086100000| Untracked 
|  97|0x0000000086100000, 0x0000000086200000, 0x0000000086200000|100%| O|  |TAMS 0x0000000086200000, 0x0000000086200000| Untracked 
|  98|0x0000000086200000, 0x0000000086300000, 0x0000000086300000|100%| O|  |TAMS 0x0000000086300000, 0x0000000086300000| Untracked 
|  99|0x0000000086300000, 0x0000000086400000, 0x0000000086400000|100%| O|  |TAMS 0x0000000086400000, 0x0000000086400000| Untracked 
| 100|0x0000000086400000, 0x0000000086500000, 0x0000000086500000|100%| O|  |TAMS 0x0000000086500000, 0x0000000086500000| Untracked 
| 101|0x0000000086500000, 0x0000000086600000, 0x0000000086600000|100%| O|  |TAMS 0x0000000086600000, 0x0000000086600000| Untracked 
| 102|0x0000000086600000, 0x0000000086700000, 0x0000000086700000|100%| O|  |TAMS 0x0000000086700000, 0x0000000086700000| Untracked 
| 103|0x0000000086700000, 0x0000000086800000, 0x0000000086800000|100%| O|  |TAMS 0x0000000086800000, 0x0000000086800000| Untracked 
| 104|0x0000000086800000, 0x0000000086900000, 0x0000000086900000|100%| O|  |TAMS 0x0000000086900000, 0x0000000086900000| Untracked 
| 105|0x0000000086900000, 0x0000000086a00000, 0x0000000086a00000|100%| O|  |TAMS 0x0000000086a00000, 0x0000000086a00000| Untracked 
| 106|0x0000000086a00000, 0x0000000086b00000, 0x0000000086b00000|100%| O|  |TAMS 0x0000000086b00000, 0x0000000086b00000| Untracked 
| 107|0x0000000086b00000, 0x0000000086c00000, 0x0000000086c00000|100%| O|  |TAMS 0x0000000086c00000, 0x0000000086c00000| Untracked 
| 108|0x0000000086c00000, 0x0000000086d00000, 0x0000000086d00000|100%| O|  |TAMS 0x0000000086d00000, 0x0000000086d00000| Untracked 
| 109|0x0000000086d00000, 0x0000000086e00000, 0x0000000086e00000|100%| O|  |TAMS 0x0000000086e00000, 0x0000000086e00000| Untracked 
| 110|0x0000000086e00000, 0x0000000086f00000, 0x0000000086f00000|100%| O|  |TAMS 0x0000000086f00000, 0x0000000086f00000| Untracked 
| 111|0x0000000086f00000, 0x0000000087000000, 0x0000000087000000|100%| O|  |TAMS 0x0000000087000000, 0x0000000087000000| Untracked 
| 112|0x0000000087000000, 0x0000000087100000, 0x0000000087100000|100%| O|  |TAMS 0x0000000087100000, 0x0000000087100000| Untracked 
| 113|0x0000000087100000, 0x0000000087200000, 0x0000000087200000|100%| O|  |TAMS 0x0000000087200000, 0x0000000087200000| Untracked 
| 114|0x0000000087200000, 0x0000000087300000, 0x0000000087300000|100%| O|  |TAMS 0x0000000087300000, 0x0000000087300000| Untracked 
| 115|0x0000000087300000, 0x0000000087400000, 0x0000000087400000|100%| O|  |TAMS 0x0000000087400000, 0x0000000087400000| Untracked 
| 116|0x0000000087400000, 0x0000000087500000, 0x0000000087500000|100%| O|  |TAMS 0x0000000087500000, 0x0000000087500000| Untracked 
| 117|0x0000000087500000, 0x0000000087600000, 0x0000000087600000|100%| O|  |TAMS 0x0000000087600000, 0x0000000087600000| Untracked 
| 118|0x0000000087600000, 0x0000000087700000, 0x0000000087700000|100%| O|  |TAMS 0x0000000087700000, 0x0000000087700000| Untracked 
| 119|0x0000000087700000, 0x0000000087800000, 0x0000000087800000|100%| O|  |TAMS 0x0000000087800000, 0x0000000087800000| Untracked 
| 120|0x0000000087800000, 0x0000000087900000, 0x0000000087900000|100%| O|  |TAMS 0x0000000087900000, 0x0000000087900000| Untracked 
| 121|0x0000000087900000, 0x0000000087a00000, 0x0000000087a00000|100%| O|  |TAMS 0x0000000087a00000, 0x0000000087a00000| Untracked 
| 122|0x0000000087a00000, 0x0000000087b00000, 0x0000000087b00000|100%| O|  |TAMS 0x0000000087b00000, 0x0000000087b00000| Untracked 
| 123|0x0000000087b00000, 0x0000000087c00000, 0x0000000087c00000|100%| O|  |TAMS 0x0000000087c00000, 0x0000000087c00000| Untracked 
| 124|0x0000000087c00000, 0x0000000087d00000, 0x0000000087d00000|100%| O|  |TAMS 0x0000000087d00000, 0x0000000087d00000| Untracked 
| 125|0x0000000087d00000, 0x0000000087e00000, 0x0000000087e00000|100%| O|  |TAMS 0x0000000087e00000, 0x0000000087e00000| Untracked 
| 126|0x0000000087e00000, 0x0000000087f00000, 0x0000000087f00000|100%| O|  |TAMS 0x0000000087e00000, 0x0000000087f00000| Untracked 
| 127|0x0000000087f00000, 0x0000000088000000, 0x0000000088000000|100%| O|  |TAMS 0x0000000087f00000, 0x0000000088000000| Untracked 
| 128|0x0000000088000000, 0x0000000088100000, 0x0000000088100000|100%| O|  |TAMS 0x0000000088000000, 0x0000000088100000| Untracked 
| 129|0x0000000088100000, 0x0000000088200000, 0x0000000088200000|100%| O|  |TAMS 0x0000000088100000, 0x0000000088200000| Untracked 
| 130|0x0000000088200000, 0x0000000088300000, 0x0000000088300000|100%| O|  |TAMS 0x0000000088200000, 0x0000000088300000| Untracked 
| 131|0x0000000088300000, 0x0000000088400000, 0x0000000088400000|100%| O|  |TAMS 0x0000000088300000, 0x0000000088400000| Untracked 
| 132|0x0000000088400000, 0x0000000088500000, 0x0000000088500000|100%| O|  |TAMS 0x0000000088400000, 0x0000000088500000| Untracked 
| 133|0x0000000088500000, 0x0000000088600000, 0x0000000088600000|100%| O|  |TAMS 0x0000000088500000, 0x0000000088600000| Untracked 
| 134|0x0000000088600000, 0x0000000088700000, 0x0000000088700000|100%| O|  |TAMS 0x0000000088600000, 0x0000000088700000| Untracked 
| 135|0x0000000088700000, 0x0000000088800000, 0x0000000088800000|100%| O|  |TAMS 0x0000000088700000, 0x0000000088800000| Untracked 
| 136|0x0000000088800000, 0x0000000088900000, 0x0000000088900000|100%| O|  |TAMS 0x0000000088800000, 0x0000000088900000| Untracked 
| 137|0x0000000088900000, 0x0000000088a00000, 0x0000000088a00000|100%| O|  |TAMS 0x0000000088900000, 0x0000000088a00000| Untracked 
| 138|0x0000000088a00000, 0x0000000088b00000, 0x0000000088b00000|100%| O|  |TAMS 0x0000000088a00000, 0x0000000088b00000| Untracked 
| 139|0x0000000088b00000, 0x0000000088c00000, 0x0000000088c00000|100%| O|  |TAMS 0x0000000088b00000, 0x0000000088c00000| Untracked 
| 140|0x0000000088c00000, 0x0000000088d00000, 0x0000000088d00000|100%| O|  |TAMS 0x0000000088c00000, 0x0000000088d00000| Untracked 
| 141|0x0000000088d00000, 0x0000000088e00000, 0x0000000088e00000|100%| O|  |TAMS 0x0000000088d00000, 0x0000000088e00000| Untracked 
| 142|0x0000000088e00000, 0x0000000088f00000, 0x0000000088f00000|100%| O|  |TAMS 0x0000000088e00000, 0x0000000088f00000| Untracked 
| 143|0x0000000088f00000, 0x0000000089000000, 0x0000000089000000|100%| O|  |TAMS 0x0000000088f00000, 0x0000000089000000| Untracked 
| 144|0x0000000089000000, 0x0000000089080000, 0x0000000089100000| 50%| O|  |TAMS 0x0000000089000000, 0x0000000089080000| Untracked 
| 145|0x0000000089100000, 0x0000000089100000, 0x0000000089200000|  0%| F|  |TAMS 0x0000000089100000, 0x0000000089100000| Untracked 
| 146|0x0000000089200000, 0x0000000089200000, 0x0000000089300000|  0%| F|  |TAMS 0x0000000089200000, 0x0000000089200000| Untracked 
| 147|0x0000000089300000, 0x0000000089300000, 0x0000000089400000|  0%| F|  |TAMS 0x0000000089300000, 0x0000000089300000| Untracked 
| 148|0x0000000089400000, 0x0000000089400000, 0x0000000089500000|  0%| F|  |TAMS 0x0000000089400000, 0x0000000089400000| Untracked 
| 149|0x0000000089500000, 0x0000000089500000, 0x0000000089600000|  0%| F|  |TAMS 0x0000000089500000, 0x0000000089500000| Untracked 
| 150|0x0000000089600000, 0x0000000089600000, 0x0000000089700000|  0%| F|  |TAMS 0x0000000089600000, 0x0000000089600000| Untracked 
| 151|0x0000000089700000, 0x0000000089700000, 0x0000000089800000|  0%| F|  |TAMS 0x0000000089700000, 0x0000000089700000| Untracked 
| 152|0x0000000089800000, 0x0000000089800000, 0x0000000089900000|  0%| F|  |TAMS 0x0000000089800000, 0x0000000089800000| Untracked 
| 153|0x0000000089900000, 0x0000000089900000, 0x0000000089a00000|  0%| F|  |TAMS 0x0000000089900000, 0x0000000089900000| Untracked 
| 154|0x0000000089a00000, 0x0000000089a00000, 0x0000000089b00000|  0%| F|  |TAMS 0x0000000089a00000, 0x0000000089a00000| Untracked 
| 155|0x0000000089b00000, 0x0000000089b00000, 0x0000000089c00000|  0%| F|  |TAMS 0x0000000089b00000, 0x0000000089b00000| Untracked 
| 156|0x0000000089c00000, 0x0000000089c00000, 0x0000000089d00000|  0%| F|  |TAMS 0x0000000089c00000, 0x0000000089c00000| Untracked 
| 157|0x0000000089d00000, 0x0000000089d00000, 0x0000000089e00000|  0%| F|  |TAMS 0x0000000089d00000, 0x0000000089d00000| Untracked 
| 158|0x0000000089e00000, 0x0000000089e00000, 0x0000000089f00000|  0%| F|  |TAMS 0x0000000089e00000, 0x0000000089e00000| Untracked 
| 159|0x0000000089f00000, 0x0000000089f00000, 0x000000008a000000|  0%| F|  |TAMS 0x0000000089f00000, 0x0000000089f00000| Untracked 
| 160|0x000000008a000000, 0x000000008a000000, 0x000000008a100000|  0%| F|  |TAMS 0x000000008a000000, 0x000000008a000000| Untracked 
| 161|0x000000008a100000, 0x000000008a100000, 0x000000008a200000|  0%| F|  |TAMS 0x000000008a100000, 0x000000008a100000| Untracked 
| 162|0x000000008a200000, 0x000000008a200000, 0x000000008a300000|  0%| F|  |TAMS 0x000000008a200000, 0x000000008a200000| Untracked 
| 163|0x000000008a300000, 0x000000008a300000, 0x000000008a400000|  0%| F|  |TAMS 0x000000008a300000, 0x000000008a300000| Untracked 
| 164|0x000000008a400000, 0x000000008a400000, 0x000000008a500000|  0%| F|  |TAMS 0x000000008a400000, 0x000000008a400000| Untracked 
| 165|0x000000008a500000, 0x000000008a500000, 0x000000008a600000|  0%| F|  |TAMS 0x000000008a500000, 0x000000008a500000| Untracked 
| 166|0x000000008a600000, 0x000000008a600000, 0x000000008a700000|  0%| F|  |TAMS 0x000000008a600000, 0x000000008a600000| Untracked 
| 167|0x000000008a700000, 0x000000008a700000, 0x000000008a800000|  0%| F|  |TAMS 0x000000008a700000, 0x000000008a700000| Untracked 
| 168|0x000000008a800000, 0x000000008a800000, 0x000000008a900000|  0%| F|  |TAMS 0x000000008a800000, 0x000000008a800000| Untracked 
| 169|0x000000008a900000, 0x000000008a900000, 0x000000008aa00000|  0%| F|  |TAMS 0x000000008a900000, 0x000000008a900000| Untracked 
| 170|0x000000008aa00000, 0x000000008aa00000, 0x000000008ab00000|  0%| F|  |TAMS 0x000000008aa00000, 0x000000008aa00000| Untracked 
| 171|0x000000008ab00000, 0x000000008ab00000, 0x000000008ac00000|  0%| F|  |TAMS 0x000000008ab00000, 0x000000008ab00000| Untracked 
| 172|0x000000008ac00000, 0x000000008ac00000, 0x000000008ad00000|  0%| F|  |TAMS 0x000000008ac00000, 0x000000008ac00000| Untracked 
| 173|0x000000008ad00000, 0x000000008ad00000, 0x000000008ae00000|  0%| F|  |TAMS 0x000000008ad00000, 0x000000008ad00000| Untracked 
| 174|0x000000008ae00000, 0x000000008ae00000, 0x000000008af00000|  0%| F|  |TAMS 0x000000008ae00000, 0x000000008ae00000| Untracked 
| 175|0x000000008af00000, 0x000000008af00000, 0x000000008b000000|  0%| F|  |TAMS 0x000000008af00000, 0x000000008af00000| Untracked 
| 176|0x000000008b000000, 0x000000008b000000, 0x000000008b100000|  0%| F|  |TAMS 0x000000008b000000, 0x000000008b000000| Untracked 
| 177|0x000000008b100000, 0x000000008b100000, 0x000000008b200000|  0%| F|  |TAMS 0x000000008b100000, 0x000000008b100000| Untracked 
| 178|0x000000008b200000, 0x000000008b200000, 0x000000008b300000|  0%| F|  |TAMS 0x000000008b200000, 0x000000008b200000| Untracked 
| 179|0x000000008b300000, 0x000000008b300000, 0x000000008b400000|  0%| F|  |TAMS 0x000000008b300000, 0x000000008b300000| Untracked 
| 180|0x000000008b400000, 0x000000008b400000, 0x000000008b500000|  0%| F|  |TAMS 0x000000008b400000, 0x000000008b400000| Untracked 
| 181|0x000000008b500000, 0x000000008b500000, 0x000000008b600000|  0%| F|  |TAMS 0x000000008b500000, 0x000000008b500000| Untracked 
| 182|0x000000008b600000, 0x000000008b6baca0, 0x000000008b700000| 72%| S|CS|TAMS 0x000000008b600000, 0x000000008b600000| Complete 
| 183|0x000000008b700000, 0x000000008b800000, 0x000000008b800000|100%| S|CS|TAMS 0x000000008b700000, 0x000000008b700000| Complete 
| 184|0x000000008b800000, 0x000000008b800000, 0x000000008b900000|  0%| F|  |TAMS 0x000000008b800000, 0x000000008b800000| Untracked 
| 185|0x000000008b900000, 0x000000008b900000, 0x000000008ba00000|  0%| F|  |TAMS 0x000000008b900000, 0x000000008b900000| Untracked 
| 186|0x000000008ba00000, 0x000000008ba00000, 0x000000008bb00000|  0%| F|  |TAMS 0x000000008ba00000, 0x000000008ba00000| Untracked 
| 187|0x000000008bb00000, 0x000000008bb00000, 0x000000008bc00000|  0%| F|  |TAMS 0x000000008bb00000, 0x000000008bb00000| Untracked 
| 188|0x000000008bc00000, 0x000000008bc00000, 0x000000008bd00000|  0%| F|  |TAMS 0x000000008bc00000, 0x000000008bc00000| Untracked 
| 189|0x000000008bd00000, 0x000000008bd00000, 0x000000008be00000|  0%| F|  |TAMS 0x000000008bd00000, 0x000000008bd00000| Untracked 
| 190|0x000000008be00000, 0x000000008be00000, 0x000000008bf00000|  0%| F|  |TAMS 0x000000008be00000, 0x000000008be00000| Untracked 
| 191|0x000000008bf00000, 0x000000008bf00000, 0x000000008c000000|  0%| F|  |TAMS 0x000000008bf00000, 0x000000008bf00000| Untracked 
| 192|0x000000008c000000, 0x000000008c000000, 0x000000008c100000|  0%| F|  |TAMS 0x000000008c000000, 0x000000008c000000| Untracked 
| 193|0x000000008c100000, 0x000000008c100000, 0x000000008c200000|  0%| F|  |TAMS 0x000000008c100000, 0x000000008c100000| Untracked 

Card table byte_map: [0x000001d524d80000,0x000001d525180000] _byte_map_base: 0x000001d524980000

Marking Bits (Prev, Next): (CMBitMap*) 0x000001d511a0a3a8, (CMBitMap*) 0x000001d511a0a3e0
 Prev Bits: [0x000001d525580000, 0x000001d527580000)
 Next Bits: [0x000001d527580000, 0x000001d529580000)

Polling page: 0x000001d5101e0000

Metaspace:

Usage:
  Non-class:     85.71 MB capacity,    84.33 MB ( 98%) used,     1.15 MB (  1%) free+waste,   243.19 KB ( <1%) overhead. 
      Class:     13.09 MB capacity,    12.29 MB ( 94%) used,   711.19 KB (  5%) free+waste,   107.94 KB ( <1%) overhead. 
       Both:     98.80 MB capacity,    96.61 MB ( 98%) used,     1.84 MB (  2%) free+waste,   351.13 KB ( <1%) overhead. 

Virtual space:
  Non-class space:       86.00 MB reserved,      85.75 MB (>99%) committed 
      Class space:        1.00 GB reserved,      13.13 MB (  1%) committed 
             Both:        1.08 GB reserved,      98.88 MB (  9%) committed 

Chunk freelists:
   Non-Class:  40.00 KB
       Class:  8.00 KB
        Both:  48.00 KB

MaxMetaspaceSize: 17179869184.00 GB
CompressedClassSpaceSize: 1.00 GB

CodeHeap 'non-profiled nmethods': size=120064Kb used=7778Kb max_used=7778Kb free=112285Kb
 bounds [0x000001d51ce10000, 0x000001d51d5b0000, 0x000001d524350000]
CodeHeap 'profiled nmethods': size=120000Kb used=26504Kb max_used=26504Kb free=93495Kb
 bounds [0x000001d5158e0000, 0x000001d5172d0000, 0x000001d51ce10000]
CodeHeap 'non-nmethods': size=5696Kb used=2278Kb max_used=2326Kb free=3417Kb
 bounds [0x000001d515350000, 0x000001d5155c0000, 0x000001d5158e0000]
 total_blobs=13033 nmethods=12152 adapters=792
 compilation: enabled
              stopped_count=0, restarted_count=0
 full_count=0

Compilation events (20 events):
Event: 97.283 Thread 0x000001d52bbec800 nmethod 12578 0x000001d5172bd990 code [0x000001d5172bdb60, 0x000001d5172bdd68]
Event: 97.284 Thread 0x000001d52bbec800 12579       3       org.apache.xerces.parsers.AbstractXMLDocumentParser::emptyElement (14 bytes)
Event: 97.284 Thread 0x000001d52bbec800 nmethod 12579 0x000001d5172bde90 code [0x000001d5172be060, 0x000001d5172be2f8]
Event: 97.286 Thread 0x000001d52bbe4000 nmethod 12556 0x000001d51d5a5e10 code [0x000001d51d5a5fc0, 0x000001d51d5a64b8]
Event: 97.287 Thread 0x000001d52bbe4000 12580       4       org.apache.xerces.impl.io.UTF8Reader::read (1402 bytes)
Event: 97.288 Thread 0x000001d52bbec800 12581       3       org.apache.xerces.util.XMLAttributesImpl::checkDuplicatesNS (110 bytes)
Event: 97.288 Thread 0x000001d52bbec800 nmethod 12581 0x000001d5172be410 code [0x000001d5172be600, 0x000001d5172bea28]
Event: 97.289 Thread 0x000001d52bbec800 12582       3       org.apache.xerces.impl.XMLEntityScanner::skipDeclSpaces (285 bytes)
Event: 97.291 Thread 0x000001d52bbec800 nmethod 12582 0x000001d5172bec90 code [0x000001d5172beee0, 0x000001d5172bf868]
Event: 97.291 Thread 0x000001d52bbec800 12583       1       org.apache.xerces.impl.XMLNSDocumentScannerImpl::access$000 (5 bytes)
Event: 97.291 Thread 0x000001d52bbec800 nmethod 12583 0x000001d51d5a6690 code [0x000001d51d5a6840, 0x000001d51d5a68d8]
Event: 97.293 Thread 0x000001d52bbec800 12584   !   3       com.sun.xml.bind.v2.runtime.unmarshaller.StructureLoader::startElement (433 bytes)
Event: 97.299 Thread 0x000001d52bbec800 nmethod 12584 0x000001d5172bfd10 code [0x000001d5172c0200, 0x000001d5172c27f8]
Event: 97.304 Thread 0x000001d52bbec800 12586       1       android.databinding.tool.store.ResourceBundle$BindingTargetBundle::getId (5 bytes)
Event: 97.305 Thread 0x000001d52bbec800 nmethod 12586 0x000001d51d5a6990 code [0x000001d51d5a6b40, 0x000001d51d5a6bf8]
Event: 97.326 Thread 0x000001d52bbe4000 nmethod 12580 0x000001d51d5a6c90 code [0x000001d51d5a6e80, 0x000001d51d5a7e08]
Event: 97.326 Thread 0x000001d52bbe4000 12585       4       jdk.internal.org.objectweb.asm.ByteVector::putInt (74 bytes)
Event: 97.329 Thread 0x000001d52bbe4000 nmethod 12585 0x000001d51d5a8610 code [0x000001d51d5a87a0, 0x000001d51d5a88d8]
Event: 97.338 Thread 0x000001d52bbec800 12587   !   3       java.util.zip.Inflater::needsDictionary (19 bytes)
Event: 97.338 Thread 0x000001d52bbec800 nmethod 12587 0x000001d5172c3c90 code [0x000001d5172c3e40, 0x000001d5172c40d8]

GC Heap History (20 events):
Event: 68.993 GC heap after
{Heap after GC invocations=72 (full 0):
 garbage-first heap   total 164864K, used 74421K [0x0000000080000000, 0x0000000100000000)
  region size 1024K, 4 young (4096K), 4 survivors (4096K)
 Metaspace       used 82557K, capacity 84533K, committed 84608K, reserved 1122304K
  class space    used 10622K, capacity 11327K, committed 11392K, reserved 1048576K
}
Event: 71.071 GC heap before
{Heap before GC invocations=73 (full 0):
 garbage-first heap   total 164864K, used 121525K [0x0000000080000000, 0x0000000100000000)
  region size 1024K, 50 young (51200K), 4 survivors (4096K)
 Metaspace       used 82589K, capacity 84534K, committed 84608K, reserved 1122304K
  class space    used 10622K, capacity 11327K, committed 11392K, reserved 1048576K
}
Event: 71.086 GC heap after
{Heap after GC invocations=74 (full 0):
 garbage-first heap   total 164864K, used 74850K [0x0000000080000000, 0x0000000100000000)
  region size 1024K, 4 young (4096K), 4 survivors (4096K)
 Metaspace       used 82589K, capacity 84534K, committed 84608K, reserved 1122304K
  class space    used 10622K, capacity 11327K, committed 11392K, reserved 1048576K
}
Event: 72.765 GC heap before
{Heap before GC invocations=74 (full 0):
 garbage-first heap   total 164864K, used 132194K [0x0000000080000000, 0x0000000100000000)
  region size 1024K, 61 young (62464K), 4 survivors (4096K)
 Metaspace       used 82814K, capacity 84725K, committed 84864K, reserved 1122304K
  class space    used 10636K, capacity 11340K, committed 11392K, reserved 1048576K
}
Event: 72.779 GC heap after
{Heap after GC invocations=75 (full 0):
 garbage-first heap   total 164864K, used 76927K [0x0000000080000000, 0x0000000100000000)
  region size 1024K, 6 young (6144K), 6 survivors (6144K)
 Metaspace       used 82814K, capacity 84725K, committed 84864K, reserved 1122304K
  class space    used 10636K, capacity 11340K, committed 11392K, reserved 1048576K
}
Event: 82.549 GC heap before
{Heap before GC invocations=75 (full 0):
 garbage-first heap   total 164864K, used 135295K [0x0000000080000000, 0x0000000100000000)
  region size 1024K, 64 young (65536K), 6 survivors (6144K)
 Metaspace       used 83994K, capacity 85946K, committed 86016K, reserved 1124352K
  class space    used 10770K, capacity 11467K, committed 11520K, reserved 1048576K
}
Event: 82.603 GC heap after
{Heap after GC invocations=76 (full 0):
 garbage-first heap   total 164864K, used 81155K [0x0000000080000000, 0x0000000100000000)
  region size 1024K, 8 young (8192K), 8 survivors (8192K)
 Metaspace       used 83994K, capacity 85946K, committed 86016K, reserved 1124352K
  class space    used 10770K, capacity 11467K, committed 11520K, reserved 1048576K
}
Event: 83.480 GC heap before
{Heap before GC invocations=76 (full 0):
 garbage-first heap   total 164864K, used 135427K [0x0000000080000000, 0x0000000100000000)
  region size 1024K, 62 young (63488K), 8 survivors (8192K)
 Metaspace       used 84620K, capacity 86589K, committed 86912K, reserved 1124352K
  class space    used 10816K, capacity 11532K, committed 11648K, reserved 1048576K
}
Event: 83.532 GC heap after
{Heap after GC invocations=77 (full 0):
 garbage-first heap   total 164864K, used 82616K [0x0000000080000000, 0x0000000100000000)
  region size 1024K, 3 young (3072K), 3 survivors (3072K)
 Metaspace       used 84620K, capacity 86589K, committed 86912K, reserved 1124352K
  class space    used 10816K, capacity 11532K, committed 11648K, reserved 1048576K
}
Event: 87.031 GC heap before
{Heap before GC invocations=77 (full 0):
 garbage-first heap   total 164864K, used 135864K [0x0000000080000000, 0x0000000100000000)
  region size 1024K, 56 young (57344K), 3 survivors (3072K)
 Metaspace       used 87075K, capacity 89158K, committed 89216K, reserved 1126400K
  class space    used 11136K, capacity 11878K, committed 11904K, reserved 1048576K
}
Event: 87.132 GC heap after
{Heap after GC invocations=78 (full 0):
 garbage-first heap   total 164864K, used 88343K [0x0000000080000000, 0x0000000100000000)
  region size 1024K, 7 young (7168K), 7 survivors (7168K)
 Metaspace       used 87075K, capacity 89158K, committed 89216K, reserved 1126400K
  class space    used 11136K, capacity 11878K, committed 11904K, reserved 1048576K
}
Event: 88.724 GC heap before
{Heap before GC invocations=79 (full 0):
 garbage-first heap   total 164864K, used 107799K [0x0000000080000000, 0x0000000100000000)
  region size 1024K, 28 young (28672K), 7 survivors (7168K)
 Metaspace       used 91780K, capacity 93989K, committed 94208K, reserved 1130496K
  class space    used 11735K, capacity 12483K, committed 12544K, reserved 1048576K
}
Event: 88.833 GC heap after
{Heap after GC invocations=80 (full 0):
 garbage-first heap   total 198656K, used 91238K [0x0000000080000000, 0x0000000100000000)
  region size 1024K, 3 young (3072K), 3 survivors (3072K)
 Metaspace       used 91780K, capacity 93989K, committed 94208K, reserved 1130496K
  class space    used 11735K, capacity 12483K, committed 12544K, reserved 1048576K
}
Event: 93.084 GC heap before
{Heap before GC invocations=81 (full 0):
 garbage-first heap   total 198656K, used 140390K [0x0000000080000000, 0x0000000100000000)
  region size 1024K, 50 young (51200K), 3 survivors (3072K)
 Metaspace       used 95549K, capacity 97784K, committed 98048K, reserved 1134592K
  class space    used 12118K, capacity 12938K, committed 13056K, reserved 1048576K
}
Event: 93.158 GC heap after
{Heap after GC invocations=82 (full 0):
 garbage-first heap   total 198656K, used 101216K [0x0000000080000000, 0x0000000100000000)
  region size 1024K, 7 young (7168K), 7 survivors (7168K)
 Metaspace       used 95549K, capacity 97784K, committed 98048K, reserved 1134592K
  class space    used 12118K, capacity 12938K, committed 13056K, reserved 1048576K
}
Event: 93.988 GC heap before
{Heap before GC invocations=82 (full 0):
 garbage-first heap   total 198656K, used 145248K [0x0000000080000000, 0x0000000100000000)
  region size 1024K, 51 young (52224K), 7 survivors (7168K)
 Metaspace       used 96233K, capacity 98501K, committed 98560K, reserved 1134592K
  class space    used 12202K, capacity 13007K, committed 13056K, reserved 1048576K
}
Event: 94.201 GC heap after
{Heap after GC invocations=83 (full 0):
 garbage-first heap   total 198656K, used 136192K [0x0000000080000000, 0x0000000100000000)
  region size 1024K, 7 young (7168K), 7 survivors (7168K)
 Metaspace       used 96233K, capacity 98501K, committed 98560K, reserved 1134592K
  class space    used 12202K, capacity 13007K, committed 13056K, reserved 1048576K
}
Event: 96.334 GC heap before
{Heap before GC invocations=83 (full 0):
 garbage-first heap   total 198656K, used 157696K [0x0000000080000000, 0x0000000100000000)
  region size 1024K, 28 young (28672K), 7 survivors (7168K)
 Metaspace       used 97515K, capacity 99692K, committed 99968K, reserved 1136640K
  class space    used 12382K, capacity 13168K, committed 13184K, reserved 1048576K
}
Event: 96.533 GC heap after
{Heap after GC invocations=84 (full 0):
 garbage-first heap   total 198656K, used 146432K [0x0000000080000000, 0x0000000100000000)
  region size 1024K, 4 young (4096K), 4 survivors (4096K)
 Metaspace       used 97515K, capacity 99692K, committed 99968K, reserved 1136640K
  class space    used 12382K, capacity 13168K, committed 13184K, reserved 1048576K
}
Event: 97.354 GC heap before
{Heap before GC invocations=85 (full 0):
 garbage-first heap   total 198656K, used 154624K [0x0000000080000000, 0x0000000100000000)
  region size 1024K, 14 young (14336K), 4 survivors (4096K)
 Metaspace       used 98930K, capacity 101168K, committed 101248K, reserved 1136640K
  class space    used 12580K, capacity 13400K, committed 13440K, reserved 1048576K
}

Deoptimization events (20 events):
Event: 97.306 Thread 0x000001d52f1b1800 Uncommon trap: trap_request=0xffffff6e fr.pc=0x000001d51d59efe8 relative=0x00000000000005e8
Event: 97.306 Thread 0x000001d52f1b1800 Uncommon trap: reason=speculate_class_check action=maybe_recompile pc=0x000001d51d59efe8 method=java.util.zip.InflaterInputStream.read([BII)I @ 100 c2
Event: 97.306 Thread 0x000001d52f1b1800 DEOPT PACKING pc=0x000001d51d59efe8 sp=0x0000004a68bf6fe0
Event: 97.306 Thread 0x000001d52f1b1800 DEOPT UNPACKING pc=0x000001d5153774af sp=0x0000004a68bf6fa0 mode 2
Event: 97.307 Thread 0x000001d52f1b1800 Uncommon trap: trap_request=0xffffff6e fr.pc=0x000001d51d59efe8 relative=0x00000000000005e8
Event: 97.307 Thread 0x000001d52f1b1800 Uncommon trap: reason=speculate_class_check action=maybe_recompile pc=0x000001d51d59efe8 method=java.util.zip.InflaterInputStream.read([BII)I @ 100 c2
Event: 97.307 Thread 0x000001d52f1b1800 DEOPT PACKING pc=0x000001d51d59efe8 sp=0x0000004a68bf3fe0
Event: 97.307 Thread 0x000001d52f1b1800 DEOPT UNPACKING pc=0x000001d5153774af sp=0x0000004a68bf3fa0 mode 2
Event: 97.308 Thread 0x000001d52f1b1800 Uncommon trap: trap_request=0xffffff6e fr.pc=0x000001d51d59efe8 relative=0x00000000000005e8
Event: 97.308 Thread 0x000001d52f1b1800 Uncommon trap: reason=speculate_class_check action=maybe_recompile pc=0x000001d51d59efe8 method=java.util.zip.InflaterInputStream.read([BII)I @ 100 c2
Event: 97.308 Thread 0x000001d52f1b1800 DEOPT PACKING pc=0x000001d51d59efe8 sp=0x0000004a68bf7020
Event: 97.308 Thread 0x000001d52f1b1800 DEOPT UNPACKING pc=0x000001d5153774af sp=0x0000004a68bf6fe0 mode 2
Event: 97.310 Thread 0x000001d52f1b1800 Uncommon trap: trap_request=0xffffff6e fr.pc=0x000001d51d59efe8 relative=0x00000000000005e8
Event: 97.310 Thread 0x000001d52f1b1800 Uncommon trap: reason=speculate_class_check action=maybe_recompile pc=0x000001d51d59efe8 method=java.util.zip.InflaterInputStream.read([BII)I @ 100 c2
Event: 97.310 Thread 0x000001d52f1b1800 DEOPT PACKING pc=0x000001d51d59efe8 sp=0x0000004a68bf4020
Event: 97.310 Thread 0x000001d52f1b1800 DEOPT UNPACKING pc=0x000001d5153774af sp=0x0000004a68bf3fe0 mode 2
Event: 97.313 Thread 0x000001d52f1b1800 Uncommon trap: trap_request=0xffffff4d fr.pc=0x000001d51d33f03c relative=0x000000000000045c
Event: 97.313 Thread 0x000001d52f1b1800 Uncommon trap: reason=unstable_if action=reinterpret pc=0x000001d51d33f03c method=java.util.regex.Pattern.range(Ljava/util/regex/Pattern$BitClass;)Ljava/util/regex/Pattern$CharPredicate; @ 165 c2
Event: 97.313 Thread 0x000001d52f1b1800 DEOPT PACKING pc=0x000001d51d33f03c sp=0x0000004a68bf8e60
Event: 97.313 Thread 0x000001d52f1b1800 DEOPT UNPACKING pc=0x000001d5153774af sp=0x0000004a68bf8de0 mode 2

Classes redefined (0 events):
No events

Internal exceptions (20 events):
Event: 91.846 Thread 0x000001d52f1b1800 Exception <a 'sun/nio/fs/WindowsException'{0x000000008a703068}> (0x000000008a703068) thrown at [./src/hotspot/share/prims/jni.cpp, line 615]
Event: 91.846 Thread 0x000001d52f1b1800 Exception <a 'sun/nio/fs/WindowsException'{0x000000008a7031e8}> (0x000000008a7031e8) thrown at [./src/hotspot/share/prims/jni.cpp, line 615]
Event: 91.850 Thread 0x000001d52f1b1800 Exception <a 'sun/nio/fs/WindowsException'{0x000000008a753480}> (0x000000008a753480) thrown at [./src/hotspot/share/prims/jni.cpp, line 615]
Event: 91.850 Thread 0x000001d52f1b1800 Exception <a 'sun/nio/fs/WindowsException'{0x000000008a753608}> (0x000000008a753608) thrown at [./src/hotspot/share/prims/jni.cpp, line 615]
Event: 91.855 Thread 0x000001d52f1b1800 Exception <a 'sun/nio/fs/WindowsException'{0x000000008a76e690}> (0x000000008a76e690) thrown at [./src/hotspot/share/prims/jni.cpp, line 615]
Event: 91.855 Thread 0x000001d52f1b1800 Exception <a 'sun/nio/fs/WindowsException'{0x000000008a76e820}> (0x000000008a76e820) thrown at [./src/hotspot/share/prims/jni.cpp, line 615]
Event: 91.859 Thread 0x000001d52f1b1800 Exception <a 'sun/nio/fs/WindowsException'{0x000000008a7a2b18}> (0x000000008a7a2b18) thrown at [./src/hotspot/share/prims/jni.cpp, line 615]
Event: 91.859 Thread 0x000001d52f1b1800 Exception <a 'sun/nio/fs/WindowsException'{0x000000008a7a2ca8}> (0x000000008a7a2ca8) thrown at [./src/hotspot/share/prims/jni.cpp, line 615]
Event: 91.861 Thread 0x000001d52f1b1800 Exception <a 'sun/nio/fs/WindowsException'{0x000000008a7b3570}> (0x000000008a7b3570) thrown at [./src/hotspot/share/prims/jni.cpp, line 615]
Event: 91.861 Thread 0x000001d52f1b1800 Exception <a 'sun/nio/fs/WindowsException'{0x000000008a7b3708}> (0x000000008a7b3708) thrown at [./src/hotspot/share/prims/jni.cpp, line 615]
Event: 91.866 Thread 0x000001d52f1b1800 Exception <a 'sun/nio/fs/WindowsException'{0x000000008a7d3e40}> (0x000000008a7d3e40) thrown at [./src/hotspot/share/prims/jni.cpp, line 615]
Event: 91.866 Thread 0x000001d52f1b1800 Exception <a 'sun/nio/fs/WindowsException'{0x000000008a7d3fd0}> (0x000000008a7d3fd0) thrown at [./src/hotspot/share/prims/jni.cpp, line 615]
Event: 91.874 Thread 0x000001d52f1b1800 Exception <a 'sun/nio/fs/WindowsException'{0x000000008a7eeb08}> (0x000000008a7eeb08) thrown at [./src/hotspot/share/prims/jni.cpp, line 615]
Event: 91.874 Thread 0x000001d52f1b1800 Exception <a 'sun/nio/fs/WindowsException'{0x000000008a7eec98}> (0x000000008a7eec98) thrown at [./src/hotspot/share/prims/jni.cpp, line 615]
Event: 92.082 Thread 0x000001d52f1b1800 Exception <a 'sun/nio/fs/WindowsException'{0x000000008a3c0a58}> (0x000000008a3c0a58) thrown at [./src/hotspot/share/prims/jni.cpp, line 615]
Event: 92.131 Thread 0x000001d52f1b1800 Exception <a 'sun/nio/fs/WindowsException'{0x000000008a287780}> (0x000000008a287780) thrown at [./src/hotspot/share/prims/jni.cpp, line 615]
Event: 92.134 Thread 0x000001d52f1b1800 Exception <a 'sun/nio/fs/WindowsException'{0x000000008a294660}> (0x000000008a294660) thrown at [./src/hotspot/share/prims/jni.cpp, line 615]
Event: 92.135 Thread 0x000001d52f1b1800 Exception <a 'sun/nio/fs/WindowsException'{0x000000008a2947f0}> (0x000000008a2947f0) thrown at [./src/hotspot/share/prims/jni.cpp, line 615]
Event: 93.325 Thread 0x000001d52f1b1800 Implicit null exception at 0x000001d51d554d20 to 0x000001d51d554fc0
Event: 96.066 Thread 0x000001d52f1b1800 Exception <a 'java/lang/NullPointerException'{0x000000008afc9180}> (0x000000008afc9180) thrown at [./src/hotspot/share/interpreter/linkResolver.cpp, line 1440]

Events (20 events):
Event: 97.343 loading class android/databinding/tool/reflection/InjectedClass$jniDescription$2 done
Event: 97.344 loading class android/databinding/tool/reflection/InjectedClass$typeName$2
Event: 97.344 loading class android/databinding/tool/reflection/InjectedClass$typeName$2 done
Event: 97.345 loading class android/databinding/tool/reflection/ImportBag$Companion
Event: 97.345 loading class android/databinding/tool/reflection/ImportBag$Companion done
Event: 97.346 loading class android/databinding/tool/reflection/ImmutableImportBag
Event: 97.346 loading class android/databinding/tool/reflection/ImmutableImportBag done
Event: 97.348 loading class kotlin/collections/SetsKt
Event: 97.348 loading class kotlin/collections/SetsKt done
Event: 97.348 loading class kotlin/collections/SetsKt___SetsKt
Event: 97.348 loading class kotlin/collections/SetsKt___SetsKt done
Event: 97.349 loading class kotlin/collections/SetsKt__SetsKt
Event: 97.349 loading class kotlin/collections/SetsKt__SetsKt done
Event: 97.350 loading class kotlin/collections/SetsKt__SetsJVMKt
Event: 97.350 loading class kotlin/collections/SetsKt__SetsJVMKt done
Event: 97.351 loading class kotlin/collections/ArraysKt
Event: 97.351 loading class kotlin/collections/ArraysKt done
Event: 97.351 loading class kotlin/collections/ArraysKt___ArraysKt
Event: 97.351 loading class kotlin/collections/ArraysKt___ArraysKt done
Event: 97.354 Executing VM operation: G1CollectForAllocation


Dynamic libraries:
0x00007ff68ccd0000 - 0x00007ff68ccda000 	C:\Program Files\Android\Android Studio1\jre\bin\java.exe
0x00007ffadc690000 - 0x00007ffadc885000 	C:\Windows\SYSTEM32\ntdll.dll
0x00007ffadbbb0000 - 0x00007ffadbc6e000 	C:\Windows\System32\KERNEL32.DLL
0x00007ffada410000 - 0x00007ffada6d8000 	C:\Windows\System32\KERNELBASE.dll
0x00007ffad9f00000 - 0x00007ffada000000 	C:\Windows\System32\ucrtbase.dll
0x00007ffad3e20000 - 0x00007ffad3e37000 	C:\Program Files\Android\Android Studio1\jre\bin\VCRUNTIME140.dll
0x00007ffad3d30000 - 0x00007ffad3d49000 	C:\Program Files\Android\Android Studio1\jre\bin\jli.dll
0x00007ffada770000 - 0x00007ffada911000 	C:\Windows\System32\USER32.dll
0x00007ffada3e0000 - 0x00007ffada402000 	C:\Windows\System32\win32u.dll
0x00007ffada6e0000 - 0x00007ffada70b000 	C:\Windows\System32\GDI32.dll
0x00007ffada0e0000 - 0x00007ffada1eb000 	C:\Windows\System32\gdi32full.dll
0x00007ffad9db0000 - 0x00007ffad9e4d000 	C:\Windows\System32\msvcp_win.dll
0x00007ffac8710000 - 0x00007ffac89aa000 	C:\Windows\WinSxS\amd64_microsoft.windows.common-controls_6595b64144ccf1df_6.0.19041.1110_none_60b5254171f9507e\COMCTL32.dll
0x00007ffadb5a0000 - 0x00007ffadb63e000 	C:\Windows\System32\msvcrt.dll
0x00007ffadbc70000 - 0x00007ffadbca0000 	C:\Windows\System32\IMM32.DLL
0x00007ffaa7b60000 - 0x00007ffaa7bfd000 	C:\Program Files\Android\Android Studio1\jre\bin\msvcp140.dll
0x00007ffa96300000 - 0x00007ffa96dbc000 	C:\Program Files\Android\Android Studio1\jre\bin\server\jvm.dll
0x00007ffadac10000 - 0x00007ffadacbc000 	C:\Windows\System32\ADVAPI32.dll
0x00007ffadbfc0000 - 0x00007ffadc05b000 	C:\Windows\System32\sechost.dll
0x00007ffadbe20000 - 0x00007ffadbf4a000 	C:\Windows\System32\RPCRT4.dll
0x00007ffadae50000 - 0x00007ffadae58000 	C:\Windows\System32\PSAPI.DLL
0x00007ffac4580000 - 0x00007ffac4589000 	C:\Windows\SYSTEM32\WSOCK32.dll
0x00007ffadbf50000 - 0x00007ffadbfbb000 	C:\Windows\System32\WS2_32.dll
0x00007ffac5c80000 - 0x00007ffac5ca7000 	C:\Windows\SYSTEM32\WINMM.dll
0x00007ffad2860000 - 0x00007ffad286a000 	C:\Windows\SYSTEM32\VERSION.dll
0x00007ffad8630000 - 0x00007ffad8642000 	C:\Windows\SYSTEM32\kernel.appcore.dll
0x00007ffad1f00000 - 0x00007ffad1f11000 	C:\Program Files\Android\Android Studio1\jre\bin\verify.dll
0x00007ffad8340000 - 0x00007ffad8524000 	C:\Windows\SYSTEM32\DBGHELP.DLL
0x00007ffac9300000 - 0x00007ffac932c000 	C:\Windows\SYSTEM32\dbgcore.DLL
0x00007ffada050000 - 0x00007ffada0d3000 	C:\Windows\System32\bcryptPrimitives.dll
0x00007ffaba500000 - 0x00007ffaba529000 	C:\Program Files\Android\Android Studio1\jre\bin\java.dll
0x00007ffad1ef0000 - 0x00007ffad1efb000 	C:\Program Files\Android\Android Studio1\jre\bin\jimage.dll
0x00007ffab2f20000 - 0x00007ffab2f38000 	C:\Program Files\Android\Android Studio1\jre\bin\zip.dll
0x00007ffadae60000 - 0x00007ffadb59f000 	C:\Windows\System32\SHELL32.dll
0x00007ffad7ae0000 - 0x00007ffad8270000 	C:\Windows\SYSTEM32\windows.storage.dll
0x00007ffadb710000 - 0x00007ffadba65000 	C:\Windows\System32\combase.dll
0x00007ffad9730000 - 0x00007ffad975e000 	C:\Windows\SYSTEM32\Wldp.dll
0x00007ffadada0000 - 0x00007ffadae4d000 	C:\Windows\System32\SHCORE.dll
0x00007ffadc060000 - 0x00007ffadc0b5000 	C:\Windows\System32\shlwapi.dll
0x00007ffad9cf0000 - 0x00007ffad9d0f000 	C:\Windows\SYSTEM32\profapi.dll
0x00007ffab2f00000 - 0x00007ffab2f1a000 	C:\Program Files\Android\Android Studio1\jre\bin\net.dll
0x00007ffacadc0000 - 0x00007ffacaecc000 	C:\Windows\SYSTEM32\WINHTTP.dll
0x00007ffad9490000 - 0x00007ffad94fa000 	C:\Windows\system32\mswsock.dll
0x00007ffaae8b0000 - 0x00007ffaae8c4000 	C:\Program Files\Android\Android Studio1\jre\bin\nio.dll
0x00007ffac5490000 - 0x00007ffac54b7000 	C:\Users\VuThiLanh\.gradle\native\fdc75f09e3144964f2cf3f50f0aa648679c211496f362492102eb8c894070792\windows-amd64\native-platform.dll
0x00007ffa9b500000 - 0x00007ffa9b696000 	C:\Users\VuThiLanh\.gradle\native\12488b8bf47d2d4c9fbf2f6322a914ad602e24e48041cd04a747c6da556b65c4\windows-amd64\native-platform-file-events.dll
0x00007ffad1c60000 - 0x00007ffad1c6a000 	C:\Program Files\Android\Android Studio1\jre\bin\management.dll
0x00007ffac70f0000 - 0x00007ffac70fc000 	C:\Program Files\Android\Android Studio1\jre\bin\management_ext.dll
0x00007ffad9680000 - 0x00007ffad9698000 	C:\Windows\SYSTEM32\CRYPTSP.dll
0x00007ffad8e10000 - 0x00007ffad8e44000 	C:\Windows\system32\rsaenh.dll
0x00007ffada1f0000 - 0x00007ffada217000 	C:\Windows\System32\bcrypt.dll
0x00007ffad9cb0000 - 0x00007ffad9cde000 	C:\Windows\SYSTEM32\USERENV.dll
0x00007ffad96a0000 - 0x00007ffad96ac000 	C:\Windows\SYSTEM32\CRYPTBASE.dll
0x00007ffad9180000 - 0x00007ffad91bb000 	C:\Windows\SYSTEM32\IPHLPAPI.DLL
0x00007ffadbe10000 - 0x00007ffadbe18000 	C:\Windows\System32\NSI.dll
0x00007ffacdf40000 - 0x00007ffacdf57000 	C:\Windows\SYSTEM32\dhcpcsvc6.DLL
0x00007ffad1190000 - 0x00007ffad11ad000 	C:\Windows\SYSTEM32\dhcpcsvc.DLL
0x00007ffad91c0000 - 0x00007ffad928b000 	C:\Windows\SYSTEM32\DNSAPI.dll
0x00007ffad1750000 - 0x00007ffad175b000 	C:\Windows\SYSTEM32\WINNSI.DLL

dbghelp: loaded successfully - version: 4.0.5 - missing functions: none
symbol engine: initialized successfully - sym options: 0x614 - pdb path: .;C:\Program Files\Android\Android Studio1\jre\bin;C:\Windows\SYSTEM32;C:\Windows\WinSxS\amd64_microsoft.windows.common-controls_6595b64144ccf1df_6.0.19041.1110_none_60b5254171f9507e;C:\Program Files\Android\Android Studio1\jre\bin\server;C:\Users\VuThiLanh\.gradle\native\fdc75f09e3144964f2cf3f50f0aa648679c211496f362492102eb8c894070792\windows-amd64;C:\Users\VuThiLanh\.gradle\native\12488b8bf47d2d4c9fbf2f6322a914ad602e24e48041cd04a747c6da556b65c4\windows-amd64

VM Arguments:
jvm_args: --add-opens=java.base/java.util=ALL-UNNAMED --add-opens=java.base/java.lang=ALL-UNNAMED --add-opens=java.base/java.lang.invoke=ALL-UNNAMED --add-opens=java.prefs/java.util.prefs=ALL-UNNAMED -Xmx2048m -Dfile.encoding=UTF-8 -Duser.country=US -Duser.language=en -Duser.variant 
java_command: org.gradle.launcher.daemon.bootstrap.GradleDaemon 6.7.1
java_class_path (initial): C:\Users\VuThiLanh\.gradle\wrapper\dists\gradle-6.7.1-bin\bwlcbys1h7rz3272sye1xwiv6\gradle-6.7.1\lib\gradle-launcher-6.7.1.jar
Launcher Type: SUN_STANDARD

[Global flags]
     intx CICompilerCount                          = 3                                         {product} {ergonomic}
     uint ConcGCThreads                            = 1                                         {product} {ergonomic}
     uint G1ConcRefinementThreads                  = 4                                         {product} {ergonomic}
   size_t G1HeapRegionSize                         = 1048576                                   {product} {ergonomic}
    uintx GCDrainStackTargetSize                   = 64                                        {product} {ergonomic}
   size_t InitialHeapSize                          = 65011712                                  {product} {ergonomic}
   size_t MarkStackSize                            = 4194304                                   {product} {ergonomic}
   size_t MaxHeapSize                              = 2147483648                                {product} {command line}
   size_t MaxNewSize                               = 1287651328                                {product} {ergonomic}
   size_t MinHeapDeltaBytes                        = 1048576                                   {product} {ergonomic}
    uintx NonNMethodCodeHeapSize                   = 5830732                                {pd product} {ergonomic}
    uintx NonProfiledCodeHeapSize                  = 122913754                              {pd product} {ergonomic}
    uintx ProfiledCodeHeapSize                     = 122913754                              {pd product} {ergonomic}
    uintx ReservedCodeCacheSize                    = 251658240                              {pd product} {ergonomic}
     bool SegmentedCodeCache                       = true                                      {product} {ergonomic}
     bool UseCompressedClassPointers               = true                                 {lp64_product} {ergonomic}
     bool UseCompressedOops                        = true                                 {lp64_product} {ergonomic}
     bool UseG1GC                                  = true                                      {product} {ergonomic}
     bool UseLargePagesIndividualAllocation        = false                                  {pd product} {ergonomic}

Logging:
Log output configuration:
 #0: stdout all=warning uptime,level,tags
 #1: stderr all=off uptime,level,tags

Environment Variables:
PATH=C:\Program Files\Common Files\Oracle\Java\javapath;C:\Windows\system32;C:\Windows;C:\Windows\System32\Wbem;C:\Windows\System32\WindowsPowerShell\v1.0\;C:\Windows\System32\OpenSSH\;C:\Program Files\Microsoft SQL Server\Client SDK\ODBC\170\Tools\Binn\;C:\Program Files (x86)\Microsoft SQL Server\150\Tools\Binn\;C:\Program Files\Microsoft SQL Server\150\Tools\Binn\;C:\Program Files\Microsoft SQL Server\150\DTS\Binn\;C:\Program Files (x86)\Microsoft SQL Server\150\DTS\Binn\;C:\Program Files\Azure Data Studio\bin;C:\Program Files\Microsoft SQL Server\130\Tools\Binn\;C:\Program Files\Git\cmd;C:\Program Files (x86)\Rational\common;C:\Program Files\dotnet\;C:\Users\VuThiLanh\AppData\Local\Microsoft\WindowsApps;C:\Program Files\Azure Data Studio\bin;C:\Users\VuThiLanh\.dotnet\tools;C:\Users\VuThiLanh\AppData\Local\GitHubDesktop\bin
USERNAME=VuThiLanh
OS=Windows_NT
PROCESSOR_IDENTIFIER=Intel64 Family 6 Model 142 Stepping 9, GenuineIntel



---------------  S Y S T E M  ---------------

OS: Windows 10 , 64 bit Build 19041 (10.0.19041.1348)
OS uptime: 2 days 11:12 hours

CPU:total 4 (initial active 4) (2 cores per cpu, 2 threads per core) family 6 model 142 stepping 9, cmov, cx8, fxsr, mmx, sse, sse2, sse3, ssse3, sse4.1, sse4.2, popcnt, avx, avx2, aes, clmul, erms, 3dnowpref, lzcnt, ht, tsc, tscinvbit, bmi1, bmi2, adx, fma

Memory: 4k page, system-wide physical 3961M (197M free)
TotalPageFile size 12057M (AvailPageFile size 89M)
current process WorkingSet (physical memory assigned to process): 214M, peak: 301M
current process commit charge ("private bytes"): 480M, peak: 575M

vm_info: OpenJDK 64-Bit Server VM (11.0.8+10-b944.6842174) for windows-amd64 JRE (11.0.8+10-b944.6842174), built on Sep 19 2020 01:11:42 by "builder" with MS VC++ 14.0 (VS2015)

END.
