#
# There is insufficient memory for the Java Runtime Environment to continue.
# Native memory allocation (malloc) failed to allocate 958896 bytes for Chunk::new
# Possible reasons:
#   The system is out of physical RAM or swap space
#   The process is running with CompressedOops enabled, and the Java Heap may be blocking the growth of the native heap
# Possible solutions:
#   Reduce memory load on the system
#   Increase physical memory or swap space
#   Check if swap backing store is full
#   Decrease Java heap size (-Xmx/-Xms)
#   Decrease number of Java threads
#   Decrease Java thread stack sizes (-Xss)
#   Set larger code cache with -XX:ReservedCodeCacheSize=
#   JVM is running with Unscaled Compressed Oops mode in which the Java heap is
#     placed in the first 4GB address space. The Java Heap base address is the
#     maximum limit for the native heap growth. Please use -XX:HeapBaseMinAddress
#     to set the Java Heap base and to place the Java Heap above 4GB virtual address.
# This output file may be truncated or incomplete.
#
#  Out of Memory Error (./src/hotspot/share/memory/arena.cpp:197), pid=4724, tid=12236
#
# JRE version: OpenJDK Runtime Environment (11.0.8+10) (build 11.0.8+10-b944.6842174)
# Java VM: OpenJDK 64-Bit Server VM (11.0.8+10-b944.6842174, mixed mode, tiered, compressed oops, g1 gc, windows-amd64)
# No core dump will be written. Minidumps are not enabled by default on client versions of Windows
#

---------------  S U M M A R Y ------------

Command Line: --add-opens=java.base/java.util=ALL-UNNAMED --add-opens=java.base/java.lang=ALL-UNNAMED --add-opens=java.base/java.lang.invoke=ALL-UNNAMED --add-opens=java.prefs/java.util.prefs=ALL-UNNAMED -Xmx2048m -Dfile.encoding=UTF-8 -Duser.country=US -Duser.language=en -Duser.variant org.gradle.launcher.daemon.bootstrap.GradleDaemon 6.7.1

Host: Intel(R) Core(TM) i3-7020U CPU @ 2.30GHz, 4 cores, 3G,  Windows 10 , 64 bit Build 19041 (10.0.19041.1348)
Time: Tue Nov 23 21:39:41 2021 SE Asia Standard Time elapsed time: 141 seconds (0d 0h 2m 21s)

---------------  T H R E A D  ---------------

Current thread (0x000001e76edf3000):  JavaThread "C2 CompilerThread0" daemon [_thread_in_native, id=12236, stack(0x000000021fa00000,0x000000021fb00000)]


Current CompileTask:
C2: 141826 12480       4       org.gradle.api.internal.artifacts.result.DefaultResolutionResult::eachElement (92 bytes)

Stack: [0x000000021fa00000,0x000000021fb00000]
Native frames: (J=compiled Java code, j=interpreted, Vv=VM code, C=native code)
V  [jvm.dll+0x5de50a]
V  [jvm.dll+0x7122f5]
V  [jvm.dll+0x71384d]
V  [jvm.dll+0x713f03]
V  [jvm.dll+0x23e728]
V  [jvm.dll+0xb899c]
V  [jvm.dll+0xb8e9c]
V  [jvm.dll+0x2b20e4]
V  [jvm.dll+0x502098]
V  [jvm.dll+0x1f8a85]
V  [jvm.dll+0x1f685f]
V  [jvm.dll+0x17f32c]
V  [jvm.dll+0x205047]
V  [jvm.dll+0x203891]
V  [jvm.dll+0x6dad3f]
V  [jvm.dll+0x6d3895]
V  [jvm.dll+0x5dd4a6]
C  [ucrtbase.dll+0x21bb2]
C  [KERNEL32.DLL+0x17034]
C  [ntdll.dll+0x52651]


---------------  P R O C E S S  ---------------

Threads class SMR info:
_java_thread_list=0x000001e7700ba9b0, length=140, elements={
0x000001e754bea800, 0x000001e76ed98800, 0x000001e76eda5800, 0x000001e76edef800,
0x000001e76edf1000, 0x000001e76edf3000, 0x000001e76f739000, 0x000001e76f74a000,
0x000001e76f85f000, 0x000001e76f879800, 0x000001e771cb5800, 0x000001e77095d000,
0x000001e771277000, 0x000001e7702f9800, 0x000001e7702f8800, 0x000001e7702fb000,
0x000001e7702f8000, 0x000001e773c55000, 0x000001e774478800, 0x000001e77446c000,
0x000001e77446d800, 0x000001e774470000, 0x000001e774472800, 0x000001e77446d000,
0x000001e77446e800, 0x000001e774473800, 0x000001e774474800, 0x000001e774475000,
0x000001e77446f800, 0x000001e774476000, 0x000001e774476800, 0x000001e774471000,
0x000001e774472000, 0x000001e774477800, 0x000001e774479000, 0x000001e77447a000,
0x000001e77447b000, 0x000001e773c54000, 0x000001e773c53000, 0x000001e773c55800,
0x000001e773c50000, 0x000001e773c56800, 0x000001e773c50800, 0x000001e773c57000,
0x000001e773c51800, 0x000001e773c5a800, 0x000001e773c5b800, 0x000001e773c59000,
0x000001e773c5e000, 0x000001e773c59800, 0x000001e773c5c000, 0x000001e773c5d000,
0x000001e773c58000, 0x000001e773c5e800, 0x000001e7702f5800, 0x000001e7702fa800,
0x000001e7702fc000, 0x000001e7702f6800, 0x000001e7702f7000, 0x000001e773d71800,
0x000001e773d6f800, 0x000001e773d6f000, 0x000001e773d72000, 0x000001e773d75800,
0x000001e773d74000, 0x000001e773d74800, 0x000001e773d70800, 0x000001e773d73000,
0x000001e773d7c000, 0x000001e773d76800, 0x000001e773d7d000, 0x000001e773d77000,
0x000001e773d7d800, 0x000001e773d79800, 0x000001e773d7a800, 0x000001e773d78800,
0x000001e773d7b000, 0x000001e773d78000, 0x000001e775a9b800, 0x000001e775a99800,
0x000001e775a97800, 0x000001e775a96000, 0x000001e775a9c800, 0x000001e775a97000,
0x000001e775a9b000, 0x000001e775a9a000, 0x000001e775a9d800, 0x000001e775a9e000,
0x000001e775a98800, 0x000001e775a9f000, 0x000001e775aa0000, 0x000001e775aa0800,
0x000001e775aa4800, 0x000001e775aa2000, 0x000001e775aa4000, 0x000001e775aa1800,
0x000001e775aa3000, 0x000001e776002000, 0x000001e776001800, 0x000001e776004800,
0x000001e776008800, 0x000001e776005800, 0x000001e776007000, 0x000001e776006800,
0x000001e776008000, 0x000001e776003000, 0x000001e776004000, 0x000001e77600a800,
0x000001e77600e800, 0x000001e77600c000, 0x000001e77600f000, 0x000001e77600d000,
0x000001e77600d800, 0x000001e776009800, 0x000001e776010000, 0x000001e77600b000,
0x000001e7783c6800, 0x000001e7783c1000, 0x000001e7783c4800, 0x000001e7783c5000,
0x000001e7783c6000, 0x000001e7783c3800, 0x000001e7783c7800, 0x000001e7783c2800,
0x000001e7783c2000, 0x000001e7783c8800, 0x000001e7783cd800, 0x000001e7783c9000,
0x000001e7783cf000, 0x000001e7783cb800, 0x000001e7783ce000, 0x000001e7783cf800,
0x000001e7783ca000, 0x000001e7783cb000, 0x000001e7783cc800, 0x000001e773f98000,
0x000001e773f93000, 0x000001e773f98800, 0x000001e773f99800, 0x000001e773f94000
}

Java Threads: ( => current thread )
  0x000001e754bea800 JavaThread "main" [_thread_blocked, id=9812, stack(0x000000021ef00000,0x000000021f000000)]
  0x000001e76ed98800 JavaThread "Reference Handler" daemon [_thread_blocked, id=8236, stack(0x000000021f600000,0x000000021f700000)]
  0x000001e76eda5800 JavaThread "Finalizer" daemon [_thread_blocked, id=12972, stack(0x000000021f700000,0x000000021f800000)]
  0x000001e76edef800 JavaThread "Signal Dispatcher" daemon [_thread_blocked, id=6152, stack(0x000000021f800000,0x000000021f900000)]
  0x000001e76edf1000 JavaThread "Attach Listener" daemon [_thread_blocked, id=8824, stack(0x000000021f900000,0x000000021fa00000)]
=>0x000001e76edf3000 JavaThread "C2 CompilerThread0" daemon [_thread_in_native, id=12236, stack(0x000000021fa00000,0x000000021fb00000)]
  0x000001e76f739000 JavaThread "C1 CompilerThread0" daemon [_thread_blocked, id=14276, stack(0x000000021fb00000,0x000000021fc00000)]
  0x000001e76f74a000 JavaThread "Sweeper thread" daemon [_thread_blocked, id=1032, stack(0x000000021fc00000,0x000000021fd00000)]
  0x000001e76f85f000 JavaThread "Common-Cleaner" daemon [_thread_blocked, id=8396, stack(0x000000021fd00000,0x000000021fe00000)]
  0x000001e76f879800 JavaThread "Service Thread" daemon [_thread_blocked, id=980, stack(0x000000021fe00000,0x000000021ff00000)]
  0x000001e771cb5800 JavaThread "Daemon health stats" [_thread_blocked, id=11840, stack(0x0000000220100000,0x0000000220200000)]
  0x000001e77095d000 JavaThread "Incoming local TCP Connector on port 64925" [_thread_in_native, id=6804, stack(0x0000000220400000,0x0000000220500000)]
  0x000001e771277000 JavaThread "Daemon periodic checks" [_thread_blocked, id=1624, stack(0x0000000220700000,0x0000000220800000)]
  0x000001e7702f9800 JavaThread "Cache worker for file hash cache (C:\Users\VuThiLanh\.gradle\caches\6.7.1\fileHashes)" [_thread_blocked, id=15048, stack(0x0000000220f00000,0x0000000221000000)]
  0x000001e7702f8800 JavaThread "File lock request listener" [_thread_in_native, id=10200, stack(0x0000000221000000,0x0000000221100000)]
  0x000001e7702fb000 JavaThread "Cache worker for journal cache (C:\Users\VuThiLanh\.gradle\caches\journal-1)" [_thread_blocked, id=2800, stack(0x0000000221100000,0x0000000221200000)]
  0x000001e7702f8000 JavaThread "Cache worker for execution history cache (C:\Users\VuThiLanh\.gradle\caches\6.7.1\executionHistory)" [_thread_blocked, id=8976, stack(0x0000000221600000,0x0000000221700000)]
  0x000001e773c55000 JavaThread "Cache worker for file content cache (C:\Users\VuThiLanh\.gradle\caches\6.7.1\fileContent)" [_thread_blocked, id=11384, stack(0x0000000221800000,0x0000000221900000)]
  0x000001e774478800 JavaThread "Memory manager" [_thread_blocked, id=14392, stack(0x0000000228000000,0x0000000228100000)]
  0x000001e77446c000 JavaThread "Daemon Thread 2" [_thread_blocked, id=7008, stack(0x000000021ec00000,0x000000021ed00000)]
  0x000001e77446d800 JavaThread "Handler for socket connection from /127.0.0.1:64925 to /127.0.0.1:64990" [_thread_in_native, id=4540, stack(0x000000021ed00000,0x000000021ee00000)]
  0x000001e774470000 JavaThread "Cancel handler" [_thread_blocked, id=8172, stack(0x000000021ee00000,0x000000021ef00000)]
  0x000001e774472800 JavaThread "Daemon worker Thread 2" [_thread_blocked, id=11860, stack(0x0000000220800000,0x0000000220900000)]
  0x000001e77446d000 JavaThread "Asynchronous log dispatcher for DefaultDaemonConnection: socket connection from /127.0.0.1:64925 to /127.0.0.1:64990" [_thread_blocked, id=6604, stack(0x0000000220900000,0x0000000220a00000)]
  0x000001e77446e800 JavaThread "Stdin handler" [_thread_blocked, id=12568, stack(0x0000000220a00000,0x0000000220b00000)]
  0x000001e774473800 JavaThread "Thread-137" [_thread_blocked, id=12024, stack(0x0000000220b00000,0x0000000220c00000)]
  0x000001e774474800 JavaThread "Cache worker for file hash cache (E:\K7_MaNguonMo\1_BaiTapLon\Nhom14_AppBanSachTrenNenTangAndroid\.gradle\6.7.1\fileHashes)" [_thread_blocked, id=7588, stack(0x0000000220c00000,0x0000000220d00000)]
  0x000001e774475000 JavaThread "Cache worker for checksums cache (E:\K7_MaNguonMo\1_BaiTapLon\Nhom14_AppBanSachTrenNenTangAndroid\.gradle\checksums)" [_thread_blocked, id=2012, stack(0x0000000220d00000,0x0000000220e00000)]
  0x000001e77446f800 JavaThread "Cache worker for cache directory md-supplier (C:\Users\VuThiLanh\.gradle\caches\6.7.1\md-supplier)" [_thread_blocked, id=12644, stack(0x0000000220e00000,0x0000000220f00000)]
  0x000001e774476000 JavaThread "Cache worker for cache directory md-rule (C:\Users\VuThiLanh\.gradle\caches\6.7.1\md-rule)" [_thread_blocked, id=12132, stack(0x0000000221200000,0x0000000221300000)]
  0x000001e774476800 JavaThread "Cache worker for Build Output Cleanup Cache (E:\K7_MaNguonMo\1_BaiTapLon\Nhom14_AppBanSachTrenNenTangAndroid\.gradle\buildOutputCleanup)" [_thread_blocked, id=13044, stack(0x0000000221300000,0x0000000221400000)]
  0x000001e774471000 JavaThread "Build operations" [_thread_blocked, id=12044, stack(0x0000000221400000,0x0000000221500000)]
  0x000001e774472000 JavaThread "Build operations Thread 2" [_thread_blocked, id=9772, stack(0x0000000221500000,0x0000000221600000)]
  0x000001e774477800 JavaThread "Build operations Thread 3" [_thread_blocked, id=1208, stack(0x0000000221700000,0x0000000221800000)]
  0x000001e774479000 JavaThread "Build operations Thread 4" [_thread_in_Java, id=2076, stack(0x0000000221900000,0x0000000221a00000)]
  0x000001e77447a000 JavaThread "jar transforms Thread 100" [_thread_blocked, id=11076, stack(0x0000000221a00000,0x0000000221b00000)]
  0x000001e77447b000 JavaThread "jar transforms Thread 101" [_thread_blocked, id=12032, stack(0x0000000221b00000,0x0000000221c00000)]
  0x000001e773c54000 JavaThread "jar transforms Thread 102" [_thread_blocked, id=9108, stack(0x0000000221c00000,0x0000000221d00000)]
  0x000001e773c53000 JavaThread "jar transforms Thread 103" [_thread_blocked, id=10588, stack(0x0000000221d00000,0x0000000221e00000)]
  0x000001e773c55800 JavaThread "jar transforms Thread 104" [_thread_blocked, id=3884, stack(0x0000000221e00000,0x0000000221f00000)]
  0x000001e773c50000 JavaThread "jar transforms Thread 105" [_thread_blocked, id=12952, stack(0x0000000221f00000,0x0000000222000000)]
  0x000001e773c56800 JavaThread "jar transforms Thread 106" [_thread_blocked, id=14168, stack(0x0000000222000000,0x0000000222100000)]
  0x000001e773c50800 JavaThread "jar transforms Thread 107" [_thread_blocked, id=9744, stack(0x0000000222100000,0x0000000222200000)]
  0x000001e773c57000 JavaThread "jar transforms Thread 108" [_thread_blocked, id=404, stack(0x0000000222200000,0x0000000222300000)]
  0x000001e773c51800 JavaThread "jar transforms Thread 109" [_thread_blocked, id=10552, stack(0x0000000222300000,0x0000000222400000)]
  0x000001e773c5a800 JavaThread "jar transforms Thread 110" [_thread_blocked, id=3088, stack(0x0000000222400000,0x0000000222500000)]
  0x000001e773c5b800 JavaThread "jar transforms Thread 111" [_thread_blocked, id=15076, stack(0x0000000222500000,0x0000000222600000)]
  0x000001e773c59000 JavaThread "jar transforms Thread 112" [_thread_blocked, id=10720, stack(0x0000000222600000,0x0000000222700000)]
  0x000001e773c5e000 JavaThread "jar transforms Thread 113" [_thread_blocked, id=15164, stack(0x0000000222700000,0x0000000222800000)]
  0x000001e773c59800 JavaThread "jar transforms Thread 114" [_thread_blocked, id=10008, stack(0x0000000222800000,0x0000000222900000)]
  0x000001e773c5c000 JavaThread "jar transforms Thread 115" [_thread_blocked, id=5240, stack(0x0000000222900000,0x0000000222a00000)]
  0x000001e773c5d000 JavaThread "jar transforms Thread 116" [_thread_blocked, id=11636, stack(0x0000000222a00000,0x0000000222b00000)]
  0x000001e773c58000 JavaThread "jar transforms Thread 117" [_thread_blocked, id=10256, stack(0x0000000222b00000,0x0000000222c00000)]
  0x000001e773c5e800 JavaThread "jar transforms Thread 118" [_thread_blocked, id=3124, stack(0x0000000222c00000,0x0000000222d00000)]
  0x000001e7702f5800 JavaThread "jar transforms Thread 119" [_thread_blocked, id=10280, stack(0x0000000222d00000,0x0000000222e00000)]
  0x000001e7702fa800 JavaThread "jar transforms Thread 120" [_thread_blocked, id=9148, stack(0x0000000222e00000,0x0000000222f00000)]
  0x000001e7702fc000 JavaThread "jar transforms Thread 121" [_thread_blocked, id=11884, stack(0x0000000222f00000,0x0000000223000000)]
  0x000001e7702f6800 JavaThread "jar transforms Thread 122" [_thread_blocked, id=6992, stack(0x0000000223000000,0x0000000223100000)]
  0x000001e7702f7000 JavaThread "jar transforms Thread 123" [_thread_blocked, id=3064, stack(0x0000000223100000,0x0000000223200000)]
  0x000001e773d71800 JavaThread "jar transforms Thread 124" [_thread_blocked, id=7308, stack(0x0000000223200000,0x0000000223300000)]
  0x000001e773d6f800 JavaThread "jar transforms Thread 125" [_thread_blocked, id=4020, stack(0x0000000223300000,0x0000000223400000)]
  0x000001e773d6f000 JavaThread "jar transforms Thread 126" [_thread_blocked, id=13504, stack(0x0000000223400000,0x0000000223500000)]
  0x000001e773d72000 JavaThread "jar transforms Thread 127" [_thread_blocked, id=10168, stack(0x0000000223500000,0x0000000223600000)]
  0x000001e773d75800 JavaThread "jar transforms Thread 128" [_thread_blocked, id=14008, stack(0x0000000223600000,0x0000000223700000)]
  0x000001e773d74000 JavaThread "jar transforms Thread 129" [_thread_blocked, id=14528, stack(0x0000000223700000,0x0000000223800000)]
  0x000001e773d74800 JavaThread "jar transforms Thread 130" [_thread_blocked, id=13776, stack(0x0000000223800000,0x0000000223900000)]
  0x000001e773d70800 JavaThread "jar transforms Thread 131" [_thread_blocked, id=7116, stack(0x0000000223900000,0x0000000223a00000)]
  0x000001e773d73000 JavaThread "jar transforms Thread 132" [_thread_blocked, id=2536, stack(0x0000000223a00000,0x0000000223b00000)]
  0x000001e773d7c000 JavaThread "jar transforms Thread 133" [_thread_blocked, id=13244, stack(0x0000000223b00000,0x0000000223c00000)]
  0x000001e773d76800 JavaThread "jar transforms Thread 134" [_thread_blocked, id=6132, stack(0x0000000223c00000,0x0000000223d00000)]
  0x000001e773d7d000 JavaThread "jar transforms Thread 135" [_thread_blocked, id=10820, stack(0x0000000223d00000,0x0000000223e00000)]
  0x000001e773d77000 JavaThread "jar transforms Thread 136" [_thread_blocked, id=10120, stack(0x0000000223e00000,0x0000000223f00000)]
  0x000001e773d7d800 JavaThread "jar transforms Thread 137" [_thread_blocked, id=10568, stack(0x0000000223f00000,0x0000000224000000)]
  0x000001e773d79800 JavaThread "jar transforms Thread 138" [_thread_blocked, id=9528, stack(0x0000000224000000,0x0000000224100000)]
  0x000001e773d7a800 JavaThread "jar transforms Thread 139" [_thread_blocked, id=13300, stack(0x0000000224100000,0x0000000224200000)]
  0x000001e773d78800 JavaThread "jar transforms Thread 140" [_thread_blocked, id=7232, stack(0x0000000224200000,0x0000000224300000)]
  0x000001e773d7b000 JavaThread "jar transforms Thread 141" [_thread_blocked, id=14684, stack(0x0000000224300000,0x0000000224400000)]
  0x000001e773d78000 JavaThread "jar transforms Thread 142" [_thread_blocked, id=3324, stack(0x0000000224400000,0x0000000224500000)]
  0x000001e775a9b800 JavaThread "jar transforms Thread 143" [_thread_blocked, id=8648, stack(0x0000000224500000,0x0000000224600000)]
  0x000001e775a99800 JavaThread "jar transforms Thread 144" [_thread_blocked, id=12804, stack(0x0000000224600000,0x0000000224700000)]
  0x000001e775a97800 JavaThread "jar transforms Thread 145" [_thread_blocked, id=14348, stack(0x0000000224700000,0x0000000224800000)]
  0x000001e775a96000 JavaThread "jar transforms Thread 146" [_thread_blocked, id=6540, stack(0x0000000224800000,0x0000000224900000)]
  0x000001e775a9c800 JavaThread "jar transforms Thread 147" [_thread_blocked, id=11992, stack(0x0000000224900000,0x0000000224a00000)]
  0x000001e775a97000 JavaThread "jar transforms Thread 148" [_thread_blocked, id=2348, stack(0x0000000224a00000,0x0000000224b00000)]
  0x000001e775a9b000 JavaThread "jar transforms Thread 149" [_thread_blocked, id=7660, stack(0x0000000224b00000,0x0000000224c00000)]
  0x000001e775a9a000 JavaThread "jar transforms Thread 150" [_thread_blocked, id=1312, stack(0x0000000224c00000,0x0000000224d00000)]
  0x000001e775a9d800 JavaThread "jar transforms Thread 151" [_thread_blocked, id=14204, stack(0x0000000224d00000,0x0000000224e00000)]
  0x000001e775a9e000 JavaThread "jar transforms Thread 152" [_thread_blocked, id=6396, stack(0x0000000224e00000,0x0000000224f00000)]
  0x000001e775a98800 JavaThread "jar transforms Thread 153" [_thread_blocked, id=1768, stack(0x0000000224f00000,0x0000000225000000)]
  0x000001e775a9f000 JavaThread "jar transforms Thread 154" [_thread_blocked, id=14920, stack(0x0000000225000000,0x0000000225100000)]
  0x000001e775aa0000 JavaThread "jar transforms Thread 155" [_thread_blocked, id=12360, stack(0x0000000225100000,0x0000000225200000)]
  0x000001e775aa0800 JavaThread "jar transforms Thread 156" [_thread_blocked, id=8460, stack(0x0000000225200000,0x0000000225300000)]
  0x000001e775aa4800 JavaThread "jar transforms Thread 157" [_thread_blocked, id=9144, stack(0x0000000225300000,0x0000000225400000)]
  0x000001e775aa2000 JavaThread "jar transforms Thread 158" [_thread_blocked, id=3580, stack(0x0000000225400000,0x0000000225500000)]
  0x000001e775aa4000 JavaThread "jar transforms Thread 159" [_thread_blocked, id=2572, stack(0x0000000225500000,0x0000000225600000)]
  0x000001e775aa1800 JavaThread "jar transforms Thread 160" [_thread_blocked, id=444, stack(0x0000000225600000,0x0000000225700000)]
  0x000001e775aa3000 JavaThread "jar transforms Thread 161" [_thread_blocked, id=11120, stack(0x0000000225700000,0x0000000225800000)]
  0x000001e776002000 JavaThread "jar transforms Thread 162" [_thread_blocked, id=12408, stack(0x0000000225800000,0x0000000225900000)]
  0x000001e776001800 JavaThread "jar transforms Thread 163" [_thread_blocked, id=11908, stack(0x0000000225900000,0x0000000225a00000)]
  0x000001e776004800 JavaThread "jar transforms Thread 164" [_thread_blocked, id=9764, stack(0x0000000225a00000,0x0000000225b00000)]
  0x000001e776008800 JavaThread "jar transforms Thread 165" [_thread_blocked, id=736, stack(0x0000000225b00000,0x0000000225c00000)]
  0x000001e776005800 JavaThread "jar transforms Thread 166" [_thread_blocked, id=32, stack(0x0000000225c00000,0x0000000225d00000)]
  0x000001e776007000 JavaThread "jar transforms Thread 167" [_thread_blocked, id=8328, stack(0x0000000225d00000,0x0000000225e00000)]
  0x000001e776006800 JavaThread "jar transforms Thread 168" [_thread_blocked, id=6748, stack(0x0000000225e00000,0x0000000225f00000)]
  0x000001e776008000 JavaThread "jar transforms Thread 169" [_thread_blocked, id=11028, stack(0x0000000225f00000,0x0000000226000000)]
  0x000001e776003000 JavaThread "jar transforms Thread 170" [_thread_blocked, id=11508, stack(0x0000000226000000,0x0000000226100000)]
  0x000001e776004000 JavaThread "jar transforms Thread 171" [_thread_blocked, id=1880, stack(0x0000000226100000,0x0000000226200000)]
  0x000001e77600a800 JavaThread "jar transforms Thread 172" [_thread_blocked, id=3400, stack(0x0000000226200000,0x0000000226300000)]
  0x000001e77600e800 JavaThread "jar transforms Thread 173" [_thread_blocked, id=10520, stack(0x0000000226300000,0x0000000226400000)]
  0x000001e77600c000 JavaThread "jar transforms Thread 174" [_thread_blocked, id=7960, stack(0x0000000226400000,0x0000000226500000)]
  0x000001e77600f000 JavaThread "jar transforms Thread 175" [_thread_blocked, id=4264, stack(0x0000000226500000,0x0000000226600000)]
  0x000001e77600d000 JavaThread "jar transforms Thread 176" [_thread_blocked, id=8668, stack(0x0000000226600000,0x0000000226700000)]
  0x000001e77600d800 JavaThread "jar transforms Thread 177" [_thread_blocked, id=15212, stack(0x0000000226700000,0x0000000226800000)]
  0x000001e776009800 JavaThread "jar transforms Thread 178" [_thread_blocked, id=1316, stack(0x0000000226800000,0x0000000226900000)]
  0x000001e776010000 JavaThread "jar transforms Thread 179" [_thread_blocked, id=2208, stack(0x0000000226900000,0x0000000226a00000)]
  0x000001e77600b000 JavaThread "jar transforms Thread 180" [_thread_blocked, id=10320, stack(0x0000000226a00000,0x0000000226b00000)]
  0x000001e7783c6800 JavaThread "jar transforms Thread 181" [_thread_blocked, id=12172, stack(0x0000000226b00000,0x0000000226c00000)]
  0x000001e7783c1000 JavaThread "jar transforms Thread 182" [_thread_blocked, id=8032, stack(0x0000000226c00000,0x0000000226d00000)]
  0x000001e7783c4800 JavaThread "jar transforms Thread 183" [_thread_blocked, id=2308, stack(0x0000000226d00000,0x0000000226e00000)]
  0x000001e7783c5000 JavaThread "jar transforms Thread 184" [_thread_blocked, id=8828, stack(0x0000000226e00000,0x0000000226f00000)]
  0x000001e7783c6000 JavaThread "jar transforms Thread 185" [_thread_blocked, id=13812, stack(0x0000000226f00000,0x0000000227000000)]
  0x000001e7783c3800 JavaThread "jar transforms Thread 186" [_thread_blocked, id=1480, stack(0x0000000227000000,0x0000000227100000)]
  0x000001e7783c7800 JavaThread "jar transforms Thread 187" [_thread_blocked, id=10112, stack(0x0000000227100000,0x0000000227200000)]
  0x000001e7783c2800 JavaThread "jar transforms Thread 188" [_thread_blocked, id=14696, stack(0x0000000227200000,0x0000000227300000)]
  0x000001e7783c2000 JavaThread "jar transforms Thread 189" [_thread_blocked, id=10704, stack(0x0000000227300000,0x0000000227400000)]
  0x000001e7783c8800 JavaThread "jar transforms Thread 190" [_thread_blocked, id=7852, stack(0x0000000227400000,0x0000000227500000)]
  0x000001e7783cd800 JavaThread "jar transforms Thread 191" [_thread_blocked, id=8736, stack(0x0000000227500000,0x0000000227600000)]
  0x000001e7783c9000 JavaThread "jar transforms Thread 192" [_thread_blocked, id=9888, stack(0x0000000227600000,0x0000000227700000)]
  0x000001e7783cf000 JavaThread "jar transforms Thread 193" [_thread_blocked, id=6276, stack(0x0000000227700000,0x0000000227800000)]
  0x000001e7783cb800 JavaThread "jar transforms Thread 194" [_thread_blocked, id=13012, stack(0x0000000227800000,0x0000000227900000)]
  0x000001e7783ce000 JavaThread "jar transforms Thread 195" [_thread_blocked, id=14324, stack(0x0000000227900000,0x0000000227a00000)]
  0x000001e7783cf800 JavaThread "jar transforms Thread 196" [_thread_blocked, id=13604, stack(0x0000000227a00000,0x0000000227b00000)]
  0x000001e7783ca000 JavaThread "jar transforms Thread 197" [_thread_blocked, id=10768, stack(0x0000000227b00000,0x0000000227c00000)]
  0x000001e7783cb000 JavaThread "jar transforms Thread 198" [_thread_blocked, id=7324, stack(0x0000000227c00000,0x0000000227d00000)]
  0x000001e7783cc800 JavaThread "build event listener" [_thread_blocked, id=12472, stack(0x0000000227e00000,0x0000000227f00000)]
  0x000001e773f98000 JavaThread "build event listener" [_thread_blocked, id=11592, stack(0x0000000227f00000,0x0000000228000000)]
  0x000001e773f93000 JavaThread "Execution worker for ':'" [_thread_blocked, id=9784, stack(0x0000000228100000,0x0000000228200000)]
  0x000001e773f98800 JavaThread "Execution worker for ':' Thread 2" [_thread_blocked, id=8872, stack(0x0000000228200000,0x0000000228300000)]
  0x000001e773f99800 JavaThread "Execution worker for ':' Thread 3" [_thread_in_native, id=9860, stack(0x0000000228300000,0x0000000228400000)]
  0x000001e773f94000 JavaThread "Cache worker for execution history cache (E:\K7_MaNguonMo\1_BaiTapLon\Nhom14_AppBanSachTrenNenTangAndroid\.gradle\6.7.1\executionHistory)" [_thread_blocked, id=13152, stack(0x0000000228400000,0x0000000228500000)]

Other Threads:
  0x000001e76ed8f800 VMThread "VM Thread" [stack: 0x000000021f500000,0x000000021f600000] [id=8600]
  0x000001e76f87b000 WatcherThread [stack: 0x000000021ff00000,0x0000000220000000] [id=2688]
  0x000001e754c03800 GCTaskThread "GC Thread#0" [stack: 0x000000021f000000,0x000000021f100000] [id=7328]
  0x000001e76fd48800 GCTaskThread "GC Thread#1" [stack: 0x0000000220000000,0x0000000220100000] [id=960]
  0x000001e77080d800 GCTaskThread "GC Thread#2" [stack: 0x0000000220500000,0x0000000220600000] [id=12564]
  0x000001e77138f800 GCTaskThread "GC Thread#3" [stack: 0x0000000220600000,0x0000000220700000] [id=14552]
  0x000001e754c33800 ConcurrentGCThread "G1 Main Marker" [stack: 0x000000021f100000,0x000000021f200000] [id=8180]
  0x000001e754c37000 ConcurrentGCThread "G1 Conc#0" [stack: 0x000000021f200000,0x000000021f300000] [id=8820]
  0x000001e754c8e800 ConcurrentGCThread "G1 Refine#0" [stack: 0x000000021f300000,0x000000021f400000] [id=5280]
  0x000001e754c8f800 ConcurrentGCThread "G1 Young RemSet Sampling" [stack: 0x000000021f400000,0x000000021f500000] [id=8324]

Threads with active compile tasks:
C2 CompilerThread0 141962 12480       4       org.gradle.api.internal.artifacts.result.DefaultResolutionResult::eachElement (92 bytes)

VM state:not at safepoint (normal execution)

VM Mutex/Monitor currently owned by a thread: None

Heap address: 0x0000000080000000, size: 2048 MB, Compressed Oops mode: 32-bit
Narrow klass base: 0x0000000000000000, Narrow klass shift: 3
Compressed class space size: 1073741824 Address: 0x0000000100000000

Heap:
 garbage-first heap   total 204800K, used 93836K [0x0000000080000000, 0x0000000100000000)
  region size 1024K, 10 young (10240K), 5 survivors (5120K)
 Metaspace       used 92148K, capacity 94308K, committed 94464K, reserved 1132544K
  class space    used 11503K, capacity 12260K, committed 12288K, reserved 1048576K
Heap Regions: E=young(eden), S=young(survivor), O=old, HS=humongous(starts), HC=humongous(continues), CS=collection set, F=free, A=archive, TAMS=top-at-mark-start (previous, next)
|   0|0x0000000080000000, 0x0000000080100000, 0x0000000080100000|100%| O|  |TAMS 0x0000000080100000, 0x0000000080100000| Untracked 
|   1|0x0000000080100000, 0x0000000080200000, 0x0000000080200000|100%| O|  |TAMS 0x0000000080200000, 0x0000000080200000| Untracked 
|   2|0x0000000080200000, 0x0000000080300000, 0x0000000080300000|100%| O|  |TAMS 0x0000000080300000, 0x0000000080300000| Untracked 
|   3|0x0000000080300000, 0x0000000080400000, 0x0000000080400000|100%|HS|  |TAMS 0x0000000080400000, 0x0000000080400000| Complete 
|   4|0x0000000080400000, 0x0000000080500000, 0x0000000080500000|100%|HC|  |TAMS 0x0000000080500000, 0x0000000080500000| Complete 
|   5|0x0000000080500000, 0x0000000080600000, 0x0000000080600000|100%|HC|  |TAMS 0x0000000080600000, 0x0000000080600000| Complete 
|   6|0x0000000080600000, 0x0000000080700000, 0x0000000080700000|100%| O|  |TAMS 0x0000000080700000, 0x0000000080700000| Untracked 
|   7|0x0000000080700000, 0x0000000080800000, 0x0000000080800000|100%| O|  |TAMS 0x0000000080800000, 0x0000000080800000| Untracked 
|   8|0x0000000080800000, 0x0000000080900000, 0x0000000080900000|100%| O|  |TAMS 0x0000000080900000, 0x0000000080900000| Untracked 
|   9|0x0000000080900000, 0x0000000080a00000, 0x0000000080a00000|100%| O|  |TAMS 0x0000000080a00000, 0x0000000080a00000| Untracked 
|  10|0x0000000080a00000, 0x0000000080b00000, 0x0000000080b00000|100%| O|  |TAMS 0x0000000080b00000, 0x0000000080b00000| Untracked 
|  11|0x0000000080b00000, 0x0000000080c00000, 0x0000000080c00000|100%| O|  |TAMS 0x0000000080c00000, 0x0000000080c00000| Untracked 
|  12|0x0000000080c00000, 0x0000000080d00000, 0x0000000080d00000|100%| O|  |TAMS 0x0000000080d00000, 0x0000000080d00000| Untracked 
|  13|0x0000000080d00000, 0x0000000080e00000, 0x0000000080e00000|100%| O|  |TAMS 0x0000000080e00000, 0x0000000080e00000| Untracked 
|  14|0x0000000080e00000, 0x0000000080f00000, 0x0000000080f00000|100%| O|  |TAMS 0x0000000080f00000, 0x0000000080f00000| Untracked 
|  15|0x0000000080f00000, 0x0000000081000000, 0x0000000081000000|100%| O|  |TAMS 0x0000000081000000, 0x0000000081000000| Untracked 
|  16|0x0000000081000000, 0x0000000081100000, 0x0000000081100000|100%| O|  |TAMS 0x0000000081100000, 0x0000000081100000| Untracked 
|  17|0x0000000081100000, 0x0000000081200000, 0x0000000081200000|100%| O|  |TAMS 0x0000000081200000, 0x0000000081200000| Untracked 
|  18|0x0000000081200000, 0x0000000081300000, 0x0000000081300000|100%| O|  |TAMS 0x0000000081300000, 0x0000000081300000| Untracked 
|  19|0x0000000081300000, 0x0000000081400000, 0x0000000081400000|100%| O|  |TAMS 0x0000000081400000, 0x0000000081400000| Untracked 
|  20|0x0000000081400000, 0x0000000081500000, 0x0000000081500000|100%| O|  |TAMS 0x0000000081500000, 0x0000000081500000| Untracked 
|  21|0x0000000081500000, 0x0000000081600000, 0x0000000081600000|100%| O|  |TAMS 0x0000000081600000, 0x0000000081600000| Untracked 
|  22|0x0000000081600000, 0x0000000081700000, 0x0000000081700000|100%| O|  |TAMS 0x0000000081700000, 0x0000000081700000| Untracked 
|  23|0x0000000081700000, 0x0000000081800000, 0x0000000081800000|100%| O|  |TAMS 0x0000000081800000, 0x0000000081800000| Untracked 
|  24|0x0000000081800000, 0x0000000081900000, 0x0000000081900000|100%| O|  |TAMS 0x0000000081900000, 0x0000000081900000| Untracked 
|  25|0x0000000081900000, 0x0000000081a00000, 0x0000000081a00000|100%|HS|  |TAMS 0x0000000081a00000, 0x0000000081a00000| Complete 
|  26|0x0000000081a00000, 0x0000000081b00000, 0x0000000081b00000|100%|HS|  |TAMS 0x0000000081b00000, 0x0000000081b00000| Complete 
|  27|0x0000000081b00000, 0x0000000081c00000, 0x0000000081c00000|100%|HC|  |TAMS 0x0000000081c00000, 0x0000000081c00000| Complete 
|  28|0x0000000081c00000, 0x0000000081d00000, 0x0000000081d00000|100%| O|  |TAMS 0x0000000081d00000, 0x0000000081d00000| Untracked 
|  29|0x0000000081d00000, 0x0000000081e00000, 0x0000000081e00000|100%| O|  |TAMS 0x0000000081e00000, 0x0000000081e00000| Untracked 
|  30|0x0000000081e00000, 0x0000000081f00000, 0x0000000081f00000|100%| O|  |TAMS 0x0000000081f00000, 0x0000000081f00000| Untracked 
|  31|0x0000000081f00000, 0x0000000082000000, 0x0000000082000000|100%| O|  |TAMS 0x0000000082000000, 0x0000000082000000| Untracked 
|  32|0x0000000082000000, 0x0000000082100000, 0x0000000082100000|100%| O|  |TAMS 0x0000000082100000, 0x0000000082100000| Untracked 
|  33|0x0000000082100000, 0x0000000082200000, 0x0000000082200000|100%| O|  |TAMS 0x0000000082200000, 0x0000000082200000| Untracked 
|  34|0x0000000082200000, 0x0000000082300000, 0x0000000082300000|100%| O|  |TAMS 0x0000000082300000, 0x0000000082300000| Untracked 
|  35|0x0000000082300000, 0x0000000082400000, 0x0000000082400000|100%| O|  |TAMS 0x0000000082400000, 0x0000000082400000| Untracked 
|  36|0x0000000082400000, 0x0000000082500000, 0x0000000082500000|100%| O|  |TAMS 0x0000000082500000, 0x0000000082500000| Untracked 
|  37|0x0000000082500000, 0x0000000082600000, 0x0000000082600000|100%| O|  |TAMS 0x0000000082600000, 0x0000000082600000| Untracked 
|  38|0x0000000082600000, 0x0000000082700000, 0x0000000082700000|100%| O|  |TAMS 0x0000000082700000, 0x0000000082700000| Untracked 
|  39|0x0000000082700000, 0x0000000082800000, 0x0000000082800000|100%| O|  |TAMS 0x0000000082800000, 0x0000000082800000| Untracked 
|  40|0x0000000082800000, 0x0000000082900000, 0x0000000082900000|100%| O|  |TAMS 0x0000000082900000, 0x0000000082900000| Untracked 
|  41|0x0000000082900000, 0x0000000082a00000, 0x0000000082a00000|100%| O|  |TAMS 0x0000000082a00000, 0x0000000082a00000| Untracked 
|  42|0x0000000082a00000, 0x0000000082b00000, 0x0000000082b00000|100%| O|  |TAMS 0x0000000082b00000, 0x0000000082b00000| Untracked 
|  43|0x0000000082b00000, 0x0000000082c00000, 0x0000000082c00000|100%| O|  |TAMS 0x0000000082c00000, 0x0000000082c00000| Untracked 
|  44|0x0000000082c00000, 0x0000000082d00000, 0x0000000082d00000|100%| O|  |TAMS 0x0000000082d00000, 0x0000000082d00000| Untracked 
|  45|0x0000000082d00000, 0x0000000082e00000, 0x0000000082e00000|100%| O|  |TAMS 0x0000000082e00000, 0x0000000082e00000| Untracked 
|  46|0x0000000082e00000, 0x0000000082f00000, 0x0000000082f00000|100%| O|  |TAMS 0x0000000082f00000, 0x0000000082f00000| Untracked 
|  47|0x0000000082f00000, 0x0000000083000000, 0x0000000083000000|100%| O|  |TAMS 0x0000000083000000, 0x0000000083000000| Untracked 
|  48|0x0000000083000000, 0x0000000083100000, 0x0000000083100000|100%| O|  |TAMS 0x0000000083100000, 0x0000000083100000| Untracked 
|  49|0x0000000083100000, 0x0000000083200000, 0x0000000083200000|100%| O|  |TAMS 0x0000000083200000, 0x0000000083200000| Untracked 
|  50|0x0000000083200000, 0x0000000083300000, 0x0000000083300000|100%| O|  |TAMS 0x0000000083300000, 0x0000000083300000| Untracked 
|  51|0x0000000083300000, 0x0000000083400000, 0x0000000083400000|100%| O|  |TAMS 0x0000000083400000, 0x0000000083400000| Untracked 
|  52|0x0000000083400000, 0x0000000083500000, 0x0000000083500000|100%| O|  |TAMS 0x0000000083500000, 0x0000000083500000| Untracked 
|  53|0x0000000083500000, 0x0000000083600000, 0x0000000083600000|100%| O|  |TAMS 0x0000000083600000, 0x0000000083600000| Untracked 
|  54|0x0000000083600000, 0x0000000083700000, 0x0000000083700000|100%| O|  |TAMS 0x0000000083700000, 0x0000000083700000| Untracked 
|  55|0x0000000083700000, 0x0000000083800000, 0x0000000083800000|100%| O|  |TAMS 0x0000000083800000, 0x0000000083800000| Untracked 
|  56|0x0000000083800000, 0x0000000083900000, 0x0000000083900000|100%| O|  |TAMS 0x0000000083900000, 0x0000000083900000| Untracked 
|  57|0x0000000083900000, 0x0000000083a00000, 0x0000000083a00000|100%| O|  |TAMS 0x0000000083a00000, 0x0000000083a00000| Untracked 
|  58|0x0000000083a00000, 0x0000000083b00000, 0x0000000083b00000|100%| O|  |TAMS 0x0000000083b00000, 0x0000000083b00000| Untracked 
|  59|0x0000000083b00000, 0x0000000083c00000, 0x0000000083c00000|100%| O|  |TAMS 0x0000000083c00000, 0x0000000083c00000| Untracked 
|  60|0x0000000083c00000, 0x0000000083d00000, 0x0000000083d00000|100%| O|  |TAMS 0x0000000083d00000, 0x0000000083d00000| Untracked 
|  61|0x0000000083d00000, 0x0000000083e00000, 0x0000000083e00000|100%| O|  |TAMS 0x0000000083e00000, 0x0000000083e00000| Untracked 
|  62|0x0000000083e00000, 0x0000000083f00000, 0x0000000083f00000|100%| O|  |TAMS 0x0000000083f00000, 0x0000000083f00000| Untracked 
|  63|0x0000000083f00000, 0x0000000084000000, 0x0000000084000000|100%| O|  |TAMS 0x0000000084000000, 0x0000000084000000| Untracked 
|  64|0x0000000084000000, 0x0000000084100000, 0x0000000084100000|100%| O|  |TAMS 0x0000000084100000, 0x0000000084100000| Untracked 
|  65|0x0000000084100000, 0x0000000084200000, 0x0000000084200000|100%| O|  |TAMS 0x0000000084200000, 0x0000000084200000| Untracked 
|  66|0x0000000084200000, 0x0000000084300000, 0x0000000084300000|100%| O|  |TAMS 0x0000000084300000, 0x0000000084300000| Untracked 
|  67|0x0000000084300000, 0x0000000084400000, 0x0000000084400000|100%| O|  |TAMS 0x0000000084400000, 0x0000000084400000| Untracked 
|  68|0x0000000084400000, 0x0000000084500000, 0x0000000084500000|100%| O|  |TAMS 0x0000000084500000, 0x0000000084500000| Untracked 
|  69|0x0000000084500000, 0x0000000084600000, 0x0000000084600000|100%| O|  |TAMS 0x0000000084600000, 0x0000000084600000| Untracked 
|  70|0x0000000084600000, 0x0000000084700000, 0x0000000084700000|100%| O|  |TAMS 0x0000000084700000, 0x0000000084700000| Untracked 
|  71|0x0000000084700000, 0x0000000084800000, 0x0000000084800000|100%| O|  |TAMS 0x00000000847cf400, 0x0000000084800000| Untracked 
|  72|0x0000000084800000, 0x0000000084900000, 0x0000000084900000|100%| O|  |TAMS 0x0000000084800000, 0x0000000084900000| Untracked 
|  73|0x0000000084900000, 0x00000000849a3000, 0x0000000084a00000| 63%| O|  |TAMS 0x0000000084900000, 0x00000000849a3000| Untracked 
|  74|0x0000000084a00000, 0x0000000084a00000, 0x0000000084b00000|  0%| F|  |TAMS 0x0000000084a00000, 0x0000000084a00000| Untracked 
|  75|0x0000000084b00000, 0x0000000084b00000, 0x0000000084c00000|  0%| F|  |TAMS 0x0000000084b00000, 0x0000000084b00000| Untracked 
|  76|0x0000000084c00000, 0x0000000084d00000, 0x0000000084d00000|100%| O|  |TAMS 0x0000000084d00000, 0x0000000084d00000| Untracked 
|  77|0x0000000084d00000, 0x0000000084e00000, 0x0000000084e00000|100%| O|  |TAMS 0x0000000084e00000, 0x0000000084e00000| Untracked 
|  78|0x0000000084e00000, 0x0000000084f00000, 0x0000000084f00000|100%| O|  |TAMS 0x0000000084f00000, 0x0000000084f00000| Untracked 
|  79|0x0000000084f00000, 0x0000000084f00000, 0x0000000085000000|  0%| F|  |TAMS 0x0000000084f00000, 0x0000000084f00000| Untracked 
|  80|0x0000000085000000, 0x0000000085000000, 0x0000000085100000|  0%| F|  |TAMS 0x0000000085000000, 0x0000000085000000| Untracked 
|  81|0x0000000085100000, 0x0000000085100000, 0x0000000085200000|  0%| F|  |TAMS 0x0000000085100000, 0x0000000085100000| Untracked 
|  82|0x0000000085200000, 0x0000000085200000, 0x0000000085300000|  0%| F|  |TAMS 0x0000000085200000, 0x0000000085200000| Untracked 
|  83|0x0000000085300000, 0x0000000085400000, 0x0000000085400000|100%| O|  |TAMS 0x0000000085400000, 0x0000000085400000| Untracked 
|  84|0x0000000085400000, 0x0000000085500000, 0x0000000085500000|100%| O|  |TAMS 0x0000000085500000, 0x0000000085500000| Untracked 
|  85|0x0000000085500000, 0x0000000085600000, 0x0000000085600000|100%| O|  |TAMS 0x0000000085600000, 0x0000000085600000| Untracked 
|  86|0x0000000085600000, 0x0000000085700000, 0x0000000085700000|100%| O|  |TAMS 0x0000000085700000, 0x0000000085700000| Untracked 
|  87|0x0000000085700000, 0x0000000085700000, 0x0000000085800000|  0%| F|  |TAMS 0x0000000085700000, 0x0000000085700000| Untracked 
|  88|0x0000000085800000, 0x0000000085800000, 0x0000000085900000|  0%| F|  |TAMS 0x0000000085800000, 0x0000000085800000| Untracked 
|  89|0x0000000085900000, 0x0000000085900000, 0x0000000085a00000|  0%| F|  |TAMS 0x0000000085900000, 0x0000000085900000| Untracked 
|  90|0x0000000085a00000, 0x0000000085a00000, 0x0000000085b00000|  0%| F|  |TAMS 0x0000000085a00000, 0x0000000085a00000| Untracked 
|  91|0x0000000085b00000, 0x0000000085b00000, 0x0000000085c00000|  0%| F|  |TAMS 0x0000000085b00000, 0x0000000085b00000| Untracked 
|  92|0x0000000085c00000, 0x0000000085c00000, 0x0000000085d00000|  0%| F|  |TAMS 0x0000000085c00000, 0x0000000085c00000| Untracked 
|  93|0x0000000085d00000, 0x0000000085d00000, 0x0000000085e00000|  0%| F|  |TAMS 0x0000000085d00000, 0x0000000085d00000| Untracked 
|  94|0x0000000085e00000, 0x0000000085e00000, 0x0000000085f00000|  0%| F|  |TAMS 0x0000000085e00000, 0x0000000085e00000| Untracked 
|  95|0x0000000085f00000, 0x0000000085f00000, 0x0000000086000000|  0%| F|  |TAMS 0x0000000085f00000, 0x0000000085f00000| Untracked 
|  96|0x0000000086000000, 0x0000000086000000, 0x0000000086100000|  0%| F|  |TAMS 0x0000000086000000, 0x0000000086000000| Untracked 
|  97|0x0000000086100000, 0x0000000086100000, 0x0000000086200000|  0%| F|  |TAMS 0x0000000086100000, 0x0000000086100000| Untracked 
|  98|0x0000000086200000, 0x0000000086200000, 0x0000000086300000|  0%| F|  |TAMS 0x0000000086200000, 0x0000000086200000| Untracked 
|  99|0x0000000086300000, 0x0000000086300000, 0x0000000086400000|  0%| F|  |TAMS 0x0000000086300000, 0x0000000086300000| Untracked 
| 100|0x0000000086400000, 0x0000000086400000, 0x0000000086500000|  0%| F|  |TAMS 0x0000000086400000, 0x0000000086400000| Untracked 
| 101|0x0000000086500000, 0x0000000086600000, 0x0000000086600000|100%| O|  |TAMS 0x0000000086600000, 0x0000000086600000| Untracked 
| 102|0x0000000086600000, 0x0000000086600000, 0x0000000086700000|  0%| F|  |TAMS 0x0000000086600000, 0x0000000086600000| Untracked 
| 103|0x0000000086700000, 0x0000000086800000, 0x0000000086800000|100%| O|  |TAMS 0x0000000086800000, 0x0000000086800000| Untracked 
| 104|0x0000000086800000, 0x0000000086800000, 0x0000000086900000|  0%| F|  |TAMS 0x0000000086800000, 0x0000000086800000| Untracked 
| 105|0x0000000086900000, 0x0000000086900000, 0x0000000086a00000|  0%| F|  |TAMS 0x0000000086900000, 0x0000000086900000| Untracked 
| 106|0x0000000086a00000, 0x0000000086a00000, 0x0000000086b00000|  0%| F|  |TAMS 0x0000000086a00000, 0x0000000086a00000| Untracked 
| 107|0x0000000086b00000, 0x0000000086b00000, 0x0000000086c00000|  0%| F|  |TAMS 0x0000000086b00000, 0x0000000086b00000| Untracked 
| 108|0x0000000086c00000, 0x0000000086c00000, 0x0000000086d00000|  0%| F|  |TAMS 0x0000000086c00000, 0x0000000086c00000| Untracked 
| 109|0x0000000086d00000, 0x0000000086d00000, 0x0000000086e00000|  0%| F|  |TAMS 0x0000000086d00000, 0x0000000086d00000| Untracked 
| 110|0x0000000086e00000, 0x0000000086e00000, 0x0000000086f00000|  0%| F|  |TAMS 0x0000000086e00000, 0x0000000086e00000| Untracked 
| 111|0x0000000086f00000, 0x0000000086f00000, 0x0000000087000000|  0%| F|  |TAMS 0x0000000086f00000, 0x0000000086f00000| Untracked 
| 112|0x0000000087000000, 0x0000000087000000, 0x0000000087100000|  0%| F|  |TAMS 0x0000000087000000, 0x0000000087000000| Untracked 
| 113|0x0000000087100000, 0x0000000087100000, 0x0000000087200000|  0%| F|  |TAMS 0x0000000087100000, 0x0000000087100000| Untracked 
| 114|0x0000000087200000, 0x0000000087200000, 0x0000000087300000|  0%| F|  |TAMS 0x0000000087200000, 0x0000000087200000| Untracked 
| 115|0x0000000087300000, 0x0000000087300000, 0x0000000087400000|  0%| F|  |TAMS 0x0000000087300000, 0x0000000087300000| Untracked 
| 116|0x0000000087400000, 0x0000000087400000, 0x0000000087500000|  0%| F|  |TAMS 0x0000000087400000, 0x0000000087400000| Untracked 
| 117|0x0000000087500000, 0x0000000087500000, 0x0000000087600000|  0%| F|  |TAMS 0x0000000087500000, 0x0000000087500000| Untracked 
| 118|0x0000000087600000, 0x0000000087600000, 0x0000000087700000|  0%| F|  |TAMS 0x0000000087600000, 0x0000000087600000| Untracked 
| 119|0x0000000087700000, 0x0000000087700000, 0x0000000087800000|  0%| F|  |TAMS 0x0000000087700000, 0x0000000087700000| Untracked 
| 120|0x0000000087800000, 0x0000000087800000, 0x0000000087900000|  0%| F|  |TAMS 0x0000000087800000, 0x0000000087800000| Untracked 
| 121|0x0000000087900000, 0x0000000087900000, 0x0000000087a00000|  0%| F|  |TAMS 0x0000000087900000, 0x0000000087900000| Untracked 
| 122|0x0000000087a00000, 0x0000000087a00000, 0x0000000087b00000|  0%| F|  |TAMS 0x0000000087a00000, 0x0000000087a00000| Untracked 
| 123|0x0000000087b00000, 0x0000000087b00000, 0x0000000087c00000|  0%| F|  |TAMS 0x0000000087b00000, 0x0000000087b00000| Untracked 
| 124|0x0000000087c00000, 0x0000000087c00000, 0x0000000087d00000|  0%| F|  |TAMS 0x0000000087c00000, 0x0000000087c00000| Untracked 
| 125|0x0000000087d00000, 0x0000000087d00000, 0x0000000087e00000|  0%| F|  |TAMS 0x0000000087d00000, 0x0000000087d00000| Untracked 
| 126|0x0000000087e00000, 0x0000000087e00000, 0x0000000087f00000|  0%| F|  |TAMS 0x0000000087e00000, 0x0000000087e00000| Untracked 
| 127|0x0000000087f00000, 0x0000000088000000, 0x0000000088000000|100%| S|CS|TAMS 0x0000000087f00000, 0x0000000087f00000| Complete 
| 128|0x0000000088000000, 0x0000000088100000, 0x0000000088100000|100%| S|CS|TAMS 0x0000000088000000, 0x0000000088000000| Complete 
| 129|0x0000000088100000, 0x0000000088200000, 0x0000000088200000|100%| S|CS|TAMS 0x0000000088100000, 0x0000000088100000| Complete 
| 130|0x0000000088200000, 0x0000000088300000, 0x0000000088300000|100%| S|CS|TAMS 0x0000000088200000, 0x0000000088200000| Complete 
| 131|0x0000000088300000, 0x0000000088400000, 0x0000000088400000|100%| S|CS|TAMS 0x0000000088300000, 0x0000000088300000| Complete 
| 132|0x0000000088400000, 0x0000000088400000, 0x0000000088500000|  0%| F|  |TAMS 0x0000000088400000, 0x0000000088400000| Untracked 
| 133|0x0000000088500000, 0x0000000088500000, 0x0000000088600000|  0%| F|  |TAMS 0x0000000088500000, 0x0000000088500000| Untracked 
| 134|0x0000000088600000, 0x0000000088600000, 0x0000000088700000|  0%| F|  |TAMS 0x0000000088600000, 0x0000000088600000| Untracked 
| 135|0x0000000088700000, 0x0000000088700000, 0x0000000088800000|  0%| F|  |TAMS 0x0000000088700000, 0x0000000088700000| Untracked 
| 136|0x0000000088800000, 0x0000000088800000, 0x0000000088900000|  0%| F|  |TAMS 0x0000000088800000, 0x0000000088800000| Untracked 
| 137|0x0000000088900000, 0x0000000088900000, 0x0000000088a00000|  0%| F|  |TAMS 0x0000000088900000, 0x0000000088900000| Untracked 
| 138|0x0000000088a00000, 0x0000000088a00000, 0x0000000088b00000|  0%| F|  |TAMS 0x0000000088a00000, 0x0000000088a00000| Untracked 
| 139|0x0000000088b00000, 0x0000000088b00000, 0x0000000088c00000|  0%| F|  |TAMS 0x0000000088b00000, 0x0000000088b00000| Untracked 
| 140|0x0000000088c00000, 0x0000000088c00000, 0x0000000088d00000|  0%| F|  |TAMS 0x0000000088c00000, 0x0000000088c00000| Untracked 
| 141|0x0000000088d00000, 0x0000000088d00000, 0x0000000088e00000|  0%| F|  |TAMS 0x0000000088d00000, 0x0000000088d00000| Untracked 
| 142|0x0000000088e00000, 0x0000000088e00000, 0x0000000088f00000|  0%| F|  |TAMS 0x0000000088e00000, 0x0000000088e00000| Untracked 
| 143|0x0000000088f00000, 0x0000000088f00000, 0x0000000089000000|  0%| F|  |TAMS 0x0000000088f00000, 0x0000000088f00000| Untracked 
| 144|0x0000000089000000, 0x0000000089000000, 0x0000000089100000|  0%| F|  |TAMS 0x0000000089000000, 0x0000000089000000| Untracked 
| 145|0x0000000089100000, 0x0000000089100000, 0x0000000089200000|  0%| F|  |TAMS 0x0000000089100000, 0x0000000089100000| Untracked 
| 146|0x0000000089200000, 0x0000000089200000, 0x0000000089300000|  0%| F|  |TAMS 0x0000000089200000, 0x0000000089200000| Untracked 
| 147|0x0000000089300000, 0x0000000089300000, 0x0000000089400000|  0%| F|  |TAMS 0x0000000089300000, 0x0000000089300000| Untracked 
| 148|0x0000000089400000, 0x0000000089400000, 0x0000000089500000|  0%| F|  |TAMS 0x0000000089400000, 0x0000000089400000| Untracked 
| 149|0x0000000089500000, 0x0000000089500000, 0x0000000089600000|  0%| F|  |TAMS 0x0000000089500000, 0x0000000089500000| Untracked 
| 150|0x0000000089600000, 0x0000000089600000, 0x0000000089700000|  0%| F|  |TAMS 0x0000000089600000, 0x0000000089600000| Untracked 
| 151|0x0000000089700000, 0x0000000089700000, 0x0000000089800000|  0%| F|  |TAMS 0x0000000089700000, 0x0000000089700000| Untracked 
| 152|0x0000000089800000, 0x0000000089800000, 0x0000000089900000|  0%| F|  |TAMS 0x0000000089800000, 0x0000000089800000| Untracked 
| 153|0x0000000089900000, 0x0000000089900000, 0x0000000089a00000|  0%| F|  |TAMS 0x0000000089900000, 0x0000000089900000| Untracked 
| 154|0x0000000089a00000, 0x0000000089a00000, 0x0000000089b00000|  0%| F|  |TAMS 0x0000000089a00000, 0x0000000089a00000| Untracked 
| 155|0x0000000089b00000, 0x0000000089b00000, 0x0000000089c00000|  0%| F|  |TAMS 0x0000000089b00000, 0x0000000089b00000| Untracked 
| 156|0x0000000089c00000, 0x0000000089c00000, 0x0000000089d00000|  0%| F|  |TAMS 0x0000000089c00000, 0x0000000089c00000| Untracked 
| 157|0x0000000089d00000, 0x0000000089d00000, 0x0000000089e00000|  0%| F|  |TAMS 0x0000000089d00000, 0x0000000089d00000| Untracked 
| 158|0x0000000089e00000, 0x0000000089e00000, 0x0000000089f00000|  0%| F|  |TAMS 0x0000000089e00000, 0x0000000089e00000| Untracked 
| 159|0x0000000089f00000, 0x0000000089f00000, 0x000000008a000000|  0%| F|  |TAMS 0x0000000089f00000, 0x0000000089f00000| Untracked 
| 160|0x000000008a000000, 0x000000008a000000, 0x000000008a100000|  0%| F|  |TAMS 0x000000008a000000, 0x000000008a000000| Untracked 
| 161|0x000000008a100000, 0x000000008a100000, 0x000000008a200000|  0%| F|  |TAMS 0x000000008a100000, 0x000000008a100000| Untracked 
| 162|0x000000008a200000, 0x000000008a200000, 0x000000008a300000|  0%| F|  |TAMS 0x000000008a200000, 0x000000008a200000| Untracked 
| 163|0x000000008a300000, 0x000000008a300000, 0x000000008a400000|  0%| F|  |TAMS 0x000000008a300000, 0x000000008a300000| Untracked 
| 164|0x000000008a400000, 0x000000008a400000, 0x000000008a500000|  0%| F|  |TAMS 0x000000008a400000, 0x000000008a400000| Untracked 
| 165|0x000000008a500000, 0x000000008a500000, 0x000000008a600000|  0%| F|  |TAMS 0x000000008a500000, 0x000000008a500000| Untracked 
| 166|0x000000008a600000, 0x000000008a600000, 0x000000008a700000|  0%| F|  |TAMS 0x000000008a600000, 0x000000008a600000| Untracked 
| 167|0x000000008a700000, 0x000000008a700000, 0x000000008a800000|  0%| F|  |TAMS 0x000000008a700000, 0x000000008a700000| Untracked 
| 168|0x000000008a800000, 0x000000008a800000, 0x000000008a900000|  0%| F|  |TAMS 0x000000008a800000, 0x000000008a800000| Untracked 
| 169|0x000000008a900000, 0x000000008a900000, 0x000000008aa00000|  0%| F|  |TAMS 0x000000008a900000, 0x000000008a900000| Untracked 
| 170|0x000000008aa00000, 0x000000008aa00000, 0x000000008ab00000|  0%| F|  |TAMS 0x000000008aa00000, 0x000000008aa00000| Untracked 
| 171|0x000000008ab00000, 0x000000008ab00000, 0x000000008ac00000|  0%| F|  |TAMS 0x000000008ab00000, 0x000000008ab00000| Untracked 
| 172|0x000000008ac00000, 0x000000008ac00000, 0x000000008ad00000|  0%| F|  |TAMS 0x000000008ac00000, 0x000000008ac00000| Untracked 
| 173|0x000000008ad00000, 0x000000008ad00000, 0x000000008ae00000|  0%| F|  |TAMS 0x000000008ad00000, 0x000000008ad00000| Untracked 
| 174|0x000000008ae00000, 0x000000008ae00000, 0x000000008af00000|  0%| F|  |TAMS 0x000000008ae00000, 0x000000008ae00000| Untracked 
| 175|0x000000008af00000, 0x000000008af00000, 0x000000008b000000|  0%| F|  |TAMS 0x000000008af00000, 0x000000008af00000| Untracked 
| 176|0x000000008b000000, 0x000000008b000000, 0x000000008b100000|  0%| F|  |TAMS 0x000000008b000000, 0x000000008b000000| Untracked 
| 177|0x000000008b100000, 0x000000008b100000, 0x000000008b200000|  0%| F|  |TAMS 0x000000008b100000, 0x000000008b100000| Untracked 
| 178|0x000000008b200000, 0x000000008b200000, 0x000000008b300000|  0%| F|  |TAMS 0x000000008b200000, 0x000000008b200000| Untracked 
| 179|0x000000008b300000, 0x000000008b300000, 0x000000008b400000|  0%| F|  |TAMS 0x000000008b300000, 0x000000008b300000| Untracked 
| 180|0x000000008b400000, 0x000000008b400000, 0x000000008b500000|  0%| F|  |TAMS 0x000000008b400000, 0x000000008b400000| Untracked 
| 181|0x000000008b500000, 0x000000008b500000, 0x000000008b600000|  0%| F|  |TAMS 0x000000008b500000, 0x000000008b500000| Untracked 
| 182|0x000000008b600000, 0x000000008b600000, 0x000000008b700000|  0%| F|  |TAMS 0x000000008b600000, 0x000000008b600000| Untracked 
| 183|0x000000008b700000, 0x000000008b700000, 0x000000008b800000|  0%| F|  |TAMS 0x000000008b700000, 0x000000008b700000| Untracked 
| 184|0x000000008b800000, 0x000000008b800000, 0x000000008b900000|  0%| F|  |TAMS 0x000000008b800000, 0x000000008b800000| Untracked 
| 185|0x000000008b900000, 0x000000008b900000, 0x000000008ba00000|  0%| F|  |TAMS 0x000000008b900000, 0x000000008b900000| Untracked 
| 186|0x000000008ba00000, 0x000000008ba00000, 0x000000008bb00000|  0%| F|  |TAMS 0x000000008ba00000, 0x000000008ba00000| Untracked 
| 187|0x000000008bb00000, 0x000000008bb00000, 0x000000008bc00000|  0%| F|  |TAMS 0x000000008bb00000, 0x000000008bb00000| Untracked 
| 188|0x000000008bc00000, 0x000000008bc00000, 0x000000008bd00000|  0%| F|  |TAMS 0x000000008bc00000, 0x000000008bc00000| Untracked 
| 189|0x000000008bd00000, 0x000000008bd00000, 0x000000008be00000|  0%| F|  |TAMS 0x000000008bd00000, 0x000000008bd00000| Untracked 
| 190|0x000000008be00000, 0x000000008be00000, 0x000000008bf00000|  0%| F|  |TAMS 0x000000008be00000, 0x000000008be00000| Untracked 
| 191|0x000000008bf00000, 0x000000008bf00000, 0x000000008c000000|  0%| F|  |TAMS 0x000000008bf00000, 0x000000008bf00000| Untracked 
| 192|0x000000008c000000, 0x000000008c000000, 0x000000008c100000|  0%| F|  |TAMS 0x000000008c000000, 0x000000008c000000| Untracked 
| 193|0x000000008c100000, 0x000000008c100000, 0x000000008c200000|  0%| F|  |TAMS 0x000000008c100000, 0x000000008c100000| Untracked 
| 194|0x000000008c200000, 0x000000008c200000, 0x000000008c300000|  0%| F|  |TAMS 0x000000008c200000, 0x000000008c200000| Untracked 
| 195|0x000000008c300000, 0x000000008c39f400, 0x000000008c400000| 62%| E|  |TAMS 0x000000008c300000, 0x000000008c300000| Complete 
| 196|0x000000008c400000, 0x000000008c500000, 0x000000008c500000|100%| E|CS|TAMS 0x000000008c400000, 0x000000008c400000| Complete 
| 197|0x000000008c500000, 0x000000008c600000, 0x000000008c600000|100%| E|CS|TAMS 0x000000008c500000, 0x000000008c500000| Complete 
| 198|0x000000008c600000, 0x000000008c700000, 0x000000008c700000|100%| E|CS|TAMS 0x000000008c600000, 0x000000008c600000| Complete 
| 199|0x000000008c700000, 0x000000008c800000, 0x000000008c800000|100%| E|CS|TAMS 0x000000008c700000, 0x000000008c700000| Complete 

Card table byte_map: [0x000001e767f90000,0x000001e768390000] _byte_map_base: 0x000001e767b90000

Marking Bits (Prev, Next): (CMBitMap*) 0x000001e754c2a860, (CMBitMap*) 0x000001e754c2a828
 Prev Bits: [0x000001e76a790000, 0x000001e76c790000)
 Next Bits: [0x000001e768790000, 0x000001e76a790000)

Polling page: 0x000001e753570000

Metaspace:

Usage:
  Non-class:     80.13 MB capacity,    78.76 MB ( 98%) used,     1.15 MB (  1%) free+waste,   229.38 KB ( <1%) overhead. 
      Class:     11.97 MB capacity,    11.23 MB ( 94%) used,   655.84 KB (  5%) free+waste,   100.94 KB ( <1%) overhead. 
       Both:     92.10 MB capacity,    89.99 MB ( 98%) used,     1.79 MB (  2%) free+waste,   330.31 KB ( <1%) overhead. 

Virtual space:
  Non-class space:       82.00 MB reserved,      80.25 MB ( 98%) committed 
      Class space:        1.00 GB reserved,      12.00 MB (  1%) committed 
             Both:        1.08 GB reserved,      92.25 MB (  8%) committed 

Chunk freelists:
   Non-Class:  0 bytes
       Class:  0 bytes
        Both:  0 bytes

MaxMetaspaceSize: 17179869184.00 GB
CompressedClassSpaceSize: 1.00 GB

CodeHeap 'non-profiled nmethods': size=120064Kb used=5715Kb max_used=5715Kb free=114348Kb
 bounds [0x000001e760030000, 0x000001e7605d0000, 0x000001e767570000]
CodeHeap 'profiled nmethods': size=120000Kb used=22254Kb max_used=22254Kb free=97745Kb
 bounds [0x000001e758b00000, 0x000001e75a0e0000, 0x000001e760030000]
CodeHeap 'non-nmethods': size=5696Kb used=2272Kb max_used=2330Kb free=3423Kb
 bounds [0x000001e758570000, 0x000001e7587e0000, 0x000001e758b00000]
 total_blobs=12031 nmethods=11162 adapters=779
 compilation: enabled
              stopped_count=0, restarted_count=0
 full_count=0

Compilation events (20 events):
Event: 141.561 Thread 0x000001e76f739000 12543       3       org.gradle.internal.component.external.model.UrlBackedArtifactMetadata::getId (5 bytes)
Event: 141.562 Thread 0x000001e76f739000 nmethod 12543 0x000001e759673910 code [0x000001e759673ac0, 0x000001e759673bd8]
Event: 141.563 Thread 0x000001e76f739000 12548       1       org.gradle.internal.component.external.model.AbstractMutableModuleComponentResolveMetadata$FileImpl::getName (5 bytes)
Event: 141.563 Thread 0x000001e76f739000 nmethod 12548 0x000001e7603d2390 code [0x000001e7603d2540, 0x000001e7603d25f8]
Event: 141.563 Thread 0x000001e76f739000 12551       3       org.gradle.internal.component.external.model.LazyVariantBackedConfigurationMetadata$RuleAwareVariant::getArtifacts (40 bytes)
Event: 141.563 Thread 0x000001e76f739000 nmethod 12551 0x000001e7599fad90 code [0x000001e7599faf60, 0x000001e7599fb338]
Event: 141.564 Thread 0x000001e76f739000 12549       1       org.gradle.internal.component.external.model.AbstractMutableModuleComponentResolveMetadata$FileImpl::getUri (5 bytes)
Event: 141.564 Thread 0x000001e76f739000 nmethod 12549 0x000001e7603d2090 code [0x000001e7603d2240, 0x000001e7603d22f8]
Event: 141.564 Thread 0x000001e76f739000 12550       1       org.gradle.internal.component.external.model.AbstractVariantBackedConfigurationMetadata::requiresMavenArtifactDiscovery (2 bytes)
Event: 141.564 Thread 0x000001e76f739000 nmethod 12550 0x000001e7603d1d90 code [0x000001e7603d1f40, 0x000001e7603d1ff8]
Event: 141.573 Thread 0x000001e76f739000 12552       2       com.esotericsoftware.kryo.io.Input::<init> (25 bytes)
Event: 141.573 Thread 0x000001e76f739000 nmethod 12552 0x000001e759a0d490 code [0x000001e759a0d660, 0x000001e759a0da68]
Event: 141.739 Thread 0x000001e76f739000 12554       3       org.gradle.api.internal.artifacts.ivyservice.resolveengine.result.CachingComponentSelectionDescriptorFactory$$Lambda$472/0x00000001008d8040::get$Lambda (10 bytes)
Event: 141.740 Thread 0x000001e76f739000 nmethod 12554 0x000001e759a07890 code [0x000001e759a07a60, 0x000001e759a07d18]
Event: 141.740 Thread 0x000001e76f739000 12555   !   3       org.gradle.api.internal.artifacts.ivyservice.resolveengine.result.CachingComponentSelectionDescriptorFactory::getOrCreate (41 bytes)
Event: 141.743 Thread 0x000001e76f739000 nmethod 12555 0x000001e75a0bd190 code [0x000001e75a0bd480, 0x000001e75a0be678]
Event: 141.743 Thread 0x000001e76f739000 12556   !   3       java.util.concurrent.LinkedBlockingDeque::offerLast (53 bytes)
Event: 141.744 Thread 0x000001e76f739000 nmethod 12556 0x000001e75a0bee90 code [0x000001e75a0bf100, 0x000001e75a0bfb78]
Event: 141.745 Thread 0x000001e76f739000 12557       3       java.util.concurrent.LinkedBlockingDeque$Node::<init> (10 bytes)
Event: 141.745 Thread 0x000001e76f739000 nmethod 12557 0x000001e759985d10 code [0x000001e759985ec0, 0x000001e759986078]

GC Heap History (20 events):
Event: 37.978 GC heap before
{Heap before GC invocations=52 (full 0):
 garbage-first heap   total 169984K, used 125549K [0x0000000080000000, 0x0000000100000000)
  region size 1024K, 34 young (34816K), 2 survivors (2048K)
 Metaspace       used 83978K, capacity 85909K, committed 86272K, reserved 1124352K
  class space    used 10713K, capacity 11408K, committed 11520K, reserved 1048576K
}
Event: 37.989 GC heap after
{Heap after GC invocations=53 (full 0):
 garbage-first heap   total 169984K, used 92311K [0x0000000080000000, 0x0000000100000000)
  region size 1024K, 4 young (4096K), 4 survivors (4096K)
 Metaspace       used 83978K, capacity 85909K, committed 86272K, reserved 1124352K
  class space    used 10713K, capacity 11408K, committed 11520K, reserved 1048576K
}
Event: 38.052 GC heap before
{Heap before GC invocations=53 (full 0):
 garbage-first heap   total 169984K, used 95383K [0x0000000080000000, 0x0000000100000000)
  region size 1024K, 8 young (8192K), 4 survivors (4096K)
 Metaspace       used 83983K, capacity 85910K, committed 86272K, reserved 1124352K
  class space    used 10713K, capacity 11408K, committed 11520K, reserved 1048576K
}
Event: 38.062 GC heap after
{Heap after GC invocations=54 (full 0):
 garbage-first heap   total 169984K, used 85178K [0x0000000080000000, 0x0000000100000000)
  region size 1024K, 1 young (1024K), 1 survivors (1024K)
 Metaspace       used 83983K, capacity 85910K, committed 86272K, reserved 1124352K
  class space    used 10713K, capacity 11408K, committed 11520K, reserved 1048576K
}
Event: 38.650 GC heap before
{Heap before GC invocations=54 (full 0):
 garbage-first heap   total 169984K, used 121018K [0x0000000080000000, 0x0000000100000000)
  region size 1024K, 37 young (37888K), 1 survivors (1024K)
 Metaspace       used 84648K, capacity 86719K, committed 86784K, reserved 1124352K
  class space    used 10787K, capacity 11478K, committed 11520K, reserved 1048576K
}
Event: 38.660 GC heap after
{Heap after GC invocations=55 (full 0):
 garbage-first heap   total 169984K, used 86661K [0x0000000080000000, 0x0000000100000000)
  region size 1024K, 2 young (2048K), 2 survivors (2048K)
 Metaspace       used 84648K, capacity 86719K, committed 86784K, reserved 1124352K
  class space    used 10787K, capacity 11478K, committed 11520K, reserved 1048576K
}
Event: 39.776 GC heap before
{Heap before GC invocations=56 (full 0):
 garbage-first heap   total 169984K, used 117381K [0x0000000080000000, 0x0000000100000000)
  region size 1024K, 41 young (41984K), 2 survivors (2048K)
 Metaspace       used 86327K, capacity 88368K, committed 88576K, reserved 1126400K
  class space    used 11019K, capacity 11708K, committed 11776K, reserved 1048576K
}
Event: 39.789 GC heap after
{Heap after GC invocations=57 (full 0):
 garbage-first heap   total 169984K, used 79750K [0x0000000080000000, 0x0000000100000000)
  region size 1024K, 4 young (4096K), 4 survivors (4096K)
 Metaspace       used 86327K, capacity 88368K, committed 88576K, reserved 1126400K
  class space    used 11019K, capacity 11708K, committed 11776K, reserved 1048576K
}
Event: 40.451 GC heap before
{Heap before GC invocations=57 (full 0):
 garbage-first heap   total 169984K, used 121734K [0x0000000080000000, 0x0000000100000000)
  region size 1024K, 46 young (47104K), 4 survivors (4096K)
 Metaspace       used 87421K, capacity 89372K, committed 89472K, reserved 1126400K
  class space    used 11144K, capacity 11807K, committed 11904K, reserved 1048576K
}
Event: 40.468 GC heap after
{Heap after GC invocations=58 (full 0):
 garbage-first heap   total 169984K, used 82149K [0x0000000080000000, 0x0000000100000000)
  region size 1024K, 6 young (6144K), 6 survivors (6144K)
 Metaspace       used 87421K, capacity 89372K, committed 89472K, reserved 1126400K
  class space    used 11144K, capacity 11807K, committed 11904K, reserved 1048576K
}
Event: 41.665 GC heap before
{Heap before GC invocations=59 (full 0):
 garbage-first heap   total 169984K, used 130277K [0x0000000080000000, 0x0000000100000000)
  region size 1024K, 53 young (54272K), 6 survivors (6144K)
 Metaspace       used 87969K, capacity 90017K, committed 90368K, reserved 1128448K
  class space    used 11199K, capacity 11916K, committed 12032K, reserved 1048576K
}
Event: 41.681 GC heap after
{Heap after GC invocations=60 (full 0):
 garbage-first heap   total 169984K, used 84102K [0x0000000080000000, 0x0000000100000000)
  region size 1024K, 5 young (5120K), 5 survivors (5120K)
 Metaspace       used 87969K, capacity 90017K, committed 90368K, reserved 1128448K
  class space    used 11199K, capacity 11916K, committed 12032K, reserved 1048576K
}
Event: 41.703 GC heap before
{Heap before GC invocations=60 (full 0):
 garbage-first heap   total 169984K, used 87174K [0x0000000080000000, 0x0000000100000000)
  region size 1024K, 8 young (8192K), 5 survivors (5120K)
 Metaspace       used 87969K, capacity 90017K, committed 90368K, reserved 1128448K
  class space    used 11199K, capacity 11916K, committed 12032K, reserved 1048576K
}
Event: 41.712 GC heap after
{Heap after GC invocations=61 (full 0):
 garbage-first heap   total 169984K, used 83562K [0x0000000080000000, 0x0000000100000000)
  region size 1024K, 1 young (1024K), 1 survivors (1024K)
 Metaspace       used 87969K, capacity 90017K, committed 90368K, reserved 1128448K
  class space    used 11199K, capacity 11916K, committed 12032K, reserved 1048576K
}
Event: 42.246 GC heap before
{Heap before GC invocations=61 (full 0):
 garbage-first heap   total 169984K, used 131690K [0x0000000080000000, 0x0000000100000000)
  region size 1024K, 49 young (50176K), 1 survivors (1024K)
 Metaspace       used 88101K, capacity 90100K, committed 90368K, reserved 1128448K
  class space    used 11210K, capacity 11922K, committed 12032K, reserved 1048576K
}
Event: 42.252 GC heap after
{Heap after GC invocations=62 (full 0):
 garbage-first heap   total 169984K, used 84524K [0x0000000080000000, 0x0000000100000000)
  region size 1024K, 2 young (2048K), 2 survivors (2048K)
 Metaspace       used 88101K, capacity 90100K, committed 90368K, reserved 1128448K
  class space    used 11210K, capacity 11922K, committed 12032K, reserved 1048576K
}
Event: 128.293 GC heap before
{Heap before GC invocations=63 (full 0):
 garbage-first heap   total 169984K, used 135724K [0x0000000080000000, 0x0000000100000000)
  region size 1024K, 53 young (54272K), 2 survivors (2048K)
 Metaspace       used 91427K, capacity 93559K, committed 93696K, reserved 1130496K
  class space    used 11482K, capacity 12243K, committed 12288K, reserved 1048576K
}
Event: 128.641 GC heap after
{Heap after GC invocations=64 (full 0):
 garbage-first heap   total 169984K, used 86511K [0x0000000080000000, 0x0000000100000000)
  region size 1024K, 4 young (4096K), 4 survivors (4096K)
 Metaspace       used 91427K, capacity 93559K, committed 93696K, reserved 1130496K
  class space    used 11482K, capacity 12243K, committed 12288K, reserved 1048576K
}
Event: 141.579 GC heap before
{Heap before GC invocations=64 (full 0):
 garbage-first heap   total 169984K, used 120303K [0x0000000080000000, 0x0000000100000000)
  region size 1024K, 38 young (38912K), 4 survivors (4096K)
 Metaspace       used 92123K, capacity 94240K, committed 94464K, reserved 1132544K
  class space    used 11503K, capacity 12260K, committed 12288K, reserved 1048576K
}
Event: 141.737 GC heap after
{Heap after GC invocations=65 (full 0):
 garbage-first heap   total 204800K, used 89740K [0x0000000080000000, 0x0000000100000000)
  region size 1024K, 5 young (5120K), 5 survivors (5120K)
 Metaspace       used 92123K, capacity 94240K, committed 94464K, reserved 1132544K
  class space    used 11503K, capacity 12260K, committed 12288K, reserved 1048576K
}

Deoptimization events (20 events):
Event: 132.827 Thread 0x000001e774472800 Uncommon trap: trap_request=0xffffff4d fr.pc=0x000001e760232b74 relative=0x0000000000000234
Event: 132.827 Thread 0x000001e774472800 Uncommon trap: reason=unstable_if action=reinterpret pc=0x000001e760232b74 method=java.lang.StringCoding.encode(Ljava/nio/charset/Charset;B[B)[B @ 4 c2
Event: 132.827 Thread 0x000001e774472800 DEOPT PACKING pc=0x000001e760232b74 sp=0x00000002208f9440
Event: 132.827 Thread 0x000001e774472800 DEOPT UNPACKING pc=0x000001e7585974af sp=0x00000002208f9350 mode 2
Event: 141.423 Thread 0x000001e773f99800 Uncommon trap: trap_request=0xffffffde fr.pc=0x000001e7602bd8c4 relative=0x0000000000004684
Event: 141.423 Thread 0x000001e773f99800 Uncommon trap: reason=class_check action=maybe_recompile pc=0x000001e7602bd8c4 method=org.gradle.api.internal.artifacts.result.DefaultResolutionResult.eachElement(Lorg/gradle/api/artifacts/result/ResolvedComponentResult;Lorg/gradle/api/Action;Lorg/gradle/
Event: 141.423 Thread 0x000001e773f99800 DEOPT PACKING pc=0x000001e7602bd8c4 sp=0x00000002283fb280
Event: 141.424 Thread 0x000001e773f99800 DEOPT UNPACKING pc=0x000001e7585974af sp=0x00000002283fb2c8 mode 2
Event: 141.430 Thread 0x000001e773f99800 Uncommon trap: trap_request=0xffffffde fr.pc=0x000001e7602bd8c4 relative=0x0000000000004684
Event: 141.430 Thread 0x000001e773f99800 Uncommon trap: reason=class_check action=maybe_recompile pc=0x000001e7602bd8c4 method=org.gradle.api.internal.artifacts.result.DefaultResolutionResult.eachElement(Lorg/gradle/api/artifacts/result/ResolvedComponentResult;Lorg/gradle/api/Action;Lorg/gradle/
Event: 141.430 Thread 0x000001e773f99800 DEOPT PACKING pc=0x000001e7602bd8c4 sp=0x00000002283fb1e0
Event: 141.430 Thread 0x000001e773f99800 DEOPT UNPACKING pc=0x000001e7585974af sp=0x00000002283fb228 mode 2
Event: 141.430 Thread 0x000001e773f99800 Uncommon trap: trap_request=0xffffffde fr.pc=0x000001e7602bd8c4 relative=0x0000000000004684
Event: 141.430 Thread 0x000001e773f99800 Uncommon trap: reason=class_check action=maybe_recompile pc=0x000001e7602bd8c4 method=org.gradle.api.internal.artifacts.result.DefaultResolutionResult.eachElement(Lorg/gradle/api/artifacts/result/ResolvedComponentResult;Lorg/gradle/api/Action;Lorg/gradle/
Event: 141.430 Thread 0x000001e773f99800 DEOPT PACKING pc=0x000001e7602bd8c4 sp=0x00000002283fb140
Event: 141.430 Thread 0x000001e773f99800 DEOPT UNPACKING pc=0x000001e7585974af sp=0x00000002283fb188 mode 2
Event: 141.430 Thread 0x000001e773f99800 Uncommon trap: trap_request=0xffffffde fr.pc=0x000001e7602bd8c4 relative=0x0000000000004684
Event: 141.430 Thread 0x000001e773f99800 Uncommon trap: reason=class_check action=maybe_recompile pc=0x000001e7602bd8c4 method=org.gradle.api.internal.artifacts.result.DefaultResolutionResult.eachElement(Lorg/gradle/api/artifacts/result/ResolvedComponentResult;Lorg/gradle/api/Action;Lorg/gradle/
Event: 141.430 Thread 0x000001e773f99800 DEOPT PACKING pc=0x000001e7602bd8c4 sp=0x00000002283fb1e0
Event: 141.430 Thread 0x000001e773f99800 DEOPT UNPACKING pc=0x000001e7585974af sp=0x00000002283fb228 mode 2

Classes redefined (0 events):
No events

Internal exceptions (20 events):
Event: 46.437 Thread 0x000001e774479000 Exception <a 'java/io/IOException'{0x0000000088ce3828}> (0x0000000088ce3828) thrown at [./src/hotspot/share/prims/jni.cpp, line 615]
Event: 46.470 Thread 0x000001e76fa9a800 Exception <a 'java/lang/NoSuchMethodError'{0x0000000088afcf58}: <clinit>> (0x0000000088afcf58) thrown at [./src/hotspot/share/prims/jni.cpp, line 1362]
Event: 46.474 Thread 0x000001e76fa9a800 Exception <a 'java/lang/NoSuchMethodError'{0x00000000889ab6c0}: <clinit>> (0x00000000889ab6c0) thrown at [./src/hotspot/share/prims/jni.cpp, line 1362]
Event: 46.646 Thread 0x000001e771a10000 Exception <a 'java/lang/NoSuchMethodError'{0x00000000887c46e0}: 'java.lang.Object java.lang.invoke.DirectMethodHandle$Holder.invokeSpecial(java.lang.Object, java.lang.Object, java.lang.Object, int, int, java.lang.Object, java.lang.Object)'> (0x00000000887c46e0) thrown at [./src/hotspot/share/interpreter/linkResolver.cpp, line 773]
Event: 46.647 Thread 0x000001e771a10000 Exception <a 'java/lang/NoSuchMethodError'{0x00000000887cdf30}: 'java.lang.Object java.lang.invoke.DirectMethodHandle$Holder.invokeStatic(java.lang.Object, java.lang.Object, java.lang.Object, int, int, java.lang.Object)'> (0x00000000887cdf30) thrown at [./src/hotspot/share/interpreter/linkResolver.cpp, line 773]
Event: 46.648 Thread 0x000001e771a10000 Exception <a 'java/lang/NoSuchMethodError'{0x00000000887d1eb8}: 'java.lang.Object java.lang.invoke.DirectMethodHandle$Holder.invokeSpecial(java.lang.Object, java.lang.Object, java.lang.Object, java.lang.Object, int, int, java.lang.Object)'> (0x00000000887d1eb8) thrown at [./src/hotspot/share/interpreter/linkResolver.cpp, line 773]
Event: 46.648 Thread 0x000001e771a10000 Exception <a 'java/lang/NoSuchMethodError'{0x00000000887d5620}: 'java.lang.Object java.lang.invoke.Invokers$Holder.linkToTargetMethod(java.lang.Object, java.lang.Object, int, int, java.lang.Object, java.lang.Object)'> (0x00000000887d5620) thrown at [./src/hotspot/share/interpreter/linkResolver.cpp, line 773]
Event: 46.922 Thread 0x000001e771a10000 Implicit null exception at 0x000001e760426267 to 0x000001e76042661c
Event: 46.950 Thread 0x000001e771279000 Exception <a 'java/lang/NoSuchMethodError'{0x0000000087dfb5f0}: <clinit>> (0x0000000087dfb5f0) thrown at [./src/hotspot/share/prims/jni.cpp, line 1362]
Event: 46.952 Thread 0x000001e771279000 Exception <a 'java/lang/NoSuchMethodError'{0x0000000087c5c1c0}: <clinit>> (0x0000000087c5c1c0) thrown at [./src/hotspot/share/prims/jni.cpp, line 1362]
Event: 46.952 Thread 0x000001e771279000 Exception <a 'java/lang/NoSuchMethodError'{0x0000000087c5d8a8}: <clinit>> (0x0000000087c5d8a8) thrown at [./src/hotspot/share/prims/jni.cpp, line 1362]
Event: 46.953 Thread 0x000001e771279000 Exception <a 'java/lang/NoSuchMethodError'{0x0000000087c6fa10}: <clinit>> (0x0000000087c6fa10) thrown at [./src/hotspot/share/prims/jni.cpp, line 1362]
Event: 46.955 Thread 0x000001e771279000 Exception <a 'java/lang/NoSuchMethodError'{0x0000000087c7bb60}: <clinit>> (0x0000000087c7bb60) thrown at [./src/hotspot/share/prims/jni.cpp, line 1362]
Event: 46.974 Thread 0x000001e771279000 Exception <a 'java/lang/NoSuchMethodError'{0x0000000087c9da30}: <clinit>> (0x0000000087c9da30) thrown at [./src/hotspot/share/prims/jni.cpp, line 1362]
Event: 46.981 Thread 0x000001e771279000 Exception <a 'java/lang/NoSuchMethodError'{0x0000000087cb7aa0}: <clinit>> (0x0000000087cb7aa0) thrown at [./src/hotspot/share/prims/jni.cpp, line 1362]
Event: 46.990 Thread 0x000001e771279000 Exception <a 'java/lang/NoSuchMethodError'{0x0000000087b1b130}: <clinit>> (0x0000000087b1b130) thrown at [./src/hotspot/share/prims/jni.cpp, line 1362]
Event: 123.693 Thread 0x000001e774472800 Implicit null exception at 0x000001e7604bdb29 to 0x000001e7604bddc0
Event: 123.695 Thread 0x000001e774472800 Implicit null exception at 0x000001e7603f893f to 0x000001e7603f9300
Event: 123.701 Thread 0x000001e774472800 Implicit null exception at 0x000001e7600edf4a to 0x000001e7600f4694
Event: 132.265 Thread 0x000001e774472800 Exception <a 'sun/nio/fs/WindowsException'{0x0000000089264ea8}> (0x0000000089264ea8) thrown at [./src/hotspot/share/prims/jni.cpp, line 615]

Events (20 events):
Event: 140.484 Executing VM operation: RevokeBias
Event: 140.484 Executing VM operation: RevokeBias done
Event: 140.484 Executing VM operation: RevokeBias
Event: 140.485 Executing VM operation: RevokeBias done
Event: 140.489 Executing VM operation: RevokeBias
Event: 140.490 Executing VM operation: RevokeBias done
Event: 140.500 Executing VM operation: RevokeBias
Event: 140.501 Executing VM operation: RevokeBias done
Event: 140.538 Executing VM operation: RevokeBias
Event: 140.539 Executing VM operation: RevokeBias done
Event: 140.626 Executing VM operation: RevokeBias
Event: 140.628 Executing VM operation: RevokeBias done
Event: 140.639 Executing VM operation: RevokeBias
Event: 140.641 Executing VM operation: RevokeBias done
Event: 141.342 Executing VM operation: RevokeBias
Event: 141.343 Executing VM operation: RevokeBias done
Event: 141.465 Executing VM operation: RevokeBias
Event: 141.465 Executing VM operation: RevokeBias done
Event: 141.578 Executing VM operation: G1CollectForAllocation
Event: 141.738 Executing VM operation: G1CollectForAllocation done


Dynamic libraries:
0x00007ff6904d0000 - 0x00007ff6904da000 	C:\Program Files\Android\Android Studio1\jre\bin\java.exe
0x00007ffadc690000 - 0x00007ffadc885000 	C:\Windows\SYSTEM32\ntdll.dll
0x00007ffadbbb0000 - 0x00007ffadbc6e000 	C:\Windows\System32\KERNEL32.DLL
0x00007ffada410000 - 0x00007ffada6d8000 	C:\Windows\System32\KERNELBASE.dll
0x00007ffad9f00000 - 0x00007ffada000000 	C:\Windows\System32\ucrtbase.dll
0x00007ffad3e20000 - 0x00007ffad3e39000 	C:\Program Files\Android\Android Studio1\jre\bin\jli.dll
0x00007ffad3cf0000 - 0x00007ffad3d07000 	C:\Program Files\Android\Android Studio1\jre\bin\VCRUNTIME140.dll
0x00007ffada770000 - 0x00007ffada911000 	C:\Windows\System32\USER32.dll
0x00007ffada3e0000 - 0x00007ffada402000 	C:\Windows\System32\win32u.dll
0x00007ffada6e0000 - 0x00007ffada70b000 	C:\Windows\System32\GDI32.dll
0x00007ffada0e0000 - 0x00007ffada1eb000 	C:\Windows\System32\gdi32full.dll
0x00007ffad9db0000 - 0x00007ffad9e4d000 	C:\Windows\System32\msvcp_win.dll
0x00007ffac8710000 - 0x00007ffac89aa000 	C:\Windows\WinSxS\amd64_microsoft.windows.common-controls_6595b64144ccf1df_6.0.19041.1110_none_60b5254171f9507e\COMCTL32.dll
0x00007ffadb5a0000 - 0x00007ffadb63e000 	C:\Windows\System32\msvcrt.dll
0x00007ffadbc70000 - 0x00007ffadbca0000 	C:\Windows\System32\IMM32.DLL
0x00007ffad3c30000 - 0x00007ffad3ccd000 	C:\Program Files\Android\Android Studio1\jre\bin\msvcp140.dll
0x00007ffa96300000 - 0x00007ffa96dbc000 	C:\Program Files\Android\Android Studio1\jre\bin\server\jvm.dll
0x00007ffadac10000 - 0x00007ffadacbc000 	C:\Windows\System32\ADVAPI32.dll
0x00007ffadbfc0000 - 0x00007ffadc05b000 	C:\Windows\System32\sechost.dll
0x00007ffadbe20000 - 0x00007ffadbf4a000 	C:\Windows\System32\RPCRT4.dll
0x00007ffadae50000 - 0x00007ffadae58000 	C:\Windows\System32\PSAPI.DLL
0x00007ffac4580000 - 0x00007ffac4589000 	C:\Windows\SYSTEM32\WSOCK32.dll
0x00007ffadbf50000 - 0x00007ffadbfbb000 	C:\Windows\System32\WS2_32.dll
0x00007ffac5c80000 - 0x00007ffac5ca7000 	C:\Windows\SYSTEM32\WINMM.dll
0x00007ffad2860000 - 0x00007ffad286a000 	C:\Windows\SYSTEM32\VERSION.dll
0x00007ffad8630000 - 0x00007ffad8642000 	C:\Windows\SYSTEM32\kernel.appcore.dll
0x00007ffad1f00000 - 0x00007ffad1f11000 	C:\Program Files\Android\Android Studio1\jre\bin\verify.dll
0x00007ffad8340000 - 0x00007ffad8524000 	C:\Windows\SYSTEM32\DBGHELP.DLL
0x00007ffac9300000 - 0x00007ffac932c000 	C:\Windows\SYSTEM32\dbgcore.DLL
0x00007ffada050000 - 0x00007ffada0d3000 	C:\Windows\System32\bcryptPrimitives.dll
0x00007ffaba500000 - 0x00007ffaba529000 	C:\Program Files\Android\Android Studio1\jre\bin\java.dll
0x00007ffad1ef0000 - 0x00007ffad1efb000 	C:\Program Files\Android\Android Studio1\jre\bin\jimage.dll
0x00007ffab2f20000 - 0x00007ffab2f38000 	C:\Program Files\Android\Android Studio1\jre\bin\zip.dll
0x00007ffadae60000 - 0x00007ffadb59f000 	C:\Windows\System32\SHELL32.dll
0x00007ffad7ae0000 - 0x00007ffad8270000 	C:\Windows\SYSTEM32\windows.storage.dll
0x00007ffadb710000 - 0x00007ffadba65000 	C:\Windows\System32\combase.dll
0x00007ffad9730000 - 0x00007ffad975e000 	C:\Windows\SYSTEM32\Wldp.dll
0x00007ffadada0000 - 0x00007ffadae4d000 	C:\Windows\System32\SHCORE.dll
0x00007ffadc060000 - 0x00007ffadc0b5000 	C:\Windows\System32\shlwapi.dll
0x00007ffad9cf0000 - 0x00007ffad9d0f000 	C:\Windows\SYSTEM32\profapi.dll
0x00007ffab2f00000 - 0x00007ffab2f1a000 	C:\Program Files\Android\Android Studio1\jre\bin\net.dll
0x00007ffacadc0000 - 0x00007ffacaecc000 	C:\Windows\SYSTEM32\WINHTTP.dll
0x00007ffad9490000 - 0x00007ffad94fa000 	C:\Windows\system32\mswsock.dll
0x00007ffaae8b0000 - 0x00007ffaae8c4000 	C:\Program Files\Android\Android Studio1\jre\bin\nio.dll
0x00007ffac5490000 - 0x00007ffac54b7000 	C:\Users\VuThiLanh\.gradle\native\fdc75f09e3144964f2cf3f50f0aa648679c211496f362492102eb8c894070792\windows-amd64\native-platform.dll
0x00007ffa9b500000 - 0x00007ffa9b696000 	C:\Users\VuThiLanh\.gradle\native\12488b8bf47d2d4c9fbf2f6322a914ad602e24e48041cd04a747c6da556b65c4\windows-amd64\native-platform-file-events.dll
0x00007ffad1c60000 - 0x00007ffad1c6a000 	C:\Program Files\Android\Android Studio1\jre\bin\management.dll
0x00007ffac70f0000 - 0x00007ffac70fc000 	C:\Program Files\Android\Android Studio1\jre\bin\management_ext.dll
0x00007ffad9680000 - 0x00007ffad9698000 	C:\Windows\SYSTEM32\CRYPTSP.dll
0x00007ffad8e10000 - 0x00007ffad8e44000 	C:\Windows\system32\rsaenh.dll
0x00007ffada1f0000 - 0x00007ffada217000 	C:\Windows\System32\bcrypt.dll
0x00007ffad9cb0000 - 0x00007ffad9cde000 	C:\Windows\SYSTEM32\USERENV.dll
0x00007ffad96a0000 - 0x00007ffad96ac000 	C:\Windows\SYSTEM32\CRYPTBASE.dll
0x00007ffad9180000 - 0x00007ffad91bb000 	C:\Windows\SYSTEM32\IPHLPAPI.DLL
0x00007ffadbe10000 - 0x00007ffadbe18000 	C:\Windows\System32\NSI.dll
0x00007ffacdf40000 - 0x00007ffacdf57000 	C:\Windows\SYSTEM32\dhcpcsvc6.DLL
0x00007ffad1190000 - 0x00007ffad11ad000 	C:\Windows\SYSTEM32\dhcpcsvc.DLL
0x00007ffad91c0000 - 0x00007ffad928b000 	C:\Windows\SYSTEM32\DNSAPI.dll
0x00007ffad1750000 - 0x00007ffad175b000 	C:\Windows\SYSTEM32\WINNSI.DLL

dbghelp: loaded successfully - version: 4.0.5 - missing functions: none
symbol engine: initialized successfully - sym options: 0x614 - pdb path: .;C:\Program Files\Android\Android Studio1\jre\bin;C:\Windows\SYSTEM32;C:\Windows\WinSxS\amd64_microsoft.windows.common-controls_6595b64144ccf1df_6.0.19041.1110_none_60b5254171f9507e;C:\Program Files\Android\Android Studio1\jre\bin\server;C:\Users\VuThiLanh\.gradle\native\fdc75f09e3144964f2cf3f50f0aa648679c211496f362492102eb8c894070792\windows-amd64;C:\Users\VuThiLanh\.gradle\native\12488b8bf47d2d4c9fbf2f6322a914ad602e24e48041cd04a747c6da556b65c4\windows-amd64

VM Arguments:
jvm_args: --add-opens=java.base/java.util=ALL-UNNAMED --add-opens=java.base/java.lang=ALL-UNNAMED --add-opens=java.base/java.lang.invoke=ALL-UNNAMED --add-opens=java.prefs/java.util.prefs=ALL-UNNAMED -Xmx2048m -Dfile.encoding=UTF-8 -Duser.country=US -Duser.language=en -Duser.variant 
java_command: org.gradle.launcher.daemon.bootstrap.GradleDaemon 6.7.1
java_class_path (initial): C:\Users\VuThiLanh\.gradle\wrapper\dists\gradle-6.7.1-bin\bwlcbys1h7rz3272sye1xwiv6\gradle-6.7.1\lib\gradle-launcher-6.7.1.jar
Launcher Type: SUN_STANDARD

[Global flags]
     intx CICompilerCount                          = 3                                         {product} {ergonomic}
     uint ConcGCThreads                            = 1                                         {product} {ergonomic}
     uint G1ConcRefinementThreads                  = 4                                         {product} {ergonomic}
   size_t G1HeapRegionSize                         = 1048576                                   {product} {ergonomic}
    uintx GCDrainStackTargetSize                   = 64                                        {product} {ergonomic}
   size_t InitialHeapSize                          = 65011712                                  {product} {ergonomic}
   size_t MarkStackSize                            = 4194304                                   {product} {ergonomic}
   size_t MaxHeapSize                              = 2147483648                                {product} {command line}
   size_t MaxNewSize                               = 1287651328                                {product} {ergonomic}
   size_t MinHeapDeltaBytes                        = 1048576                                   {product} {ergonomic}
    uintx NonNMethodCodeHeapSize                   = 5830732                                {pd product} {ergonomic}
    uintx NonProfiledCodeHeapSize                  = 122913754                              {pd product} {ergonomic}
    uintx ProfiledCodeHeapSize                     = 122913754                              {pd product} {ergonomic}
    uintx ReservedCodeCacheSize                    = 251658240                              {pd product} {ergonomic}
     bool SegmentedCodeCache                       = true                                      {product} {ergonomic}
     bool UseCompressedClassPointers               = true                                 {lp64_product} {ergonomic}
     bool UseCompressedOops                        = true                                 {lp64_product} {ergonomic}
     bool UseG1GC                                  = true                                      {product} {ergonomic}
     bool UseLargePagesIndividualAllocation        = false                                  {pd product} {ergonomic}

Logging:
Log output configuration:
 #0: stdout all=warning uptime,level,tags
 #1: stderr all=off uptime,level,tags

Environment Variables:
PATH=C:\Program Files\Common Files\Oracle\Java\javapath;C:\Windows\system32;C:\Windows;C:\Windows\System32\Wbem;C:\Windows\System32\WindowsPowerShell\v1.0\;C:\Windows\System32\OpenSSH\;C:\Program Files\Microsoft SQL Server\Client SDK\ODBC\170\Tools\Binn\;C:\Program Files (x86)\Microsoft SQL Server\150\Tools\Binn\;C:\Program Files\Microsoft SQL Server\150\Tools\Binn\;C:\Program Files\Microsoft SQL Server\150\DTS\Binn\;C:\Program Files (x86)\Microsoft SQL Server\150\DTS\Binn\;C:\Program Files\Azure Data Studio\bin;C:\Program Files\Microsoft SQL Server\130\Tools\Binn\;C:\Program Files\Git\cmd;C:\Program Files (x86)\Rational\common;C:\Program Files\dotnet\;C:\Users\VuThiLanh\AppData\Local\Microsoft\WindowsApps;C:\Program Files\Azure Data Studio\bin;C:\Users\VuThiLanh\.dotnet\tools;C:\Users\VuThiLanh\AppData\Local\GitHubDesktop\bin
USERNAME=VuThiLanh
OS=Windows_NT
PROCESSOR_IDENTIFIER=Intel64 Family 6 Model 142 Stepping 9, GenuineIntel



---------------  S Y S T E M  ---------------

OS: Windows 10 , 64 bit Build 19041 (10.0.19041.1348)
OS uptime: 2 days 11:26 hours

CPU:total 4 (initial active 4) (2 cores per cpu, 2 threads per core) family 6 model 142 stepping 9, cmov, cx8, fxsr, mmx, sse, sse2, sse3, ssse3, sse4.1, sse4.2, popcnt, avx, avx2, aes, clmul, erms, 3dnowpref, lzcnt, ht, tsc, tscinvbit, bmi1, bmi2, adx, fma

Memory: 4k page, system-wide physical 3961M (210M free)
TotalPageFile size 12057M (AvailPageFile size 38M)
current process WorkingSet (physical memory assigned to process): 164M, peak: 342M
current process commit charge ("private bytes"): 465M, peak: 466M

vm_info: OpenJDK 64-Bit Server VM (11.0.8+10-b944.6842174) for windows-amd64 JRE (11.0.8+10-b944.6842174), built on Sep 19 2020 01:11:42 by "builder" with MS VC++ 14.0 (VS2015)

END.
