#
# There is insufficient memory for the Java Runtime Environment to continue.
# Native memory allocation (mmap) failed to map 219152384 bytes for Failed to commit area from 0x000000008d200000 to 0x000000009a300000 of length 219152384.
# Possible reasons:
#   The system is out of physical RAM or swap space
#   The process is running with CompressedOops enabled, and the Java Heap may be blocking the growth of the native heap
# Possible solutions:
#   Reduce memory load on the system
#   Increase physical memory or swap space
#   Check if swap backing store is full
#   Decrease Java heap size (-Xmx/-Xms)
#   Decrease number of Java threads
#   Decrease Java thread stack sizes (-Xss)
#   Set larger code cache with -XX:ReservedCodeCacheSize=
#   JVM is running with Unscaled Compressed Oops mode in which the Java heap is
#     placed in the first 4GB address space. The Java Heap base address is the
#     maximum limit for the native heap growth. Please use -XX:HeapBaseMinAddress
#     to set the Java Heap base and to place the Java Heap above 4GB virtual address.
# This output file may be truncated or incomplete.
#
#  Out of Memory Error (./src/hotspot/os/windows/os_windows.cpp:3303), pid=4192, tid=3692
#
# JRE version: OpenJDK Runtime Environment (11.0.8+10) (build 11.0.8+10-b944.6842174)
# Java VM: OpenJDK 64-Bit Server VM (11.0.8+10-b944.6842174, mixed mode, tiered, compressed oops, g1 gc, windows-amd64)
# No core dump will be written. Minidumps are not enabled by default on client versions of Windows
#

---------------  S U M M A R Y ------------

Command Line: --add-opens=java.base/java.util=ALL-UNNAMED --add-opens=java.base/java.lang=ALL-UNNAMED --add-opens=java.base/java.lang.invoke=ALL-UNNAMED --add-opens=java.prefs/java.util.prefs=ALL-UNNAMED -Xmx2048m -Dfile.encoding=UTF-8 -Duser.country=US -Duser.language=en -Duser.variant org.gradle.launcher.daemon.bootstrap.GradleDaemon 6.7.1

Host: Intel(R) Core(TM) i3-7020U CPU @ 2.30GHz, 4 cores, 3G,  Windows 10 , 64 bit Build 19041 (10.0.19041.1348)
Time: Tue Nov 23 21:19:17 2021 SE Asia Standard Time elapsed time: 85 seconds (0d 0h 1m 25s)

---------------  T H R E A D  ---------------

Current thread (0x000001b024f5f000):  VMThread "VM Thread" [stack: 0x0000008e73000000,0x0000008e73100000] [id=3692]

Stack: [0x0000008e73000000,0x0000008e73100000]
[error occurred during error reporting (printing stack bounds), id 0xc0000005, EXCEPTION_ACCESS_VIOLATION (0xc0000005) at pc=0x000001b00e720dad]

Native frames: (J=compiled Java code, j=interpreted, Vv=VM code, C=native code)
V  [jvm.dll+0x5de50a]
V  [jvm.dll+0x7122f5]
V  [jvm.dll+0x71384d]
V  [jvm.dll+0x713e65]
V  [jvm.dll+0x713e1b]
V  [jvm.dll+0x5dd958]
V  [jvm.dll+0x5de0f8]
C  [ntdll.dll+0xa20cf]
C  [ntdll.dll+0x51454]
C  [ntdll.dll+0xa0bfe]
C  0x000001b00e720dad

VM_Operation (0x0000008e7c7fded0): G1CollectForAllocation, mode: safepoint, requested by thread 0x000001b02db07800


---------------  P R O C E S S  ---------------

Threads class SMR info:
_java_thread_list=0x000001b02a82eb90, length=148, elements={
0x000001b00ad9a000, 0x000001b024f68000, 0x000001b024f69000, 0x000001b024fbf800,
0x000001b024fc0000, 0x000001b024fc3000, 0x000001b024fc6000, 0x000001b024fcf800,
0x000001b025a3a800, 0x000001b025a65800, 0x000001b0275e3000, 0x000001b0276b4000,
0x000001b0272e6000, 0x000001b0272e5000, 0x000001b025a4b800, 0x000001b025cf7000,
0x000001b025a4c000, 0x000001b0264d8000, 0x000001b025a63800, 0x000001b025a64000,
0x000001b02630c000, 0x000001b02630c800, 0x000001b02630a000, 0x000001b02630b000,
0x000001b027826000, 0x000001b027825000, 0x000001b027827000, 0x000001b027821000,
0x000001b027823000, 0x000001b027827800, 0x000001b027828800, 0x000001b027823800,
0x000001b027829800, 0x000001b02782a000, 0x000001b027824800, 0x000001b02782f000,
0x000001b027830000, 0x000001b02782d800, 0x000001b02782b000, 0x000001b02782c000,
0x000001b02782c800, 0x000001b02782e000, 0x000001b027d20000, 0x000001b027d1d800,
0x000001b027d1c000, 0x000001b027d1a800, 0x000001b027d21000, 0x000001b027d1e800,
0x000001b027d1f800, 0x000001b027d1d000, 0x000001b027d1b800, 0x000001b027d26800,
0x000001b027d26000, 0x000001b027d27800, 0x000001b027d22000, 0x000001b027d28800,
0x000001b027d24800, 0x000001b027d22800, 0x000001b027d29000, 0x000001b027d25000,
0x000001b027d23800, 0x000001b0281ee000, 0x000001b0281e9800, 0x000001b0281eb800,
0x000001b0281e8000, 0x000001b0281ee800, 0x000001b0281e9000, 0x000001b0281ef800,
0x000001b0281f0800, 0x000001b0281ea800, 0x000001b0281f1000, 0x000001b0281f2000,
0x000001b0281ec000, 0x000001b0281f2800, 0x000001b0281ed000, 0x000001b0281f3800,
0x000001b0281f4800, 0x000001b0281f6000, 0x000001b0281f5000, 0x000001b0281f7000,
0x000001b029ef4800, 0x000001b029ef1800, 0x000001b029ef2000, 0x000001b029ef8000,
0x000001b029ef3000, 0x000001b029ef9800, 0x000001b029ef3800, 0x000001b029ef7000,
0x000001b029ef8800, 0x000001b029efa800, 0x000001b029efb000, 0x000001b029ef6000,
0x000001b029ef5800, 0x000001b029efe800, 0x000001b029efc000, 0x000001b029efc800,
0x000001b029efd800, 0x000001b029eff000, 0x000001b029f00000, 0x000001b029d1d000,
0x000001b029d22800, 0x000001b029d20800, 0x000001b029d22000, 0x000001b029d21000,
0x000001b029d23800, 0x000001b029d1e000, 0x000001b029d24800, 0x000001b029d1e800,
0x000001b029d25000, 0x000001b029d1f800, 0x000001b029d2b800, 0x000001b029d2a000,
0x000001b029d27800, 0x000001b029d29800, 0x000001b029d26000, 0x000001b029d2b000,
0x000001b029d27000, 0x000001b029d28800, 0x000001b029ca1800, 0x000001b029ca6000,
0x000001b029ca7000, 0x000001b029ca8000, 0x000001b029ca2000, 0x000001b029ca8800,
0x000001b029ca3000, 0x000001b029ca3800, 0x000001b029ca9800, 0x000001b029caa800,
0x000001b029ca4800, 0x000001b029cab000, 0x000001b029ca5800, 0x000001b029cac000,
0x000001b029cb0000, 0x000001b029cac800, 0x000001b029cad800, 0x000001b029cae800,
0x000001b029caf000, 0x000001b02daff800, 0x000001b02db02000, 0x000001b02dafe000,
0x000001b02dafe800, 0x000001b02db01000, 0x000001b02db00800, 0x000001b02dafd000,
0x000001b02db04800, 0x000001b02db06000, 0x000001b02db07800, 0x000001b02db03800
}

Java Threads: ( => current thread )
  0x000001b00ad9a000 JavaThread "main" [_thread_blocked, id=1016, stack(0x0000008e72a00000,0x0000008e72b00000)]
  0x000001b024f68000 JavaThread "Reference Handler" daemon [_thread_blocked, id=8456, stack(0x0000008e73100000,0x0000008e73200000)]
  0x000001b024f69000 JavaThread "Finalizer" daemon [_thread_blocked, id=6660, stack(0x0000008e73200000,0x0000008e73300000)]
  0x000001b024fbf800 JavaThread "Signal Dispatcher" daemon [_thread_blocked, id=6136, stack(0x0000008e73300000,0x0000008e73400000)]
  0x000001b024fc0000 JavaThread "Attach Listener" daemon [_thread_blocked, id=14524, stack(0x0000008e73400000,0x0000008e73500000)]
  0x000001b024fc3000 JavaThread "C2 CompilerThread0" daemon [_thread_blocked, id=8548, stack(0x0000008e73500000,0x0000008e73600000)]
  0x000001b024fc6000 JavaThread "C1 CompilerThread0" daemon [_thread_blocked, id=1100, stack(0x0000008e73600000,0x0000008e73700000)]
  0x000001b024fcf800 JavaThread "Sweeper thread" daemon [_thread_blocked, id=13264, stack(0x0000008e73700000,0x0000008e73800000)]
  0x000001b025a3a800 JavaThread "Common-Cleaner" daemon [_thread_blocked, id=9084, stack(0x0000008e73800000,0x0000008e73900000)]
  0x000001b025a65800 JavaThread "Service Thread" daemon [_thread_blocked, id=13116, stack(0x0000008e73900000,0x0000008e73a00000)]
  0x000001b0275e3000 JavaThread "Daemon health stats" [_thread_blocked, id=8032, stack(0x0000008e73c00000,0x0000008e73d00000)]
  0x000001b0276b4000 JavaThread "Incoming local TCP Connector on port 64245" [_thread_in_native, id=12748, stack(0x0000008e73f00000,0x0000008e74000000)]
  0x000001b0272e6000 JavaThread "Daemon periodic checks" [_thread_blocked, id=12336, stack(0x0000008e74000000,0x0000008e74100000)]
  0x000001b0272e5000 JavaThread "Daemon" [_thread_blocked, id=8312, stack(0x0000008e74100000,0x0000008e74200000)]
  0x000001b025a4b800 JavaThread "Handler for socket connection from /127.0.0.1:64245 to /127.0.0.1:64256" [_thread_in_native, id=3076, stack(0x0000008e74200000,0x0000008e74300000)]
  0x000001b025cf7000 JavaThread "Cancel handler" [_thread_blocked, id=4432, stack(0x0000008e74300000,0x0000008e74400000)]
  0x000001b025a4c000 JavaThread "Daemon worker" [_thread_blocked, id=10816, stack(0x0000008e74400000,0x0000008e74500000)]
  0x000001b0264d8000 JavaThread "Asynchronous log dispatcher for DefaultDaemonConnection: socket connection from /127.0.0.1:64245 to /127.0.0.1:64256" [_thread_blocked, id=14664, stack(0x0000008e74500000,0x0000008e74600000)]
  0x000001b025a63800 JavaThread "Stdin handler" [_thread_blocked, id=3524, stack(0x0000008e74600000,0x0000008e74700000)]
  0x000001b025a64000 JavaThread "Thread-8" [_thread_blocked, id=5840, stack(0x0000008e74700000,0x0000008e74800000)]
  0x000001b02630c000 JavaThread "Cache worker for file hash cache (C:\Users\VuThiLanh\.gradle\caches\6.7.1\fileHashes)" [_thread_blocked, id=6396, stack(0x0000008e74a00000,0x0000008e74b00000)]
  0x000001b02630c800 JavaThread "File lock request listener" [_thread_in_native, id=9532, stack(0x0000008e74b00000,0x0000008e74c00000)]
  0x000001b02630a000 JavaThread "Cache worker for journal cache (C:\Users\VuThiLanh\.gradle\caches\journal-1)" [_thread_blocked, id=756, stack(0x0000008e74c00000,0x0000008e74d00000)]
  0x000001b02630b000 JavaThread "Cache worker for file hash cache (E:\K7_MaNguonMo\1_BaiTapLon\Nhom14_AppBanSachTrenNenTangAndroid\.gradle\6.7.1\fileHashes)" [_thread_blocked, id=12952, stack(0x0000008e74d00000,0x0000008e74e00000)]
  0x000001b027826000 JavaThread "Cache worker for checksums cache (E:\K7_MaNguonMo\1_BaiTapLon\Nhom14_AppBanSachTrenNenTangAndroid\.gradle\checksums)" [_thread_blocked, id=14584, stack(0x0000008e74e00000,0x0000008e74f00000)]
  0x000001b027825000 JavaThread "Cache worker for cache directory md-supplier (C:\Users\VuThiLanh\.gradle\caches\6.7.1\md-supplier)" [_thread_blocked, id=15316, stack(0x0000008e74f00000,0x0000008e75000000)]
  0x000001b027827000 JavaThread "Cache worker for cache directory md-rule (C:\Users\VuThiLanh\.gradle\caches\6.7.1\md-rule)" [_thread_blocked, id=7528, stack(0x0000008e75000000,0x0000008e75100000)]
  0x000001b027821000 JavaThread "Cache worker for execution history cache (C:\Users\VuThiLanh\.gradle\caches\6.7.1\executionHistory)" [_thread_blocked, id=11756, stack(0x0000008e75100000,0x0000008e75200000)]
  0x000001b027823000 JavaThread "jar transforms" [_thread_blocked, id=10900, stack(0x0000008e75200000,0x0000008e75300000)]
  0x000001b027827800 JavaThread "Cache worker for file content cache (C:\Users\VuThiLanh\.gradle\caches\6.7.1\fileContent)" [_thread_blocked, id=14320, stack(0x0000008e75300000,0x0000008e75400000)]
  0x000001b027828800 JavaThread "Cache worker for Build Output Cleanup Cache (E:\K7_MaNguonMo\1_BaiTapLon\Nhom14_AppBanSachTrenNenTangAndroid\.gradle\buildOutputCleanup)" [_thread_blocked, id=4156, stack(0x0000008e75400000,0x0000008e75500000)]
  0x000001b027823800 JavaThread "Build operations" [_thread_blocked, id=1120, stack(0x0000008e75500000,0x0000008e75600000)]
  0x000001b027829800 JavaThread "Build operations Thread 2" [_thread_blocked, id=5504, stack(0x0000008e75600000,0x0000008e75700000)]
  0x000001b02782a000 JavaThread "Build operations Thread 3" [_thread_blocked, id=14780, stack(0x0000008e75700000,0x0000008e75800000)]
  0x000001b027824800 JavaThread "Build operations Thread 4" [_thread_blocked, id=9580, stack(0x0000008e75800000,0x0000008e75900000)]
  0x000001b02782f000 JavaThread "jar transforms Thread 2" [_thread_blocked, id=9576, stack(0x0000008e75900000,0x0000008e75a00000)]
  0x000001b027830000 JavaThread "jar transforms Thread 3" [_thread_blocked, id=5860, stack(0x0000008e75a00000,0x0000008e75b00000)]
  0x000001b02782d800 JavaThread "jar transforms Thread 4" [_thread_blocked, id=13724, stack(0x0000008e75b00000,0x0000008e75c00000)]
  0x000001b02782b000 JavaThread "jar transforms Thread 5" [_thread_blocked, id=2712, stack(0x0000008e75c00000,0x0000008e75d00000)]
  0x000001b02782c000 JavaThread "jar transforms Thread 6" [_thread_blocked, id=14904, stack(0x0000008e75d00000,0x0000008e75e00000)]
  0x000001b02782c800 JavaThread "jar transforms Thread 7" [_thread_blocked, id=9884, stack(0x0000008e75e00000,0x0000008e75f00000)]
  0x000001b02782e000 JavaThread "jar transforms Thread 8" [_thread_blocked, id=14180, stack(0x0000008e75f00000,0x0000008e76000000)]
  0x000001b027d20000 JavaThread "jar transforms Thread 9" [_thread_blocked, id=11852, stack(0x0000008e76000000,0x0000008e76100000)]
  0x000001b027d1d800 JavaThread "jar transforms Thread 10" [_thread_blocked, id=8316, stack(0x0000008e76100000,0x0000008e76200000)]
  0x000001b027d1c000 JavaThread "jar transforms Thread 11" [_thread_blocked, id=13764, stack(0x0000008e76200000,0x0000008e76300000)]
  0x000001b027d1a800 JavaThread "jar transforms Thread 12" [_thread_blocked, id=13152, stack(0x0000008e76300000,0x0000008e76400000)]
  0x000001b027d21000 JavaThread "jar transforms Thread 13" [_thread_blocked, id=15116, stack(0x0000008e76400000,0x0000008e76500000)]
  0x000001b027d1e800 JavaThread "jar transforms Thread 14" [_thread_blocked, id=2560, stack(0x0000008e76500000,0x0000008e76600000)]
  0x000001b027d1f800 JavaThread "jar transforms Thread 15" [_thread_blocked, id=12884, stack(0x0000008e76600000,0x0000008e76700000)]
  0x000001b027d1d000 JavaThread "jar transforms Thread 16" [_thread_blocked, id=5720, stack(0x0000008e76700000,0x0000008e76800000)]
  0x000001b027d1b800 JavaThread "jar transforms Thread 17" [_thread_blocked, id=6468, stack(0x0000008e76800000,0x0000008e76900000)]
  0x000001b027d26800 JavaThread "jar transforms Thread 18" [_thread_blocked, id=14656, stack(0x0000008e76900000,0x0000008e76a00000)]
  0x000001b027d26000 JavaThread "jar transforms Thread 19" [_thread_blocked, id=12032, stack(0x0000008e76a00000,0x0000008e76b00000)]
  0x000001b027d27800 JavaThread "jar transforms Thread 20" [_thread_blocked, id=12736, stack(0x0000008e76b00000,0x0000008e76c00000)]
  0x000001b027d22000 JavaThread "jar transforms Thread 21" [_thread_blocked, id=13204, stack(0x0000008e76c00000,0x0000008e76d00000)]
  0x000001b027d28800 JavaThread "jar transforms Thread 22" [_thread_blocked, id=3672, stack(0x0000008e76d00000,0x0000008e76e00000)]
  0x000001b027d24800 JavaThread "jar transforms Thread 23" [_thread_blocked, id=3160, stack(0x0000008e76e00000,0x0000008e76f00000)]
  0x000001b027d22800 JavaThread "jar transforms Thread 24" [_thread_blocked, id=4132, stack(0x0000008e76f00000,0x0000008e77000000)]
  0x000001b027d29000 JavaThread "jar transforms Thread 25" [_thread_blocked, id=14064, stack(0x0000008e77000000,0x0000008e77100000)]
  0x000001b027d25000 JavaThread "jar transforms Thread 26" [_thread_blocked, id=11448, stack(0x0000008e77100000,0x0000008e77200000)]
  0x000001b027d23800 JavaThread "jar transforms Thread 27" [_thread_blocked, id=15308, stack(0x0000008e77200000,0x0000008e77300000)]
  0x000001b0281ee000 JavaThread "jar transforms Thread 28" [_thread_blocked, id=11076, stack(0x0000008e77300000,0x0000008e77400000)]
  0x000001b0281e9800 JavaThread "jar transforms Thread 29" [_thread_blocked, id=7368, stack(0x0000008e77400000,0x0000008e77500000)]
  0x000001b0281eb800 JavaThread "jar transforms Thread 30" [_thread_blocked, id=2976, stack(0x0000008e77500000,0x0000008e77600000)]
  0x000001b0281e8000 JavaThread "jar transforms Thread 31" [_thread_blocked, id=1868, stack(0x0000008e77600000,0x0000008e77700000)]
  0x000001b0281ee800 JavaThread "jar transforms Thread 32" [_thread_blocked, id=8556, stack(0x0000008e77700000,0x0000008e77800000)]
  0x000001b0281e9000 JavaThread "jar transforms Thread 33" [_thread_blocked, id=11740, stack(0x0000008e77800000,0x0000008e77900000)]
  0x000001b0281ef800 JavaThread "jar transforms Thread 34" [_thread_blocked, id=8644, stack(0x0000008e77900000,0x0000008e77a00000)]
  0x000001b0281f0800 JavaThread "jar transforms Thread 35" [_thread_blocked, id=10500, stack(0x0000008e77a00000,0x0000008e77b00000)]
  0x000001b0281ea800 JavaThread "jar transforms Thread 36" [_thread_blocked, id=11484, stack(0x0000008e77b00000,0x0000008e77c00000)]
  0x000001b0281f1000 JavaThread "jar transforms Thread 37" [_thread_blocked, id=6664, stack(0x0000008e77c00000,0x0000008e77d00000)]
  0x000001b0281f2000 JavaThread "jar transforms Thread 38" [_thread_blocked, id=12652, stack(0x0000008e77d00000,0x0000008e77e00000)]
  0x000001b0281ec000 JavaThread "jar transforms Thread 39" [_thread_blocked, id=1128, stack(0x0000008e77e00000,0x0000008e77f00000)]
  0x000001b0281f2800 JavaThread "jar transforms Thread 40" [_thread_blocked, id=13808, stack(0x0000008e77f00000,0x0000008e78000000)]
  0x000001b0281ed000 JavaThread "jar transforms Thread 41" [_thread_blocked, id=13044, stack(0x0000008e78000000,0x0000008e78100000)]
  0x000001b0281f3800 JavaThread "jar transforms Thread 42" [_thread_blocked, id=8496, stack(0x0000008e78100000,0x0000008e78200000)]
  0x000001b0281f4800 JavaThread "jar transforms Thread 43" [_thread_blocked, id=13852, stack(0x0000008e78200000,0x0000008e78300000)]
  0x000001b0281f6000 JavaThread "jar transforms Thread 44" [_thread_blocked, id=3280, stack(0x0000008e78300000,0x0000008e78400000)]
  0x000001b0281f5000 JavaThread "jar transforms Thread 45" [_thread_blocked, id=14632, stack(0x0000008e78400000,0x0000008e78500000)]
  0x000001b0281f7000 JavaThread "jar transforms Thread 46" [_thread_blocked, id=14440, stack(0x0000008e78500000,0x0000008e78600000)]
  0x000001b029ef4800 JavaThread "jar transforms Thread 47" [_thread_blocked, id=14592, stack(0x0000008e78600000,0x0000008e78700000)]
  0x000001b029ef1800 JavaThread "jar transforms Thread 48" [_thread_blocked, id=14172, stack(0x0000008e78700000,0x0000008e78800000)]
  0x000001b029ef2000 JavaThread "jar transforms Thread 49" [_thread_blocked, id=3464, stack(0x0000008e78800000,0x0000008e78900000)]
  0x000001b029ef8000 JavaThread "jar transforms Thread 50" [_thread_blocked, id=10988, stack(0x0000008e78900000,0x0000008e78a00000)]
  0x000001b029ef3000 JavaThread "jar transforms Thread 51" [_thread_blocked, id=15232, stack(0x0000008e78a00000,0x0000008e78b00000)]
  0x000001b029ef9800 JavaThread "jar transforms Thread 52" [_thread_blocked, id=15064, stack(0x0000008e78b00000,0x0000008e78c00000)]
  0x000001b029ef3800 JavaThread "jar transforms Thread 53" [_thread_blocked, id=13128, stack(0x0000008e78c00000,0x0000008e78d00000)]
  0x000001b029ef7000 JavaThread "jar transforms Thread 54" [_thread_blocked, id=11492, stack(0x0000008e78d00000,0x0000008e78e00000)]
  0x000001b029ef8800 JavaThread "jar transforms Thread 55" [_thread_blocked, id=11860, stack(0x0000008e78e00000,0x0000008e78f00000)]
  0x000001b029efa800 JavaThread "jar transforms Thread 56" [_thread_blocked, id=3900, stack(0x0000008e78f00000,0x0000008e79000000)]
  0x000001b029efb000 JavaThread "jar transforms Thread 57" [_thread_blocked, id=3204, stack(0x0000008e79000000,0x0000008e79100000)]
  0x000001b029ef6000 JavaThread "jar transforms Thread 58" [_thread_blocked, id=6028, stack(0x0000008e79100000,0x0000008e79200000)]
  0x000001b029ef5800 JavaThread "jar transforms Thread 59" [_thread_blocked, id=14004, stack(0x0000008e79200000,0x0000008e79300000)]
  0x000001b029efe800 JavaThread "jar transforms Thread 60" [_thread_blocked, id=2012, stack(0x0000008e79300000,0x0000008e79400000)]
  0x000001b029efc000 JavaThread "jar transforms Thread 61" [_thread_blocked, id=6036, stack(0x0000008e79400000,0x0000008e79500000)]
  0x000001b029efc800 JavaThread "jar transforms Thread 62" [_thread_blocked, id=3232, stack(0x0000008e79500000,0x0000008e79600000)]
  0x000001b029efd800 JavaThread "jar transforms Thread 63" [_thread_blocked, id=8588, stack(0x0000008e79600000,0x0000008e79700000)]
  0x000001b029eff000 JavaThread "jar transforms Thread 64" [_thread_blocked, id=11420, stack(0x0000008e79700000,0x0000008e79800000)]
  0x000001b029f00000 JavaThread "jar transforms Thread 65" [_thread_blocked, id=10948, stack(0x0000008e79800000,0x0000008e79900000)]
  0x000001b029d1d000 JavaThread "jar transforms Thread 66" [_thread_blocked, id=5992, stack(0x0000008e79900000,0x0000008e79a00000)]
  0x000001b029d22800 JavaThread "jar transforms Thread 67" [_thread_blocked, id=8300, stack(0x0000008e79a00000,0x0000008e79b00000)]
  0x000001b029d20800 JavaThread "jar transforms Thread 68" [_thread_blocked, id=8096, stack(0x0000008e79b00000,0x0000008e79c00000)]
  0x000001b029d22000 JavaThread "jar transforms Thread 69" [_thread_blocked, id=14872, stack(0x0000008e79c00000,0x0000008e79d00000)]
  0x000001b029d21000 JavaThread "jar transforms Thread 70" [_thread_blocked, id=9620, stack(0x0000008e79d00000,0x0000008e79e00000)]
  0x000001b029d23800 JavaThread "jar transforms Thread 71" [_thread_blocked, id=3712, stack(0x0000008e79e00000,0x0000008e79f00000)]
  0x000001b029d1e000 JavaThread "jar transforms Thread 72" [_thread_blocked, id=1332, stack(0x0000008e79f00000,0x0000008e7a000000)]
  0x000001b029d24800 JavaThread "jar transforms Thread 73" [_thread_blocked, id=8288, stack(0x0000008e7a000000,0x0000008e7a100000)]
  0x000001b029d1e800 JavaThread "jar transforms Thread 74" [_thread_blocked, id=7624, stack(0x0000008e7a100000,0x0000008e7a200000)]
  0x000001b029d25000 JavaThread "jar transforms Thread 75" [_thread_blocked, id=14188, stack(0x0000008e7a200000,0x0000008e7a300000)]
  0x000001b029d1f800 JavaThread "jar transforms Thread 76" [_thread_blocked, id=9088, stack(0x0000008e7a300000,0x0000008e7a400000)]
  0x000001b029d2b800 JavaThread "jar transforms Thread 77" [_thread_blocked, id=13684, stack(0x0000008e7a400000,0x0000008e7a500000)]
  0x000001b029d2a000 JavaThread "jar transforms Thread 78" [_thread_blocked, id=8336, stack(0x0000008e7a500000,0x0000008e7a600000)]
  0x000001b029d27800 JavaThread "jar transforms Thread 79" [_thread_blocked, id=5912, stack(0x0000008e7a600000,0x0000008e7a700000)]
  0x000001b029d29800 JavaThread "jar transforms Thread 80" [_thread_blocked, id=10616, stack(0x0000008e7a700000,0x0000008e7a800000)]
  0x000001b029d26000 JavaThread "jar transforms Thread 81" [_thread_blocked, id=2136, stack(0x0000008e7a800000,0x0000008e7a900000)]
  0x000001b029d2b000 JavaThread "jar transforms Thread 82" [_thread_blocked, id=11180, stack(0x0000008e7a900000,0x0000008e7aa00000)]
  0x000001b029d27000 JavaThread "jar transforms Thread 83" [_thread_blocked, id=7760, stack(0x0000008e7aa00000,0x0000008e7ab00000)]
  0x000001b029d28800 JavaThread "jar transforms Thread 84" [_thread_blocked, id=2676, stack(0x0000008e7ab00000,0x0000008e7ac00000)]
  0x000001b029ca1800 JavaThread "jar transforms Thread 85" [_thread_blocked, id=8128, stack(0x0000008e7ac00000,0x0000008e7ad00000)]
  0x000001b029ca6000 JavaThread "jar transforms Thread 86" [_thread_blocked, id=13256, stack(0x0000008e7ad00000,0x0000008e7ae00000)]
  0x000001b029ca7000 JavaThread "jar transforms Thread 87" [_thread_blocked, id=14976, stack(0x0000008e7ae00000,0x0000008e7af00000)]
  0x000001b029ca8000 JavaThread "jar transforms Thread 88" [_thread_blocked, id=8416, stack(0x0000008e7af00000,0x0000008e7b000000)]
  0x000001b029ca2000 JavaThread "jar transforms Thread 89" [_thread_blocked, id=5696, stack(0x0000008e7b000000,0x0000008e7b100000)]
  0x000001b029ca8800 JavaThread "jar transforms Thread 90" [_thread_blocked, id=8224, stack(0x0000008e7b100000,0x0000008e7b200000)]
  0x000001b029ca3000 JavaThread "jar transforms Thread 91" [_thread_blocked, id=12516, stack(0x0000008e7b200000,0x0000008e7b300000)]
  0x000001b029ca3800 JavaThread "jar transforms Thread 92" [_thread_blocked, id=14232, stack(0x0000008e7b300000,0x0000008e7b400000)]
  0x000001b029ca9800 JavaThread "jar transforms Thread 93" [_thread_blocked, id=10928, stack(0x0000008e7b400000,0x0000008e7b500000)]
  0x000001b029caa800 JavaThread "jar transforms Thread 94" [_thread_blocked, id=13612, stack(0x0000008e7b500000,0x0000008e7b600000)]
  0x000001b029ca4800 JavaThread "jar transforms Thread 95" [_thread_blocked, id=6800, stack(0x0000008e7b600000,0x0000008e7b700000)]
  0x000001b029cab000 JavaThread "jar transforms Thread 96" [_thread_blocked, id=13280, stack(0x0000008e7b700000,0x0000008e7b800000)]
  0x000001b029ca5800 JavaThread "jar transforms Thread 97" [_thread_blocked, id=7296, stack(0x0000008e7b800000,0x0000008e7b900000)]
  0x000001b029cac000 JavaThread "jar transforms Thread 98" [_thread_blocked, id=11568, stack(0x0000008e7b900000,0x0000008e7ba00000)]
  0x000001b029cb0000 JavaThread "jar transforms Thread 99" [_thread_blocked, id=7740, stack(0x0000008e7ba00000,0x0000008e7bb00000)]
  0x000001b029cac800 JavaThread "Memory manager" [_thread_blocked, id=12564, stack(0x0000008e7bb00000,0x0000008e7bc00000)]
  0x000001b029cad800 JavaThread "build event listener" [_thread_blocked, id=2248, stack(0x0000008e7bc00000,0x0000008e7bd00000)]
  0x000001b029cae800 JavaThread "build event listener" [_thread_blocked, id=5284, stack(0x0000008e7bd00000,0x0000008e7be00000)]
  0x000001b029caf000 JavaThread "Execution worker for ':'" [_thread_blocked, id=9856, stack(0x0000008e7be00000,0x0000008e7bf00000)]
  0x000001b02daff800 JavaThread "Execution worker for ':' Thread 2" [_thread_blocked, id=4308, stack(0x0000008e7bf00000,0x0000008e7c000000)]
  0x000001b02db02000 JavaThread "Execution worker for ':' Thread 3" [_thread_blocked, id=13896, stack(0x0000008e7c000000,0x0000008e7c100000)]
  0x000001b02dafe000 JavaThread "Cache worker for execution history cache (E:\K7_MaNguonMo\1_BaiTapLon\Nhom14_AppBanSachTrenNenTangAndroid\.gradle\6.7.1\executionHistory)" [_thread_blocked, id=8840, stack(0x0000008e7c100000,0x0000008e7c200000)]
  0x000001b02dafe800 JavaThread "WorkerExecutor Queue" [_thread_blocked, id=6868, stack(0x0000008e72800000,0x0000008e72900000)]
  0x000001b02db01000 JavaThread "WorkerExecutor Queue Thread 3" [_thread_blocked, id=2096, stack(0x0000008e7c200000,0x0000008e7c300000)]
  0x000001b02db00800 JavaThread "WorkerExecutor Queue Thread 4" [_thread_blocked, id=9064, stack(0x0000008e7c300000,0x0000008e7c400000)]
  0x000001b02dafd000 JavaThread "WorkerExecutor Queue Thread 6" [_thread_blocked, id=3080, stack(0x0000008e7c400000,0x0000008e7c500000)]
  0x000001b02db04800 JavaThread "ForkJoinPool-1-worker-3" daemon [_thread_blocked, id=9364, stack(0x0000008e7c500000,0x0000008e7c600000)]
  0x000001b02db06000 JavaThread "ForkJoinPool-1-worker-5" daemon [_thread_blocked, id=11132, stack(0x0000008e7c600000,0x0000008e7c700000)]
  0x000001b02db07800 JavaThread "ForkJoinPool-1-worker-7" daemon [_thread_blocked, id=468, stack(0x0000008e7c700000,0x0000008e7c800000)]
  0x000001b02db03800 JavaThread "ForkJoinPool-1-worker-1" daemon [_thread_blocked, id=11260, stack(0x0000008e7c800000,0x0000008e7c900000)]

Other Threads:
=>0x000001b024f5f000 VMThread "VM Thread" [stack: 0x0000008e73000000,0x0000008e73100000] [id=3692]
  0x000001b025a66800 WatcherThread [stack: 0x0000008e73a00000,0x0000008e73b00000] [id=8900]
  0x000001b00adb3000 GCTaskThread "GC Thread#0" [stack: 0x0000008e72b00000,0x0000008e72c00000] [id=9624]
  0x000001b026238000 GCTaskThread "GC Thread#1" [stack: 0x0000008e73b00000,0x0000008e73c00000] [id=6976]
  0x000001b027498000 GCTaskThread "GC Thread#2" [stack: 0x0000008e74800000,0x0000008e74900000] [id=12128]
  0x000001b025b01800 GCTaskThread "GC Thread#3" [stack: 0x0000008e74900000,0x0000008e74a00000] [id=392]
  0x000001b00ade3000 ConcurrentGCThread "G1 Main Marker" [stack: 0x0000008e72c00000,0x0000008e72d00000] [id=2772]
  0x000001b00ade6000 ConcurrentGCThread "G1 Conc#0" [stack: 0x0000008e72d00000,0x0000008e72e00000] [id=15164]
  0x000001b00ae3d800 ConcurrentGCThread "G1 Refine#0" [stack: 0x0000008e72e00000,0x0000008e72f00000] [id=10832]
  0x000001b02ca94800 ConcurrentGCThread "G1 Refine#1" [stack: 0x0000008e7c900000,0x0000008e7ca00000] [id=12292]
  0x000001b02ca8f800 ConcurrentGCThread "G1 Refine#2" [stack: 0x0000008e7ca00000,0x0000008e7cb00000] [id=11728]
  0x000001b00ae3e800 ConcurrentGCThread "G1 Young RemSet Sampling" [stack: 0x0000008e72f00000,0x0000008e73000000] [id=2028]

Threads with active compile tasks:
C2 CompilerThread0  85411 12366       4       com.android.tools.r8.code.x1::a (4137 bytes)

VM state:at safepoint (normal execution)

VM Mutex/Monitor currently owned by a thread:  ([mutex/lock_event])
[0x000001b00ad95df0] Threads_lock - owner thread: 0x000001b024f5f000
[0x000001b00ad97080] Heap_lock - owner thread: 0x000001b02db07800

Heap address: 0x0000000080000000, size: 2048 MB, Compressed Oops mode: 32-bit
Narrow klass base: 0x0000000000000000, Narrow klass shift: 3
Compressed class space size: 1073741824 Address: 0x0000000100000000

Heap:
 garbage-first heap   total 429056K, used 177664K [0x0000000080000000, 0x0000000100000000)
  region size 1024K, 2 young (2048K), 2 survivors (2048K)
 Metaspace       used 90340K, capacity 92681K, committed 93568K, reserved 1130496K
  class space    used 11716K, capacity 12600K, committed 12928K, reserved 1048576K
Heap Regions: E=young(eden), S=young(survivor), O=old, HS=humongous(starts), HC=humongous(continues), CS=collection set, F=free, A=archive, TAMS=top-at-mark-start (previous, next)
|   0|0x0000000080000000, 0x0000000080100000, 0x0000000080100000|100%| O|  |TAMS 0x0000000080100000, 0x0000000080000000| Updating 
|   1|0x0000000080100000, 0x0000000080200000, 0x0000000080200000|100%| O|  |TAMS 0x0000000080200000, 0x0000000080100000| Updating 
|   2|0x0000000080200000, 0x0000000080300000, 0x0000000080300000|100%| O|  |TAMS 0x0000000080300000, 0x0000000080200000| Updating 
|   3|0x0000000080300000, 0x0000000080400000, 0x0000000080400000|100%|HS|  |TAMS 0x0000000080400000, 0x0000000080300000| Complete 
|   4|0x0000000080400000, 0x0000000080500000, 0x0000000080500000|100%|HC|  |TAMS 0x0000000080500000, 0x0000000080400000| Complete 
|   5|0x0000000080500000, 0x0000000080600000, 0x0000000080600000|100%|HC|  |TAMS 0x0000000080600000, 0x0000000080500000| Complete 
|   6|0x0000000080600000, 0x0000000080700000, 0x0000000080700000|100%| O|  |TAMS 0x0000000080700000, 0x0000000080600000| Updating 
|   7|0x0000000080700000, 0x0000000080800000, 0x0000000080800000|100%| O|  |TAMS 0x0000000080800000, 0x0000000080700000| Updating 
|   8|0x0000000080800000, 0x0000000080900000, 0x0000000080900000|100%| O|  |TAMS 0x0000000080900000, 0x0000000080800000| Updating 
|   9|0x0000000080900000, 0x0000000080a00000, 0x0000000080a00000|100%| O|  |TAMS 0x0000000080a00000, 0x0000000080900000| Updating 
|  10|0x0000000080a00000, 0x0000000080b00000, 0x0000000080b00000|100%| O|  |TAMS 0x0000000080b00000, 0x0000000080a00000| Updating 
|  11|0x0000000080b00000, 0x0000000080c00000, 0x0000000080c00000|100%| O|  |TAMS 0x0000000080c00000, 0x0000000080b00000| Updating 
|  12|0x0000000080c00000, 0x0000000080d00000, 0x0000000080d00000|100%| O|  |TAMS 0x0000000080d00000, 0x0000000080c00000| Updating 
|  13|0x0000000080d00000, 0x0000000080e00000, 0x0000000080e00000|100%| O|  |TAMS 0x0000000080e00000, 0x0000000080d00000| Updating 
|  14|0x0000000080e00000, 0x0000000080f00000, 0x0000000080f00000|100%| O|  |TAMS 0x0000000080f00000, 0x0000000080e00000| Updating 
|  15|0x0000000080f00000, 0x0000000081000000, 0x0000000081000000|100%| O|  |TAMS 0x0000000081000000, 0x0000000080f00000| Updating 
|  16|0x0000000081000000, 0x0000000081100000, 0x0000000081100000|100%| O|  |TAMS 0x0000000081100000, 0x0000000081000000| Updating 
|  17|0x0000000081100000, 0x0000000081200000, 0x0000000081200000|100%| O|  |TAMS 0x0000000081200000, 0x0000000081100000| Updating 
|  18|0x0000000081200000, 0x0000000081300000, 0x0000000081300000|100%| O|  |TAMS 0x0000000081300000, 0x0000000081200000| Updating 
|  19|0x0000000081300000, 0x0000000081400000, 0x0000000081400000|100%| O|  |TAMS 0x0000000081400000, 0x0000000081300000| Updating 
|  20|0x0000000081400000, 0x0000000081500000, 0x0000000081500000|100%| O|  |TAMS 0x0000000081500000, 0x0000000081400000| Updating 
|  21|0x0000000081500000, 0x0000000081600000, 0x0000000081600000|100%| O|  |TAMS 0x0000000081600000, 0x0000000081500000| Updating 
|  22|0x0000000081600000, 0x0000000081700000, 0x0000000081700000|100%| O|  |TAMS 0x0000000081700000, 0x0000000081600000| Updating 
|  23|0x0000000081700000, 0x0000000081800000, 0x0000000081800000|100%| O|  |TAMS 0x0000000081800000, 0x0000000081700000| Updating 
|  24|0x0000000081800000, 0x0000000081900000, 0x0000000081900000|100%| O|  |TAMS 0x0000000081900000, 0x0000000081800000| Updating 
|  25|0x0000000081900000, 0x0000000081a00000, 0x0000000081a00000|100%|HS|  |TAMS 0x0000000081a00000, 0x0000000081900000| Complete 
|  26|0x0000000081a00000, 0x0000000081b00000, 0x0000000081b00000|100%|HS|  |TAMS 0x0000000081b00000, 0x0000000081a00000| Complete 
|  27|0x0000000081b00000, 0x0000000081c00000, 0x0000000081c00000|100%|HC|  |TAMS 0x0000000081c00000, 0x0000000081b00000| Complete 
|  28|0x0000000081c00000, 0x0000000081d00000, 0x0000000081d00000|100%| O|  |TAMS 0x0000000081d00000, 0x0000000081c00000| Updating 
|  29|0x0000000081d00000, 0x0000000081e00000, 0x0000000081e00000|100%| O|  |TAMS 0x0000000081e00000, 0x0000000081d00000| Updating 
|  30|0x0000000081e00000, 0x0000000081f00000, 0x0000000081f00000|100%| O|  |TAMS 0x0000000081f00000, 0x0000000081e00000| Updating 
|  31|0x0000000081f00000, 0x0000000082000000, 0x0000000082000000|100%| O|  |TAMS 0x0000000082000000, 0x0000000081f00000| Updating 
|  32|0x0000000082000000, 0x0000000082100000, 0x0000000082100000|100%| O|  |TAMS 0x0000000082100000, 0x0000000082000000| Updating 
|  33|0x0000000082100000, 0x0000000082200000, 0x0000000082200000|100%| O|  |TAMS 0x0000000082200000, 0x0000000082100000| Updating 
|  34|0x0000000082200000, 0x0000000082300000, 0x0000000082300000|100%| O|  |TAMS 0x0000000082300000, 0x0000000082200000| Updating 
|  35|0x0000000082300000, 0x0000000082400000, 0x0000000082400000|100%| O|  |TAMS 0x0000000082400000, 0x0000000082300000| Updating 
|  36|0x0000000082400000, 0x0000000082500000, 0x0000000082500000|100%| O|  |TAMS 0x0000000082500000, 0x0000000082400000| Updating 
|  37|0x0000000082500000, 0x0000000082600000, 0x0000000082600000|100%| O|  |TAMS 0x0000000082600000, 0x0000000082500000| Updating 
|  38|0x0000000082600000, 0x0000000082700000, 0x0000000082700000|100%| O|  |TAMS 0x0000000082700000, 0x0000000082600000| Updating 
|  39|0x0000000082700000, 0x0000000082800000, 0x0000000082800000|100%| O|  |TAMS 0x0000000082800000, 0x0000000082700000| Updating 
|  40|0x0000000082800000, 0x0000000082900000, 0x0000000082900000|100%| O|  |TAMS 0x0000000082900000, 0x0000000082800000| Updating 
|  41|0x0000000082900000, 0x0000000082a00000, 0x0000000082a00000|100%| O|  |TAMS 0x0000000082a00000, 0x0000000082900000| Updating 
|  42|0x0000000082a00000, 0x0000000082b00000, 0x0000000082b00000|100%| O|  |TAMS 0x0000000082b00000, 0x0000000082a00000| Updating 
|  43|0x0000000082b00000, 0x0000000082c00000, 0x0000000082c00000|100%| O|  |TAMS 0x0000000082c00000, 0x0000000082b00000| Updating 
|  44|0x0000000082c00000, 0x0000000082d00000, 0x0000000082d00000|100%| O|  |TAMS 0x0000000082d00000, 0x0000000082c00000| Updating 
|  45|0x0000000082d00000, 0x0000000082e00000, 0x0000000082e00000|100%| O|  |TAMS 0x0000000082e00000, 0x0000000082d00000| Updating 
|  46|0x0000000082e00000, 0x0000000082f00000, 0x0000000082f00000|100%| O|  |TAMS 0x0000000082f00000, 0x0000000082e00000| Updating 
|  47|0x0000000082f00000, 0x0000000083000000, 0x0000000083000000|100%| O|  |TAMS 0x0000000083000000, 0x0000000082f00000| Updating 
|  48|0x0000000083000000, 0x0000000083100000, 0x0000000083100000|100%| O|  |TAMS 0x0000000083100000, 0x0000000083000000| Updating 
|  49|0x0000000083100000, 0x0000000083200000, 0x0000000083200000|100%| O|  |TAMS 0x0000000083200000, 0x0000000083100000| Updating 
|  50|0x0000000083200000, 0x0000000083300000, 0x0000000083300000|100%| O|  |TAMS 0x0000000083300000, 0x0000000083200000| Updating 
|  51|0x0000000083300000, 0x0000000083400000, 0x0000000083400000|100%| O|  |TAMS 0x0000000083400000, 0x0000000083300000| Updating 
|  52|0x0000000083400000, 0x0000000083500000, 0x0000000083500000|100%| O|  |TAMS 0x0000000083500000, 0x0000000083400000| Updating 
|  53|0x0000000083500000, 0x0000000083600000, 0x0000000083600000|100%| O|  |TAMS 0x0000000083600000, 0x0000000083500000| Updating 
|  54|0x0000000083600000, 0x0000000083700000, 0x0000000083700000|100%| O|  |TAMS 0x0000000083700000, 0x0000000083600000| Updating 
|  55|0x0000000083700000, 0x0000000083800000, 0x0000000083800000|100%| O|  |TAMS 0x0000000083800000, 0x0000000083700000| Updating 
|  56|0x0000000083800000, 0x0000000083900000, 0x0000000083900000|100%| O|  |TAMS 0x0000000083900000, 0x0000000083800000| Updating 
|  57|0x0000000083900000, 0x0000000083a00000, 0x0000000083a00000|100%| O|  |TAMS 0x0000000083a00000, 0x0000000083900000| Updating 
|  58|0x0000000083a00000, 0x0000000083b00000, 0x0000000083b00000|100%| O|  |TAMS 0x0000000083b00000, 0x0000000083a00000| Updating 
|  59|0x0000000083b00000, 0x0000000083c00000, 0x0000000083c00000|100%| O|  |TAMS 0x0000000083c00000, 0x0000000083b00000| Updating 
|  60|0x0000000083c00000, 0x0000000083d00000, 0x0000000083d00000|100%| O|  |TAMS 0x0000000083d00000, 0x0000000083c00000| Updating 
|  61|0x0000000083d00000, 0x0000000083e00000, 0x0000000083e00000|100%| O|  |TAMS 0x0000000083e00000, 0x0000000083d00000| Updating 
|  62|0x0000000083e00000, 0x0000000083f00000, 0x0000000083f00000|100%| O|  |TAMS 0x0000000083f00000, 0x0000000083e00000| Updating 
|  63|0x0000000083f00000, 0x0000000084000000, 0x0000000084000000|100%| O|  |TAMS 0x0000000084000000, 0x0000000083f00000| Updating 
|  64|0x0000000084000000, 0x0000000084100000, 0x0000000084100000|100%| O|  |TAMS 0x0000000084100000, 0x0000000084000000| Updating 
|  65|0x0000000084100000, 0x0000000084200000, 0x0000000084200000|100%| O|  |TAMS 0x0000000084200000, 0x0000000084100000| Updating 
|  66|0x0000000084200000, 0x0000000084300000, 0x0000000084300000|100%| O|  |TAMS 0x0000000084300000, 0x0000000084200000| Updating 
|  67|0x0000000084300000, 0x0000000084400000, 0x0000000084400000|100%| O|  |TAMS 0x0000000084400000, 0x0000000084300000| Updating 
|  68|0x0000000084400000, 0x0000000084500000, 0x0000000084500000|100%| O|  |TAMS 0x0000000084500000, 0x0000000084400000| Updating 
|  69|0x0000000084500000, 0x0000000084600000, 0x0000000084600000|100%| O|  |TAMS 0x0000000084600000, 0x0000000084500000| Updating 
|  70|0x0000000084600000, 0x0000000084700000, 0x0000000084700000|100%| O|  |TAMS 0x0000000084700000, 0x0000000084600000| Updating 
|  71|0x0000000084700000, 0x0000000084800000, 0x0000000084800000|100%| O|  |TAMS 0x0000000084800000, 0x0000000084700000| Updating 
|  72|0x0000000084800000, 0x0000000084900000, 0x0000000084900000|100%| O|  |TAMS 0x0000000084900000, 0x0000000084800000| Updating 
|  73|0x0000000084900000, 0x0000000084a00000, 0x0000000084a00000|100%| O|  |TAMS 0x0000000084a00000, 0x0000000084900000| Updating 
|  74|0x0000000084a00000, 0x0000000084b00000, 0x0000000084b00000|100%| O|  |TAMS 0x0000000084b00000, 0x0000000084a00000| Updating 
|  75|0x0000000084b00000, 0x0000000084c00000, 0x0000000084c00000|100%| O|  |TAMS 0x0000000084c00000, 0x0000000084b00000| Updating 
|  76|0x0000000084c00000, 0x0000000084d00000, 0x0000000084d00000|100%| O|  |TAMS 0x0000000084d00000, 0x0000000084c00000| Updating 
|  77|0x0000000084d00000, 0x0000000084e00000, 0x0000000084e00000|100%| O|  |TAMS 0x0000000084e00000, 0x0000000084d00000| Updating 
|  78|0x0000000084e00000, 0x0000000084f00000, 0x0000000084f00000|100%|HS|  |TAMS 0x0000000084f00000, 0x0000000084e00000| Complete 
|  79|0x0000000084f00000, 0x0000000085000000, 0x0000000085000000|100%| O|  |TAMS 0x0000000085000000, 0x0000000084f00000| Updating 
|  80|0x0000000085000000, 0x0000000085100000, 0x0000000085100000|100%| O|  |TAMS 0x0000000085100000, 0x0000000085000000| Updating 
|  81|0x0000000085100000, 0x0000000085200000, 0x0000000085200000|100%| O|  |TAMS 0x0000000085200000, 0x0000000085100000| Updating 
|  82|0x0000000085200000, 0x0000000085300000, 0x0000000085300000|100%| O|  |TAMS 0x0000000085300000, 0x0000000085200000| Updating 
|  83|0x0000000085300000, 0x0000000085400000, 0x0000000085400000|100%| O|  |TAMS 0x0000000085400000, 0x0000000085300000| Updating 
|  84|0x0000000085400000, 0x0000000085500000, 0x0000000085500000|100%|HS|  |TAMS 0x0000000085500000, 0x0000000085400000| Complete 
|  85|0x0000000085500000, 0x0000000085600000, 0x0000000085600000|100%|HS|  |TAMS 0x0000000085600000, 0x0000000085500000| Complete 
|  86|0x0000000085600000, 0x0000000085700000, 0x0000000085700000|100%| O|  |TAMS 0x0000000085700000, 0x0000000085600000| Updating 
|  87|0x0000000085700000, 0x0000000085800000, 0x0000000085800000|100%| O|  |TAMS 0x0000000085800000, 0x0000000085700000| Updating 
|  88|0x0000000085800000, 0x0000000085900000, 0x0000000085900000|100%|HS|  |TAMS 0x0000000085900000, 0x0000000085800000| Complete 
|  89|0x0000000085900000, 0x0000000085a00000, 0x0000000085a00000|100%|HC|  |TAMS 0x0000000085a00000, 0x0000000085900000| Complete 
|  90|0x0000000085a00000, 0x0000000085b00000, 0x0000000085b00000|100%|HC|  |TAMS 0x0000000085b00000, 0x0000000085a00000| Complete 
|  91|0x0000000085b00000, 0x0000000085c00000, 0x0000000085c00000|100%|HC|  |TAMS 0x0000000085c00000, 0x0000000085b00000| Complete 
|  92|0x0000000085c00000, 0x0000000085d00000, 0x0000000085d00000|100%|HC|  |TAMS 0x0000000085d00000, 0x0000000085c00000| Complete 
|  93|0x0000000085d00000, 0x0000000085e00000, 0x0000000085e00000|100%|HC|  |TAMS 0x0000000085e00000, 0x0000000085d00000| Complete 
|  94|0x0000000085e00000, 0x0000000085f00000, 0x0000000085f00000|100%|HC|  |TAMS 0x0000000085f00000, 0x0000000085e00000| Complete 
|  95|0x0000000085f00000, 0x0000000086000000, 0x0000000086000000|100%|HC|  |TAMS 0x0000000086000000, 0x0000000085f00000| Complete 
|  96|0x0000000086000000, 0x0000000086100000, 0x0000000086100000|100%|HC|  |TAMS 0x0000000086100000, 0x0000000086000000| Complete 
|  97|0x0000000086100000, 0x0000000086200000, 0x0000000086200000|100%| O|  |TAMS 0x0000000086200000, 0x0000000086100000| Updating 
|  98|0x0000000086200000, 0x0000000086300000, 0x0000000086300000|100%| O|  |TAMS 0x0000000086300000, 0x0000000086200000| Updating 
|  99|0x0000000086300000, 0x0000000086400000, 0x0000000086400000|100%| O|  |TAMS 0x0000000086400000, 0x0000000086300000| Updating 
| 100|0x0000000086400000, 0x0000000086500000, 0x0000000086500000|100%| O|  |TAMS 0x0000000086500000, 0x0000000086400000| Updating 
| 101|0x0000000086500000, 0x0000000086600000, 0x0000000086600000|100%| O|  |TAMS 0x0000000086600000, 0x0000000086500000| Updating 
| 102|0x0000000086600000, 0x0000000086700000, 0x0000000086700000|100%| O|  |TAMS 0x0000000086700000, 0x0000000086600000| Updating 
| 103|0x0000000086700000, 0x0000000086800000, 0x0000000086800000|100%| O|  |TAMS 0x0000000086800000, 0x0000000086700000| Updating 
| 104|0x0000000086800000, 0x0000000086900000, 0x0000000086900000|100%| O|  |TAMS 0x0000000086900000, 0x0000000086800000| Updating 
| 105|0x0000000086900000, 0x0000000086a00000, 0x0000000086a00000|100%| O|  |TAMS 0x0000000086a00000, 0x0000000086900000| Updating 
| 106|0x0000000086a00000, 0x0000000086b00000, 0x0000000086b00000|100%|HS|  |TAMS 0x0000000086b00000, 0x0000000086a00000| Complete 
| 107|0x0000000086b00000, 0x0000000086c00000, 0x0000000086c00000|100%|HC|  |TAMS 0x0000000086c00000, 0x0000000086b00000| Complete 
| 108|0x0000000086c00000, 0x0000000086d00000, 0x0000000086d00000|100%|HC|  |TAMS 0x0000000086d00000, 0x0000000086c00000| Complete 
| 109|0x0000000086d00000, 0x0000000086e00000, 0x0000000086e00000|100%|HC|  |TAMS 0x0000000086e00000, 0x0000000086d00000| Complete 
| 110|0x0000000086e00000, 0x0000000086f00000, 0x0000000086f00000|100%|HC|  |TAMS 0x0000000086f00000, 0x0000000086e00000| Complete 
| 111|0x0000000086f00000, 0x0000000087000000, 0x0000000087000000|100%|HC|  |TAMS 0x0000000087000000, 0x0000000086f00000| Complete 
| 112|0x0000000087000000, 0x0000000087100000, 0x0000000087100000|100%|HC|  |TAMS 0x0000000087100000, 0x0000000087000000| Complete 
| 113|0x0000000087100000, 0x0000000087200000, 0x0000000087200000|100%|HC|  |TAMS 0x0000000087200000, 0x0000000087100000| Complete 
| 114|0x0000000087200000, 0x0000000087300000, 0x0000000087300000|100%|HC|  |TAMS 0x0000000087300000, 0x0000000087200000| Complete 
| 115|0x0000000087300000, 0x0000000087400000, 0x0000000087400000|100%|HS|  |TAMS 0x0000000087400000, 0x0000000087300000| Complete 
| 116|0x0000000087400000, 0x0000000087500000, 0x0000000087500000|100%| O|  |TAMS 0x0000000087500000, 0x0000000087400000| Updating 
| 117|0x0000000087500000, 0x0000000087600000, 0x0000000087600000|100%| O|  |TAMS 0x0000000087600000, 0x0000000087500000| Updating 
| 118|0x0000000087600000, 0x0000000087700000, 0x0000000087700000|100%| O|  |TAMS 0x0000000087700000, 0x0000000087600000| Updating 
| 119|0x0000000087700000, 0x0000000087800000, 0x0000000087800000|100%| O|  |TAMS 0x0000000087800000, 0x0000000087700000| Updating 
| 120|0x0000000087800000, 0x0000000087900000, 0x0000000087900000|100%| O|  |TAMS 0x0000000087900000, 0x0000000087800000| Updating 
| 121|0x0000000087900000, 0x0000000087a00000, 0x0000000087a00000|100%| O|  |TAMS 0x0000000087a00000, 0x0000000087900000| Updating 
| 122|0x0000000087a00000, 0x0000000087b00000, 0x0000000087b00000|100%| O|  |TAMS 0x0000000087b00000, 0x0000000087a00000| Updating 
| 123|0x0000000087b00000, 0x0000000087c00000, 0x0000000087c00000|100%| O|  |TAMS 0x0000000087c00000, 0x0000000087b00000| Updating 
| 124|0x0000000087c00000, 0x0000000087d00000, 0x0000000087d00000|100%| O|  |TAMS 0x0000000087d00000, 0x0000000087c00000| Updating 
| 125|0x0000000087d00000, 0x0000000087e00000, 0x0000000087e00000|100%| O|  |TAMS 0x0000000087e00000, 0x0000000087d00000| Updating 
| 126|0x0000000087e00000, 0x0000000087f00000, 0x0000000087f00000|100%| O|  |TAMS 0x0000000087f00000, 0x0000000087e00000| Updating 
| 127|0x0000000087f00000, 0x0000000088000000, 0x0000000088000000|100%| O|  |TAMS 0x0000000088000000, 0x0000000087f00000| Updating 
| 128|0x0000000088000000, 0x0000000088100000, 0x0000000088100000|100%| O|  |TAMS 0x0000000088100000, 0x0000000088000000| Updating 
| 129|0x0000000088100000, 0x0000000088200000, 0x0000000088200000|100%| O|  |TAMS 0x0000000088200000, 0x0000000088100000| Updating 
| 130|0x0000000088200000, 0x0000000088300000, 0x0000000088300000|100%| O|  |TAMS 0x0000000088300000, 0x0000000088200000| Updating 
| 131|0x0000000088300000, 0x0000000088400000, 0x0000000088400000|100%| O|  |TAMS 0x0000000088400000, 0x0000000088300000| Updating 
| 132|0x0000000088400000, 0x0000000088500000, 0x0000000088500000|100%| O|  |TAMS 0x0000000088500000, 0x0000000088400000| Updating 
| 133|0x0000000088500000, 0x0000000088600000, 0x0000000088600000|100%| O|  |TAMS 0x0000000088600000, 0x0000000088500000| Updating 
| 134|0x0000000088600000, 0x0000000088700000, 0x0000000088700000|100%| O|  |TAMS 0x0000000088700000, 0x0000000088600000| Updating 
| 135|0x0000000088700000, 0x0000000088800000, 0x0000000088800000|100%| O|  |TAMS 0x0000000088800000, 0x0000000088700000| Updating 
| 136|0x0000000088800000, 0x0000000088900000, 0x0000000088900000|100%| O|  |TAMS 0x0000000088900000, 0x0000000088800000| Updating 
| 137|0x0000000088900000, 0x0000000088a00000, 0x0000000088a00000|100%| O|  |TAMS 0x0000000088a00000, 0x0000000088900000| Updating 
| 138|0x0000000088a00000, 0x0000000088b00000, 0x0000000088b00000|100%| O|  |TAMS 0x0000000088b00000, 0x0000000088a00000| Updating 
| 139|0x0000000088b00000, 0x0000000088c00000, 0x0000000088c00000|100%| O|  |TAMS 0x0000000088c00000, 0x0000000088b00000| Updating 
| 140|0x0000000088c00000, 0x0000000088d00000, 0x0000000088d00000|100%| O|  |TAMS 0x0000000088d00000, 0x0000000088c00000| Updating 
| 141|0x0000000088d00000, 0x0000000088e00000, 0x0000000088e00000|100%| O|  |TAMS 0x0000000088e00000, 0x0000000088d00000| Updating 
| 142|0x0000000088e00000, 0x0000000088f00000, 0x0000000088f00000|100%| O|  |TAMS 0x0000000088f00000, 0x0000000088e00000| Updating 
| 143|0x0000000088f00000, 0x0000000089000000, 0x0000000089000000|100%|HS|  |TAMS 0x0000000088f00000, 0x0000000088f00000| Complete 
| 144|0x0000000089000000, 0x0000000089100000, 0x0000000089100000|100%|HS|  |TAMS 0x0000000089000000, 0x0000000089000000| Complete 
| 145|0x0000000089100000, 0x0000000089200000, 0x0000000089200000|100%| O|  |TAMS 0x0000000089100000, 0x0000000089100000| Untracked 
| 146|0x0000000089200000, 0x0000000089300000, 0x0000000089300000|100%| O|  |TAMS 0x0000000089200000, 0x0000000089200000| Untracked 
| 147|0x0000000089300000, 0x0000000089400000, 0x0000000089400000|100%| O|  |TAMS 0x0000000089300000, 0x0000000089300000| Untracked 
| 148|0x0000000089400000, 0x0000000089500000, 0x0000000089500000|100%| O|  |TAMS 0x0000000089400000, 0x0000000089400000| Untracked 
| 149|0x0000000089500000, 0x0000000089600000, 0x0000000089600000|100%| O|  |TAMS 0x0000000089500000, 0x0000000089500000| Untracked 
| 150|0x0000000089600000, 0x0000000089700000, 0x0000000089700000|100%| O|  |TAMS 0x0000000089600000, 0x0000000089600000| Untracked 
| 151|0x0000000089700000, 0x0000000089800000, 0x0000000089800000|100%| O|  |TAMS 0x0000000089700000, 0x0000000089700000| Untracked 
| 152|0x0000000089800000, 0x0000000089900000, 0x0000000089900000|100%| O|  |TAMS 0x0000000089800000, 0x0000000089800000| Untracked 
| 153|0x0000000089900000, 0x0000000089a00000, 0x0000000089a00000|100%| O|  |TAMS 0x0000000089900000, 0x0000000089900000| Untracked 
| 154|0x0000000089a00000, 0x0000000089b00000, 0x0000000089b00000|100%| O|  |TAMS 0x0000000089a00000, 0x0000000089a00000| Untracked 
| 155|0x0000000089b00000, 0x0000000089c00000, 0x0000000089c00000|100%| O|  |TAMS 0x0000000089b00000, 0x0000000089b00000| Untracked 
| 156|0x0000000089c00000, 0x0000000089d00000, 0x0000000089d00000|100%| O|  |TAMS 0x0000000089c00000, 0x0000000089c00000| Untracked 
| 157|0x0000000089d00000, 0x0000000089e00000, 0x0000000089e00000|100%| O|  |TAMS 0x0000000089d00000, 0x0000000089d00000| Untracked 
| 158|0x0000000089e00000, 0x0000000089f00000, 0x0000000089f00000|100%| O|  |TAMS 0x0000000089e00000, 0x0000000089e00000| Untracked 
| 159|0x0000000089f00000, 0x000000008a000000, 0x000000008a000000|100%| O|  |TAMS 0x0000000089f00000, 0x0000000089f00000| Untracked 
| 160|0x000000008a000000, 0x000000008a100000, 0x000000008a100000|100%| O|  |TAMS 0x000000008a000000, 0x000000008a000000| Untracked 
| 161|0x000000008a100000, 0x000000008a200000, 0x000000008a200000|100%| O|  |TAMS 0x000000008a100000, 0x000000008a100000| Untracked 
| 162|0x000000008a200000, 0x000000008a300000, 0x000000008a300000|100%| O|  |TAMS 0x000000008a300000, 0x000000008a200000| Updating 
| 163|0x000000008a300000, 0x000000008a400000, 0x000000008a400000|100%| O|  |TAMS 0x000000008a400000, 0x000000008a300000| Updating 
| 164|0x000000008a400000, 0x000000008a500000, 0x000000008a500000|100%| O|  |TAMS 0x000000008a500000, 0x000000008a400000| Updating 
| 165|0x000000008a500000, 0x000000008a600000, 0x000000008a600000|100%| O|  |TAMS 0x000000008a600000, 0x000000008a500000| Updating 
| 166|0x000000008a600000, 0x000000008a700000, 0x000000008a700000|100%| O|  |TAMS 0x000000008a700000, 0x000000008a600000| Updating 
| 167|0x000000008a700000, 0x000000008a800000, 0x000000008a800000|100%| O|  |TAMS 0x000000008a800000, 0x000000008a700000| Updating 
| 168|0x000000008a800000, 0x000000008a900000, 0x000000008a900000|100%| O|  |TAMS 0x000000008a900000, 0x000000008a800000| Updating 
| 169|0x000000008a900000, 0x000000008aa00000, 0x000000008aa00000|100%| O|  |TAMS 0x000000008aa00000, 0x000000008a900000| Updating 
| 170|0x000000008aa00000, 0x000000008ab00000, 0x000000008ab00000|100%| O|  |TAMS 0x000000008ab00000, 0x000000008aa00000| Updating 
| 171|0x000000008ab00000, 0x000000008ab80000, 0x000000008ac00000| 50%| O|  |TAMS 0x000000008ab00000, 0x000000008ab00000| Untracked 
| 172|0x000000008ac00000, 0x000000008ac00000, 0x000000008ad00000|  0%| F|  |TAMS 0x000000008ac00000, 0x000000008ac00000| Untracked 
| 173|0x000000008ad00000, 0x000000008ad00000, 0x000000008ae00000|  0%| F|  |TAMS 0x000000008ad00000, 0x000000008ad00000| Untracked 
| 174|0x000000008ae00000, 0x000000008ae00000, 0x000000008af00000|  0%| F|  |TAMS 0x000000008ae00000, 0x000000008ae00000| Untracked 
| 175|0x000000008af00000, 0x000000008af00000, 0x000000008b000000|  0%| F|  |TAMS 0x000000008af00000, 0x000000008af00000| Untracked 
| 176|0x000000008b000000, 0x000000008b000000, 0x000000008b100000|  0%| F|  |TAMS 0x000000008b000000, 0x000000008b000000| Untracked 
| 177|0x000000008b100000, 0x000000008b100000, 0x000000008b200000|  0%| F|  |TAMS 0x000000008b100000, 0x000000008b100000| Untracked 
| 178|0x000000008b200000, 0x000000008b200000, 0x000000008b300000|  0%| F|  |TAMS 0x000000008b200000, 0x000000008b200000| Untracked 
| 179|0x000000008b300000, 0x000000008b300000, 0x000000008b400000|  0%| F|  |TAMS 0x000000008b300000, 0x000000008b300000| Untracked 
| 180|0x000000008b400000, 0x000000008b400000, 0x000000008b500000|  0%| F|  |TAMS 0x000000008b400000, 0x000000008b400000| Untracked 
| 181|0x000000008b500000, 0x000000008b500000, 0x000000008b600000|  0%| F|  |TAMS 0x000000008b500000, 0x000000008b500000| Untracked 
| 182|0x000000008b600000, 0x000000008b600000, 0x000000008b700000|  0%| F|  |TAMS 0x000000008b600000, 0x000000008b600000| Untracked 
| 183|0x000000008b700000, 0x000000008b700000, 0x000000008b800000|  0%| F|  |TAMS 0x000000008b700000, 0x000000008b700000| Untracked 
| 184|0x000000008b800000, 0x000000008b800000, 0x000000008b900000|  0%| F|  |TAMS 0x000000008b800000, 0x000000008b800000| Untracked 
| 185|0x000000008b900000, 0x000000008b900000, 0x000000008ba00000|  0%| F|  |TAMS 0x000000008b900000, 0x000000008b900000| Untracked 
| 186|0x000000008ba00000, 0x000000008ba00000, 0x000000008bb00000|  0%| F|  |TAMS 0x000000008ba00000, 0x000000008ba00000| Untracked 
| 187|0x000000008bb00000, 0x000000008bb00000, 0x000000008bc00000|  0%| F|  |TAMS 0x000000008bb00000, 0x000000008bb00000| Untracked 
| 188|0x000000008bc00000, 0x000000008bc00000, 0x000000008bd00000|  0%| F|  |TAMS 0x000000008bc00000, 0x000000008bc00000| Untracked 
| 189|0x000000008bd00000, 0x000000008bd00000, 0x000000008be00000|  0%| F|  |TAMS 0x000000008bd00000, 0x000000008bd00000| Untracked 
| 190|0x000000008be00000, 0x000000008be00000, 0x000000008bf00000|  0%| F|  |TAMS 0x000000008be00000, 0x000000008be00000| Untracked 
| 191|0x000000008bf00000, 0x000000008bf00000, 0x000000008c000000|  0%| F|  |TAMS 0x000000008bf00000, 0x000000008bf00000| Untracked 
| 192|0x000000008c000000, 0x000000008c000000, 0x000000008c100000|  0%| F|  |TAMS 0x000000008c000000, 0x000000008c000000| Untracked 
| 193|0x000000008c100000, 0x000000008c100000, 0x000000008c200000|  0%| F|  |TAMS 0x000000008c100000, 0x000000008c100000| Untracked 
| 194|0x000000008c200000, 0x000000008c200000, 0x000000008c300000|  0%| F|  |TAMS 0x000000008c200000, 0x000000008c200000| Untracked 
| 195|0x000000008c300000, 0x000000008c300000, 0x000000008c400000|  0%| F|  |TAMS 0x000000008c300000, 0x000000008c300000| Untracked 
| 196|0x000000008c400000, 0x000000008c400000, 0x000000008c500000|  0%| F|  |TAMS 0x000000008c400000, 0x000000008c400000| Untracked 
| 197|0x000000008c500000, 0x000000008c500000, 0x000000008c600000|  0%| F|  |TAMS 0x000000008c500000, 0x000000008c500000| Untracked 
| 198|0x000000008c600000, 0x000000008c600000, 0x000000008c700000|  0%| F|  |TAMS 0x000000008c600000, 0x000000008c600000| Untracked 
| 199|0x000000008c700000, 0x000000008c800000, 0x000000008c800000|100%| S|CS|TAMS 0x000000008c700000, 0x000000008c700000| Complete 
| 200|0x000000008c800000, 0x000000008c900000, 0x000000008c900000|100%| S|CS|TAMS 0x000000008c800000, 0x000000008c800000| Complete 
| 201|0x000000008c900000, 0x000000008c900000, 0x000000008ca00000|  0%| F|  |TAMS 0x000000008c900000, 0x000000008c900000| Untracked 
| 202|0x000000008ca00000, 0x000000008ca00000, 0x000000008cb00000|  0%| F|  |TAMS 0x000000008ca00000, 0x000000008ca00000| Untracked 
| 203|0x000000008cb00000, 0x000000008cb00000, 0x000000008cc00000|  0%| F|  |TAMS 0x000000008cb00000, 0x000000008cb00000| Untracked 
| 204|0x000000008cc00000, 0x000000008cc00000, 0x000000008cd00000|  0%| F|  |TAMS 0x000000008cc00000, 0x000000008cc00000| Untracked 
| 205|0x000000008cd00000, 0x000000008cd00000, 0x000000008ce00000|  0%| F|  |TAMS 0x000000008cd00000, 0x000000008cd00000| Untracked 
| 206|0x000000008ce00000, 0x000000008ce00000, 0x000000008cf00000|  0%| F|  |TAMS 0x000000008ce00000, 0x000000008ce00000| Untracked 
| 207|0x000000008cf00000, 0x000000008cf00000, 0x000000008d000000|  0%| F|  |TAMS 0x000000008cf00000, 0x000000008cf00000| Untracked 
| 208|0x000000008d000000, 0x000000008d000000, 0x000000008d100000|  0%| F|  |TAMS 0x000000008d000000, 0x000000008d000000| Untracked 
| 209|0x000000008d100000, 0x000000008d100000, 0x000000008d200000|  0%| F|  |TAMS 0x000000008d100000, 0x000000008d100000| Untracked 

Card table byte_map: [0x000001b01e150000,0x000001b01e550000] _byte_map_base: 0x000001b01dd50000

Marking Bits (Prev, Next): (CMBitMap*) 0x000001b00add9f90, (CMBitMap*) 0x000001b00add9f58
 Prev Bits: [0x000001b020950000, 0x000001b022950000)
 Next Bits: [0x000001b01e950000, 0x000001b020950000)

Polling page: 0x000001b0093e0000

Metaspace:

Usage:
  Non-class:     78.20 MB capacity,    76.78 MB ( 98%) used,     1.16 MB (  1%) free+waste,   265.63 KB ( <1%) overhead. 
      Class:     12.30 MB capacity,    11.44 MB ( 93%) used,   761.15 KB (  6%) free+waste,   122.19 KB ( <1%) overhead. 
       Both:     90.51 MB capacity,    88.22 MB ( 97%) used,     1.91 MB (  2%) free+waste,   387.81 KB ( <1%) overhead. 

Virtual space:
  Non-class space:       80.00 MB reserved,      78.75 MB ( 98%) committed 
      Class space:        1.00 GB reserved,      12.63 MB (  1%) committed 
             Both:        1.08 GB reserved,      91.38 MB (  8%) committed 

Chunk freelists:
   Non-Class:  367.00 KB
       Class:  232.00 KB
        Both:  599.00 KB

MaxMetaspaceSize: 17179869184.00 GB
CompressedClassSpaceSize: 1.00 GB

CodeHeap 'non-profiled nmethods': size=120064Kb used=6200Kb max_used=6200Kb free=113863Kb
 bounds [0x000001b0161e0000, 0x000001b0167f0000, 0x000001b01d720000]
CodeHeap 'profiled nmethods': size=120000Kb used=25869Kb max_used=25869Kb free=94130Kb
 bounds [0x000001b00ecb0000, 0x000001b010600000, 0x000001b0161e0000]
CodeHeap 'non-nmethods': size=5696Kb used=2271Kb max_used=2320Kb free=3424Kb
 bounds [0x000001b00e720000, 0x000001b00e990000, 0x000001b00ecb0000]
 total_blobs=12825 nmethods=11959 adapters=776
 compilation: enabled
              stopped_count=0, restarted_count=0
 full_count=0

Compilation events (20 events):
Event: 84.628 Thread 0x000001b024fc6000 12428       2       com.android.tools.r8.code.N0::<init> (34 bytes)
Event: 84.628 Thread 0x000001b024fc6000 nmethod 12428 0x000001b0105f2010 code [0x000001b0105f21e0, 0x000001b0105f23a8]
Event: 84.629 Thread 0x000001b024fc6000 12429       2       com.android.tools.r8.code.u3::<init> (7 bytes)
Event: 84.629 Thread 0x000001b024fc6000 nmethod 12429 0x000001b0105f2510 code [0x000001b0105f26e0, 0x000001b0105f2918]
Event: 84.632 Thread 0x000001b024fc6000 12430       2       com.android.tools.r8.code.A2::<init> (7 bytes)
Event: 84.633 Thread 0x000001b024fc6000 nmethod 12430 0x000001b0105f2b10 code [0x000001b0105f2ce0, 0x000001b0105f2f18]
Event: 84.635 Thread 0x000001b024fc6000 12431       2       com.android.tools.r8.code.r::<init> (7 bytes)
Event: 84.635 Thread 0x000001b024fc6000 nmethod 12431 0x000001b0105f3110 code [0x000001b0105f32c0, 0x000001b0105f3418]
Event: 84.682 Thread 0x000001b024fc6000 12433       2       com.android.tools.r8.code.t::<init> (7 bytes)
Event: 84.682 Thread 0x000001b024fc6000 nmethod 12433 0x000001b0105f3510 code [0x000001b0105f36e0, 0x000001b0105f38a8]
Event: 84.686 Thread 0x000001b024fc6000 12434       2       com.android.tools.r8.code.m::<init> (7 bytes)
Event: 84.687 Thread 0x000001b024fc6000 nmethod 12434 0x000001b0105f3a10 code [0x000001b0105f3be0, 0x000001b0105f3e18]
Event: 84.789 Thread 0x000001b024fc6000 12436       2       com.android.tools.r8.graph.O$a::<init> (24 bytes)
Event: 84.789 Thread 0x000001b024fc6000 nmethod 12436 0x000001b0105f4010 code [0x000001b0105f41c0, 0x000001b0105f42d8]
Event: 84.789 Thread 0x000001b024fc6000 12437       2       com.android.tools.r8.graph.O$b::<init> (15 bytes)
Event: 84.789 Thread 0x000001b024fc6000 nmethod 12437 0x000001b0105f4390 code [0x000001b0105f4540, 0x000001b0105f4698]
Event: 84.908 Thread 0x000001b024fc6000 12439       2       java.util.HashMap$HashMapSpliterator::<init> (32 bytes)
Event: 84.909 Thread 0x000001b024fc6000 nmethod 12439 0x000001b0105f4710 code [0x000001b0105f48c0, 0x000001b0105f4a18]
Event: 84.951 Thread 0x000001b024fc6000 12440       2       com.android.tools.r8.code.p3::<init> (8 bytes)
Event: 84.951 Thread 0x000001b024fc6000 nmethod 12440 0x000001b0105f4a90 code [0x000001b0105f4c60, 0x000001b0105f4ea8]

GC Heap History (20 events):
Event: 81.063 GC heap after
{Heap after GC invocations=64 (full 0):
 garbage-first heap   total 159744K, used 88714K [0x0000000080000000, 0x0000000100000000)
  region size 1024K, 2 young (2048K), 2 survivors (2048K)
 Metaspace       used 89477K, capacity 91957K, committed 92160K, reserved 1128448K
  class space    used 11707K, capacity 12676K, committed 12800K, reserved 1048576K
}
Event: 81.678 GC heap before
{Heap before GC invocations=65 (full 0):
 garbage-first heap   total 159744K, used 132746K [0x0000000080000000, 0x0000000100000000)
  region size 1024K, 46 young (47104K), 2 survivors (2048K)
 Metaspace       used 89148K, capacity 91477K, committed 92416K, reserved 1128448K
  class space    used 11575K, capacity 12441K, committed 12800K, reserved 1048576K
}
Event: 81.686 GC heap after
{Heap after GC invocations=66 (full 0):
 garbage-first heap   total 159744K, used 89400K [0x0000000080000000, 0x0000000100000000)
  region size 1024K, 3 young (3072K), 3 survivors (3072K)
 Metaspace       used 89148K, capacity 91477K, committed 92416K, reserved 1128448K
  class space    used 11575K, capacity 12441K, committed 12800K, reserved 1048576K
}
Event: 81.798 GC heap before
{Heap before GC invocations=66 (full 0):
 garbage-first heap   total 159744K, used 93496K [0x0000000080000000, 0x0000000100000000)
  region size 1024K, 7 young (7168K), 3 survivors (3072K)
 Metaspace       used 89263K, capacity 91612K, committed 92416K, reserved 1128448K
  class space    used 11590K, capacity 12443K, committed 12800K, reserved 1048576K
}
Event: 81.810 GC heap after
{Heap after GC invocations=67 (full 0):
 garbage-first heap   total 159744K, used 85601K [0x0000000080000000, 0x0000000100000000)
  region size 1024K, 1 young (1024K), 1 survivors (1024K)
 Metaspace       used 89263K, capacity 91612K, committed 92416K, reserved 1128448K
  class space    used 11590K, capacity 12443K, committed 12800K, reserved 1048576K
}
Event: 82.223 GC heap before
{Heap before GC invocations=67 (full 0):
 garbage-first heap   total 159744K, used 104033K [0x0000000080000000, 0x0000000100000000)
  region size 1024K, 21 young (21504K), 1 survivors (1024K)
 Metaspace       used 89390K, capacity 91727K, committed 92672K, reserved 1128448K
  class space    used 11600K, capacity 12478K, committed 12800K, reserved 1048576K
}
Event: 82.229 GC heap after
{Heap after GC invocations=68 (full 0):
 garbage-first heap   total 159744K, used 86287K [0x0000000080000000, 0x0000000100000000)
  region size 1024K, 2 young (2048K), 2 survivors (2048K)
 Metaspace       used 89390K, capacity 91727K, committed 92672K, reserved 1128448K
  class space    used 11600K, capacity 12478K, committed 12800K, reserved 1048576K
}
Event: 82.830 GC heap before
{Heap before GC invocations=69 (full 0):
 garbage-first heap   total 159744K, used 156943K [0x0000000080000000, 0x0000000100000000)
  region size 1024K, 36 young (36864K), 2 survivors (2048K)
 Metaspace       used 89689K, capacity 91994K, committed 92928K, reserved 1130496K
  class space    used 11629K, capacity 12481K, committed 12800K, reserved 1048576K
}
Event: 82.885 GC heap after
{Heap after GC invocations=70 (full 0):
 garbage-first heap   total 175104K, used 121602K [0x0000000080000000, 0x0000000100000000)
  region size 1024K, 6 young (6144K), 6 survivors (6144K)
 Metaspace       used 89689K, capacity 91994K, committed 92928K, reserved 1130496K
  class space    used 11629K, capacity 12481K, committed 12800K, reserved 1048576K
}
Event: 82.895 GC heap before
{Heap before GC invocations=70 (full 0):
 garbage-first heap   total 175104K, used 123650K [0x0000000080000000, 0x0000000100000000)
  region size 1024K, 8 young (8192K), 6 survivors (6144K)
 Metaspace       used 89689K, capacity 91994K, committed 92928K, reserved 1130496K
  class space    used 11629K, capacity 12481K, committed 12800K, reserved 1048576K
}
Event: 82.920 GC heap after
{Heap after GC invocations=71 (full 0):
 garbage-first heap   total 175104K, used 121096K [0x0000000080000000, 0x0000000100000000)
  region size 1024K, 1 young (1024K), 1 survivors (1024K)
 Metaspace       used 89689K, capacity 91994K, committed 92928K, reserved 1130496K
  class space    used 11629K, capacity 12481K, committed 12800K, reserved 1048576K
}
Event: 82.959 GC heap before
{Heap before GC invocations=71 (full 0):
 garbage-first heap   total 175104K, used 127240K [0x0000000080000000, 0x0000000100000000)
  region size 1024K, 8 young (8192K), 1 survivors (1024K)
 Metaspace       used 89689K, capacity 91994K, committed 92928K, reserved 1130496K
  class space    used 11629K, capacity 12481K, committed 12800K, reserved 1048576K
}
Event: 82.977 GC heap after
{Heap after GC invocations=72 (full 0):
 garbage-first heap   total 215040K, used 124173K [0x0000000080000000, 0x0000000100000000)
  region size 1024K, 3 young (3072K), 3 survivors (3072K)
 Metaspace       used 89689K, capacity 91994K, committed 92928K, reserved 1130496K
  class space    used 11629K, capacity 12481K, committed 12800K, reserved 1048576K
}
Event: 83.630 GC heap before
{Heap before GC invocations=73 (full 0):
 garbage-first heap   total 215040K, used 163085K [0x0000000080000000, 0x0000000100000000)
  region size 1024K, 40 young (40960K), 3 survivors (3072K)
 Metaspace       used 90322K, capacity 92680K, committed 93568K, reserved 1130496K
  class space    used 11716K, capacity 12600K, committed 12928K, reserved 1048576K
}
Event: 83.689 GC heap after
{Heap after GC invocations=74 (full 0):
 garbage-first heap   total 215040K, used 145157K [0x0000000080000000, 0x0000000100000000)
  region size 1024K, 5 young (5120K), 5 survivors (5120K)
 Metaspace       used 90322K, capacity 92680K, committed 93568K, reserved 1130496K
  class space    used 11716K, capacity 12600K, committed 12928K, reserved 1048576K
}
Event: 83.987 GC heap before
{Heap before GC invocations=74 (full 0):
 garbage-first heap   total 215040K, used 168709K [0x0000000080000000, 0x0000000100000000)
  region size 1024K, 28 young (28672K), 5 survivors (5120K)
 Metaspace       used 90335K, capacity 92681K, committed 93568K, reserved 1130496K
  class space    used 11716K, capacity 12600K, committed 12928K, reserved 1048576K
}
Event: 84.050 GC heap after
{Heap after GC invocations=75 (full 0):
 garbage-first heap   total 215040K, used 159744K [0x0000000080000000, 0x0000000100000000)
  region size 1024K, 4 young (4096K), 4 survivors (4096K)
 Metaspace       used 90335K, capacity 92681K, committed 93568K, reserved 1130496K
  class space    used 11716K, capacity 12600K, committed 12928K, reserved 1048576K
}
Event: 84.688 GC heap before
{Heap before GC invocations=75 (full 0):
 garbage-first heap   total 215040K, used 176128K [0x0000000080000000, 0x0000000100000000)
  region size 1024K, 19 young (19456K), 4 survivors (4096K)
 Metaspace       used 90339K, capacity 92681K, committed 93568K, reserved 1130496K
  class space    used 11716K, capacity 12600K, committed 12928K, reserved 1048576K
}
Event: 84.742 GC heap after
{Heap after GC invocations=76 (full 0):
 garbage-first heap   total 215040K, used 171520K [0x0000000080000000, 0x0000000100000000)
  region size 1024K, 3 young (3072K), 3 survivors (3072K)
 Metaspace       used 90339K, capacity 92681K, committed 93568K, reserved 1130496K
  class space    used 11716K, capacity 12600K, committed 12928K, reserved 1048576K
}
Event: 85.024 GC heap before
{Heap before GC invocations=76 (full 0):
 garbage-first heap   total 215040K, used 180736K [0x0000000080000000, 0x0000000100000000)
  region size 1024K, 12 young (12288K), 3 survivors (3072K)
 Metaspace       used 90340K, capacity 92681K, committed 93568K, reserved 1130496K
  class space    used 11716K, capacity 12600K, committed 12928K, reserved 1048576K
}

Deoptimization events (20 events):
Event: 84.650 Thread 0x000001b02db07800 DEOPT PACKING pc=0x000001b010525a15 sp=0x0000008e7c7febc0
Event: 84.650 Thread 0x000001b02db07800 DEOPT UNPACKING pc=0x000001b00e7472ce sp=0x0000008e7c7fe1a8 mode 0
Event: 84.654 Thread 0x000001b02db07800 DEOPT PACKING pc=0x000001b010525a15 sp=0x0000008e7c7febc0
Event: 84.654 Thread 0x000001b02db07800 DEOPT UNPACKING pc=0x000001b00e7472ce sp=0x0000008e7c7fe1a8 mode 0
Event: 84.656 Thread 0x000001b02db07800 DEOPT PACKING pc=0x000001b010525a15 sp=0x0000008e7c7febc0
Event: 84.656 Thread 0x000001b02db07800 DEOPT UNPACKING pc=0x000001b00e7472ce sp=0x0000008e7c7fe1a8 mode 0
Event: 84.681 Thread 0x000001b02db07800 DEOPT PACKING pc=0x000001b010525a15 sp=0x0000008e7c7feba0
Event: 84.681 Thread 0x000001b02db07800 DEOPT UNPACKING pc=0x000001b00e7472ce sp=0x0000008e7c7fe188 mode 0
Event: 84.687 Thread 0x000001b02db07800 DEOPT PACKING pc=0x000001b010525a15 sp=0x0000008e7c7feba0
Event: 84.687 Thread 0x000001b02db07800 DEOPT UNPACKING pc=0x000001b00e7472ce sp=0x0000008e7c7fe188 mode 0
Event: 84.777 Thread 0x000001b02db07800 DEOPT PACKING pc=0x000001b010525a15 sp=0x0000008e7c7febc0
Event: 84.777 Thread 0x000001b02db07800 DEOPT UNPACKING pc=0x000001b00e7472ce sp=0x0000008e7c7fe1a8 mode 0
Event: 84.784 Thread 0x000001b02db07800 DEOPT PACKING pc=0x000001b010525a15 sp=0x0000008e7c7febc0
Event: 84.784 Thread 0x000001b02db07800 DEOPT UNPACKING pc=0x000001b00e7472ce sp=0x0000008e7c7fe1a8 mode 0
Event: 84.787 Thread 0x000001b02db07800 DEOPT PACKING pc=0x000001b010525a15 sp=0x0000008e7c7febc0
Event: 84.787 Thread 0x000001b02db07800 DEOPT UNPACKING pc=0x000001b00e7472ce sp=0x0000008e7c7fe1a8 mode 0
Event: 84.787 Thread 0x000001b02db07800 Uncommon trap: trap_request=0xffffff76 fr.pc=0x000001b0167e5ba8 relative=0x00000000000056c8
Event: 84.787 Thread 0x000001b02db07800 Uncommon trap: reason=loop_limit_check action=maybe_recompile pc=0x000001b0167e5ba8 method=com.android.tools.r8.w.a.a.a.f.r.g(I)I @ 15 c2
Event: 84.787 Thread 0x000001b02db07800 DEOPT PACKING pc=0x000001b0167e5ba8 sp=0x0000008e7c7feca0
Event: 84.787 Thread 0x000001b02db07800 DEOPT UNPACKING pc=0x000001b00e7474af sp=0x0000008e7c7febb0 mode 2

Classes redefined (0 events):
No events

Internal exceptions (20 events):
Event: 79.338 Thread 0x000001b02dafe800 Exception <a 'sun/nio/fs/WindowsException'{0x00000000891e8590}> (0x00000000891e8590) thrown at [./src/hotspot/share/prims/jni.cpp, line 615]
Event: 79.344 Thread 0x000001b02dafe800 Exception <a 'sun/nio/fs/WindowsException'{0x00000000891f0768}> (0x00000000891f0768) thrown at [./src/hotspot/share/prims/jni.cpp, line 615]
Event: 79.350 Thread 0x000001b02dafe800 Exception <a 'sun/nio/fs/WindowsException'{0x0000000088ec01a8}> (0x0000000088ec01a8) thrown at [./src/hotspot/share/prims/jni.cpp, line 615]
Event: 79.352 Thread 0x000001b02dafe800 Exception <a 'sun/nio/fs/WindowsException'{0x0000000088ec7450}> (0x0000000088ec7450) thrown at [./src/hotspot/share/prims/jni.cpp, line 615]
Event: 79.353 Thread 0x000001b02db03000 Exception <a 'sun/nio/fs/WindowsException'{0x0000000088dc0970}> (0x0000000088dc0970) thrown at [./src/hotspot/share/prims/jni.cpp, line 615]
Event: 79.355 Thread 0x000001b02dafe800 Exception <a 'sun/nio/fs/WindowsException'{0x0000000088eceb98}> (0x0000000088eceb98) thrown at [./src/hotspot/share/prims/jni.cpp, line 615]
Event: 79.360 Thread 0x000001b02db03000 Exception <a 'sun/nio/fs/WindowsException'{0x0000000088dc8cf0}> (0x0000000088dc8cf0) thrown at [./src/hotspot/share/prims/jni.cpp, line 615]
Event: 79.362 Thread 0x000001b02db03000 Exception <a 'sun/nio/fs/WindowsException'{0x0000000088dcfab8}> (0x0000000088dcfab8) thrown at [./src/hotspot/share/prims/jni.cpp, line 615]
Event: 79.366 Thread 0x000001b02dafe800 Exception <a 'sun/nio/fs/WindowsException'{0x0000000088edb968}> (0x0000000088edb968) thrown at [./src/hotspot/share/prims/jni.cpp, line 615]
Event: 79.374 Thread 0x000001b02db03000 Exception <a 'sun/nio/fs/WindowsException'{0x0000000088ddd8f8}> (0x0000000088ddd8f8) thrown at [./src/hotspot/share/prims/jni.cpp, line 615]
Event: 79.379 Thread 0x000001b02db03000 Exception <a 'sun/nio/fs/WindowsException'{0x0000000088ded470}> (0x0000000088ded470) thrown at [./src/hotspot/share/prims/jni.cpp, line 615]
Event: 79.381 Thread 0x000001b02db03000 Exception <a 'sun/nio/fs/WindowsException'{0x0000000088df31d8}> (0x0000000088df31d8) thrown at [./src/hotspot/share/prims/jni.cpp, line 615]
Event: 79.384 Thread 0x000001b02dafe800 Exception <a 'sun/nio/fs/WindowsException'{0x0000000088eea848}> (0x0000000088eea848) thrown at [./src/hotspot/share/prims/jni.cpp, line 615]
Event: 79.394 Thread 0x000001b02db03000 Exception <a 'sun/nio/fs/WindowsException'{0x0000000088ac3070}> (0x0000000088ac3070) thrown at [./src/hotspot/share/prims/jni.cpp, line 615]
Event: 79.398 Thread 0x000001b02dafe800 Exception <a 'sun/nio/fs/WindowsException'{0x0000000088ef1a88}> (0x0000000088ef1a88) thrown at [./src/hotspot/share/prims/jni.cpp, line 615]
Event: 79.405 Thread 0x000001b02db03000 Exception <a 'sun/nio/fs/WindowsException'{0x0000000088accad0}> (0x0000000088accad0) thrown at [./src/hotspot/share/prims/jni.cpp, line 615]
Event: 79.408 Thread 0x000001b02dafe800 Exception <a 'sun/nio/fs/WindowsException'{0x0000000088efb5f8}> (0x0000000088efb5f8) thrown at [./src/hotspot/share/prims/jni.cpp, line 615]
Event: 79.426 Thread 0x000001b02dafe800 Exception <a 'sun/nio/fs/WindowsException'{0x0000000088885ec0}> (0x0000000088885ec0) thrown at [./src/hotspot/share/prims/jni.cpp, line 615]
Event: 80.093 Thread 0x000001b025a64000 Exception <a 'java/lang/NoSuchMethodError'{0x000000008850b988}: <clinit>> (0x000000008850b988) thrown at [./src/hotspot/share/prims/jni.cpp, line 1362]
Event: 82.406 Thread 0x000001b02db00800 Exception <a 'sun/nio/fs/WindowsException'{0x000000008997fc18}> (0x000000008997fc18) thrown at [./src/hotspot/share/prims/jni.cpp, line 615]

Events (20 events):
Event: 83.124 loading class com/android/tools/r8/w/a/a/a/f/b
Event: 83.124 loading class com/android/tools/r8/w/a/a/a/f/b done
Event: 83.205 Executing VM operation: RevokeBias
Event: 83.207 Executing VM operation: RevokeBias done
Event: 83.350 Executing VM operation: CGC_Operation
Event: 83.367 Executing VM operation: CGC_Operation done
Event: 83.564 Executing VM operation: CGC_Operation
Event: 83.565 Executing VM operation: CGC_Operation done
Event: 83.630 Executing VM operation: G1CollectForAllocation
Event: 83.689 Executing VM operation: G1CollectForAllocation done
Event: 83.964 Executing VM operation: RevokeBias
Event: 83.965 Executing VM operation: RevokeBias done
Event: 83.966 Thread 0x000001b02db03000 Thread exited: 0x000001b02db03000
Event: 83.987 Executing VM operation: G1CollectForAllocation
Event: 84.050 Executing VM operation: G1CollectForAllocation done
Event: 84.662 Executing VM operation: CGC_Operation
Event: 84.679 Executing VM operation: CGC_Operation done
Event: 84.688 Executing VM operation: G1CollectForAllocation
Event: 84.742 Executing VM operation: G1CollectForAllocation done
Event: 85.023 Executing VM operation: G1CollectForAllocation


Dynamic libraries:
0x00007ff683e90000 - 0x00007ff683e9a000 	C:\Program Files\Android\Android Studio1\jre\bin\java.exe
0x00007ffadc690000 - 0x00007ffadc885000 	C:\Windows\SYSTEM32\ntdll.dll
0x00007ffadbbb0000 - 0x00007ffadbc6e000 	C:\Windows\System32\KERNEL32.DLL
0x00007ffada410000 - 0x00007ffada6d8000 	C:\Windows\System32\KERNELBASE.dll
0x00007ffad9f00000 - 0x00007ffada000000 	C:\Windows\System32\ucrtbase.dll
0x00007ffac6470000 - 0x00007ffac6487000 	C:\Program Files\Android\Android Studio1\jre\bin\VCRUNTIME140.dll
0x00007ffac6450000 - 0x00007ffac6469000 	C:\Program Files\Android\Android Studio1\jre\bin\jli.dll
0x00007ffada770000 - 0x00007ffada911000 	C:\Windows\System32\USER32.dll
0x00007ffada3e0000 - 0x00007ffada402000 	C:\Windows\System32\win32u.dll
0x00007ffada6e0000 - 0x00007ffada70b000 	C:\Windows\System32\GDI32.dll
0x00007ffada0e0000 - 0x00007ffada1eb000 	C:\Windows\System32\gdi32full.dll
0x00007ffad9db0000 - 0x00007ffad9e4d000 	C:\Windows\System32\msvcp_win.dll
0x00007ffac8710000 - 0x00007ffac89aa000 	C:\Windows\WinSxS\amd64_microsoft.windows.common-controls_6595b64144ccf1df_6.0.19041.1110_none_60b5254171f9507e\COMCTL32.dll
0x00007ffadb5a0000 - 0x00007ffadb63e000 	C:\Windows\System32\msvcrt.dll
0x00007ffadbc70000 - 0x00007ffadbca0000 	C:\Windows\System32\IMM32.DLL
0x00007ffaa7430000 - 0x00007ffaa74cd000 	C:\Program Files\Android\Android Studio1\jre\bin\msvcp140.dll
0x00007ffa96300000 - 0x00007ffa96dbc000 	C:\Program Files\Android\Android Studio1\jre\bin\server\jvm.dll
0x00007ffadac10000 - 0x00007ffadacbc000 	C:\Windows\System32\ADVAPI32.dll
0x00007ffadbfc0000 - 0x00007ffadc05b000 	C:\Windows\System32\sechost.dll
0x00007ffadbe20000 - 0x00007ffadbf4a000 	C:\Windows\System32\RPCRT4.dll
0x00007ffadae50000 - 0x00007ffadae58000 	C:\Windows\System32\PSAPI.DLL
0x00007ffac4580000 - 0x00007ffac4589000 	C:\Windows\SYSTEM32\WSOCK32.dll
0x00007ffadbf50000 - 0x00007ffadbfbb000 	C:\Windows\System32\WS2_32.dll
0x00007ffac5c80000 - 0x00007ffac5ca7000 	C:\Windows\SYSTEM32\WINMM.dll
0x00007ffad2860000 - 0x00007ffad286a000 	C:\Windows\SYSTEM32\VERSION.dll
0x00007ffad8630000 - 0x00007ffad8642000 	C:\Windows\SYSTEM32\kernel.appcore.dll
0x00007ffad1f00000 - 0x00007ffad1f11000 	C:\Program Files\Android\Android Studio1\jre\bin\verify.dll
0x00007ffad8340000 - 0x00007ffad8524000 	C:\Windows\SYSTEM32\DBGHELP.DLL
0x00007ffac9300000 - 0x00007ffac932c000 	C:\Windows\SYSTEM32\dbgcore.DLL
0x00007ffada050000 - 0x00007ffada0d3000 	C:\Windows\System32\bcryptPrimitives.dll
0x00007ffaba500000 - 0x00007ffaba529000 	C:\Program Files\Android\Android Studio1\jre\bin\java.dll
0x00007ffad1ef0000 - 0x00007ffad1efb000 	C:\Program Files\Android\Android Studio1\jre\bin\jimage.dll
0x00007ffab2f20000 - 0x00007ffab2f38000 	C:\Program Files\Android\Android Studio1\jre\bin\zip.dll
0x00007ffadae60000 - 0x00007ffadb59f000 	C:\Windows\System32\SHELL32.dll
0x00007ffad7ae0000 - 0x00007ffad8270000 	C:\Windows\SYSTEM32\windows.storage.dll
0x00007ffadb710000 - 0x00007ffadba65000 	C:\Windows\System32\combase.dll
0x00007ffad9730000 - 0x00007ffad975e000 	C:\Windows\SYSTEM32\Wldp.dll
0x00007ffadada0000 - 0x00007ffadae4d000 	C:\Windows\System32\SHCORE.dll
0x00007ffadc060000 - 0x00007ffadc0b5000 	C:\Windows\System32\shlwapi.dll
0x00007ffad9cf0000 - 0x00007ffad9d0f000 	C:\Windows\SYSTEM32\profapi.dll
0x00007ffab2f00000 - 0x00007ffab2f1a000 	C:\Program Files\Android\Android Studio1\jre\bin\net.dll
0x00007ffacadc0000 - 0x00007ffacaecc000 	C:\Windows\SYSTEM32\WINHTTP.dll
0x00007ffad9490000 - 0x00007ffad94fa000 	C:\Windows\system32\mswsock.dll
0x00007ffaae8b0000 - 0x00007ffaae8c4000 	C:\Program Files\Android\Android Studio1\jre\bin\nio.dll
0x00007ffac5490000 - 0x00007ffac54b7000 	C:\Users\VuThiLanh\.gradle\native\fdc75f09e3144964f2cf3f50f0aa648679c211496f362492102eb8c894070792\windows-amd64\native-platform.dll
0x00007ffa9b500000 - 0x00007ffa9b696000 	C:\Users\VuThiLanh\.gradle\native\12488b8bf47d2d4c9fbf2f6322a914ad602e24e48041cd04a747c6da556b65c4\windows-amd64\native-platform-file-events.dll
0x00007ffad1c60000 - 0x00007ffad1c6a000 	C:\Program Files\Android\Android Studio1\jre\bin\management.dll
0x00007ffac70f0000 - 0x00007ffac70fc000 	C:\Program Files\Android\Android Studio1\jre\bin\management_ext.dll
0x00007ffad9680000 - 0x00007ffad9698000 	C:\Windows\SYSTEM32\CRYPTSP.dll
0x00007ffad8e10000 - 0x00007ffad8e44000 	C:\Windows\system32\rsaenh.dll
0x00007ffada1f0000 - 0x00007ffada217000 	C:\Windows\System32\bcrypt.dll
0x00007ffad9cb0000 - 0x00007ffad9cde000 	C:\Windows\SYSTEM32\USERENV.dll
0x00007ffad96a0000 - 0x00007ffad96ac000 	C:\Windows\SYSTEM32\CRYPTBASE.dll
0x00007ffad9180000 - 0x00007ffad91bb000 	C:\Windows\SYSTEM32\IPHLPAPI.DLL
0x00007ffadbe10000 - 0x00007ffadbe18000 	C:\Windows\System32\NSI.dll
0x00007ffacdf40000 - 0x00007ffacdf57000 	C:\Windows\SYSTEM32\dhcpcsvc6.DLL
0x00007ffad1190000 - 0x00007ffad11ad000 	C:\Windows\SYSTEM32\dhcpcsvc.DLL
0x00007ffad91c0000 - 0x00007ffad928b000 	C:\Windows\SYSTEM32\DNSAPI.dll
0x00007ffad1750000 - 0x00007ffad175b000 	C:\Windows\SYSTEM32\WINNSI.DLL

dbghelp: loaded successfully - version: 4.0.5 - missing functions: none
symbol engine: initialized successfully - sym options: 0x614 - pdb path: .;C:\Program Files\Android\Android Studio1\jre\bin;C:\Windows\SYSTEM32;C:\Windows\WinSxS\amd64_microsoft.windows.common-controls_6595b64144ccf1df_6.0.19041.1110_none_60b5254171f9507e;C:\Program Files\Android\Android Studio1\jre\bin\server;C:\Users\VuThiLanh\.gradle\native\fdc75f09e3144964f2cf3f50f0aa648679c211496f362492102eb8c894070792\windows-amd64;C:\Users\VuThiLanh\.gradle\native\12488b8bf47d2d4c9fbf2f6322a914ad602e24e48041cd04a747c6da556b65c4\windows-amd64

VM Arguments:
jvm_args: --add-opens=java.base/java.util=ALL-UNNAMED --add-opens=java.base/java.lang=ALL-UNNAMED --add-opens=java.base/java.lang.invoke=ALL-UNNAMED --add-opens=java.prefs/java.util.prefs=ALL-UNNAMED -Xmx2048m -Dfile.encoding=UTF-8 -Duser.country=US -Duser.language=en -Duser.variant 
java_command: org.gradle.launcher.daemon.bootstrap.GradleDaemon 6.7.1
java_class_path (initial): C:\Users\VuThiLanh\.gradle\wrapper\dists\gradle-6.7.1-bin\bwlcbys1h7rz3272sye1xwiv6\gradle-6.7.1\lib\gradle-launcher-6.7.1.jar
Launcher Type: SUN_STANDARD

[Global flags]
     intx CICompilerCount                          = 3                                         {product} {ergonomic}
     uint ConcGCThreads                            = 1                                         {product} {ergonomic}
     uint G1ConcRefinementThreads                  = 4                                         {product} {ergonomic}
   size_t G1HeapRegionSize                         = 1048576                                   {product} {ergonomic}
    uintx GCDrainStackTargetSize                   = 64                                        {product} {ergonomic}
   size_t InitialHeapSize                          = 65011712                                  {product} {ergonomic}
   size_t MarkStackSize                            = 4194304                                   {product} {ergonomic}
   size_t MaxHeapSize                              = 2147483648                                {product} {command line}
   size_t MaxNewSize                               = 1287651328                                {product} {ergonomic}
   size_t MinHeapDeltaBytes                        = 1048576                                   {product} {ergonomic}
    uintx NonNMethodCodeHeapSize                   = 5830732                                {pd product} {ergonomic}
    uintx NonProfiledCodeHeapSize                  = 122913754                              {pd product} {ergonomic}
    uintx ProfiledCodeHeapSize                     = 122913754                              {pd product} {ergonomic}
    uintx ReservedCodeCacheSize                    = 251658240                              {pd product} {ergonomic}
     bool SegmentedCodeCache                       = true                                      {product} {ergonomic}
     bool UseCompressedClassPointers               = true                                 {lp64_product} {ergonomic}
     bool UseCompressedOops                        = true                                 {lp64_product} {ergonomic}
     bool UseG1GC                                  = true                                      {product} {ergonomic}
     bool UseLargePagesIndividualAllocation        = false                                  {pd product} {ergonomic}

Logging:
Log output configuration:
 #0: stdout all=warning uptime,level,tags
 #1: stderr all=off uptime,level,tags

Environment Variables:
PATH=C:\Program Files\Common Files\Oracle\Java\javapath;C:\Windows\system32;C:\Windows;C:\Windows\System32\Wbem;C:\Windows\System32\WindowsPowerShell\v1.0\;C:\Windows\System32\OpenSSH\;C:\Program Files\Microsoft SQL Server\Client SDK\ODBC\170\Tools\Binn\;C:\Program Files (x86)\Microsoft SQL Server\150\Tools\Binn\;C:\Program Files\Microsoft SQL Server\150\Tools\Binn\;C:\Program Files\Microsoft SQL Server\150\DTS\Binn\;C:\Program Files (x86)\Microsoft SQL Server\150\DTS\Binn\;C:\Program Files\Azure Data Studio\bin;C:\Program Files\Microsoft SQL Server\130\Tools\Binn\;C:\Program Files\Git\cmd;C:\Program Files (x86)\Rational\common;C:\Program Files\dotnet\;C:\Users\VuThiLanh\AppData\Local\Microsoft\WindowsApps;C:\Program Files\Azure Data Studio\bin;C:\Users\VuThiLanh\.dotnet\tools;C:\Users\VuThiLanh\AppData\Local\GitHubDesktop\bin
USERNAME=VuThiLanh
OS=Windows_NT
PROCESSOR_IDENTIFIER=Intel64 Family 6 Model 142 Stepping 9, GenuineIntel



---------------  S Y S T E M  ---------------

OS: Windows 10 , 64 bit Build 19041 (10.0.19041.1348)
OS uptime: 2 days 11:06 hours

CPU:total 4 (initial active 4) (2 cores per cpu, 2 threads per core) family 6 model 142 stepping 9, cmov, cx8, fxsr, mmx, sse, sse2, sse3, ssse3, sse4.1, sse4.2, popcnt, avx, avx2, aes, clmul, erms, 3dnowpref, lzcnt, ht, tsc, tscinvbit, bmi1, bmi2, adx, fma

Memory: 4k page, system-wide physical 3961M (312M free)
TotalPageFile size 12057M (AvailPageFile size 129M)
current process WorkingSet (physical memory assigned to process): 412M, peak: 415M
current process commit charge ("private bytes"): 507M, peak: 719M

vm_info: OpenJDK 64-Bit Server VM (11.0.8+10-b944.6842174) for windows-amd64 JRE (11.0.8+10-b944.6842174), built on Sep 19 2020 01:11:42 by "builder" with MS VC++ 14.0 (VS2015)

END.
