#
# There is insufficient memory for the Java Runtime Environment to continue.
# Native memory allocation (mmap) failed to map 120586240 bytes for Failed to commit area from 0x0000000090800000 to 0x0000000097b00000 of length 120586240.
# Possible reasons:
#   The system is out of physical RAM or swap space
#   The process is running with CompressedOops enabled, and the Java Heap may be blocking the growth of the native heap
# Possible solutions:
#   Reduce memory load on the system
#   Increase physical memory or swap space
#   Check if swap backing store is full
#   Decrease Java heap size (-Xmx/-Xms)
#   Decrease number of Java threads
#   Decrease Java thread stack sizes (-Xss)
#   Set larger code cache with -XX:ReservedCodeCacheSize=
#   JVM is running with Unscaled Compressed Oops mode in which the Java heap is
#     placed in the first 4GB address space. The Java Heap base address is the
#     maximum limit for the native heap growth. Please use -XX:HeapBaseMinAddress
#     to set the Java Heap base and to place the Java Heap above 4GB virtual address.
# This output file may be truncated or incomplete.
#
#  Out of Memory Error (./src/hotspot/os/windows/os_windows.cpp:3303), pid=4312, tid=9468
#
# JRE version: OpenJDK Runtime Environment (11.0.8+10) (build 11.0.8+10-b944.6842174)
# Java VM: OpenJDK 64-Bit Server VM (11.0.8+10-b944.6842174, mixed mode, tiered, compressed oops, g1 gc, windows-amd64)
# No core dump will be written. Minidumps are not enabled by default on client versions of Windows
#

---------------  S U M M A R Y ------------

Command Line: --add-opens=java.base/java.util=ALL-UNNAMED --add-opens=java.base/java.lang=ALL-UNNAMED --add-opens=java.base/java.lang.invoke=ALL-UNNAMED --add-opens=java.prefs/java.util.prefs=ALL-UNNAMED -Xmx2048m -Dfile.encoding=UTF-8 -Duser.country=US -Duser.language=en -Duser.variant org.gradle.launcher.daemon.bootstrap.GradleDaemon 6.7.1

Host: Intel(R) Core(TM) i3-7020U CPU @ 2.30GHz, 4 cores, 3G,  Windows 10 , 64 bit Build 19041 (10.0.19041.1348)
Time: Tue Nov 23 21:14:14 2021 SE Asia Standard Time elapsed time: 146 seconds (0d 0h 2m 26s)

---------------  T H R E A D  ---------------

Current thread (0x00000268787bf800):  VMThread "VM Thread" [stack: 0x000000ef36f00000,0x000000ef37000000] [id=9468]

Stack: [0x000000ef36f00000,0x000000ef37000000]
[error occurred during error reporting (printing stack bounds), id 0xc0000005, EXCEPTION_ACCESS_VIOLATION (0xc0000005) at pc=0x0000026861fe0dad]

Native frames: (J=compiled Java code, j=interpreted, Vv=VM code, C=native code)
V  [jvm.dll+0x5de50a]
V  [jvm.dll+0x7122f5]
V  [jvm.dll+0x71384d]
V  [jvm.dll+0x713e65]
V  [jvm.dll+0x713e1b]
V  [jvm.dll+0x5dd958]
V  [jvm.dll+0x5de0f8]
C  [ntdll.dll+0xa20cf]
C  [ntdll.dll+0x51454]
C  [ntdll.dll+0xa0bfe]
C  0x0000026861fe0dad

VM_Operation (0x000000ef385f6730): G1CollectForAllocation, mode: safepoint, requested by thread 0x000002687ae32000


---------------  P R O C E S S  ---------------

Threads class SMR info:
_java_thread_list=0x000002687e4af740, length=47, elements={
0x000002685e65a800, 0x00000268787c8800, 0x00000268787ca800, 0x0000026879150800,
0x0000026879151800, 0x0000026879155000, 0x0000026879159800, 0x0000026878842800,
0x00000268792c0800, 0x0000026879330000, 0x000002687ab8e000, 0x00000268791f9800,
0x00000268796f4800, 0x000002687970c000, 0x000002687ae32000, 0x000002687acf7800,
0x000002687acf9800, 0x000002687acfa800, 0x000002687bdaa800, 0x000002687bda5800,
0x00000268794ee000, 0x00000268794f8000, 0x00000268794f4800, 0x00000268794f8800,
0x00000268794f7000, 0x000002687bda9000, 0x000002687bdab800, 0x000002687bda8000,
0x000002687bdac000, 0x000002687bda6800, 0x000002687b79f000, 0x000002687b7a0800,
0x000002687b7a0000, 0x000002687acf9000, 0x000002687fa28000, 0x000002687fa27000,
0x000002687fa2a800, 0x000002687fa2b000, 0x000002687fa2c000, 0x000002687fa29800,
0x000002687fa26800, 0x000002687fa28800, 0x000002687fcd6000, 0x000002687fcd0800,
0x000002687fcd2000, 0x000002687fcd3800, 0x000002687fcd4800
}

Java Threads: ( => current thread )
  0x000002685e65a800 JavaThread "main" [_thread_blocked, id=11688, stack(0x000000ef36900000,0x000000ef36a00000)]
  0x00000268787c8800 JavaThread "Reference Handler" daemon [_thread_blocked, id=7644, stack(0x000000ef37000000,0x000000ef37100000)]
  0x00000268787ca800 JavaThread "Finalizer" daemon [_thread_blocked, id=11100, stack(0x000000ef37100000,0x000000ef37200000)]
  0x0000026879150800 JavaThread "Signal Dispatcher" daemon [_thread_blocked, id=15236, stack(0x000000ef37200000,0x000000ef37300000)]
  0x0000026879151800 JavaThread "Attach Listener" daemon [_thread_blocked, id=7200, stack(0x000000ef37300000,0x000000ef37400000)]
  0x0000026879155000 JavaThread "C2 CompilerThread0" daemon [_thread_blocked, id=8580, stack(0x000000ef37400000,0x000000ef37500000)]
  0x0000026879159800 JavaThread "C1 CompilerThread0" daemon [_thread_blocked, id=7156, stack(0x000000ef37500000,0x000000ef37600000)]
  0x0000026878842800 JavaThread "Sweeper thread" daemon [_thread_blocked, id=2972, stack(0x000000ef37600000,0x000000ef37700000)]
  0x00000268792c0800 JavaThread "Common-Cleaner" daemon [_thread_blocked, id=13220, stack(0x000000ef37700000,0x000000ef37800000)]
  0x0000026879330000 JavaThread "Service Thread" daemon [_thread_blocked, id=4604, stack(0x000000ef37800000,0x000000ef37900000)]
  0x000002687ab8e000 JavaThread "Daemon health stats" [_thread_blocked, id=6364, stack(0x000000ef37b00000,0x000000ef37c00000)]
  0x00000268791f9800 JavaThread "Incoming local TCP Connector on port 64012" [_thread_in_native, id=9880, stack(0x000000ef38000000,0x000000ef38100000)]
  0x00000268796f4800 JavaThread "Daemon periodic checks" [_thread_blocked, id=14572, stack(0x000000ef38100000,0x000000ef38200000)]
  0x000002687970c000 JavaThread "Daemon" [_thread_blocked, id=13084, stack(0x000000ef38200000,0x000000ef38300000)]
  0x000002687ae32000 JavaThread "Daemon worker" [_thread_blocked, id=12624, stack(0x000000ef38500000,0x000000ef38600000)]
  0x000002687acf7800 JavaThread "Cache worker for file hash cache (C:\Users\VuThiLanh\.gradle\caches\6.7.1\fileHashes)" [_thread_blocked, id=11740, stack(0x000000ef38900000,0x000000ef38a00000)]
  0x000002687acf9800 JavaThread "File lock request listener" [_thread_in_native, id=12484, stack(0x000000ef38a00000,0x000000ef38b00000)]
  0x000002687acfa800 JavaThread "Cache worker for journal cache (C:\Users\VuThiLanh\.gradle\caches\journal-1)" [_thread_blocked, id=10252, stack(0x000000ef38b00000,0x000000ef38c00000)]
  0x000002687bdaa800 JavaThread "Cache worker for execution history cache (C:\Users\VuThiLanh\.gradle\caches\6.7.1\executionHistory)" [_thread_blocked, id=8556, stack(0x000000ef3a500000,0x000000ef3a600000)]
  0x000002687bda5800 JavaThread "Cache worker for file content cache (C:\Users\VuThiLanh\.gradle\caches\6.7.1\fileContent)" [_thread_blocked, id=9484, stack(0x000000ef3a600000,0x000000ef3a700000)]
  0x00000268794ee000 JavaThread "Memory manager" [_thread_blocked, id=2644, stack(0x000000ef3fa00000,0x000000ef3fb00000)]
  0x00000268794f8000 JavaThread "Handler for socket connection from /127.0.0.1:64012 to /127.0.0.1:64049" [_thread_in_native, id=704, stack(0x000000ef36600000,0x000000ef36700000)]
  0x00000268794f4800 JavaThread "Cancel handler" [_thread_blocked, id=9508, stack(0x000000ef36700000,0x000000ef36800000)]
  0x00000268794f8800 JavaThread "Asynchronous log dispatcher for DefaultDaemonConnection: socket connection from /127.0.0.1:64012 to /127.0.0.1:64049" [_thread_blocked, id=11860, stack(0x000000ef36800000,0x000000ef36900000)]
  0x00000268794f7000 JavaThread "Thread-130" [_thread_blocked, id=392, stack(0x000000ef38400000,0x000000ef38500000)]
  0x000002687bda9000 JavaThread "Cache worker for file hash cache (E:\K7_MaNguonMo\1_BaiTapLon\Nhom14_AppBanSachTrenNenTangAndroid\.gradle\6.7.1\fileHashes)" [_thread_blocked, id=14392, stack(0x000000ef38600000,0x000000ef38700000)]
  0x000002687bdab800 JavaThread "Cache worker for checksums cache (E:\K7_MaNguonMo\1_BaiTapLon\Nhom14_AppBanSachTrenNenTangAndroid\.gradle\checksums)" [_thread_blocked, id=9368, stack(0x000000ef38700000,0x000000ef38800000)]
  0x000002687bda8000 JavaThread "Cache worker for cache directory md-supplier (C:\Users\VuThiLanh\.gradle\caches\6.7.1\md-supplier)" [_thread_blocked, id=2336, stack(0x000000ef38800000,0x000000ef38900000)]
  0x000002687bdac000 JavaThread "Cache worker for cache directory md-rule (C:\Users\VuThiLanh\.gradle\caches\6.7.1\md-rule)" [_thread_blocked, id=13496, stack(0x000000ef38c00000,0x000000ef38d00000)]
  0x000002687bda6800 JavaThread "Cache worker for Build Output Cleanup Cache (E:\K7_MaNguonMo\1_BaiTapLon\Nhom14_AppBanSachTrenNenTangAndroid\.gradle\buildOutputCleanup)" [_thread_blocked, id=9576, stack(0x000000ef3a200000,0x000000ef3a300000)]
  0x000002687b79f000 JavaThread "Build operations" [_thread_blocked, id=13452, stack(0x000000ef3a300000,0x000000ef3a400000)]
  0x000002687b7a0800 JavaThread "Build operations Thread 2" [_thread_blocked, id=68, stack(0x000000ef3a400000,0x000000ef3a500000)]
  0x000002687b7a0000 JavaThread "Build operations Thread 3" [_thread_blocked, id=4956, stack(0x000000ef3a700000,0x000000ef3a800000)]
  0x000002687acf9000 JavaThread "Build operations Thread 4" [_thread_blocked, id=6916, stack(0x000000ef3a800000,0x000000ef3a900000)]
  0x000002687fa28000 JavaThread "build event listener" [_thread_blocked, id=14556, stack(0x000000ef3a900000,0x000000ef3aa00000)]
  0x000002687fa27000 JavaThread "build event listener" [_thread_blocked, id=6956, stack(0x000000ef3aa00000,0x000000ef3ab00000)]
  0x000002687fa2a800 JavaThread "Execution worker for ':'" [_thread_blocked, id=11184, stack(0x000000ef3ab00000,0x000000ef3ac00000)]
  0x000002687fa2b000 JavaThread "Execution worker for ':' Thread 2" [_thread_blocked, id=10000, stack(0x000000ef3fb00000,0x000000ef3fc00000)]
  0x000002687fa2c000 JavaThread "Execution worker for ':' Thread 3" [_thread_blocked, id=4480, stack(0x000000ef3fc00000,0x000000ef3fd00000)]
  0x000002687fa29800 JavaThread "Cache worker for execution history cache (E:\K7_MaNguonMo\1_BaiTapLon\Nhom14_AppBanSachTrenNenTangAndroid\.gradle\6.7.1\executionHistory)" [_thread_blocked, id=9892, stack(0x000000ef3fd00000,0x000000ef3fe00000)]
  0x000002687fa26800 JavaThread "WorkerExecutor Queue" [_thread_blocked, id=13812, stack(0x000000ef3fe00000,0x000000ef3ff00000)]
  0x000002687fa28800 JavaThread "WorkerExecutor Queue Thread 2" [_thread_blocked, id=7080, stack(0x000000ef3ff00000,0x000000ef40000000)]
  0x000002687fcd6000 JavaThread "pool-7-thread-1" [_thread_blocked, id=4540, stack(0x000000ef40000000,0x000000ef40100000)]
  0x000002687fcd0800 JavaThread "stderr" [_thread_in_native, id=8236, stack(0x000000ef40100000,0x000000ef40200000)]
  0x000002687fcd2000 JavaThread "stdout" [_thread_in_native, id=14768, stack(0x000000ef40200000,0x000000ef40300000)]
  0x000002687fcd3800 JavaThread "Cache worker for Java compile cache (C:\Users\VuThiLanh\.gradle\caches\6.7.1\javaCompile)" [_thread_blocked, id=13712, stack(0x000000ef40300000,0x000000ef40400000)]
  0x000002687fcd4800 JavaThread "Cache worker for Java compile cache (E:\K7_MaNguonMo\1_BaiTapLon\Nhom14_AppBanSachTrenNenTangAndroid\.gradle\6.7.1\javaCompile)" [_thread_blocked, id=4364, stack(0x000000ef40400000,0x000000ef40500000)]

Other Threads:
=>0x00000268787bf800 VMThread "VM Thread" [stack: 0x000000ef36f00000,0x000000ef37000000] [id=9468]
  0x0000026879331000 WatcherThread [stack: 0x000000ef37900000,0x000000ef37a00000] [id=14944]
  0x000002685e674000 GCTaskThread "GC Thread#0" [stack: 0x000000ef36a00000,0x000000ef36b00000] [id=8196]
  0x0000026879ac3000 GCTaskThread "GC Thread#1" [stack: 0x000000ef37a00000,0x000000ef37b00000] [id=11532]
  0x000002687a6e7000 GCTaskThread "GC Thread#2" [stack: 0x000000ef37c00000,0x000000ef37d00000] [id=4392]
  0x000002687aed2800 GCTaskThread "GC Thread#3" [stack: 0x000000ef37d00000,0x000000ef37e00000] [id=11820]
  0x000002685e6a3000 ConcurrentGCThread "G1 Main Marker" [stack: 0x000000ef36b00000,0x000000ef36c00000] [id=5416]
  0x000002685e6a6000 ConcurrentGCThread "G1 Conc#0" [stack: 0x000000ef36c00000,0x000000ef36d00000] [id=8764]
  0x000002685e6fd000 ConcurrentGCThread "G1 Refine#0" [stack: 0x000000ef36d00000,0x000000ef36e00000] [id=6756]
  0x000002685e6fe000 ConcurrentGCThread "G1 Young RemSet Sampling" [stack: 0x000000ef36e00000,0x000000ef36f00000] [id=1796]

Threads with active compile tasks:
C2 CompilerThread0 146470 16624       4       org.apache.xerces.dom.DeferredDocumentImpl::ensureCapacity (358 bytes)

VM state:at safepoint (normal execution)

VM Mutex/Monitor currently owned by a thread:  ([mutex/lock_event])
[0x000002685e657660] Threads_lock - owner thread: 0x00000268787bf800
[0x000002685e656a00] Heap_lock - owner thread: 0x000002687ae32000

Heap address: 0x0000000080000000, size: 2048 MB, Compressed Oops mode: 32-bit
Narrow klass base: 0x0000000000000000, Narrow klass shift: 3
Compressed class space size: 1073741824 Address: 0x0000000100000000

Heap:
 garbage-first heap   total 388096K, used 225280K [0x0000000080000000, 0x0000000100000000)
  region size 1024K, 2 young (2048K), 2 survivors (2048K)
 Metaspace       used 126985K, capacity 130083K, committed 130300K, reserved 1163264K
  class space    used 15710K, capacity 16761K, committed 16768K, reserved 1048576K
Heap Regions: E=young(eden), S=young(survivor), O=old, HS=humongous(starts), HC=humongous(continues), CS=collection set, F=free, A=archive, TAMS=top-at-mark-start (previous, next)
|   0|0x0000000080000000, 0x0000000080100000, 0x0000000080100000|100%| O|  |TAMS 0x0000000080100000, 0x0000000080100000| Untracked 
|   1|0x0000000080100000, 0x0000000080200000, 0x0000000080200000|100%| O|  |TAMS 0x0000000080200000, 0x0000000080200000| Untracked 
|   2|0x0000000080200000, 0x0000000080300000, 0x0000000080300000|100%| O|  |TAMS 0x0000000080300000, 0x0000000080300000| Untracked 
|   3|0x0000000080300000, 0x0000000080400000, 0x0000000080400000|100%|HS|  |TAMS 0x0000000080400000, 0x0000000080400000| Complete 
|   4|0x0000000080400000, 0x0000000080500000, 0x0000000080500000|100%|HC|  |TAMS 0x0000000080500000, 0x0000000080500000| Complete 
|   5|0x0000000080500000, 0x0000000080600000, 0x0000000080600000|100%|HC|  |TAMS 0x0000000080600000, 0x0000000080600000| Complete 
|   6|0x0000000080600000, 0x0000000080700000, 0x0000000080700000|100%| O|  |TAMS 0x0000000080700000, 0x0000000080700000| Untracked 
|   7|0x0000000080700000, 0x0000000080800000, 0x0000000080800000|100%| O|  |TAMS 0x0000000080800000, 0x0000000080800000| Untracked 
|   8|0x0000000080800000, 0x0000000080900000, 0x0000000080900000|100%| O|  |TAMS 0x0000000080900000, 0x0000000080900000| Untracked 
|   9|0x0000000080900000, 0x0000000080a00000, 0x0000000080a00000|100%| O|  |TAMS 0x0000000080a00000, 0x0000000080a00000| Untracked 
|  10|0x0000000080a00000, 0x0000000080b00000, 0x0000000080b00000|100%| O|  |TAMS 0x0000000080b00000, 0x0000000080b00000| Untracked 
|  11|0x0000000080b00000, 0x0000000080c00000, 0x0000000080c00000|100%| O|  |TAMS 0x0000000080c00000, 0x0000000080c00000| Untracked 
|  12|0x0000000080c00000, 0x0000000080d00000, 0x0000000080d00000|100%| O|  |TAMS 0x0000000080d00000, 0x0000000080d00000| Untracked 
|  13|0x0000000080d00000, 0x0000000080e00000, 0x0000000080e00000|100%| O|  |TAMS 0x0000000080e00000, 0x0000000080e00000| Untracked 
|  14|0x0000000080e00000, 0x0000000080f00000, 0x0000000080f00000|100%| O|  |TAMS 0x0000000080f00000, 0x0000000080f00000| Untracked 
|  15|0x0000000080f00000, 0x0000000081000000, 0x0000000081000000|100%| O|  |TAMS 0x0000000081000000, 0x0000000081000000| Untracked 
|  16|0x0000000081000000, 0x0000000081100000, 0x0000000081100000|100%|HS|  |TAMS 0x0000000081100000, 0x0000000081100000| Complete 
|  17|0x0000000081100000, 0x0000000081200000, 0x0000000081200000|100%|HC|  |TAMS 0x0000000081200000, 0x0000000081200000| Complete 
|  18|0x0000000081200000, 0x0000000081300000, 0x0000000081300000|100%|HS|  |TAMS 0x0000000081300000, 0x0000000081300000| Complete 
|  19|0x0000000081300000, 0x0000000081400000, 0x0000000081400000|100%|HC|  |TAMS 0x0000000081400000, 0x0000000081400000| Complete 
|  20|0x0000000081400000, 0x0000000081500000, 0x0000000081500000|100%|HC|  |TAMS 0x0000000081500000, 0x0000000081500000| Complete 
|  21|0x0000000081500000, 0x0000000081600000, 0x0000000081600000|100%|HS|  |TAMS 0x0000000081600000, 0x0000000081600000| Complete 
|  22|0x0000000081600000, 0x0000000081700000, 0x0000000081700000|100%|HC|  |TAMS 0x0000000081700000, 0x0000000081700000| Complete 
|  23|0x0000000081700000, 0x0000000081800000, 0x0000000081800000|100%|HC|  |TAMS 0x0000000081800000, 0x0000000081800000| Complete 
|  24|0x0000000081800000, 0x0000000081900000, 0x0000000081900000|100%|HC|  |TAMS 0x0000000081900000, 0x0000000081900000| Complete 
|  25|0x0000000081900000, 0x0000000081a00000, 0x0000000081a00000|100%| O|  |TAMS 0x0000000081a00000, 0x0000000081a00000| Untracked 
|  26|0x0000000081a00000, 0x0000000081b00000, 0x0000000081b00000|100%| O|  |TAMS 0x0000000081b00000, 0x0000000081b00000| Untracked 
|  27|0x0000000081b00000, 0x0000000081c00000, 0x0000000081c00000|100%| O|  |TAMS 0x0000000081c00000, 0x0000000081c00000| Untracked 
|  28|0x0000000081c00000, 0x0000000081d00000, 0x0000000081d00000|100%| O|  |TAMS 0x0000000081d00000, 0x0000000081d00000| Untracked 
|  29|0x0000000081d00000, 0x0000000081e00000, 0x0000000081e00000|100%| O|  |TAMS 0x0000000081e00000, 0x0000000081e00000| Untracked 
|  30|0x0000000081e00000, 0x0000000081f00000, 0x0000000081f00000|100%| O|  |TAMS 0x0000000081f00000, 0x0000000081f00000| Untracked 
|  31|0x0000000081f00000, 0x0000000082000000, 0x0000000082000000|100%| O|  |TAMS 0x0000000082000000, 0x0000000082000000| Untracked 
|  32|0x0000000082000000, 0x0000000082100000, 0x0000000082100000|100%| O|  |TAMS 0x0000000082100000, 0x0000000082100000| Untracked 
|  33|0x0000000082100000, 0x0000000082200000, 0x0000000082200000|100%| O|  |TAMS 0x0000000082200000, 0x0000000082200000| Untracked 
|  34|0x0000000082200000, 0x0000000082300000, 0x0000000082300000|100%| O|  |TAMS 0x0000000082300000, 0x0000000082300000| Untracked 
|  35|0x0000000082300000, 0x0000000082400000, 0x0000000082400000|100%| O|  |TAMS 0x0000000082400000, 0x0000000082400000| Untracked 
|  36|0x0000000082400000, 0x0000000082500000, 0x0000000082500000|100%| O|  |TAMS 0x0000000082500000, 0x0000000082500000| Untracked 
|  37|0x0000000082500000, 0x0000000082600000, 0x0000000082600000|100%|HS|  |TAMS 0x0000000082600000, 0x0000000082600000| Complete 
|  38|0x0000000082600000, 0x0000000082700000, 0x0000000082700000|100%|HC|  |TAMS 0x0000000082700000, 0x0000000082700000| Complete 
|  39|0x0000000082700000, 0x0000000082800000, 0x0000000082800000|100%|HC|  |TAMS 0x0000000082800000, 0x0000000082800000| Complete 
|  40|0x0000000082800000, 0x0000000082900000, 0x0000000082900000|100%|HC|  |TAMS 0x0000000082900000, 0x0000000082900000| Complete 
|  41|0x0000000082900000, 0x0000000082a00000, 0x0000000082a00000|100%|HS|  |TAMS 0x0000000082a00000, 0x0000000082a00000| Complete 
|  42|0x0000000082a00000, 0x0000000082b00000, 0x0000000082b00000|100%|HC|  |TAMS 0x0000000082b00000, 0x0000000082b00000| Complete 
|  43|0x0000000082b00000, 0x0000000082c00000, 0x0000000082c00000|100%|HC|  |TAMS 0x0000000082c00000, 0x0000000082c00000| Complete 
|  44|0x0000000082c00000, 0x0000000082d00000, 0x0000000082d00000|100%| O|  |TAMS 0x0000000082d00000, 0x0000000082d00000| Untracked 
|  45|0x0000000082d00000, 0x0000000082e00000, 0x0000000082e00000|100%| O|  |TAMS 0x0000000082e00000, 0x0000000082e00000| Untracked 
|  46|0x0000000082e00000, 0x0000000082f00000, 0x0000000082f00000|100%| O|  |TAMS 0x0000000082f00000, 0x0000000082f00000| Untracked 
|  47|0x0000000082f00000, 0x0000000083000000, 0x0000000083000000|100%| O|  |TAMS 0x0000000083000000, 0x0000000083000000| Untracked 
|  48|0x0000000083000000, 0x0000000083100000, 0x0000000083100000|100%| O|  |TAMS 0x0000000083100000, 0x0000000083100000| Untracked 
|  49|0x0000000083100000, 0x0000000083200000, 0x0000000083200000|100%| O|  |TAMS 0x0000000083200000, 0x0000000083200000| Untracked 
|  50|0x0000000083200000, 0x0000000083300000, 0x0000000083300000|100%| O|  |TAMS 0x0000000083300000, 0x0000000083300000| Untracked 
|  51|0x0000000083300000, 0x0000000083400000, 0x0000000083400000|100%|HS|  |TAMS 0x0000000083400000, 0x0000000083400000| Complete 
|  52|0x0000000083400000, 0x0000000083500000, 0x0000000083500000|100%| O|  |TAMS 0x0000000083500000, 0x0000000083500000| Untracked 
|  53|0x0000000083500000, 0x0000000083600000, 0x0000000083600000|100%| O|  |TAMS 0x0000000083600000, 0x0000000083600000| Untracked 
|  54|0x0000000083600000, 0x0000000083700000, 0x0000000083700000|100%|HS|  |TAMS 0x0000000083700000, 0x0000000083700000| Complete 
|  55|0x0000000083700000, 0x0000000083800000, 0x0000000083800000|100%|HC|  |TAMS 0x0000000083800000, 0x0000000083800000| Complete 
|  56|0x0000000083800000, 0x0000000083900000, 0x0000000083900000|100%| O|  |TAMS 0x0000000083900000, 0x0000000083900000| Untracked 
|  57|0x0000000083900000, 0x0000000083a00000, 0x0000000083a00000|100%| O|  |TAMS 0x0000000083a00000, 0x0000000083a00000| Untracked 
|  58|0x0000000083a00000, 0x0000000083b00000, 0x0000000083b00000|100%| O|  |TAMS 0x0000000083b00000, 0x0000000083b00000| Untracked 
|  59|0x0000000083b00000, 0x0000000083c00000, 0x0000000083c00000|100%| O|  |TAMS 0x0000000083c00000, 0x0000000083c00000| Untracked 
|  60|0x0000000083c00000, 0x0000000083d00000, 0x0000000083d00000|100%| O|  |TAMS 0x0000000083d00000, 0x0000000083d00000| Untracked 
|  61|0x0000000083d00000, 0x0000000083e00000, 0x0000000083e00000|100%| O|  |TAMS 0x0000000083e00000, 0x0000000083e00000| Untracked 
|  62|0x0000000083e00000, 0x0000000083f00000, 0x0000000083f00000|100%| O|  |TAMS 0x0000000083f00000, 0x0000000083f00000| Untracked 
|  63|0x0000000083f00000, 0x0000000084000000, 0x0000000084000000|100%| O|  |TAMS 0x0000000084000000, 0x0000000084000000| Untracked 
|  64|0x0000000084000000, 0x0000000084100000, 0x0000000084100000|100%| O|  |TAMS 0x0000000084100000, 0x0000000084100000| Untracked 
|  65|0x0000000084100000, 0x0000000084200000, 0x0000000084200000|100%| O|  |TAMS 0x0000000084200000, 0x0000000084200000| Untracked 
|  66|0x0000000084200000, 0x0000000084300000, 0x0000000084300000|100%| O|  |TAMS 0x0000000084300000, 0x0000000084300000| Untracked 
|  67|0x0000000084300000, 0x0000000084400000, 0x0000000084400000|100%| O|  |TAMS 0x0000000084400000, 0x0000000084400000| Untracked 
|  68|0x0000000084400000, 0x0000000084500000, 0x0000000084500000|100%| O|  |TAMS 0x0000000084500000, 0x0000000084500000| Untracked 
|  69|0x0000000084500000, 0x0000000084600000, 0x0000000084600000|100%| O|  |TAMS 0x0000000084600000, 0x0000000084600000| Untracked 
|  70|0x0000000084600000, 0x0000000084700000, 0x0000000084700000|100%| O|  |TAMS 0x0000000084700000, 0x0000000084700000| Untracked 
|  71|0x0000000084700000, 0x0000000084800000, 0x0000000084800000|100%| O|  |TAMS 0x0000000084800000, 0x0000000084800000| Untracked 
|  72|0x0000000084800000, 0x0000000084900000, 0x0000000084900000|100%| O|  |TAMS 0x0000000084900000, 0x0000000084900000| Untracked 
|  73|0x0000000084900000, 0x0000000084a00000, 0x0000000084a00000|100%| O|  |TAMS 0x0000000084a00000, 0x0000000084a00000| Untracked 
|  74|0x0000000084a00000, 0x0000000084b00000, 0x0000000084b00000|100%| O|  |TAMS 0x0000000084b00000, 0x0000000084b00000| Untracked 
|  75|0x0000000084b00000, 0x0000000084c00000, 0x0000000084c00000|100%| O|  |TAMS 0x0000000084c00000, 0x0000000084c00000| Untracked 
|  76|0x0000000084c00000, 0x0000000084d00000, 0x0000000084d00000|100%| O|  |TAMS 0x0000000084d00000, 0x0000000084d00000| Untracked 
|  77|0x0000000084d00000, 0x0000000084e00000, 0x0000000084e00000|100%| O|  |TAMS 0x0000000084e00000, 0x0000000084e00000| Untracked 
|  78|0x0000000084e00000, 0x0000000084f00000, 0x0000000084f00000|100%| O|  |TAMS 0x0000000084f00000, 0x0000000084f00000| Untracked 
|  79|0x0000000084f00000, 0x0000000085000000, 0x0000000085000000|100%| O|  |TAMS 0x0000000085000000, 0x0000000085000000| Untracked 
|  80|0x0000000085000000, 0x0000000085100000, 0x0000000085100000|100%| O|  |TAMS 0x0000000085100000, 0x0000000085100000| Untracked 
|  81|0x0000000085100000, 0x0000000085200000, 0x0000000085200000|100%| O|  |TAMS 0x0000000085200000, 0x0000000085200000| Untracked 
|  82|0x0000000085200000, 0x0000000085300000, 0x0000000085300000|100%| O|  |TAMS 0x0000000085300000, 0x0000000085300000| Untracked 
|  83|0x0000000085300000, 0x0000000085400000, 0x0000000085400000|100%| O|  |TAMS 0x0000000085400000, 0x0000000085400000| Untracked 
|  84|0x0000000085400000, 0x0000000085500000, 0x0000000085500000|100%| O|  |TAMS 0x0000000085500000, 0x0000000085500000| Untracked 
|  85|0x0000000085500000, 0x0000000085600000, 0x0000000085600000|100%| O|  |TAMS 0x0000000085600000, 0x0000000085600000| Untracked 
|  86|0x0000000085600000, 0x0000000085700000, 0x0000000085700000|100%| O|  |TAMS 0x0000000085700000, 0x0000000085700000| Untracked 
|  87|0x0000000085700000, 0x0000000085800000, 0x0000000085800000|100%| O|  |TAMS 0x0000000085800000, 0x0000000085800000| Untracked 
|  88|0x0000000085800000, 0x0000000085900000, 0x0000000085900000|100%| O|  |TAMS 0x0000000085900000, 0x0000000085900000| Untracked 
|  89|0x0000000085900000, 0x0000000085a00000, 0x0000000085a00000|100%| O|  |TAMS 0x0000000085a00000, 0x0000000085a00000| Untracked 
|  90|0x0000000085a00000, 0x0000000085b00000, 0x0000000085b00000|100%| O|  |TAMS 0x0000000085b00000, 0x0000000085b00000| Untracked 
|  91|0x0000000085b00000, 0x0000000085c00000, 0x0000000085c00000|100%| O|  |TAMS 0x0000000085c00000, 0x0000000085c00000| Untracked 
|  92|0x0000000085c00000, 0x0000000085d00000, 0x0000000085d00000|100%| O|  |TAMS 0x0000000085d00000, 0x0000000085d00000| Untracked 
|  93|0x0000000085d00000, 0x0000000085e00000, 0x0000000085e00000|100%| O|  |TAMS 0x0000000085e00000, 0x0000000085e00000| Untracked 
|  94|0x0000000085e00000, 0x0000000085f00000, 0x0000000085f00000|100%| O|  |TAMS 0x0000000085e00000, 0x0000000085f00000| Untracked 
|  95|0x0000000085f00000, 0x0000000086000000, 0x0000000086000000|100%| O|  |TAMS 0x0000000086000000, 0x0000000086000000| Untracked 
|  96|0x0000000086000000, 0x0000000086100000, 0x0000000086100000|100%| O|  |TAMS 0x0000000086100000, 0x0000000086100000| Untracked 
|  97|0x0000000086100000, 0x0000000086200000, 0x0000000086200000|100%| O|  |TAMS 0x0000000086200000, 0x0000000086200000| Untracked 
|  98|0x0000000086200000, 0x0000000086300000, 0x0000000086300000|100%| O|  |TAMS 0x0000000086300000, 0x0000000086300000| Untracked 
|  99|0x0000000086300000, 0x0000000086400000, 0x0000000086400000|100%| O|  |TAMS 0x0000000086300000, 0x0000000086400000| Untracked 
| 100|0x0000000086400000, 0x0000000086500000, 0x0000000086500000|100%| O|  |TAMS 0x0000000086400000, 0x0000000086500000| Untracked 
| 101|0x0000000086500000, 0x0000000086600000, 0x0000000086600000|100%| O|  |TAMS 0x0000000086600000, 0x0000000086600000| Untracked 
| 102|0x0000000086600000, 0x0000000086700000, 0x0000000086700000|100%| O|  |TAMS 0x0000000086700000, 0x0000000086700000| Untracked 
| 103|0x0000000086700000, 0x0000000086800000, 0x0000000086800000|100%| O|  |TAMS 0x0000000086800000, 0x0000000086800000| Untracked 
| 104|0x0000000086800000, 0x0000000086900000, 0x0000000086900000|100%| O|  |TAMS 0x0000000086800000, 0x0000000086900000| Untracked 
| 105|0x0000000086900000, 0x0000000086a00000, 0x0000000086a00000|100%| O|  |TAMS 0x0000000086900000, 0x0000000086a00000| Untracked 
| 106|0x0000000086a00000, 0x0000000086b00000, 0x0000000086b00000|100%| O|  |TAMS 0x0000000086a00000, 0x0000000086b00000| Untracked 
| 107|0x0000000086b00000, 0x0000000086c00000, 0x0000000086c00000|100%| O|  |TAMS 0x0000000086b00000, 0x0000000086c00000| Untracked 
| 108|0x0000000086c00000, 0x0000000086d00000, 0x0000000086d00000|100%| O|  |TAMS 0x0000000086c00000, 0x0000000086d00000| Untracked 
| 109|0x0000000086d00000, 0x0000000086e00000, 0x0000000086e00000|100%| O|  |TAMS 0x0000000086d00000, 0x0000000086e00000| Untracked 
| 110|0x0000000086e00000, 0x0000000086f00000, 0x0000000086f00000|100%| O|  |TAMS 0x0000000086e00000, 0x0000000086f00000| Untracked 
| 111|0x0000000086f00000, 0x0000000087000000, 0x0000000087000000|100%| O|  |TAMS 0x0000000086f00000, 0x0000000087000000| Untracked 
| 112|0x0000000087000000, 0x0000000087100000, 0x0000000087100000|100%| O|  |TAMS 0x0000000087000000, 0x0000000087100000| Untracked 
| 113|0x0000000087100000, 0x0000000087200000, 0x0000000087200000|100%| O|  |TAMS 0x0000000087200000, 0x0000000087200000| Untracked 
| 114|0x0000000087200000, 0x0000000087300000, 0x0000000087300000|100%| O|  |TAMS 0x0000000087300000, 0x0000000087300000| Untracked 
| 115|0x0000000087300000, 0x0000000087400000, 0x0000000087400000|100%| O|  |TAMS 0x0000000087400000, 0x0000000087400000| Untracked 
| 116|0x0000000087400000, 0x0000000087500000, 0x0000000087500000|100%| O|  |TAMS 0x0000000087500000, 0x0000000087500000| Untracked 
| 117|0x0000000087500000, 0x0000000087600000, 0x0000000087600000|100%| O|  |TAMS 0x0000000087500000, 0x0000000087600000| Untracked 
| 118|0x0000000087600000, 0x0000000087700000, 0x0000000087700000|100%| O|  |TAMS 0x0000000087600000, 0x0000000087700000| Untracked 
| 119|0x0000000087700000, 0x0000000087800000, 0x0000000087800000|100%| O|  |TAMS 0x0000000087700000, 0x0000000087800000| Untracked 
| 120|0x0000000087800000, 0x0000000087900000, 0x0000000087900000|100%| O|  |TAMS 0x0000000087900000, 0x0000000087900000| Untracked 
| 121|0x0000000087900000, 0x0000000087a00000, 0x0000000087a00000|100%| O|  |TAMS 0x0000000087982c00, 0x0000000087a00000| Untracked 
| 122|0x0000000087a00000, 0x0000000087b00000, 0x0000000087b00000|100%|HS|  |TAMS 0x0000000087a00000, 0x0000000087b00000| Complete 
| 123|0x0000000087b00000, 0x0000000087c00000, 0x0000000087c00000|100%|HC|  |TAMS 0x0000000087b00000, 0x0000000087c00000| Complete 
| 124|0x0000000087c00000, 0x0000000087d00000, 0x0000000087d00000|100%| O|  |TAMS 0x0000000087c00000, 0x0000000087d00000| Untracked 
| 125|0x0000000087d00000, 0x0000000087e00000, 0x0000000087e00000|100%| O|  |TAMS 0x0000000087d00000, 0x0000000087e00000| Untracked 
| 126|0x0000000087e00000, 0x0000000087f00000, 0x0000000087f00000|100%| O|  |TAMS 0x0000000087e00000, 0x0000000087f00000| Untracked 
| 127|0x0000000087f00000, 0x0000000088000000, 0x0000000088000000|100%| O|  |TAMS 0x0000000088000000, 0x0000000088000000| Untracked 
| 128|0x0000000088000000, 0x0000000088100000, 0x0000000088100000|100%| O|  |TAMS 0x0000000088000000, 0x0000000088100000| Untracked 
| 129|0x0000000088100000, 0x0000000088200000, 0x0000000088200000|100%| O|  |TAMS 0x0000000088100000, 0x0000000088200000| Untracked 
| 130|0x0000000088200000, 0x0000000088300000, 0x0000000088300000|100%| O|  |TAMS 0x0000000088200000, 0x0000000088300000| Untracked 
| 131|0x0000000088300000, 0x0000000088400000, 0x0000000088400000|100%| O|  |TAMS 0x0000000088300000, 0x0000000088400000| Untracked 
| 132|0x0000000088400000, 0x0000000088500000, 0x0000000088500000|100%| O|  |TAMS 0x0000000088400000, 0x0000000088500000| Untracked 
| 133|0x0000000088500000, 0x0000000088600000, 0x0000000088600000|100%| O|  |TAMS 0x0000000088500000, 0x0000000088600000| Untracked 
| 134|0x0000000088600000, 0x0000000088700000, 0x0000000088700000|100%| O|  |TAMS 0x0000000088600000, 0x0000000088700000| Untracked 
| 135|0x0000000088700000, 0x0000000088800000, 0x0000000088800000|100%| O|  |TAMS 0x0000000088800000, 0x0000000088800000| Untracked 
| 136|0x0000000088800000, 0x0000000088900000, 0x0000000088900000|100%| O|  |TAMS 0x0000000088800000, 0x0000000088900000| Untracked 
| 137|0x0000000088900000, 0x0000000088a00000, 0x0000000088a00000|100%| O|  |TAMS 0x0000000088900000, 0x0000000088a00000| Untracked 
| 138|0x0000000088a00000, 0x0000000088b00000, 0x0000000088b00000|100%| O|  |TAMS 0x0000000088a00000, 0x0000000088b00000| Untracked 
| 139|0x0000000088b00000, 0x0000000088c00000, 0x0000000088c00000|100%| O|  |TAMS 0x0000000088b00000, 0x0000000088c00000| Untracked 
| 140|0x0000000088c00000, 0x0000000088d00000, 0x0000000088d00000|100%| O|  |TAMS 0x0000000088c00000, 0x0000000088d00000| Untracked 
| 141|0x0000000088d00000, 0x0000000088e00000, 0x0000000088e00000|100%| O|  |TAMS 0x0000000088d00000, 0x0000000088e00000| Untracked 
| 142|0x0000000088e00000, 0x0000000088f00000, 0x0000000088f00000|100%| O|  |TAMS 0x0000000088e00000, 0x0000000088f00000| Untracked 
| 143|0x0000000088f00000, 0x0000000089000000, 0x0000000089000000|100%| O|  |TAMS 0x0000000088f00000, 0x0000000089000000| Untracked 
| 144|0x0000000089000000, 0x0000000089100000, 0x0000000089100000|100%| O|  |TAMS 0x0000000089000000, 0x0000000089100000| Untracked 
| 145|0x0000000089100000, 0x0000000089200000, 0x0000000089200000|100%| O|  |TAMS 0x0000000089100000, 0x0000000089200000| Untracked 
| 146|0x0000000089200000, 0x0000000089300000, 0x0000000089300000|100%| O|  |TAMS 0x0000000089200000, 0x0000000089300000| Untracked 
| 147|0x0000000089300000, 0x0000000089400000, 0x0000000089400000|100%| O|  |TAMS 0x0000000089300000, 0x0000000089400000| Untracked 
| 148|0x0000000089400000, 0x0000000089500000, 0x0000000089500000|100%| O|  |TAMS 0x0000000089400000, 0x0000000089500000| Untracked 
| 149|0x0000000089500000, 0x0000000089600000, 0x0000000089600000|100%| O|  |TAMS 0x0000000089500000, 0x0000000089600000| Untracked 
| 150|0x0000000089600000, 0x0000000089700000, 0x0000000089700000|100%| O|  |TAMS 0x0000000089600000, 0x0000000089700000| Untracked 
| 151|0x0000000089700000, 0x0000000089800000, 0x0000000089800000|100%| O|  |TAMS 0x0000000089700000, 0x0000000089800000| Untracked 
| 152|0x0000000089800000, 0x0000000089900000, 0x0000000089900000|100%| O|  |TAMS 0x0000000089800000, 0x0000000089900000| Untracked 
| 153|0x0000000089900000, 0x0000000089a00000, 0x0000000089a00000|100%| O|  |TAMS 0x0000000089900000, 0x0000000089a00000| Untracked 
| 154|0x0000000089a00000, 0x0000000089b00000, 0x0000000089b00000|100%| O|  |TAMS 0x0000000089a00000, 0x0000000089b00000| Untracked 
| 155|0x0000000089b00000, 0x0000000089c00000, 0x0000000089c00000|100%| O|  |TAMS 0x0000000089b00000, 0x0000000089c00000| Untracked 
| 156|0x0000000089c00000, 0x0000000089d00000, 0x0000000089d00000|100%| O|  |TAMS 0x0000000089c00000, 0x0000000089d00000| Untracked 
| 157|0x0000000089d00000, 0x0000000089e00000, 0x0000000089e00000|100%| O|  |TAMS 0x0000000089d00000, 0x0000000089e00000| Untracked 
| 158|0x0000000089e00000, 0x0000000089f00000, 0x0000000089f00000|100%| O|  |TAMS 0x0000000089e00000, 0x0000000089f00000| Untracked 
| 159|0x0000000089f00000, 0x000000008a000000, 0x000000008a000000|100%| O|  |TAMS 0x0000000089f00000, 0x000000008a000000| Untracked 
| 160|0x000000008a000000, 0x000000008a100000, 0x000000008a100000|100%| O|  |TAMS 0x000000008a000000, 0x000000008a100000| Untracked 
| 161|0x000000008a100000, 0x000000008a200000, 0x000000008a200000|100%| O|  |TAMS 0x000000008a100000, 0x000000008a200000| Untracked 
| 162|0x000000008a200000, 0x000000008a300000, 0x000000008a300000|100%| O|  |TAMS 0x000000008a200000, 0x000000008a300000| Untracked 
| 163|0x000000008a300000, 0x000000008a400000, 0x000000008a400000|100%| O|  |TAMS 0x000000008a300000, 0x000000008a400000| Untracked 
| 164|0x000000008a400000, 0x000000008a500000, 0x000000008a500000|100%| O|  |TAMS 0x000000008a400000, 0x000000008a500000| Untracked 
| 165|0x000000008a500000, 0x000000008a600000, 0x000000008a600000|100%| O|  |TAMS 0x000000008a500000, 0x000000008a600000| Untracked 
| 166|0x000000008a600000, 0x000000008a700000, 0x000000008a700000|100%| O|  |TAMS 0x000000008a600000, 0x000000008a700000| Untracked 
| 167|0x000000008a700000, 0x000000008a800000, 0x000000008a800000|100%| O|  |TAMS 0x000000008a700000, 0x000000008a800000| Untracked 
| 168|0x000000008a800000, 0x000000008a900000, 0x000000008a900000|100%| O|  |TAMS 0x000000008a800000, 0x000000008a900000| Untracked 
| 169|0x000000008a900000, 0x000000008aa00000, 0x000000008aa00000|100%| O|  |TAMS 0x000000008a900000, 0x000000008aa00000| Untracked 
| 170|0x000000008aa00000, 0x000000008ab00000, 0x000000008ab00000|100%| O|  |TAMS 0x000000008aa00000, 0x000000008ab00000| Untracked 
| 171|0x000000008ab00000, 0x000000008ac00000, 0x000000008ac00000|100%| O|  |TAMS 0x000000008ab00000, 0x000000008ac00000| Untracked 
| 172|0x000000008ac00000, 0x000000008ad00000, 0x000000008ad00000|100%| O|  |TAMS 0x000000008ac00000, 0x000000008ad00000| Untracked 
| 173|0x000000008ad00000, 0x000000008ae00000, 0x000000008ae00000|100%| O|  |TAMS 0x000000008ad00000, 0x000000008ae00000| Untracked 
| 174|0x000000008ae00000, 0x000000008af00000, 0x000000008af00000|100%| O|  |TAMS 0x000000008ae00000, 0x000000008af00000| Untracked 
| 175|0x000000008af00000, 0x000000008b000000, 0x000000008b000000|100%| O|  |TAMS 0x000000008af00000, 0x000000008b000000| Untracked 
| 176|0x000000008b000000, 0x000000008b100000, 0x000000008b100000|100%| O|  |TAMS 0x000000008b000000, 0x000000008b100000| Untracked 
| 177|0x000000008b100000, 0x000000008b200000, 0x000000008b200000|100%| O|  |TAMS 0x000000008b100000, 0x000000008b200000| Untracked 
| 178|0x000000008b200000, 0x000000008b300000, 0x000000008b300000|100%| O|  |TAMS 0x000000008b200000, 0x000000008b300000| Untracked 
| 179|0x000000008b300000, 0x000000008b400000, 0x000000008b400000|100%| O|  |TAMS 0x000000008b300000, 0x000000008b400000| Untracked 
| 180|0x000000008b400000, 0x000000008b500000, 0x000000008b500000|100%| O|  |TAMS 0x000000008b400000, 0x000000008b500000| Untracked 
| 181|0x000000008b500000, 0x000000008b600000, 0x000000008b600000|100%| O|  |TAMS 0x000000008b500000, 0x000000008b600000| Untracked 
| 182|0x000000008b600000, 0x000000008b700000, 0x000000008b700000|100%| O|  |TAMS 0x000000008b600000, 0x000000008b600000| Untracked 
| 183|0x000000008b700000, 0x000000008b800000, 0x000000008b800000|100%| O|  |TAMS 0x000000008b700000, 0x000000008b700000| Untracked 
| 184|0x000000008b800000, 0x000000008b900000, 0x000000008b900000|100%| O|  |TAMS 0x000000008b800000, 0x000000008b800000| Untracked 
| 185|0x000000008b900000, 0x000000008ba00000, 0x000000008ba00000|100%| O|  |TAMS 0x000000008b900000, 0x000000008b900000| Untracked 
| 186|0x000000008ba00000, 0x000000008bb00000, 0x000000008bb00000|100%| O|  |TAMS 0x000000008ba00000, 0x000000008ba00000| Untracked 
| 187|0x000000008bb00000, 0x000000008bc00000, 0x000000008bc00000|100%| O|  |TAMS 0x000000008bb00000, 0x000000008bb00000| Untracked 
| 188|0x000000008bc00000, 0x000000008bd00000, 0x000000008bd00000|100%| O|  |TAMS 0x000000008bc00000, 0x000000008bc00000| Untracked 
| 189|0x000000008bd00000, 0x000000008be00000, 0x000000008be00000|100%| O|  |TAMS 0x000000008bd00000, 0x000000008bd00000| Untracked 
| 190|0x000000008be00000, 0x000000008bf00000, 0x000000008bf00000|100%| O|  |TAMS 0x000000008be00000, 0x000000008be00000| Untracked 
| 191|0x000000008bf00000, 0x000000008c000000, 0x000000008c000000|100%| O|  |TAMS 0x000000008bf00000, 0x000000008bf00000| Untracked 
| 192|0x000000008c000000, 0x000000008c100000, 0x000000008c100000|100%| O|  |TAMS 0x000000008c000000, 0x000000008c000000| Untracked 
| 193|0x000000008c100000, 0x000000008c200000, 0x000000008c200000|100%| O|  |TAMS 0x000000008c100000, 0x000000008c100000| Untracked 
| 194|0x000000008c200000, 0x000000008c300000, 0x000000008c300000|100%| O|  |TAMS 0x000000008c200000, 0x000000008c200000| Untracked 
| 195|0x000000008c300000, 0x000000008c400000, 0x000000008c400000|100%| O|  |TAMS 0x000000008c300000, 0x000000008c300000| Untracked 
| 196|0x000000008c400000, 0x000000008c500000, 0x000000008c500000|100%| O|  |TAMS 0x000000008c400000, 0x000000008c400000| Untracked 
| 197|0x000000008c500000, 0x000000008c600000, 0x000000008c600000|100%| O|  |TAMS 0x000000008c500000, 0x000000008c500000| Untracked 
| 198|0x000000008c600000, 0x000000008c700000, 0x000000008c700000|100%| O|  |TAMS 0x000000008c600000, 0x000000008c600000| Untracked 
| 199|0x000000008c700000, 0x000000008c800000, 0x000000008c800000|100%| O|  |TAMS 0x000000008c700000, 0x000000008c700000| Untracked 
| 200|0x000000008c800000, 0x000000008c900000, 0x000000008c900000|100%| O|  |TAMS 0x000000008c800000, 0x000000008c800000| Untracked 
| 201|0x000000008c900000, 0x000000008ca00000, 0x000000008ca00000|100%| O|  |TAMS 0x000000008c900000, 0x000000008c900000| Untracked 
| 202|0x000000008ca00000, 0x000000008cb00000, 0x000000008cb00000|100%| O|  |TAMS 0x000000008ca00000, 0x000000008ca00000| Untracked 
| 203|0x000000008cb00000, 0x000000008cc00000, 0x000000008cc00000|100%| O|  |TAMS 0x000000008cb00000, 0x000000008cb00000| Untracked 
| 204|0x000000008cc00000, 0x000000008cd00000, 0x000000008cd00000|100%| O|  |TAMS 0x000000008cc00000, 0x000000008cc00000| Untracked 
| 205|0x000000008cd00000, 0x000000008ce00000, 0x000000008ce00000|100%| O|  |TAMS 0x000000008cd00000, 0x000000008cd00000| Untracked 
| 206|0x000000008ce00000, 0x000000008cf00000, 0x000000008cf00000|100%| O|  |TAMS 0x000000008ce00000, 0x000000008ce00000| Untracked 
| 207|0x000000008cf00000, 0x000000008d000000, 0x000000008d000000|100%| O|  |TAMS 0x000000008cf00000, 0x000000008cf00000| Untracked 
| 208|0x000000008d000000, 0x000000008d100000, 0x000000008d100000|100%| O|  |TAMS 0x000000008d000000, 0x000000008d000000| Untracked 
| 209|0x000000008d100000, 0x000000008d200000, 0x000000008d200000|100%| O|  |TAMS 0x000000008d100000, 0x000000008d100000| Untracked 
| 210|0x000000008d200000, 0x000000008d300000, 0x000000008d300000|100%| O|  |TAMS 0x000000008d200000, 0x000000008d200000| Untracked 
| 211|0x000000008d300000, 0x000000008d400000, 0x000000008d400000|100%| O|  |TAMS 0x000000008d300000, 0x000000008d300000| Untracked 
| 212|0x000000008d400000, 0x000000008d500000, 0x000000008d500000|100%| O|  |TAMS 0x000000008d400000, 0x000000008d400000| Untracked 
| 213|0x000000008d500000, 0x000000008d600000, 0x000000008d600000|100%| O|  |TAMS 0x000000008d500000, 0x000000008d500000| Untracked 
| 214|0x000000008d600000, 0x000000008d700000, 0x000000008d700000|100%| O|  |TAMS 0x000000008d600000, 0x000000008d600000| Untracked 
| 215|0x000000008d700000, 0x000000008d800000, 0x000000008d800000|100%| O|  |TAMS 0x000000008d700000, 0x000000008d700000| Untracked 
| 216|0x000000008d800000, 0x000000008d900000, 0x000000008d900000|100%| O|  |TAMS 0x000000008d800000, 0x000000008d800000| Untracked 
| 217|0x000000008d900000, 0x000000008da00000, 0x000000008da00000|100%| O|  |TAMS 0x000000008d900000, 0x000000008d900000| Untracked 
| 218|0x000000008da00000, 0x000000008da00000, 0x000000008db00000|  0%| F|  |TAMS 0x000000008da00000, 0x000000008da00000| Untracked 
| 219|0x000000008db00000, 0x000000008db00000, 0x000000008dc00000|  0%| F|  |TAMS 0x000000008db00000, 0x000000008db00000| Untracked 
| 220|0x000000008dc00000, 0x000000008dc00000, 0x000000008dd00000|  0%| F|  |TAMS 0x000000008dc00000, 0x000000008dc00000| Untracked 
| 221|0x000000008dd00000, 0x000000008dd00000, 0x000000008de00000|  0%| F|  |TAMS 0x000000008dd00000, 0x000000008dd00000| Untracked 
| 222|0x000000008de00000, 0x000000008de00000, 0x000000008df00000|  0%| F|  |TAMS 0x000000008de00000, 0x000000008de00000| Untracked 
| 223|0x000000008df00000, 0x000000008df00000, 0x000000008e000000|  0%| F|  |TAMS 0x000000008df00000, 0x000000008df00000| Untracked 
| 224|0x000000008e000000, 0x000000008e000000, 0x000000008e100000|  0%| F|  |TAMS 0x000000008e000000, 0x000000008e000000| Untracked 
| 225|0x000000008e100000, 0x000000008e100000, 0x000000008e200000|  0%| F|  |TAMS 0x000000008e100000, 0x000000008e100000| Untracked 
| 226|0x000000008e200000, 0x000000008e200000, 0x000000008e300000|  0%| F|  |TAMS 0x000000008e200000, 0x000000008e200000| Untracked 
| 227|0x000000008e300000, 0x000000008e300000, 0x000000008e400000|  0%| F|  |TAMS 0x000000008e300000, 0x000000008e300000| Untracked 
| 228|0x000000008e400000, 0x000000008e400000, 0x000000008e500000|  0%| F|  |TAMS 0x000000008e400000, 0x000000008e400000| Untracked 
| 229|0x000000008e500000, 0x000000008e500000, 0x000000008e600000|  0%| F|  |TAMS 0x000000008e500000, 0x000000008e500000| Untracked 
| 230|0x000000008e600000, 0x000000008e600000, 0x000000008e700000|  0%| F|  |TAMS 0x000000008e600000, 0x000000008e600000| Untracked 
| 231|0x000000008e700000, 0x000000008e700000, 0x000000008e800000|  0%| F|  |TAMS 0x000000008e700000, 0x000000008e700000| Untracked 
| 232|0x000000008e800000, 0x000000008e800000, 0x000000008e900000|  0%| F|  |TAMS 0x000000008e800000, 0x000000008e800000| Untracked 
| 233|0x000000008e900000, 0x000000008e900000, 0x000000008ea00000|  0%| F|  |TAMS 0x000000008e900000, 0x000000008e900000| Untracked 
| 234|0x000000008ea00000, 0x000000008ea00000, 0x000000008eb00000|  0%| F|  |TAMS 0x000000008ea00000, 0x000000008ea00000| Untracked 
| 235|0x000000008eb00000, 0x000000008eb00000, 0x000000008ec00000|  0%| F|  |TAMS 0x000000008eb00000, 0x000000008eb00000| Untracked 
| 236|0x000000008ec00000, 0x000000008ec00000, 0x000000008ed00000|  0%| F|  |TAMS 0x000000008ec00000, 0x000000008ec00000| Untracked 
| 237|0x000000008ed00000, 0x000000008ed00000, 0x000000008ee00000|  0%| F|  |TAMS 0x000000008ed00000, 0x000000008ed00000| Untracked 
| 238|0x000000008ee00000, 0x000000008ee00000, 0x000000008ef00000|  0%| F|  |TAMS 0x000000008ee00000, 0x000000008ee00000| Untracked 
| 239|0x000000008ef00000, 0x000000008ef00000, 0x000000008f000000|  0%| F|  |TAMS 0x000000008ef00000, 0x000000008ef00000| Untracked 
| 240|0x000000008f000000, 0x000000008f000000, 0x000000008f100000|  0%| F|  |TAMS 0x000000008f000000, 0x000000008f000000| Untracked 
| 241|0x000000008f100000, 0x000000008f100000, 0x000000008f200000|  0%| F|  |TAMS 0x000000008f100000, 0x000000008f100000| Untracked 
| 242|0x000000008f200000, 0x000000008f200000, 0x000000008f300000|  0%| F|  |TAMS 0x000000008f200000, 0x000000008f200000| Untracked 
| 243|0x000000008f300000, 0x000000008f300000, 0x000000008f400000|  0%| F|  |TAMS 0x000000008f300000, 0x000000008f300000| Untracked 
| 244|0x000000008f400000, 0x000000008f400000, 0x000000008f500000|  0%| F|  |TAMS 0x000000008f400000, 0x000000008f400000| Untracked 
| 245|0x000000008f500000, 0x000000008f500000, 0x000000008f600000|  0%| F|  |TAMS 0x000000008f500000, 0x000000008f500000| Untracked 
| 246|0x000000008f600000, 0x000000008f600000, 0x000000008f700000|  0%| F|  |TAMS 0x000000008f600000, 0x000000008f600000| Untracked 
| 247|0x000000008f700000, 0x000000008f700000, 0x000000008f800000|  0%| F|  |TAMS 0x000000008f700000, 0x000000008f700000| Untracked 
| 248|0x000000008f800000, 0x000000008f800000, 0x000000008f900000|  0%| F|  |TAMS 0x000000008f800000, 0x000000008f800000| Untracked 
| 249|0x000000008f900000, 0x000000008f900000, 0x000000008fa00000|  0%| F|  |TAMS 0x000000008f900000, 0x000000008f900000| Untracked 
| 250|0x000000008fa00000, 0x000000008fa00000, 0x000000008fb00000|  0%| F|  |TAMS 0x000000008fa00000, 0x000000008fa00000| Untracked 
| 251|0x000000008fb00000, 0x000000008fc00000, 0x000000008fc00000|100%| S|CS|TAMS 0x000000008fb00000, 0x000000008fb00000| Complete 
| 252|0x000000008fc00000, 0x000000008fd00000, 0x000000008fd00000|100%| S|CS|TAMS 0x000000008fc00000, 0x000000008fc00000| Complete 
| 253|0x000000008fd00000, 0x000000008fd00000, 0x000000008fe00000|  0%| F|  |TAMS 0x000000008fd00000, 0x000000008fd00000| Untracked 
| 254|0x000000008fe00000, 0x000000008fe00000, 0x000000008ff00000|  0%| F|  |TAMS 0x000000008fe00000, 0x000000008fe00000| Untracked 
| 255|0x000000008ff00000, 0x000000008ff00000, 0x0000000090000000|  0%| F|  |TAMS 0x000000008ff00000, 0x000000008ff00000| Untracked 
| 256|0x0000000090000000, 0x0000000090000000, 0x0000000090100000|  0%| F|  |TAMS 0x0000000090000000, 0x0000000090000000| Untracked 
| 257|0x0000000090100000, 0x0000000090100000, 0x0000000090200000|  0%| F|  |TAMS 0x0000000090100000, 0x0000000090100000| Untracked 
| 258|0x0000000090200000, 0x0000000090200000, 0x0000000090300000|  0%| F|  |TAMS 0x0000000090200000, 0x0000000090200000| Untracked 
| 259|0x0000000090300000, 0x0000000090300000, 0x0000000090400000|  0%| F|  |TAMS 0x0000000090300000, 0x0000000090300000| Untracked 
| 260|0x0000000090400000, 0x0000000090400000, 0x0000000090500000|  0%| F|  |TAMS 0x0000000090400000, 0x0000000090400000| Untracked 
| 261|0x0000000090500000, 0x0000000090500000, 0x0000000090600000|  0%| F|  |TAMS 0x0000000090500000, 0x0000000090500000| Untracked 
| 262|0x0000000090600000, 0x0000000090600000, 0x0000000090700000|  0%| F|  |TAMS 0x0000000090600000, 0x0000000090600000| Untracked 
| 263|0x0000000090700000, 0x0000000090700000, 0x0000000090800000|  0%| F|  |TAMS 0x0000000090700000, 0x0000000090700000| Untracked 

Card table byte_map: [0x0000026871a10000,0x0000026871e10000] _byte_map_base: 0x0000026871610000

Marking Bits (Prev, Next): (CMBitMap*) 0x000002685e69a238, (CMBitMap*) 0x000002685e69a270
 Prev Bits: [0x0000026872210000, 0x0000026874210000)
 Next Bits: [0x0000026874210000, 0x0000026876210000)

Polling page: 0x000002685cdf0000

Metaspace:

Usage:
  Non-class:    110.67 MB capacity,   108.67 MB ( 98%) used,     1.68 MB (  2%) free+waste,   322.50 KB ( <1%) overhead. 
      Class:     16.37 MB capacity,    15.34 MB ( 94%) used,   905.42 KB (  5%) free+waste,   144.88 KB ( <1%) overhead. 
       Both:    127.03 MB capacity,   124.01 MB ( 98%) used,     2.57 MB (  2%) free+waste,   467.38 KB ( <1%) overhead. 

Virtual space:
  Non-class space:      112.00 MB reserved,     110.87 MB ( 99%) committed 
      Class space:        1.00 GB reserved,      16.38 MB (  2%) committed 
             Both:        1.11 GB reserved,     127.25 MB ( 11%) committed 

Chunk freelists:
   Non-Class:  18.00 KB
       Class:  7.00 KB
        Both:  25.00 KB

MaxMetaspaceSize: 17179869184.00 GB
CompressedClassSpaceSize: 1.00 GB

CodeHeap 'non-profiled nmethods': size=120064Kb used=9098Kb max_used=9098Kb free=110965Kb
 bounds [0x0000026869aa0000, 0x000002686a390000, 0x0000026870fe0000]
CodeHeap 'profiled nmethods': size=120000Kb used=30773Kb max_used=31885Kb free=89226Kb
 bounds [0x0000026862570000, 0x00000268644a0000, 0x0000026869aa0000]
CodeHeap 'non-nmethods': size=5696Kb used=2322Kb max_used=2372Kb free=3373Kb
 bounds [0x0000026861fe0000, 0x0000026862250000, 0x0000026862570000]
 total_blobs=15823 nmethods=14887 adapters=847
 compilation: enabled
              stopped_count=0, restarted_count=0
 full_count=0

Compilation events (20 events):
Event: 145.944 Thread 0x0000026879155000 nmethod 16379 0x0000026869e02590 code [0x0000026869e02720, 0x0000026869e027a8]
Event: 145.944 Thread 0x0000026879155000 16543       4       com.sun.tools.javac.util.Name::append (53 bytes)
Event: 145.951 Thread 0x0000026879155000 nmethod 16543 0x0000026869e01d90 code [0x0000026869e01f40, 0x0000026869e022a8]
Event: 145.951 Thread 0x0000026879155000 16540       4       com.sun.tools.javac.code.Type::containsAny (39 bytes)
Event: 145.955 Thread 0x0000026879155000 nmethod 16540 0x0000026869e01910 code [0x0000026869e01ac0, 0x0000026869e01c58]
Event: 145.955 Thread 0x0000026879155000 16582       4       com.sun.tools.javac.util.List::isEmpty (13 bytes)
Event: 145.956 Thread 0x0000026879155000 nmethod 16582 0x0000026869e01690 code [0x0000026869e01820, 0x0000026869e01898]
Event: 145.956 Thread 0x0000026879155000 16575       4       com.sun.tools.javac.code.Scope$ScopeImpl$2::<init> (73 bytes)
Event: 145.980 Thread 0x0000026879155000 nmethod 16575 0x0000026869eee510 code [0x0000026869eee6e0, 0x0000026869eeef28]
Event: 145.980 Thread 0x0000026879155000 16622 % !   4       org.apache.xerces.impl.XMLDocumentFragmentScannerImpl$FragmentContentDispatcher::dispatch @ 0 (1128 bytes)
Event: 145.981 Thread 0x0000026879159800 16623       3       org.apache.xerces.dom.DeferredDocumentImpl::ensureCapacity (358 bytes)
Event: 145.985 Thread 0x0000026879159800 nmethod 16623 0x0000026862ed2990 code [0x0000026862ed2e40, 0x0000026862ed6748]
Event: 146.127 Thread 0x0000026879155000 nmethod 16622% 0x000002686a383410 code [0x000002686a383900, 0x000002686a386850]
Event: 146.128 Thread 0x0000026879155000 16624       4       org.apache.xerces.dom.DeferredDocumentImpl::ensureCapacity (358 bytes)
Event: 146.243 Thread 0x0000026879159800 16629       3       org.apache.xerces.dom.DeferredDocumentImpl::getNodeObject (510 bytes)
Event: 146.247 Thread 0x0000026879159800 nmethod 16629 0x0000026862c8e590 code [0x0000026862c8eac0, 0x0000026862c91818]
Event: 146.247 Thread 0x0000026879159800 16630       3       org.apache.xerces.dom.DeferredDocumentImpl::getNodeExtra (49 bytes)
Event: 146.247 Thread 0x0000026879159800 nmethod 16630 0x0000026862bc6410 code [0x0000026862bc65e0, 0x0000026862bc68e8]
Event: 146.247 Thread 0x0000026879159800 16631       3       org.apache.xerces.dom.DeferredDocumentImpl::getNodeName (49 bytes)
Event: 146.248 Thread 0x0000026879159800 nmethod 16631 0x0000026862bd1d90 code [0x0000026862bd1f80, 0x0000026862bd2368]

GC Heap History (20 events):
Event: 125.579 GC heap after
{Heap after GC invocations=93 (full 0):
 garbage-first heap   total 270336K, used 125691K [0x0000000080000000, 0x0000000100000000)
  region size 1024K, 2 young (2048K), 2 survivors (2048K)
 Metaspace       used 109011K, capacity 111839K, committed 112124K, reserved 1146880K
  class space    used 13688K, capacity 14600K, committed 14720K, reserved 1048576K
}
Event: 127.139 GC heap before
{Heap before GC invocations=93 (full 0):
 garbage-first heap   total 270336K, used 145147K [0x0000000080000000, 0x0000000100000000)
  region size 1024K, 21 young (21504K), 2 survivors (2048K)
 Metaspace       used 109500K, capacity 112351K, committed 112636K, reserved 1146880K
  class space    used 13727K, capacity 14664K, committed 14720K, reserved 1048576K
}
Event: 127.154 GC heap after
{Heap after GC invocations=94 (full 0):
 garbage-first heap   total 270336K, used 127849K [0x0000000080000000, 0x0000000100000000)
  region size 1024K, 3 young (3072K), 3 survivors (3072K)
 Metaspace       used 109500K, capacity 112351K, committed 112636K, reserved 1146880K
  class space    used 13727K, capacity 14664K, committed 14720K, reserved 1048576K
}
Event: 127.372 GC heap before
{Heap before GC invocations=94 (full 0):
 garbage-first heap   total 270336K, used 155497K [0x0000000080000000, 0x0000000100000000)
  region size 1024K, 31 young (31744K), 3 survivors (3072K)
 Metaspace       used 109587K, capacity 112415K, committed 112636K, reserved 1146880K
  class space    used 13731K, capacity 14664K, committed 14720K, reserved 1048576K
}
Event: 127.388 GC heap after
{Heap after GC invocations=95 (full 0):
 garbage-first heap   total 270336K, used 128254K [0x0000000080000000, 0x0000000100000000)
  region size 1024K, 2 young (2048K), 2 survivors (2048K)
 Metaspace       used 109587K, capacity 112415K, committed 112636K, reserved 1146880K
  class space    used 13731K, capacity 14664K, committed 14720K, reserved 1048576K
}
Event: 131.932 GC heap before
{Heap before GC invocations=95 (full 0):
 garbage-first heap   total 270336K, used 164094K [0x0000000080000000, 0x0000000100000000)
  region size 1024K, 38 young (38912K), 2 survivors (2048K)
 Metaspace       used 111466K, capacity 114388K, committed 114428K, reserved 1148928K
  class space    used 13984K, capacity 14960K, committed 14976K, reserved 1048576K
}
Event: 131.956 GC heap after
{Heap after GC invocations=96 (full 0):
 garbage-first heap   total 270336K, used 129720K [0x0000000080000000, 0x0000000100000000)
  region size 1024K, 4 young (4096K), 4 survivors (4096K)
 Metaspace       used 111466K, capacity 114388K, committed 114428K, reserved 1148928K
  class space    used 13984K, capacity 14960K, committed 14976K, reserved 1048576K
}
Event: 135.828 GC heap before
{Heap before GC invocations=96 (full 0):
 garbage-first heap   total 270336K, used 174776K [0x0000000080000000, 0x0000000100000000)
  region size 1024K, 47 young (48128K), 4 survivors (4096K)
 Metaspace       used 116839K, capacity 119925K, committed 119932K, reserved 1153024K
  class space    used 14626K, capacity 15609K, committed 15616K, reserved 1048576K
}
Event: 135.884 GC heap after
{Heap after GC invocations=97 (full 0):
 garbage-first heap   total 270336K, used 139436K [0x0000000080000000, 0x0000000100000000)
  region size 1024K, 6 young (6144K), 6 survivors (6144K)
 Metaspace       used 116839K, capacity 119925K, committed 119932K, reserved 1153024K
  class space    used 14626K, capacity 15609K, committed 15616K, reserved 1048576K
}
Event: 137.682 GC heap before
{Heap before GC invocations=97 (full 0):
 garbage-first heap   total 270336K, used 185516K [0x0000000080000000, 0x0000000100000000)
  region size 1024K, 51 young (52224K), 6 survivors (6144K)
 Metaspace       used 120312K, capacity 123347K, committed 123388K, reserved 1157120K
  class space    used 14944K, capacity 15997K, committed 16000K, reserved 1048576K
}
Event: 137.737 GC heap after
{Heap after GC invocations=98 (full 0):
 garbage-first heap   total 270336K, used 145868K [0x0000000080000000, 0x0000000100000000)
  region size 1024K, 6 young (6144K), 6 survivors (6144K)
 Metaspace       used 120312K, capacity 123347K, committed 123388K, reserved 1157120K
  class space    used 14944K, capacity 15997K, committed 16000K, reserved 1048576K
}
Event: 138.769 GC heap before
{Heap before GC invocations=98 (full 0):
 garbage-first heap   total 270336K, used 197068K [0x0000000080000000, 0x0000000100000000)
  region size 1024K, 56 young (57344K), 6 survivors (6144K)
 Metaspace       used 121349K, capacity 124339K, committed 124540K, reserved 1157120K
  class space    used 15064K, capacity 16093K, committed 16128K, reserved 1048576K
}
Event: 139.065 GC heap after
{Heap after GC invocations=99 (full 0):
 garbage-first heap   total 270336K, used 182272K [0x0000000080000000, 0x0000000100000000)
  region size 1024K, 7 young (7168K), 7 survivors (7168K)
 Metaspace       used 121349K, capacity 124339K, committed 124540K, reserved 1157120K
  class space    used 15064K, capacity 16093K, committed 16128K, reserved 1048576K
}
Event: 142.596 GC heap before
{Heap before GC invocations=99 (full 0):
 garbage-first heap   total 270336K, used 211968K [0x0000000080000000, 0x0000000100000000)
  region size 1024K, 36 young (36864K), 7 survivors (7168K)
 Metaspace       used 123758K, capacity 126763K, committed 126972K, reserved 1159168K
  class space    used 15415K, capacity 16451K, committed 16512K, reserved 1048576K
}
Event: 143.012 GC heap after
{Heap after GC invocations=100 (full 0):
 garbage-first heap   total 270336K, used 191488K [0x0000000080000000, 0x0000000100000000)
  region size 1024K, 5 young (5120K), 5 survivors (5120K)
 Metaspace       used 123758K, capacity 126763K, committed 126972K, reserved 1159168K
  class space    used 15415K, capacity 16451K, committed 16512K, reserved 1048576K
}
Event: 145.403 GC heap before
{Heap before GC invocations=100 (full 0):
 garbage-first heap   total 270336K, used 218112K [0x0000000080000000, 0x0000000100000000)
  region size 1024K, 30 young (30720K), 5 survivors (5120K)
 Metaspace       used 126884K, capacity 130004K, committed 130044K, reserved 1163264K
  class space    used 15703K, capacity 16759K, committed 16768K, reserved 1048576K
}
Event: 145.447 GC heap after
{Heap after GC invocations=101 (full 0):
 garbage-first heap   total 270336K, used 195584K [0x0000000080000000, 0x0000000100000000)
  region size 1024K, 3 young (3072K), 3 survivors (3072K)
 Metaspace       used 126884K, capacity 130004K, committed 130044K, reserved 1163264K
  class space    used 15703K, capacity 16759K, committed 16768K, reserved 1048576K
}
Event: 146.179 GC heap before
{Heap before GC invocations=101 (full 0):
 garbage-first heap   total 270336K, used 221184K [0x0000000080000000, 0x0000000100000000)
  region size 1024K, 28 young (28672K), 3 survivors (3072K)
 Metaspace       used 126985K, capacity 130083K, committed 130300K, reserved 1163264K
  class space    used 15710K, capacity 16761K, committed 16768K, reserved 1048576K
}
Event: 146.237 GC heap after
{Heap after GC invocations=102 (full 0):
 garbage-first heap   total 270336K, used 216064K [0x0000000080000000, 0x0000000100000000)
  region size 1024K, 4 young (4096K), 4 survivors (4096K)
 Metaspace       used 126985K, capacity 130083K, committed 130300K, reserved 1163264K
  class space    used 15710K, capacity 16761K, committed 16768K, reserved 1048576K
}
Event: 146.318 GC heap before
{Heap before GC invocations=102 (full 0):
 garbage-first heap   total 270336K, used 226304K [0x0000000080000000, 0x0000000100000000)
  region size 1024K, 15 young (15360K), 4 survivors (4096K)
 Metaspace       used 126985K, capacity 130083K, committed 130300K, reserved 1163264K
  class space    used 15710K, capacity 16761K, committed 16768K, reserved 1048576K
}

Deoptimization events (20 events):
Event: 145.014 Thread 0x000002687ae32000 Uncommon trap: trap_request=0xffffff4d fr.pc=0x000002686a2c3eac relative=0x000000000000012c
Event: 145.014 Thread 0x000002687ae32000 Uncommon trap: reason=unstable_if action=reinterpret pc=0x000002686a2c3eac method=com.sun.tools.javac.parser.JavaTokenizer.readToken()Lcom/sun/tools/javac/parser/Tokens$Token; @ 39 c2
Event: 145.014 Thread 0x000002687ae32000 DEOPT PACKING pc=0x000002686a2c3eac sp=0x000000ef385f6f80
Event: 145.014 Thread 0x000002687ae32000 DEOPT UNPACKING pc=0x00000268620074af sp=0x000000ef385f6f68 mode 2
Event: 145.042 Thread 0x000002687ae32000 Uncommon trap: trap_request=0xffffff4d fr.pc=0x000002686a2d0260 relative=0x0000000000001760
Event: 145.042 Thread 0x000002687ae32000 Uncommon trap: reason=unstable_if action=reinterpret pc=0x000002686a2d0260 method=com.sun.tools.javac.parser.JavaTokenizer.scanIdent()V @ 15 c2
Event: 145.042 Thread 0x000002687ae32000 DEOPT PACKING pc=0x000002686a2d0260 sp=0x000000ef385f6490
Event: 145.042 Thread 0x000002687ae32000 DEOPT UNPACKING pc=0x00000268620074af sp=0x000000ef385f6488 mode 2
Event: 145.109 Thread 0x000002687ae32000 DEOPT PACKING pc=0x0000026862a4e5f9 sp=0x000000ef385f5f20
Event: 145.109 Thread 0x000002687ae32000 DEOPT UNPACKING pc=0x00000268620072ce sp=0x000000ef385f5438 mode 0
Event: 145.767 Thread 0x000002687ae32000 Uncommon trap: trap_request=0xffffff4d fr.pc=0x0000026869bebe0c relative=0x0000000000002e2c
Event: 145.767 Thread 0x000002687ae32000 Uncommon trap: reason=unstable_if action=reinterpret pc=0x0000026869bebe0c method=org.apache.xerces.dom.DeferredDocumentImpl.ensureCapacity(I)V @ 4 c2
Event: 145.767 Thread 0x000002687ae32000 DEOPT PACKING pc=0x0000026869bebe0c sp=0x000000ef385f6630
Event: 145.767 Thread 0x000002687ae32000 DEOPT UNPACKING pc=0x00000268620074af sp=0x000000ef385f65f8 mode 2
Event: 145.767 Thread 0x000002687ae32000 Uncommon trap: trap_request=0xffffffde fr.pc=0x000002686a34cd44 relative=0x0000000000003384
Event: 145.767 Thread 0x000002687ae32000 Uncommon trap: reason=class_check action=maybe_recompile pc=0x000002686a34cd44 method=org.apache.xerces.impl.XMLDocumentFragmentScannerImpl.scanStartElement()Z @ 309 c2
Event: 145.768 Thread 0x000002687ae32000 DEOPT PACKING pc=0x000002686a34cd44 sp=0x000000ef385f66a0
Event: 145.768 Thread 0x000002687ae32000 DEOPT UNPACKING pc=0x00000268620074af sp=0x000000ef385f6688 mode 2
Event: 146.136 Thread 0x000002687ae32000 DEOPT PACKING pc=0x000002686446bea0 sp=0x000000ef385f67c0
Event: 146.136 Thread 0x000002687ae32000 DEOPT UNPACKING pc=0x00000268620072ce sp=0x000000ef385f5d88 mode 0

Classes redefined (0 events):
No events

Internal exceptions (20 events):
Event: 144.606 Thread 0x000002687ae32000 Exception <a 'sun/nio/fs/WindowsException'{0x000000008f703210}> (0x000000008f703210) thrown at [./src/hotspot/share/prims/jni.cpp, line 615]
Event: 144.606 Thread 0x000002687ae32000 Exception <a 'sun/nio/fs/WindowsException'{0x000000008f706468}> (0x000000008f706468) thrown at [./src/hotspot/share/prims/jni.cpp, line 615]
Event: 144.606 Thread 0x000002687ae32000 Exception <a 'sun/nio/fs/WindowsException'{0x000000008f7065e8}> (0x000000008f7065e8) thrown at [./src/hotspot/share/prims/jni.cpp, line 615]
Event: 144.606 Thread 0x000002687ae32000 Exception <a 'sun/nio/fs/WindowsException'{0x000000008f709838}> (0x000000008f709838) thrown at [./src/hotspot/share/prims/jni.cpp, line 615]
Event: 144.622 Thread 0x000002687ae32000 Implicit null exception at 0x0000026869e212ac to 0x0000026869e212eb
Event: 144.623 Thread 0x000002687ae32000 Exception <a 'sun/nio/fs/WindowsException'{0x000000008f72b780}> (0x000000008f72b780) thrown at [./src/hotspot/share/prims/jni.cpp, line 615]
Event: 144.634 Thread 0x000002687ae32000 Exception <a 'sun/nio/fs/WindowsException'{0x000000008f749d00}> (0x000000008f749d00) thrown at [./src/hotspot/share/prims/jni.cpp, line 615]
Event: 144.646 Thread 0x000002687ae32000 Exception <a 'sun/nio/fs/WindowsException'{0x000000008f760cc8}> (0x000000008f760cc8) thrown at [./src/hotspot/share/prims/jni.cpp, line 615]
Event: 144.653 Thread 0x000002687ae32000 Exception <a 'sun/nio/fs/WindowsException'{0x000000008f77add0}> (0x000000008f77add0) thrown at [./src/hotspot/share/prims/jni.cpp, line 615]
Event: 144.663 Thread 0x000002687ae32000 Exception <a 'sun/nio/fs/WindowsException'{0x000000008f79c668}> (0x000000008f79c668) thrown at [./src/hotspot/share/prims/jni.cpp, line 615]
Event: 144.822 Thread 0x000002687ae32000 Exception <a 'sun/nio/fs/WindowsException'{0x000000008f6c3410}> (0x000000008f6c3410) thrown at [./src/hotspot/share/prims/jni.cpp, line 615]
Event: 144.823 Thread 0x000002687ae32000 Exception <a 'sun/nio/fs/WindowsException'{0x000000008f6c5010}> (0x000000008f6c5010) thrown at [./src/hotspot/share/prims/jni.cpp, line 615]
Event: 144.823 Thread 0x000002687ae32000 Exception <a 'sun/nio/fs/WindowsException'{0x000000008f6c6868}> (0x000000008f6c6868) thrown at [./src/hotspot/share/prims/jni.cpp, line 615]
Event: 144.823 Thread 0x000002687ae32000 Exception <a 'sun/nio/fs/WindowsException'{0x000000008f6c82f0}> (0x000000008f6c82f0) thrown at [./src/hotspot/share/prims/jni.cpp, line 615]
Event: 144.823 Thread 0x000002687ae32000 Exception <a 'sun/nio/fs/WindowsException'{0x000000008f6c84a0}> (0x000000008f6c84a0) thrown at [./src/hotspot/share/prims/jni.cpp, line 615]
Event: 144.824 Thread 0x000002687ae32000 Exception <a 'sun/nio/fs/WindowsException'{0x000000008f6cb728}> (0x000000008f6cb728) thrown at [./src/hotspot/share/prims/jni.cpp, line 615]
Event: 144.831 Thread 0x000002687ae32000 Exception <a 'sun/nio/fs/WindowsException'{0x000000008f6d6988}> (0x000000008f6d6988) thrown at [./src/hotspot/share/prims/jni.cpp, line 615]
Event: 144.949 Thread 0x000002687ae32000 Exception <a 'sun/nio/fs/WindowsException'{0x000000008f463de0}> (0x000000008f463de0) thrown at [./src/hotspot/share/prims/jni.cpp, line 615]
Event: 144.970 Thread 0x000002687ae32000 Exception <a 'sun/nio/fs/WindowsException'{0x000000008f485ac8}> (0x000000008f485ac8) thrown at [./src/hotspot/share/prims/jni.cpp, line 615]
Event: 145.767 Thread 0x000002687ae32000 Implicit null exception at 0x0000026869be9015 to 0x0000026869bebdf2

Events (20 events):
Event: 144.932 loading class com/squareup/javapoet/LineWrapper$1 done
Event: 144.955 loading class android/databinding/tool/writer/MergedBindingMapperWriter
Event: 144.955 loading class android/databinding/tool/writer/MergedBindingMapperWriter done
Event: 144.964 loading class android/databinding/tool/writer/MergedBindingMapperWriter$Companion
Event: 144.964 loading class android/databinding/tool/writer/MergedBindingMapperWriter$Companion done
Event: 145.002 loading class com/sun/tools/javac/code/Symtab
Event: 145.002 loading class com/sun/tools/javac/code/Symtab done
Event: 145.236 Executing VM operation: G1CollectForAllocation
Event: 145.447 Executing VM operation: G1CollectForAllocation done
Event: 145.633 loading class com/sun/tools/javac/code/Type
Event: 145.633 loading class com/sun/tools/javac/code/Type done
Event: 145.633 loading class com/sun/tools/javac/comp/Resolve
Event: 145.633 loading class com/sun/tools/javac/comp/Resolve done
Event: 145.640 loading class com/sun/tools/javac/code/Type
Event: 145.640 loading class com/sun/tools/javac/code/Type done
Event: 145.642 loading class com/sun/tools/javac/code/Type
Event: 145.642 loading class com/sun/tools/javac/code/Type done
Event: 146.176 Executing VM operation: G1CollectForAllocation
Event: 146.237 Executing VM operation: G1CollectForAllocation done
Event: 146.316 Executing VM operation: G1CollectForAllocation


Dynamic libraries:
0x00007ff7413f0000 - 0x00007ff7413fa000 	C:\Program Files\Android\Android Studio1\jre\bin\java.exe
0x00007ffadc690000 - 0x00007ffadc885000 	C:\Windows\SYSTEM32\ntdll.dll
0x00007ffadbbb0000 - 0x00007ffadbc6e000 	C:\Windows\System32\KERNEL32.DLL
0x00007ffada410000 - 0x00007ffada6d8000 	C:\Windows\System32\KERNELBASE.dll
0x00007ffad9f00000 - 0x00007ffada000000 	C:\Windows\System32\ucrtbase.dll
0x00007ffad3cb0000 - 0x00007ffad3cc9000 	C:\Program Files\Android\Android Studio1\jre\bin\jli.dll
0x00007ffad3c90000 - 0x00007ffad3ca7000 	C:\Program Files\Android\Android Studio1\jre\bin\VCRUNTIME140.dll
0x00007ffada770000 - 0x00007ffada911000 	C:\Windows\System32\USER32.dll
0x00007ffada3e0000 - 0x00007ffada402000 	C:\Windows\System32\win32u.dll
0x00007ffada6e0000 - 0x00007ffada70b000 	C:\Windows\System32\GDI32.dll
0x00007ffada0e0000 - 0x00007ffada1eb000 	C:\Windows\System32\gdi32full.dll
0x00007ffad9db0000 - 0x00007ffad9e4d000 	C:\Windows\System32\msvcp_win.dll
0x00007ffac8710000 - 0x00007ffac89aa000 	C:\Windows\WinSxS\amd64_microsoft.windows.common-controls_6595b64144ccf1df_6.0.19041.1110_none_60b5254171f9507e\COMCTL32.dll
0x00007ffadb5a0000 - 0x00007ffadb63e000 	C:\Windows\System32\msvcrt.dll
0x00007ffadbc70000 - 0x00007ffadbca0000 	C:\Windows\System32\IMM32.DLL
0x00007ffaa7b60000 - 0x00007ffaa7bfd000 	C:\Program Files\Android\Android Studio1\jre\bin\msvcp140.dll
0x00007ffa96300000 - 0x00007ffa96dbc000 	C:\Program Files\Android\Android Studio1\jre\bin\server\jvm.dll
0x00007ffadac10000 - 0x00007ffadacbc000 	C:\Windows\System32\ADVAPI32.dll
0x00007ffadbfc0000 - 0x00007ffadc05b000 	C:\Windows\System32\sechost.dll
0x00007ffadbe20000 - 0x00007ffadbf4a000 	C:\Windows\System32\RPCRT4.dll
0x00007ffadae50000 - 0x00007ffadae58000 	C:\Windows\System32\PSAPI.DLL
0x00007ffac4580000 - 0x00007ffac4589000 	C:\Windows\SYSTEM32\WSOCK32.dll
0x00007ffadbf50000 - 0x00007ffadbfbb000 	C:\Windows\System32\WS2_32.dll
0x00007ffac5c80000 - 0x00007ffac5ca7000 	C:\Windows\SYSTEM32\WINMM.dll
0x00007ffad2860000 - 0x00007ffad286a000 	C:\Windows\SYSTEM32\VERSION.dll
0x00007ffad8630000 - 0x00007ffad8642000 	C:\Windows\SYSTEM32\kernel.appcore.dll
0x00007ffad1f00000 - 0x00007ffad1f11000 	C:\Program Files\Android\Android Studio1\jre\bin\verify.dll
0x00007ffad8340000 - 0x00007ffad8524000 	C:\Windows\SYSTEM32\DBGHELP.DLL
0x00007ffac9300000 - 0x00007ffac932c000 	C:\Windows\SYSTEM32\dbgcore.DLL
0x00007ffada050000 - 0x00007ffada0d3000 	C:\Windows\System32\bcryptPrimitives.dll
0x00007ffaba500000 - 0x00007ffaba529000 	C:\Program Files\Android\Android Studio1\jre\bin\java.dll
0x00007ffad1ef0000 - 0x00007ffad1efb000 	C:\Program Files\Android\Android Studio1\jre\bin\jimage.dll
0x00007ffab2f20000 - 0x00007ffab2f38000 	C:\Program Files\Android\Android Studio1\jre\bin\zip.dll
0x00007ffadae60000 - 0x00007ffadb59f000 	C:\Windows\System32\SHELL32.dll
0x00007ffad7ae0000 - 0x00007ffad8270000 	C:\Windows\SYSTEM32\windows.storage.dll
0x00007ffadb710000 - 0x00007ffadba65000 	C:\Windows\System32\combase.dll
0x00007ffad9730000 - 0x00007ffad975e000 	C:\Windows\SYSTEM32\Wldp.dll
0x00007ffadada0000 - 0x00007ffadae4d000 	C:\Windows\System32\SHCORE.dll
0x00007ffadc060000 - 0x00007ffadc0b5000 	C:\Windows\System32\shlwapi.dll
0x00007ffad9cf0000 - 0x00007ffad9d0f000 	C:\Windows\SYSTEM32\profapi.dll
0x00007ffab2f00000 - 0x00007ffab2f1a000 	C:\Program Files\Android\Android Studio1\jre\bin\net.dll
0x00007ffacadc0000 - 0x00007ffacaecc000 	C:\Windows\SYSTEM32\WINHTTP.dll
0x00007ffad9490000 - 0x00007ffad94fa000 	C:\Windows\system32\mswsock.dll
0x00007ffaae8b0000 - 0x00007ffaae8c4000 	C:\Program Files\Android\Android Studio1\jre\bin\nio.dll
0x00007ffac5490000 - 0x00007ffac54b7000 	C:\Users\VuThiLanh\.gradle\native\fdc75f09e3144964f2cf3f50f0aa648679c211496f362492102eb8c894070792\windows-amd64\native-platform.dll
0x00007ffa9b500000 - 0x00007ffa9b696000 	C:\Users\VuThiLanh\.gradle\native\12488b8bf47d2d4c9fbf2f6322a914ad602e24e48041cd04a747c6da556b65c4\windows-amd64\native-platform-file-events.dll
0x00007ffad1c60000 - 0x00007ffad1c6a000 	C:\Program Files\Android\Android Studio1\jre\bin\management.dll
0x00007ffac70f0000 - 0x00007ffac70fc000 	C:\Program Files\Android\Android Studio1\jre\bin\management_ext.dll
0x00007ffad9680000 - 0x00007ffad9698000 	C:\Windows\SYSTEM32\CRYPTSP.dll
0x00007ffad8e10000 - 0x00007ffad8e44000 	C:\Windows\system32\rsaenh.dll
0x00007ffada1f0000 - 0x00007ffada217000 	C:\Windows\System32\bcrypt.dll
0x00007ffad9cb0000 - 0x00007ffad9cde000 	C:\Windows\SYSTEM32\USERENV.dll
0x00007ffad96a0000 - 0x00007ffad96ac000 	C:\Windows\SYSTEM32\CRYPTBASE.dll
0x00007ffad9180000 - 0x00007ffad91bb000 	C:\Windows\SYSTEM32\IPHLPAPI.DLL
0x00007ffadbe10000 - 0x00007ffadbe18000 	C:\Windows\System32\NSI.dll
0x00007ffacdf40000 - 0x00007ffacdf57000 	C:\Windows\SYSTEM32\dhcpcsvc6.DLL
0x00007ffad1190000 - 0x00007ffad11ad000 	C:\Windows\SYSTEM32\dhcpcsvc.DLL
0x00007ffad91c0000 - 0x00007ffad928b000 	C:\Windows\SYSTEM32\DNSAPI.dll
0x00007ffad1750000 - 0x00007ffad175b000 	C:\Windows\SYSTEM32\WINNSI.DLL

dbghelp: loaded successfully - version: 4.0.5 - missing functions: none
symbol engine: initialized successfully - sym options: 0x614 - pdb path: .;C:\Program Files\Android\Android Studio1\jre\bin;C:\Windows\SYSTEM32;C:\Windows\WinSxS\amd64_microsoft.windows.common-controls_6595b64144ccf1df_6.0.19041.1110_none_60b5254171f9507e;C:\Program Files\Android\Android Studio1\jre\bin\server;C:\Users\VuThiLanh\.gradle\native\fdc75f09e3144964f2cf3f50f0aa648679c211496f362492102eb8c894070792\windows-amd64;C:\Users\VuThiLanh\.gradle\native\12488b8bf47d2d4c9fbf2f6322a914ad602e24e48041cd04a747c6da556b65c4\windows-amd64

VM Arguments:
jvm_args: --add-opens=java.base/java.util=ALL-UNNAMED --add-opens=java.base/java.lang=ALL-UNNAMED --add-opens=java.base/java.lang.invoke=ALL-UNNAMED --add-opens=java.prefs/java.util.prefs=ALL-UNNAMED -Xmx2048m -Dfile.encoding=UTF-8 -Duser.country=US -Duser.language=en -Duser.variant 
java_command: org.gradle.launcher.daemon.bootstrap.GradleDaemon 6.7.1
java_class_path (initial): C:\Users\VuThiLanh\.gradle\wrapper\dists\gradle-6.7.1-bin\bwlcbys1h7rz3272sye1xwiv6\gradle-6.7.1\lib\gradle-launcher-6.7.1.jar
Launcher Type: SUN_STANDARD

[Global flags]
     intx CICompilerCount                          = 3                                         {product} {ergonomic}
     uint ConcGCThreads                            = 1                                         {product} {ergonomic}
     uint G1ConcRefinementThreads                  = 4                                         {product} {ergonomic}
   size_t G1HeapRegionSize                         = 1048576                                   {product} {ergonomic}
    uintx GCDrainStackTargetSize                   = 64                                        {product} {ergonomic}
   size_t InitialHeapSize                          = 65011712                                  {product} {ergonomic}
   size_t MarkStackSize                            = 4194304                                   {product} {ergonomic}
   size_t MaxHeapSize                              = 2147483648                                {product} {command line}
   size_t MaxNewSize                               = 1287651328                                {product} {ergonomic}
   size_t MinHeapDeltaBytes                        = 1048576                                   {product} {ergonomic}
    uintx NonNMethodCodeHeapSize                   = 5830732                                {pd product} {ergonomic}
    uintx NonProfiledCodeHeapSize                  = 122913754                              {pd product} {ergonomic}
    uintx ProfiledCodeHeapSize                     = 122913754                              {pd product} {ergonomic}
    uintx ReservedCodeCacheSize                    = 251658240                              {pd product} {ergonomic}
     bool SegmentedCodeCache                       = true                                      {product} {ergonomic}
     bool UseCompressedClassPointers               = true                                 {lp64_product} {ergonomic}
     bool UseCompressedOops                        = true                                 {lp64_product} {ergonomic}
     bool UseG1GC                                  = true                                      {product} {ergonomic}
     bool UseLargePagesIndividualAllocation        = false                                  {pd product} {ergonomic}

Logging:
Log output configuration:
 #0: stdout all=warning uptime,level,tags
 #1: stderr all=off uptime,level,tags

Environment Variables:
PATH=C:\Program Files\Common Files\Oracle\Java\javapath;C:\Windows\system32;C:\Windows;C:\Windows\System32\Wbem;C:\Windows\System32\WindowsPowerShell\v1.0\;C:\Windows\System32\OpenSSH\;C:\Program Files\Microsoft SQL Server\Client SDK\ODBC\170\Tools\Binn\;C:\Program Files (x86)\Microsoft SQL Server\150\Tools\Binn\;C:\Program Files\Microsoft SQL Server\150\Tools\Binn\;C:\Program Files\Microsoft SQL Server\150\DTS\Binn\;C:\Program Files (x86)\Microsoft SQL Server\150\DTS\Binn\;C:\Program Files\Azure Data Studio\bin;C:\Program Files\Microsoft SQL Server\130\Tools\Binn\;C:\Program Files\Git\cmd;C:\Program Files (x86)\Rational\common;C:\Program Files\dotnet\;C:\Users\VuThiLanh\AppData\Local\Microsoft\WindowsApps;C:\Program Files\Azure Data Studio\bin;C:\Users\VuThiLanh\.dotnet\tools;C:\Users\VuThiLanh\AppData\Local\GitHubDesktop\bin
USERNAME=VuThiLanh
OS=Windows_NT
PROCESSOR_IDENTIFIER=Intel64 Family 6 Model 142 Stepping 9, GenuineIntel



---------------  S Y S T E M  ---------------

OS: Windows 10 , 64 bit Build 19041 (10.0.19041.1348)
OS uptime: 2 days 11:00 hours

CPU:total 4 (initial active 4) (2 cores per cpu, 2 threads per core) family 6 model 142 stepping 9, cmov, cx8, fxsr, mmx, sse, sse2, sse3, ssse3, sse4.1, sse4.2, popcnt, avx, avx2, aes, clmul, erms, 3dnowpref, lzcnt, ht, tsc, tscinvbit, bmi1, bmi2, adx, fma

Memory: 4k page, system-wide physical 3961M (210M free)
TotalPageFile size 12057M (AvailPageFile size 41M)
current process WorkingSet (physical memory assigned to process): 350M, peak: 351M
current process commit charge ("private bytes"): 605M, peak: 720M

vm_info: OpenJDK 64-Bit Server VM (11.0.8+10-b944.6842174) for windows-amd64 JRE (11.0.8+10-b944.6842174), built on Sep 19 2020 01:11:42 by "builder" with MS VC++ 14.0 (VS2015)

END.
