#
# There is insufficient memory for the Java Runtime Environment to continue.
# Native memory allocation (mmap) failed to map 111149056 bytes for Failed to commit area from 0x0000000092200000 to 0x0000000098c00000 of length 111149056.
# Possible reasons:
#   The system is out of physical RAM or swap space
#   The process is running with CompressedOops enabled, and the Java Heap may be blocking the growth of the native heap
# Possible solutions:
#   Reduce memory load on the system
#   Increase physical memory or swap space
#   Check if swap backing store is full
#   Decrease Java heap size (-Xmx/-Xms)
#   Decrease number of Java threads
#   Decrease Java thread stack sizes (-Xss)
#   Set larger code cache with -XX:ReservedCodeCacheSize=
#   JVM is running with Unscaled Compressed Oops mode in which the Java heap is
#     placed in the first 4GB address space. The Java Heap base address is the
#     maximum limit for the native heap growth. Please use -XX:HeapBaseMinAddress
#     to set the Java Heap base and to place the Java Heap above 4GB virtual address.
# This output file may be truncated or incomplete.
#
#  Out of Memory Error (./src/hotspot/os/windows/os_windows.cpp:3303), pid=12856, tid=5208
#
# JRE version: OpenJDK Runtime Environment (11.0.8+10) (build 11.0.8+10-b944.6842174)
# Java VM: OpenJDK 64-Bit Server VM (11.0.8+10-b944.6842174, mixed mode, tiered, compressed oops, g1 gc, windows-amd64)
# No core dump will be written. Minidumps are not enabled by default on client versions of Windows
#

---------------  S U M M A R Y ------------

Command Line: --add-opens=java.base/java.util=ALL-UNNAMED --add-opens=java.base/java.lang=ALL-UNNAMED --add-opens=java.base/java.lang.invoke=ALL-UNNAMED --add-opens=java.prefs/java.util.prefs=ALL-UNNAMED -Xmx2048m -Dfile.encoding=UTF-8 -Duser.country=US -Duser.language=en -Duser.variant org.gradle.launcher.daemon.bootstrap.GradleDaemon 6.7.1

Host: Intel(R) Core(TM) i3-7020U CPU @ 2.30GHz, 4 cores, 3G,  Windows 10 , 64 bit Build 19041 (10.0.19041.1348)
Time: Tue Nov 23 21:22:04 2021 SE Asia Standard Time elapsed time: 91 seconds (0d 0h 1m 31s)

---------------  T H R E A D  ---------------

Current thread (0x000001f53bbe2000):  VMThread "VM Thread" [stack: 0x0000006a87400000,0x0000006a87500000] [id=5208]

Stack: [0x0000006a87400000,0x0000006a87500000]
[error occurred during error reporting (printing stack bounds), id 0xc0000005, EXCEPTION_ACCESS_VIOLATION (0xc0000005) at pc=0x000001f5253a0dad]

Native frames: (J=compiled Java code, j=interpreted, Vv=VM code, C=native code)
V  [jvm.dll+0x5de50a]
V  [jvm.dll+0x7122f5]
V  [jvm.dll+0x71384d]
V  [jvm.dll+0x713e65]
V  [jvm.dll+0x713e1b]
V  [jvm.dll+0x5dd958]
V  [jvm.dll+0x5de0f8]
C  [ntdll.dll+0xa20cf]
C  [ntdll.dll+0x51454]
C  [ntdll.dll+0xa0bfe]
C  0x000001f5253a0dad

VM_Operation (0x0000006a890fe470): G1CollectForAllocation, mode: safepoint, requested by thread 0x000001f53c6cb000


---------------  P R O C E S S  ---------------

Threads class SMR info:
_java_thread_list=0x000001f53eb94560, length=141, elements={
0x000001f521a0b800, 0x000001f53bbeb800, 0x000001f53bbf7000, 0x000001f53bc41800,
0x000001f53bc43000, 0x000001f53bc46000, 0x000001f53bc49000, 0x000001f53c5c0000,
0x000001f53c6bd000, 0x000001f53c6ef000, 0x000001f53de68000, 0x000001f53ddab800,
0x000001f53eac9800, 0x000001f53e7b7000, 0x000001f53e7b7800, 0x000001f53d6b1800,
0x000001f53d853000, 0x000001f53e341000, 0x000001f53ca66000, 0x000001f53c6cb800,
0x000001f53c6c7000, 0x000001f53c6cb000, 0x000001f53c6ca000, 0x000001f53c6c8800,
0x000001f53c6cc800, 0x000001f53c6cd800, 0x000001f53c6c7800, 0x000001f53c6c9800,
0x000001f53ede0000, 0x000001f53edde800, 0x000001f53eddc000, 0x000001f53ede2800,
0x000001f53eddd800, 0x000001f53eddc800, 0x000001f53ede5000, 0x000001f53ede3000,
0x000001f53ede4000, 0x000001f53eddf000, 0x000001f53ede5800, 0x000001f53edea000,
0x000001f53ede6800, 0x000001f53ede7800, 0x000001f53ede8000, 0x000001f53ede9000,
0x000001f540488000, 0x000001f54048c000, 0x000001f540486000, 0x000001f540488800,
0x000001f54048b000, 0x000001f54048d000, 0x000001f540487000, 0x000001f54048d800,
0x000001f54048e800, 0x000001f540489800, 0x000001f54048f000, 0x000001f540490000,
0x000001f54048a800, 0x000001f540495000, 0x000001f540491000, 0x000001f540491800,
0x000001f540492800, 0x000001f540493800, 0x000001f540494000, 0x000001f53eec3800,
0x000001f53eec0000, 0x000001f53eec1800, 0x000001f53eec2800, 0x000001f53eec4000,
0x000001f53eec5000, 0x000001f53eebf800, 0x000001f53eec6800, 0x000001f53eec1000,
0x000001f53eecb800, 0x000001f53eec8000, 0x000001f53eec7800, 0x000001f53eec6000,
0x000001f53eece000, 0x000001f53eec9000, 0x000001f53eeca000, 0x000001f53eecd000,
0x000001f53eecc800, 0x000001f53eeca800, 0x000001f5403c1000, 0x000001f5403c4000,
0x000001f5403c0000, 0x000001f5403c1800, 0x000001f5403c5000, 0x000001f5403c2800,
0x000001f5403c3800, 0x000001f5403bf800, 0x000001f5403c6800, 0x000001f5403c7800,
0x000001f5403cb800, 0x000001f5403c8000, 0x000001f5403c6000, 0x000001f5403cc800,
0x000001f5403cd000, 0x000001f5403ca000, 0x000001f5403c9000, 0x000001f5403ce000,
0x000001f5403ca800, 0x000001f53eaa9800, 0x000001f53eaa6000, 0x000001f53eaaa800,
0x000001f53eaac800, 0x000001f53eaa8800, 0x000001f53eaab000, 0x000001f53eaac000,
0x000001f53eaa7000, 0x000001f53eaad800, 0x000001f53eaa8000, 0x000001f53eab1800,
0x000001f53eab1000, 0x000001f53eab2800, 0x000001f53eab4000, 0x000001f53eab3000,
0x000001f53eaae800, 0x000001f53eab5000, 0x000001f53eab0000, 0x000001f53eaaf000,
0x000001f540922800, 0x000001f540923800, 0x000001f540920000, 0x000001f540924000,
0x000001f540925000, 0x000001f540925800, 0x000001f540926800, 0x000001f540921000,
0x000001f540927800, 0x000001f540921800, 0x000001f54092a800, 0x000001f540929000,
0x000001f540928000, 0x000001f54092a000, 0x000001f54092d000, 0x000001f54092b800,
0x000001f54092c800, 0x000001f53e15f000, 0x000001f53e15b800, 0x000001f53e15e000,
0x000001f53e15c800
}

Java Threads: ( => current thread )
  0x000001f521a0b800 JavaThread "main" [_thread_blocked, id=11636, stack(0x0000006a86e00000,0x0000006a86f00000)]
  0x000001f53bbeb800 JavaThread "Reference Handler" daemon [_thread_blocked, id=11716, stack(0x0000006a87500000,0x0000006a87600000)]
  0x000001f53bbf7000 JavaThread "Finalizer" daemon [_thread_blocked, id=11640, stack(0x0000006a87600000,0x0000006a87700000)]
  0x000001f53bc41800 JavaThread "Signal Dispatcher" daemon [_thread_blocked, id=2932, stack(0x0000006a87700000,0x0000006a87800000)]
  0x000001f53bc43000 JavaThread "Attach Listener" daemon [_thread_blocked, id=2180, stack(0x0000006a87800000,0x0000006a87900000)]
  0x000001f53bc46000 JavaThread "C2 CompilerThread0" daemon [_thread_blocked, id=6260, stack(0x0000006a87900000,0x0000006a87a00000)]
  0x000001f53bc49000 JavaThread "C1 CompilerThread0" daemon [_thread_blocked, id=12992, stack(0x0000006a87a00000,0x0000006a87b00000)]
  0x000001f53c5c0000 JavaThread "Sweeper thread" daemon [_thread_blocked, id=6804, stack(0x0000006a87b00000,0x0000006a87c00000)]
  0x000001f53c6bd000 JavaThread "Common-Cleaner" daemon [_thread_blocked, id=10168, stack(0x0000006a87c00000,0x0000006a87d00000)]
  0x000001f53c6ef000 JavaThread "Service Thread" daemon [_thread_blocked, id=7960, stack(0x0000006a87d00000,0x0000006a87e00000)]
  0x000001f53de68000 JavaThread "Daemon health stats" [_thread_blocked, id=8476, stack(0x0000006a88000000,0x0000006a88100000)]
  0x000001f53ddab800 JavaThread "Incoming local TCP Connector on port 64332" [_thread_in_native, id=5512, stack(0x0000006a88500000,0x0000006a88600000)]
  0x000001f53eac9800 JavaThread "Daemon periodic checks" [_thread_blocked, id=9304, stack(0x0000006a88600000,0x0000006a88700000)]
  0x000001f53e7b7000 JavaThread "Daemon" [_thread_blocked, id=11076, stack(0x0000006a88700000,0x0000006a88800000)]
  0x000001f53e7b7800 JavaThread "Handler for socket connection from /127.0.0.1:64332 to /127.0.0.1:64340" [_thread_in_native, id=7368, stack(0x0000006a88800000,0x0000006a88900000)]
  0x000001f53d6b1800 JavaThread "Cancel handler" [_thread_blocked, id=13044, stack(0x0000006a88900000,0x0000006a88a00000)]
  0x000001f53d853000 JavaThread "Daemon worker" [_thread_blocked, id=8496, stack(0x0000006a88a00000,0x0000006a88b00000)]
  0x000001f53e341000 JavaThread "Asynchronous log dispatcher for DefaultDaemonConnection: socket connection from /127.0.0.1:64332 to /127.0.0.1:64340" [_thread_blocked, id=14632, stack(0x0000006a88b00000,0x0000006a88c00000)]
  0x000001f53ca66000 JavaThread "Thread-8" [_thread_blocked, id=14592, stack(0x0000006a88d00000,0x0000006a88e00000)]
  0x000001f53c6cb800 JavaThread "Cache worker for file hash cache (C:\Users\VuThiLanh\.gradle\caches\6.7.1\fileHashes)" [_thread_blocked, id=8336, stack(0x0000006a88e00000,0x0000006a88f00000)]
  0x000001f53c6c7000 JavaThread "File lock request listener" [_thread_in_native, id=8128, stack(0x0000006a88f00000,0x0000006a89000000)]
  0x000001f53c6cb000 JavaThread "Cache worker for journal cache (C:\Users\VuThiLanh\.gradle\caches\journal-1)" [_thread_blocked, id=6868, stack(0x0000006a89000000,0x0000006a89100000)]
  0x000001f53c6ca000 JavaThread "Cache worker for file hash cache (E:\K7_MaNguonMo\1_BaiTapLon\Nhom14_AppBanSachTrenNenTangAndroid\.gradle\6.7.1\fileHashes)" [_thread_blocked, id=7800, stack(0x0000006a89100000,0x0000006a89200000)]
  0x000001f53c6c8800 JavaThread "Cache worker for checksums cache (E:\K7_MaNguonMo\1_BaiTapLon\Nhom14_AppBanSachTrenNenTangAndroid\.gradle\checksums)" [_thread_blocked, id=13936, stack(0x0000006a89200000,0x0000006a89300000)]
  0x000001f53c6cc800 JavaThread "Cache worker for cache directory md-supplier (C:\Users\VuThiLanh\.gradle\caches\6.7.1\md-supplier)" [_thread_blocked, id=8824, stack(0x0000006a89300000,0x0000006a89400000)]
  0x000001f53c6cd800 JavaThread "Cache worker for cache directory md-rule (C:\Users\VuThiLanh\.gradle\caches\6.7.1\md-rule)" [_thread_blocked, id=11988, stack(0x0000006a89400000,0x0000006a89500000)]
  0x000001f53c6c7800 JavaThread "Cache worker for execution history cache (C:\Users\VuThiLanh\.gradle\caches\6.7.1\executionHistory)" [_thread_blocked, id=14920, stack(0x0000006a89500000,0x0000006a89600000)]
  0x000001f53c6c9800 JavaThread "jar transforms" [_thread_blocked, id=13728, stack(0x0000006a89600000,0x0000006a89700000)]
  0x000001f53ede0000 JavaThread "Cache worker for file content cache (C:\Users\VuThiLanh\.gradle\caches\6.7.1\fileContent)" [_thread_blocked, id=2652, stack(0x0000006a89700000,0x0000006a89800000)]
  0x000001f53edde800 JavaThread "Cache worker for Build Output Cleanup Cache (E:\K7_MaNguonMo\1_BaiTapLon\Nhom14_AppBanSachTrenNenTangAndroid\.gradle\buildOutputCleanup)" [_thread_blocked, id=13284, stack(0x0000006a89800000,0x0000006a89900000)]
  0x000001f53eddc000 JavaThread "Build operations" [_thread_blocked, id=8048, stack(0x0000006a89900000,0x0000006a89a00000)]
  0x000001f53ede2800 JavaThread "Build operations Thread 2" [_thread_blocked, id=2384, stack(0x0000006a89a00000,0x0000006a89b00000)]
  0x000001f53eddd800 JavaThread "Build operations Thread 3" [_thread_blocked, id=10576, stack(0x0000006a89b00000,0x0000006a89c00000)]
  0x000001f53eddc800 JavaThread "Build operations Thread 4" [_thread_blocked, id=5212, stack(0x0000006a89c00000,0x0000006a89d00000)]
  0x000001f53ede5000 JavaThread "jar transforms Thread 2" [_thread_blocked, id=14364, stack(0x0000006a89d00000,0x0000006a89e00000)]
  0x000001f53ede3000 JavaThread "jar transforms Thread 3" [_thread_blocked, id=12944, stack(0x0000006a89e00000,0x0000006a89f00000)]
  0x000001f53ede4000 JavaThread "jar transforms Thread 4" [_thread_blocked, id=12232, stack(0x0000006a89f00000,0x0000006a8a000000)]
  0x000001f53eddf000 JavaThread "jar transforms Thread 5" [_thread_blocked, id=10720, stack(0x0000006a8a000000,0x0000006a8a100000)]
  0x000001f53ede5800 JavaThread "jar transforms Thread 6" [_thread_blocked, id=4368, stack(0x0000006a8a100000,0x0000006a8a200000)]
  0x000001f53edea000 JavaThread "jar transforms Thread 7" [_thread_blocked, id=12844, stack(0x0000006a8a200000,0x0000006a8a300000)]
  0x000001f53ede6800 JavaThread "jar transforms Thread 8" [_thread_blocked, id=212, stack(0x0000006a8a300000,0x0000006a8a400000)]
  0x000001f53ede7800 JavaThread "jar transforms Thread 9" [_thread_blocked, id=9712, stack(0x0000006a8a400000,0x0000006a8a500000)]
  0x000001f53ede8000 JavaThread "jar transforms Thread 10" [_thread_blocked, id=10312, stack(0x0000006a8a500000,0x0000006a8a600000)]
  0x000001f53ede9000 JavaThread "jar transforms Thread 11" [_thread_blocked, id=11148, stack(0x0000006a8a600000,0x0000006a8a700000)]
  0x000001f540488000 JavaThread "jar transforms Thread 12" [_thread_blocked, id=9368, stack(0x0000006a8a700000,0x0000006a8a800000)]
  0x000001f54048c000 JavaThread "jar transforms Thread 13" [_thread_blocked, id=9188, stack(0x0000006a8a800000,0x0000006a8a900000)]
  0x000001f540486000 JavaThread "jar transforms Thread 14" [_thread_blocked, id=9772, stack(0x0000006a8a900000,0x0000006a8aa00000)]
  0x000001f540488800 JavaThread "jar transforms Thread 15" [_thread_blocked, id=9060, stack(0x0000006a8aa00000,0x0000006a8ab00000)]
  0x000001f54048b000 JavaThread "jar transforms Thread 16" [_thread_blocked, id=11664, stack(0x0000006a8ab00000,0x0000006a8ac00000)]
  0x000001f54048d000 JavaThread "jar transforms Thread 17" [_thread_blocked, id=11552, stack(0x0000006a8ac00000,0x0000006a8ad00000)]
  0x000001f540487000 JavaThread "jar transforms Thread 18" [_thread_blocked, id=12076, stack(0x0000006a8ad00000,0x0000006a8ae00000)]
  0x000001f54048d800 JavaThread "jar transforms Thread 19" [_thread_blocked, id=13576, stack(0x0000006a8ae00000,0x0000006a8af00000)]
  0x000001f54048e800 JavaThread "jar transforms Thread 20" [_thread_blocked, id=10820, stack(0x0000006a8af00000,0x0000006a8b000000)]
  0x000001f540489800 JavaThread "jar transforms Thread 21" [_thread_blocked, id=6564, stack(0x0000006a8b000000,0x0000006a8b100000)]
  0x000001f54048f000 JavaThread "jar transforms Thread 22" [_thread_blocked, id=6748, stack(0x0000006a8b100000,0x0000006a8b200000)]
  0x000001f540490000 JavaThread "jar transforms Thread 23" [_thread_blocked, id=7816, stack(0x0000006a8b200000,0x0000006a8b300000)]
  0x000001f54048a800 JavaThread "jar transforms Thread 24" [_thread_blocked, id=15148, stack(0x0000006a8b300000,0x0000006a8b400000)]
  0x000001f540495000 JavaThread "jar transforms Thread 25" [_thread_blocked, id=12636, stack(0x0000006a8b400000,0x0000006a8b500000)]
  0x000001f540491000 JavaThread "jar transforms Thread 26" [_thread_blocked, id=5740, stack(0x0000006a8b500000,0x0000006a8b600000)]
  0x000001f540491800 JavaThread "jar transforms Thread 27" [_thread_blocked, id=4264, stack(0x0000006a8b600000,0x0000006a8b700000)]
  0x000001f540492800 JavaThread "jar transforms Thread 28" [_thread_blocked, id=5272, stack(0x0000006a8b700000,0x0000006a8b800000)]
  0x000001f540493800 JavaThread "jar transforms Thread 29" [_thread_blocked, id=4744, stack(0x0000006a8b800000,0x0000006a8b900000)]
  0x000001f540494000 JavaThread "jar transforms Thread 30" [_thread_blocked, id=2208, stack(0x0000006a8b900000,0x0000006a8ba00000)]
  0x000001f53eec3800 JavaThread "jar transforms Thread 31" [_thread_blocked, id=1188, stack(0x0000006a8ba00000,0x0000006a8bb00000)]
  0x000001f53eec0000 JavaThread "jar transforms Thread 32" [_thread_blocked, id=13244, stack(0x0000006a8bb00000,0x0000006a8bc00000)]
  0x000001f53eec1800 JavaThread "jar transforms Thread 33" [_thread_blocked, id=5196, stack(0x0000006a8bc00000,0x0000006a8bd00000)]
  0x000001f53eec2800 JavaThread "jar transforms Thread 34" [_thread_blocked, id=7280, stack(0x0000006a8bd00000,0x0000006a8be00000)]
  0x000001f53eec4000 JavaThread "jar transforms Thread 35" [_thread_blocked, id=14260, stack(0x0000006a8be00000,0x0000006a8bf00000)]
  0x000001f53eec5000 JavaThread "jar transforms Thread 36" [_thread_blocked, id=10352, stack(0x0000006a8bf00000,0x0000006a8c000000)]
  0x000001f53eebf800 JavaThread "jar transforms Thread 37" [_thread_blocked, id=11464, stack(0x0000006a8c000000,0x0000006a8c100000)]
  0x000001f53eec6800 JavaThread "jar transforms Thread 38" [_thread_blocked, id=11340, stack(0x0000006a8c100000,0x0000006a8c200000)]
  0x000001f53eec1000 JavaThread "jar transforms Thread 39" [_thread_blocked, id=9860, stack(0x0000006a8c200000,0x0000006a8c300000)]
  0x000001f53eecb800 JavaThread "jar transforms Thread 40" [_thread_blocked, id=14568, stack(0x0000006a8c300000,0x0000006a8c400000)]
  0x000001f53eec8000 JavaThread "jar transforms Thread 41" [_thread_blocked, id=14372, stack(0x0000006a8c400000,0x0000006a8c500000)]
  0x000001f53eec7800 JavaThread "jar transforms Thread 42" [_thread_blocked, id=14732, stack(0x0000006a8c500000,0x0000006a8c600000)]
  0x000001f53eec6000 JavaThread "jar transforms Thread 43" [_thread_blocked, id=8968, stack(0x0000006a8c600000,0x0000006a8c700000)]
  0x000001f53eece000 JavaThread "jar transforms Thread 44" [_thread_blocked, id=2632, stack(0x0000006a8c700000,0x0000006a8c800000)]
  0x000001f53eec9000 JavaThread "jar transforms Thread 45" [_thread_blocked, id=4164, stack(0x0000006a8c800000,0x0000006a8c900000)]
  0x000001f53eeca000 JavaThread "jar transforms Thread 46" [_thread_blocked, id=10936, stack(0x0000006a8c900000,0x0000006a8ca00000)]
  0x000001f53eecd000 JavaThread "jar transforms Thread 47" [_thread_blocked, id=3816, stack(0x0000006a8ca00000,0x0000006a8cb00000)]
  0x000001f53eecc800 JavaThread "jar transforms Thread 48" [_thread_blocked, id=6408, stack(0x0000006a8cb00000,0x0000006a8cc00000)]
  0x000001f53eeca800 JavaThread "jar transforms Thread 49" [_thread_blocked, id=6508, stack(0x0000006a8cc00000,0x0000006a8cd00000)]
  0x000001f5403c1000 JavaThread "jar transforms Thread 50" [_thread_blocked, id=4424, stack(0x0000006a8cd00000,0x0000006a8ce00000)]
  0x000001f5403c4000 JavaThread "jar transforms Thread 51" [_thread_blocked, id=13444, stack(0x0000006a8ce00000,0x0000006a8cf00000)]
  0x000001f5403c0000 JavaThread "jar transforms Thread 52" [_thread_blocked, id=11172, stack(0x0000006a8cf00000,0x0000006a8d000000)]
  0x000001f5403c1800 JavaThread "jar transforms Thread 53" [_thread_blocked, id=14448, stack(0x0000006a8d000000,0x0000006a8d100000)]
  0x000001f5403c5000 JavaThread "jar transforms Thread 54" [_thread_blocked, id=13924, stack(0x0000006a8d100000,0x0000006a8d200000)]
  0x000001f5403c2800 JavaThread "jar transforms Thread 55" [_thread_blocked, id=13400, stack(0x0000006a8d200000,0x0000006a8d300000)]
  0x000001f5403c3800 JavaThread "jar transforms Thread 56" [_thread_blocked, id=13076, stack(0x0000006a8d300000,0x0000006a8d400000)]
  0x000001f5403bf800 JavaThread "jar transforms Thread 57" [_thread_blocked, id=3624, stack(0x0000006a8d400000,0x0000006a8d500000)]
  0x000001f5403c6800 JavaThread "jar transforms Thread 58" [_thread_blocked, id=6968, stack(0x0000006a8d500000,0x0000006a8d600000)]
  0x000001f5403c7800 JavaThread "jar transforms Thread 59" [_thread_blocked, id=7812, stack(0x0000006a8d600000,0x0000006a8d700000)]
  0x000001f5403cb800 JavaThread "jar transforms Thread 60" [_thread_blocked, id=1952, stack(0x0000006a8d700000,0x0000006a8d800000)]
  0x000001f5403c8000 JavaThread "jar transforms Thread 61" [_thread_blocked, id=7864, stack(0x0000006a8d800000,0x0000006a8d900000)]
  0x000001f5403c6000 JavaThread "jar transforms Thread 62" [_thread_blocked, id=9948, stack(0x0000006a8d900000,0x0000006a8da00000)]
  0x000001f5403cc800 JavaThread "jar transforms Thread 63" [_thread_blocked, id=13860, stack(0x0000006a8da00000,0x0000006a8db00000)]
  0x000001f5403cd000 JavaThread "jar transforms Thread 64" [_thread_blocked, id=3216, stack(0x0000006a8db00000,0x0000006a8dc00000)]
  0x000001f5403ca000 JavaThread "jar transforms Thread 65" [_thread_blocked, id=2708, stack(0x0000006a8dc00000,0x0000006a8dd00000)]
  0x000001f5403c9000 JavaThread "jar transforms Thread 66" [_thread_blocked, id=3792, stack(0x0000006a8dd00000,0x0000006a8de00000)]
  0x000001f5403ce000 JavaThread "jar transforms Thread 67" [_thread_blocked, id=10304, stack(0x0000006a8de00000,0x0000006a8df00000)]
  0x000001f5403ca800 JavaThread "jar transforms Thread 68" [_thread_blocked, id=7444, stack(0x0000006a8df00000,0x0000006a8e000000)]
  0x000001f53eaa9800 JavaThread "jar transforms Thread 69" [_thread_blocked, id=6204, stack(0x0000006a8e000000,0x0000006a8e100000)]
  0x000001f53eaa6000 JavaThread "jar transforms Thread 70" [_thread_blocked, id=14300, stack(0x0000006a8e100000,0x0000006a8e200000)]
  0x000001f53eaaa800 JavaThread "jar transforms Thread 71" [_thread_blocked, id=7524, stack(0x0000006a8e200000,0x0000006a8e300000)]
  0x000001f53eaac800 JavaThread "jar transforms Thread 72" [_thread_blocked, id=11980, stack(0x0000006a8e300000,0x0000006a8e400000)]
  0x000001f53eaa8800 JavaThread "jar transforms Thread 73" [_thread_blocked, id=6292, stack(0x0000006a8e400000,0x0000006a8e500000)]
  0x000001f53eaab000 JavaThread "jar transforms Thread 74" [_thread_blocked, id=12384, stack(0x0000006a8e500000,0x0000006a8e600000)]
  0x000001f53eaac000 JavaThread "jar transforms Thread 75" [_thread_blocked, id=1032, stack(0x0000006a8e600000,0x0000006a8e700000)]
  0x000001f53eaa7000 JavaThread "jar transforms Thread 76" [_thread_blocked, id=5028, stack(0x0000006a8e700000,0x0000006a8e800000)]
  0x000001f53eaad800 JavaThread "jar transforms Thread 77" [_thread_blocked, id=10964, stack(0x0000006a8e800000,0x0000006a8e900000)]
  0x000001f53eaa8000 JavaThread "jar transforms Thread 78" [_thread_blocked, id=11896, stack(0x0000006a8e900000,0x0000006a8ea00000)]
  0x000001f53eab1800 JavaThread "jar transforms Thread 79" [_thread_blocked, id=6264, stack(0x0000006a8ea00000,0x0000006a8eb00000)]
  0x000001f53eab1000 JavaThread "jar transforms Thread 80" [_thread_blocked, id=13228, stack(0x0000006a8eb00000,0x0000006a8ec00000)]
  0x000001f53eab2800 JavaThread "jar transforms Thread 81" [_thread_blocked, id=9512, stack(0x0000006a8ec00000,0x0000006a8ed00000)]
  0x000001f53eab4000 JavaThread "jar transforms Thread 82" [_thread_blocked, id=10568, stack(0x0000006a8ed00000,0x0000006a8ee00000)]
  0x000001f53eab3000 JavaThread "jar transforms Thread 83" [_thread_blocked, id=15072, stack(0x0000006a8ee00000,0x0000006a8ef00000)]
  0x000001f53eaae800 JavaThread "jar transforms Thread 84" [_thread_blocked, id=11432, stack(0x0000006a8ef00000,0x0000006a8f000000)]
  0x000001f53eab5000 JavaThread "jar transforms Thread 85" [_thread_blocked, id=13688, stack(0x0000006a8f000000,0x0000006a8f100000)]
  0x000001f53eab0000 JavaThread "jar transforms Thread 86" [_thread_blocked, id=13344, stack(0x0000006a8f100000,0x0000006a8f200000)]
  0x000001f53eaaf000 JavaThread "jar transforms Thread 87" [_thread_blocked, id=12964, stack(0x0000006a8f200000,0x0000006a8f300000)]
  0x000001f540922800 JavaThread "jar transforms Thread 88" [_thread_blocked, id=12252, stack(0x0000006a8f300000,0x0000006a8f400000)]
  0x000001f540923800 JavaThread "jar transforms Thread 89" [_thread_blocked, id=9888, stack(0x0000006a8f400000,0x0000006a8f500000)]
  0x000001f540920000 JavaThread "jar transforms Thread 90" [_thread_blocked, id=11688, stack(0x0000006a8f500000,0x0000006a8f600000)]
  0x000001f540924000 JavaThread "jar transforms Thread 91" [_thread_blocked, id=12840, stack(0x0000006a8f600000,0x0000006a8f700000)]
  0x000001f540925000 JavaThread "jar transforms Thread 92" [_thread_blocked, id=10332, stack(0x0000006a8f700000,0x0000006a8f800000)]
  0x000001f540925800 JavaThread "jar transforms Thread 93" [_thread_blocked, id=692, stack(0x0000006a8f800000,0x0000006a8f900000)]
  0x000001f540926800 JavaThread "jar transforms Thread 94" [_thread_blocked, id=11344, stack(0x0000006a8f900000,0x0000006a8fa00000)]
  0x000001f540921000 JavaThread "jar transforms Thread 95" [_thread_blocked, id=4900, stack(0x0000006a8fa00000,0x0000006a8fb00000)]
  0x000001f540927800 JavaThread "jar transforms Thread 96" [_thread_blocked, id=14956, stack(0x0000006a8fb00000,0x0000006a8fc00000)]
  0x000001f540921800 JavaThread "jar transforms Thread 97" [_thread_blocked, id=560, stack(0x0000006a8fc00000,0x0000006a8fd00000)]
  0x000001f54092a800 JavaThread "jar transforms Thread 98" [_thread_blocked, id=5204, stack(0x0000006a8fd00000,0x0000006a8fe00000)]
  0x000001f540929000 JavaThread "jar transforms Thread 99" [_thread_blocked, id=6156, stack(0x0000006a8fe00000,0x0000006a8ff00000)]
  0x000001f540928000 JavaThread "Memory manager" [_thread_blocked, id=12640, stack(0x0000006a8ff00000,0x0000006a90000000)]
  0x000001f54092a000 JavaThread "build event listener" [_thread_blocked, id=2036, stack(0x0000006a90000000,0x0000006a90100000)]
  0x000001f54092d000 JavaThread "build event listener" [_thread_blocked, id=13436, stack(0x0000006a90100000,0x0000006a90200000)]
  0x000001f54092b800 JavaThread "Execution worker for ':'" [_thread_blocked, id=400, stack(0x0000006a90200000,0x0000006a90300000)]
  0x000001f54092c800 JavaThread "Execution worker for ':' Thread 2" [_thread_blocked, id=14452, stack(0x0000006a90300000,0x0000006a90400000)]
  0x000001f53e15f000 JavaThread "Execution worker for ':' Thread 3" [_thread_blocked, id=3828, stack(0x0000006a90400000,0x0000006a90500000)]
  0x000001f53e15b800 JavaThread "Cache worker for execution history cache (E:\K7_MaNguonMo\1_BaiTapLon\Nhom14_AppBanSachTrenNenTangAndroid\.gradle\6.7.1\executionHistory)" [_thread_blocked, id=1300, stack(0x0000006a90500000,0x0000006a90600000)]
  0x000001f53e15e000 JavaThread "Cache worker for Java compile cache (C:\Users\VuThiLanh\.gradle\caches\6.7.1\javaCompile)" [_thread_blocked, id=12940, stack(0x0000006a86b00000,0x0000006a86c00000)]
  0x000001f53e15c800 JavaThread "Cache worker for Java compile cache (E:\K7_MaNguonMo\1_BaiTapLon\Nhom14_AppBanSachTrenNenTangAndroid\.gradle\6.7.1\javaCompile)" [_thread_blocked, id=6012, stack(0x0000006a86c00000,0x0000006a86d00000)]

Other Threads:
=>0x000001f53bbe2000 VMThread "VM Thread" [stack: 0x0000006a87400000,0x0000006a87500000] [id=5208]
  0x000001f53c6f7800 WatcherThread [stack: 0x0000006a87e00000,0x0000006a87f00000] [id=8732]
  0x000001f521a24800 GCTaskThread "GC Thread#0" [stack: 0x0000006a86f00000,0x0000006a87000000] [id=8504]
  0x000001f53ca28800 GCTaskThread "GC Thread#1" [stack: 0x0000006a87f00000,0x0000006a88000000] [id=14604]
  0x000001f53dbb1800 GCTaskThread "GC Thread#2" [stack: 0x0000006a88100000,0x0000006a88200000] [id=8988]
  0x000001f53db6b800 GCTaskThread "GC Thread#3" [stack: 0x0000006a88200000,0x0000006a88300000] [id=8812]
  0x000001f521a54000 ConcurrentGCThread "G1 Main Marker" [stack: 0x0000006a87000000,0x0000006a87100000] [id=3652]
  0x000001f521a57800 ConcurrentGCThread "G1 Conc#0" [stack: 0x0000006a87100000,0x0000006a87200000] [id=9692]
  0x000001f521aaf000 ConcurrentGCThread "G1 Refine#0" [stack: 0x0000006a87200000,0x0000006a87300000] [id=1980]
  0x000001f54081d000 ConcurrentGCThread "G1 Refine#1" [stack: 0x0000006a86d00000,0x0000006a86e00000] [id=12900]
  0x000001f5444d8000 ConcurrentGCThread "G1 Refine#2" [stack: 0x0000006a88c00000,0x0000006a88d00000] [id=14096]
  0x000001f521ab0000 ConcurrentGCThread "G1 Young RemSet Sampling" [stack: 0x0000006a87300000,0x0000006a87400000] [id=11164]

Threads with active compile tasks:
C2 CompilerThread0  91116 12196       4       org.gradle.internal.snapshot.VfsRelativePath::lengthOfCommonPrefix (173 bytes)

VM state:at safepoint (normal execution)

VM Mutex/Monitor currently owned by a thread:  ([mutex/lock_event])
[0x000001f521a07b30] Threads_lock - owner thread: 0x000001f53bbe2000
[0x000001f521a073e0] Heap_lock - owner thread: 0x000001f53c6cb000

Heap address: 0x0000000080000000, size: 2048 MB, Compressed Oops mode: 32-bit
Narrow klass base: 0x0000000000000000, Narrow klass shift: 3
Compressed class space size: 1073741824 Address: 0x0000000100000000

Heap:
 garbage-first heap   total 405504K, used 147616K [0x0000000080000000, 0x0000000100000000)
  region size 1024K, 3 young (3072K), 3 survivors (3072K)
 Metaspace       used 97038K, capacity 99277K, committed 99404K, reserved 1136640K
  class space    used 12260K, capacity 13071K, committed 13132K, reserved 1048576K
Heap Regions: E=young(eden), S=young(survivor), O=old, HS=humongous(starts), HC=humongous(continues), CS=collection set, F=free, A=archive, TAMS=top-at-mark-start (previous, next)
|   0|0x0000000080000000, 0x0000000080100000, 0x0000000080100000|100%| O|  |TAMS 0x0000000080100000, 0x0000000080100000| Untracked 
|   1|0x0000000080100000, 0x0000000080200000, 0x0000000080200000|100%| O|  |TAMS 0x0000000080200000, 0x0000000080200000| Untracked 
|   2|0x0000000080200000, 0x0000000080300000, 0x0000000080300000|100%| O|  |TAMS 0x0000000080300000, 0x0000000080300000| Untracked 
|   3|0x0000000080300000, 0x0000000080400000, 0x0000000080400000|100%|HS|  |TAMS 0x0000000080400000, 0x0000000080400000| Complete 
|   4|0x0000000080400000, 0x0000000080500000, 0x0000000080500000|100%|HC|  |TAMS 0x0000000080500000, 0x0000000080500000| Complete 
|   5|0x0000000080500000, 0x0000000080600000, 0x0000000080600000|100%|HC|  |TAMS 0x0000000080600000, 0x0000000080600000| Complete 
|   6|0x0000000080600000, 0x0000000080700000, 0x0000000080700000|100%| O|  |TAMS 0x0000000080700000, 0x0000000080700000| Untracked 
|   7|0x0000000080700000, 0x0000000080800000, 0x0000000080800000|100%| O|  |TAMS 0x0000000080800000, 0x0000000080800000| Untracked 
|   8|0x0000000080800000, 0x0000000080900000, 0x0000000080900000|100%| O|  |TAMS 0x0000000080900000, 0x0000000080900000| Untracked 
|   9|0x0000000080900000, 0x0000000080a00000, 0x0000000080a00000|100%| O|  |TAMS 0x0000000080a00000, 0x0000000080a00000| Untracked 
|  10|0x0000000080a00000, 0x0000000080b00000, 0x0000000080b00000|100%| O|  |TAMS 0x0000000080b00000, 0x0000000080b00000| Untracked 
|  11|0x0000000080b00000, 0x0000000080c00000, 0x0000000080c00000|100%| O|  |TAMS 0x0000000080c00000, 0x0000000080c00000| Untracked 
|  12|0x0000000080c00000, 0x0000000080d00000, 0x0000000080d00000|100%| O|  |TAMS 0x0000000080d00000, 0x0000000080d00000| Untracked 
|  13|0x0000000080d00000, 0x0000000080e00000, 0x0000000080e00000|100%| O|  |TAMS 0x0000000080e00000, 0x0000000080e00000| Untracked 
|  14|0x0000000080e00000, 0x0000000080f00000, 0x0000000080f00000|100%| O|  |TAMS 0x0000000080f00000, 0x0000000080f00000| Untracked 
|  15|0x0000000080f00000, 0x0000000081000000, 0x0000000081000000|100%| O|  |TAMS 0x0000000081000000, 0x0000000081000000| Untracked 
|  16|0x0000000081000000, 0x0000000081100000, 0x0000000081100000|100%| O|  |TAMS 0x0000000081100000, 0x0000000081100000| Untracked 
|  17|0x0000000081100000, 0x0000000081200000, 0x0000000081200000|100%| O|  |TAMS 0x0000000081200000, 0x0000000081200000| Untracked 
|  18|0x0000000081200000, 0x0000000081300000, 0x0000000081300000|100%| O|  |TAMS 0x0000000081300000, 0x0000000081300000| Untracked 
|  19|0x0000000081300000, 0x0000000081400000, 0x0000000081400000|100%| O|  |TAMS 0x0000000081400000, 0x0000000081400000| Untracked 
|  20|0x0000000081400000, 0x0000000081500000, 0x0000000081500000|100%| O|  |TAMS 0x0000000081500000, 0x0000000081500000| Untracked 
|  21|0x0000000081500000, 0x0000000081600000, 0x0000000081600000|100%| O|  |TAMS 0x0000000081600000, 0x0000000081600000| Untracked 
|  22|0x0000000081600000, 0x0000000081700000, 0x0000000081700000|100%| O|  |TAMS 0x0000000081700000, 0x0000000081700000| Untracked 
|  23|0x0000000081700000, 0x0000000081800000, 0x0000000081800000|100%| O|  |TAMS 0x0000000081800000, 0x0000000081800000| Untracked 
|  24|0x0000000081800000, 0x0000000081900000, 0x0000000081900000|100%| O|  |TAMS 0x0000000081900000, 0x0000000081900000| Untracked 
|  25|0x0000000081900000, 0x0000000081a00000, 0x0000000081a00000|100%|HS|  |TAMS 0x0000000081a00000, 0x0000000081a00000| Complete 
|  26|0x0000000081a00000, 0x0000000081b00000, 0x0000000081b00000|100%|HS|  |TAMS 0x0000000081b00000, 0x0000000081b00000| Complete 
|  27|0x0000000081b00000, 0x0000000081c00000, 0x0000000081c00000|100%|HC|  |TAMS 0x0000000081c00000, 0x0000000081c00000| Complete 
|  28|0x0000000081c00000, 0x0000000081d00000, 0x0000000081d00000|100%| O|  |TAMS 0x0000000081d00000, 0x0000000081d00000| Untracked 
|  29|0x0000000081d00000, 0x0000000081e00000, 0x0000000081e00000|100%| O|  |TAMS 0x0000000081e00000, 0x0000000081e00000| Untracked 
|  30|0x0000000081e00000, 0x0000000081f00000, 0x0000000081f00000|100%| O|  |TAMS 0x0000000081f00000, 0x0000000081f00000| Untracked 
|  31|0x0000000081f00000, 0x0000000082000000, 0x0000000082000000|100%| O|  |TAMS 0x0000000082000000, 0x0000000082000000| Untracked 
|  32|0x0000000082000000, 0x0000000082100000, 0x0000000082100000|100%| O|  |TAMS 0x0000000082100000, 0x0000000082100000| Untracked 
|  33|0x0000000082100000, 0x0000000082200000, 0x0000000082200000|100%| O|  |TAMS 0x0000000082200000, 0x0000000082200000| Untracked 
|  34|0x0000000082200000, 0x0000000082300000, 0x0000000082300000|100%| O|  |TAMS 0x0000000082300000, 0x0000000082300000| Untracked 
|  35|0x0000000082300000, 0x0000000082400000, 0x0000000082400000|100%| O|  |TAMS 0x0000000082400000, 0x0000000082400000| Untracked 
|  36|0x0000000082400000, 0x0000000082500000, 0x0000000082500000|100%| O|  |TAMS 0x0000000082500000, 0x0000000082500000| Untracked 
|  37|0x0000000082500000, 0x0000000082600000, 0x0000000082600000|100%| O|  |TAMS 0x0000000082600000, 0x0000000082600000| Untracked 
|  38|0x0000000082600000, 0x0000000082700000, 0x0000000082700000|100%| O|  |TAMS 0x0000000082700000, 0x0000000082700000| Untracked 
|  39|0x0000000082700000, 0x0000000082800000, 0x0000000082800000|100%| O|  |TAMS 0x0000000082800000, 0x0000000082800000| Untracked 
|  40|0x0000000082800000, 0x0000000082900000, 0x0000000082900000|100%| O|  |TAMS 0x0000000082900000, 0x0000000082900000| Untracked 
|  41|0x0000000082900000, 0x0000000082a00000, 0x0000000082a00000|100%| O|  |TAMS 0x0000000082a00000, 0x0000000082a00000| Untracked 
|  42|0x0000000082a00000, 0x0000000082b00000, 0x0000000082b00000|100%| O|  |TAMS 0x0000000082b00000, 0x0000000082b00000| Untracked 
|  43|0x0000000082b00000, 0x0000000082c00000, 0x0000000082c00000|100%| O|  |TAMS 0x0000000082c00000, 0x0000000082c00000| Untracked 
|  44|0x0000000082c00000, 0x0000000082d00000, 0x0000000082d00000|100%| O|  |TAMS 0x0000000082d00000, 0x0000000082d00000| Untracked 
|  45|0x0000000082d00000, 0x0000000082e00000, 0x0000000082e00000|100%| O|  |TAMS 0x0000000082e00000, 0x0000000082e00000| Untracked 
|  46|0x0000000082e00000, 0x0000000082f00000, 0x0000000082f00000|100%| O|  |TAMS 0x0000000082f00000, 0x0000000082f00000| Untracked 
|  47|0x0000000082f00000, 0x0000000083000000, 0x0000000083000000|100%| O|  |TAMS 0x0000000083000000, 0x0000000083000000| Untracked 
|  48|0x0000000083000000, 0x0000000083100000, 0x0000000083100000|100%| O|  |TAMS 0x0000000083100000, 0x0000000083100000| Untracked 
|  49|0x0000000083100000, 0x0000000083200000, 0x0000000083200000|100%| O|  |TAMS 0x0000000083200000, 0x0000000083200000| Untracked 
|  50|0x0000000083200000, 0x0000000083300000, 0x0000000083300000|100%| O|  |TAMS 0x0000000083300000, 0x0000000083300000| Untracked 
|  51|0x0000000083300000, 0x0000000083400000, 0x0000000083400000|100%| O|  |TAMS 0x0000000083400000, 0x0000000083400000| Untracked 
|  52|0x0000000083400000, 0x0000000083500000, 0x0000000083500000|100%| O|  |TAMS 0x0000000083500000, 0x0000000083500000| Untracked 
|  53|0x0000000083500000, 0x0000000083600000, 0x0000000083600000|100%| O|  |TAMS 0x0000000083600000, 0x0000000083600000| Untracked 
|  54|0x0000000083600000, 0x0000000083700000, 0x0000000083700000|100%| O|  |TAMS 0x0000000083700000, 0x0000000083700000| Untracked 
|  55|0x0000000083700000, 0x0000000083800000, 0x0000000083800000|100%| O|  |TAMS 0x0000000083800000, 0x0000000083800000| Untracked 
|  56|0x0000000083800000, 0x0000000083900000, 0x0000000083900000|100%| O|  |TAMS 0x0000000083900000, 0x0000000083900000| Untracked 
|  57|0x0000000083900000, 0x0000000083a00000, 0x0000000083a00000|100%| O|  |TAMS 0x0000000083a00000, 0x0000000083a00000| Untracked 
|  58|0x0000000083a00000, 0x0000000083b00000, 0x0000000083b00000|100%| O|  |TAMS 0x0000000083b00000, 0x0000000083b00000| Untracked 
|  59|0x0000000083b00000, 0x0000000083c00000, 0x0000000083c00000|100%| O|  |TAMS 0x0000000083c00000, 0x0000000083c00000| Untracked 
|  60|0x0000000083c00000, 0x0000000083d00000, 0x0000000083d00000|100%| O|  |TAMS 0x0000000083d00000, 0x0000000083d00000| Untracked 
|  61|0x0000000083d00000, 0x0000000083e00000, 0x0000000083e00000|100%| O|  |TAMS 0x0000000083e00000, 0x0000000083e00000| Untracked 
|  62|0x0000000083e00000, 0x0000000083f00000, 0x0000000083f00000|100%| O|  |TAMS 0x0000000083f00000, 0x0000000083f00000| Untracked 
|  63|0x0000000083f00000, 0x0000000084000000, 0x0000000084000000|100%| O|  |TAMS 0x0000000084000000, 0x0000000084000000| Untracked 
|  64|0x0000000084000000, 0x0000000084100000, 0x0000000084100000|100%| O|  |TAMS 0x0000000084100000, 0x0000000084100000| Untracked 
|  65|0x0000000084100000, 0x0000000084200000, 0x0000000084200000|100%| O|  |TAMS 0x0000000084200000, 0x0000000084200000| Untracked 
|  66|0x0000000084200000, 0x0000000084300000, 0x0000000084300000|100%| O|  |TAMS 0x0000000084300000, 0x0000000084300000| Untracked 
|  67|0x0000000084300000, 0x0000000084400000, 0x0000000084400000|100%| O|  |TAMS 0x0000000084400000, 0x0000000084400000| Untracked 
|  68|0x0000000084400000, 0x0000000084500000, 0x0000000084500000|100%| O|  |TAMS 0x0000000084500000, 0x0000000084500000| Untracked 
|  69|0x0000000084500000, 0x0000000084600000, 0x0000000084600000|100%| O|  |TAMS 0x0000000084600000, 0x0000000084600000| Untracked 
|  70|0x0000000084600000, 0x0000000084700000, 0x0000000084700000|100%| O|  |TAMS 0x0000000084700000, 0x0000000084700000| Untracked 
|  71|0x0000000084700000, 0x0000000084800000, 0x0000000084800000|100%| O|  |TAMS 0x0000000084800000, 0x0000000084800000| Untracked 
|  72|0x0000000084800000, 0x0000000084900000, 0x0000000084900000|100%| O|  |TAMS 0x0000000084900000, 0x0000000084900000| Untracked 
|  73|0x0000000084900000, 0x0000000084a00000, 0x0000000084a00000|100%| O|  |TAMS 0x0000000084a00000, 0x0000000084a00000| Untracked 
|  74|0x0000000084a00000, 0x0000000084b00000, 0x0000000084b00000|100%| O|  |TAMS 0x0000000084b00000, 0x0000000084b00000| Untracked 
|  75|0x0000000084b00000, 0x0000000084c00000, 0x0000000084c00000|100%| O|  |TAMS 0x0000000084c00000, 0x0000000084c00000| Untracked 
|  76|0x0000000084c00000, 0x0000000084d00000, 0x0000000084d00000|100%| O|  |TAMS 0x0000000084d00000, 0x0000000084d00000| Untracked 
|  77|0x0000000084d00000, 0x0000000084d00000, 0x0000000084e00000|  0%| F|  |TAMS 0x0000000084d00000, 0x0000000084d00000| Untracked 
|  78|0x0000000084e00000, 0x0000000084f00000, 0x0000000084f00000|100%|HS|  |TAMS 0x0000000084f00000, 0x0000000084f00000| Complete 
|  79|0x0000000084f00000, 0x0000000085000000, 0x0000000085000000|100%|HC|  |TAMS 0x0000000085000000, 0x0000000085000000| Complete 
|  80|0x0000000085000000, 0x0000000085100000, 0x0000000085100000|100%| O|  |TAMS 0x0000000085100000, 0x0000000085100000| Untracked 
|  81|0x0000000085100000, 0x0000000085100000, 0x0000000085200000|  0%| F|  |TAMS 0x0000000085100000, 0x0000000085100000| Untracked 
|  82|0x0000000085200000, 0x0000000085300000, 0x0000000085300000|100%| O|  |TAMS 0x0000000085300000, 0x0000000085300000| Untracked 
|  83|0x0000000085300000, 0x0000000085400000, 0x0000000085400000|100%| O|  |TAMS 0x0000000085300000, 0x0000000085400000| Untracked 
|  84|0x0000000085400000, 0x0000000085500000, 0x0000000085500000|100%| O|  |TAMS 0x0000000085400000, 0x0000000085500000| Untracked 
|  85|0x0000000085500000, 0x0000000085600000, 0x0000000085600000|100%| O|  |TAMS 0x0000000085500000, 0x0000000085600000| Untracked 
|  86|0x0000000085600000, 0x0000000085700000, 0x0000000085700000|100%| O|  |TAMS 0x0000000085600000, 0x0000000085700000| Untracked 
|  87|0x0000000085700000, 0x00000000857cf800, 0x0000000085800000| 81%| O|  |TAMS 0x0000000085700000, 0x00000000857cf800| Untracked 
|  88|0x0000000085800000, 0x0000000085800000, 0x0000000085900000|  0%| F|  |TAMS 0x0000000085800000, 0x0000000085800000| Untracked 
|  89|0x0000000085900000, 0x0000000085900000, 0x0000000085a00000|  0%| F|  |TAMS 0x0000000085900000, 0x0000000085900000| Untracked 
|  90|0x0000000085a00000, 0x0000000085a00000, 0x0000000085b00000|  0%| F|  |TAMS 0x0000000085a00000, 0x0000000085a00000| Untracked 
|  91|0x0000000085b00000, 0x0000000085b00000, 0x0000000085c00000|  0%| F|  |TAMS 0x0000000085b00000, 0x0000000085b00000| Untracked 
|  92|0x0000000085c00000, 0x0000000085c00000, 0x0000000085d00000|  0%| F|  |TAMS 0x0000000085c00000, 0x0000000085c00000| Untracked 
|  93|0x0000000085d00000, 0x0000000085d00000, 0x0000000085e00000|  0%| F|  |TAMS 0x0000000085d00000, 0x0000000085d00000| Untracked 
|  94|0x0000000085e00000, 0x0000000085e00000, 0x0000000085f00000|  0%| F|  |TAMS 0x0000000085e00000, 0x0000000085e00000| Untracked 
|  95|0x0000000085f00000, 0x0000000085f00000, 0x0000000086000000|  0%| F|  |TAMS 0x0000000085f00000, 0x0000000085f00000| Untracked 
|  96|0x0000000086000000, 0x0000000086000000, 0x0000000086100000|  0%| F|  |TAMS 0x0000000086000000, 0x0000000086000000| Untracked 
|  97|0x0000000086100000, 0x0000000086100000, 0x0000000086200000|  0%| F|  |TAMS 0x0000000086100000, 0x0000000086100000| Untracked 
|  98|0x0000000086200000, 0x0000000086200000, 0x0000000086300000|  0%| F|  |TAMS 0x0000000086200000, 0x0000000086200000| Untracked 
|  99|0x0000000086300000, 0x0000000086300000, 0x0000000086400000|  0%| F|  |TAMS 0x0000000086300000, 0x0000000086300000| Untracked 
| 100|0x0000000086400000, 0x0000000086500000, 0x0000000086500000|100%| O|  |TAMS 0x0000000086500000, 0x0000000086500000| Untracked 
| 101|0x0000000086500000, 0x0000000086600000, 0x0000000086600000|100%| O|  |TAMS 0x0000000086600000, 0x0000000086600000| Untracked 
| 102|0x0000000086600000, 0x0000000086700000, 0x0000000086700000|100%| O|  |TAMS 0x0000000086700000, 0x0000000086700000| Untracked 
| 103|0x0000000086700000, 0x0000000086800000, 0x0000000086800000|100%| O|  |TAMS 0x0000000086800000, 0x0000000086800000| Untracked 
| 104|0x0000000086800000, 0x0000000086900000, 0x0000000086900000|100%| O|  |TAMS 0x0000000086900000, 0x0000000086900000| Untracked 
| 105|0x0000000086900000, 0x0000000086a00000, 0x0000000086a00000|100%| O|  |TAMS 0x0000000086a00000, 0x0000000086a00000| Untracked 
| 106|0x0000000086a00000, 0x0000000086b00000, 0x0000000086b00000|100%| O|  |TAMS 0x0000000086b00000, 0x0000000086b00000| Untracked 
| 107|0x0000000086b00000, 0x0000000086c00000, 0x0000000086c00000|100%| O|  |TAMS 0x0000000086c00000, 0x0000000086c00000| Untracked 
| 108|0x0000000086c00000, 0x0000000086c00000, 0x0000000086d00000|  0%| F|  |TAMS 0x0000000086c00000, 0x0000000086c00000| Untracked 
| 109|0x0000000086d00000, 0x0000000086e00000, 0x0000000086e00000|100%| O|  |TAMS 0x0000000086e00000, 0x0000000086e00000| Untracked 
| 110|0x0000000086e00000, 0x0000000086e00000, 0x0000000086f00000|  0%| F|  |TAMS 0x0000000086e00000, 0x0000000086e00000| Untracked 
| 111|0x0000000086f00000, 0x0000000086f00000, 0x0000000087000000|  0%| F|  |TAMS 0x0000000086f00000, 0x0000000086f00000| Untracked 
| 112|0x0000000087000000, 0x0000000087000000, 0x0000000087100000|  0%| F|  |TAMS 0x0000000087000000, 0x0000000087000000| Untracked 
| 113|0x0000000087100000, 0x0000000087100000, 0x0000000087200000|  0%| F|  |TAMS 0x0000000087100000, 0x0000000087100000| Untracked 
| 114|0x0000000087200000, 0x0000000087200000, 0x0000000087300000|  0%| F|  |TAMS 0x0000000087200000, 0x0000000087200000| Untracked 
| 115|0x0000000087300000, 0x0000000087300000, 0x0000000087400000|  0%| F|  |TAMS 0x0000000087300000, 0x0000000087300000| Untracked 
| 116|0x0000000087400000, 0x0000000087400000, 0x0000000087500000|  0%| F|  |TAMS 0x0000000087400000, 0x0000000087400000| Untracked 
| 117|0x0000000087500000, 0x0000000087600000, 0x0000000087600000|100%| O|  |TAMS 0x0000000087600000, 0x0000000087600000| Untracked 
| 118|0x0000000087600000, 0x0000000087700000, 0x0000000087700000|100%| O|  |TAMS 0x0000000087700000, 0x0000000087700000| Untracked 
| 119|0x0000000087700000, 0x0000000087700000, 0x0000000087800000|  0%| F|  |TAMS 0x0000000087700000, 0x0000000087700000| Untracked 
| 120|0x0000000087800000, 0x0000000087800000, 0x0000000087900000|  0%| F|  |TAMS 0x0000000087800000, 0x0000000087800000| Untracked 
| 121|0x0000000087900000, 0x0000000087900000, 0x0000000087a00000|  0%| F|  |TAMS 0x0000000087900000, 0x0000000087900000| Untracked 
| 122|0x0000000087a00000, 0x0000000087a00000, 0x0000000087b00000|  0%| F|  |TAMS 0x0000000087a00000, 0x0000000087a00000| Untracked 
| 123|0x0000000087b00000, 0x0000000087b00000, 0x0000000087c00000|  0%| F|  |TAMS 0x0000000087b00000, 0x0000000087b00000| Untracked 
| 124|0x0000000087c00000, 0x0000000087c00000, 0x0000000087d00000|  0%| F|  |TAMS 0x0000000087c00000, 0x0000000087c00000| Untracked 
| 125|0x0000000087d00000, 0x0000000087d00000, 0x0000000087e00000|  0%| F|  |TAMS 0x0000000087d00000, 0x0000000087d00000| Untracked 
| 126|0x0000000087e00000, 0x0000000087e00000, 0x0000000087f00000|  0%| F|  |TAMS 0x0000000087e00000, 0x0000000087e00000| Untracked 
| 127|0x0000000087f00000, 0x0000000087f00000, 0x0000000088000000|  0%| F|  |TAMS 0x0000000087f00000, 0x0000000087f00000| Untracked 
| 128|0x0000000088000000, 0x0000000088000000, 0x0000000088100000|  0%| F|  |TAMS 0x0000000088000000, 0x0000000088000000| Untracked 
| 129|0x0000000088100000, 0x0000000088100000, 0x0000000088200000|  0%| F|  |TAMS 0x0000000088100000, 0x0000000088100000| Untracked 
| 130|0x0000000088200000, 0x0000000088200000, 0x0000000088300000|  0%| F|  |TAMS 0x0000000088200000, 0x0000000088200000| Untracked 
| 131|0x0000000088300000, 0x0000000088300000, 0x0000000088400000|  0%| F|  |TAMS 0x0000000088300000, 0x0000000088300000| Untracked 
| 132|0x0000000088400000, 0x0000000088400000, 0x0000000088500000|  0%| F|  |TAMS 0x0000000088400000, 0x0000000088400000| Untracked 
| 133|0x0000000088500000, 0x0000000088500000, 0x0000000088600000|  0%| F|  |TAMS 0x0000000088500000, 0x0000000088500000| Untracked 
| 134|0x0000000088600000, 0x0000000088600000, 0x0000000088700000|  0%| F|  |TAMS 0x0000000088600000, 0x0000000088600000| Untracked 
| 135|0x0000000088700000, 0x0000000088700000, 0x0000000088800000|  0%| F|  |TAMS 0x0000000088700000, 0x0000000088700000| Untracked 
| 136|0x0000000088800000, 0x0000000088800000, 0x0000000088900000|  0%| F|  |TAMS 0x0000000088800000, 0x0000000088800000| Untracked 
| 137|0x0000000088900000, 0x0000000088a00000, 0x0000000088a00000|100%| O|  |TAMS 0x0000000088a00000, 0x0000000088a00000| Untracked 
| 138|0x0000000088a00000, 0x0000000088a00000, 0x0000000088b00000|  0%| F|  |TAMS 0x0000000088a00000, 0x0000000088a00000| Untracked 
| 139|0x0000000088b00000, 0x0000000088b00000, 0x0000000088c00000|  0%| F|  |TAMS 0x0000000088b00000, 0x0000000088b00000| Untracked 
| 140|0x0000000088c00000, 0x0000000088c00000, 0x0000000088d00000|  0%| F|  |TAMS 0x0000000088c00000, 0x0000000088c00000| Untracked 
| 141|0x0000000088d00000, 0x0000000088d00000, 0x0000000088e00000|  0%| F|  |TAMS 0x0000000088d00000, 0x0000000088d00000| Untracked 
| 142|0x0000000088e00000, 0x0000000088e00000, 0x0000000088f00000|  0%| F|  |TAMS 0x0000000088e00000, 0x0000000088e00000| Untracked 
| 143|0x0000000088f00000, 0x0000000088f00000, 0x0000000089000000|  0%| F|  |TAMS 0x0000000088f00000, 0x0000000088f00000| Untracked 
| 144|0x0000000089000000, 0x0000000089100000, 0x0000000089100000|100%| O|  |TAMS 0x0000000089100000, 0x0000000089100000| Untracked 
| 145|0x0000000089100000, 0x0000000089100000, 0x0000000089200000|  0%| F|  |TAMS 0x0000000089100000, 0x0000000089100000| Untracked 
| 146|0x0000000089200000, 0x0000000089200000, 0x0000000089300000|  0%| F|  |TAMS 0x0000000089200000, 0x0000000089200000| Untracked 
| 147|0x0000000089300000, 0x0000000089300000, 0x0000000089400000|  0%| F|  |TAMS 0x0000000089300000, 0x0000000089300000| Untracked 
| 148|0x0000000089400000, 0x0000000089400000, 0x0000000089500000|  0%| F|  |TAMS 0x0000000089400000, 0x0000000089400000| Untracked 
| 149|0x0000000089500000, 0x0000000089500000, 0x0000000089600000|  0%| F|  |TAMS 0x0000000089500000, 0x0000000089500000| Untracked 
| 150|0x0000000089600000, 0x0000000089600000, 0x0000000089700000|  0%| F|  |TAMS 0x0000000089600000, 0x0000000089600000| Untracked 
| 151|0x0000000089700000, 0x0000000089700000, 0x0000000089800000|  0%| F|  |TAMS 0x0000000089700000, 0x0000000089700000| Untracked 
| 152|0x0000000089800000, 0x0000000089800000, 0x0000000089900000|  0%| F|  |TAMS 0x0000000089800000, 0x0000000089800000| Untracked 
| 153|0x0000000089900000, 0x0000000089900000, 0x0000000089a00000|  0%| F|  |TAMS 0x0000000089900000, 0x0000000089900000| Untracked 
| 154|0x0000000089a00000, 0x0000000089a00000, 0x0000000089b00000|  0%| F|  |TAMS 0x0000000089a00000, 0x0000000089a00000| Untracked 
| 155|0x0000000089b00000, 0x0000000089b00000, 0x0000000089c00000|  0%| F|  |TAMS 0x0000000089b00000, 0x0000000089b00000| Untracked 
| 156|0x0000000089c00000, 0x0000000089c00000, 0x0000000089d00000|  0%| F|  |TAMS 0x0000000089c00000, 0x0000000089c00000| Untracked 
| 157|0x0000000089d00000, 0x0000000089d00000, 0x0000000089e00000|  0%| F|  |TAMS 0x0000000089d00000, 0x0000000089d00000| Untracked 
| 158|0x0000000089e00000, 0x0000000089e00000, 0x0000000089f00000|  0%| F|  |TAMS 0x0000000089e00000, 0x0000000089e00000| Untracked 
| 159|0x0000000089f00000, 0x0000000089f00000, 0x000000008a000000|  0%| F|  |TAMS 0x0000000089f00000, 0x0000000089f00000| Untracked 
| 160|0x000000008a000000, 0x000000008a000000, 0x000000008a100000|  0%| F|  |TAMS 0x000000008a000000, 0x000000008a000000| Untracked 
| 161|0x000000008a100000, 0x000000008a100000, 0x000000008a200000|  0%| F|  |TAMS 0x000000008a100000, 0x000000008a100000| Untracked 
| 162|0x000000008a200000, 0x000000008a200000, 0x000000008a300000|  0%| F|  |TAMS 0x000000008a200000, 0x000000008a200000| Untracked 
| 163|0x000000008a300000, 0x000000008a300000, 0x000000008a400000|  0%| F|  |TAMS 0x000000008a300000, 0x000000008a300000| Untracked 
| 164|0x000000008a400000, 0x000000008a400000, 0x000000008a500000|  0%| F|  |TAMS 0x000000008a400000, 0x000000008a400000| Untracked 
| 165|0x000000008a500000, 0x000000008a500000, 0x000000008a600000|  0%| F|  |TAMS 0x000000008a500000, 0x000000008a500000| Untracked 
| 166|0x000000008a600000, 0x000000008a600000, 0x000000008a700000|  0%| F|  |TAMS 0x000000008a600000, 0x000000008a600000| Untracked 
| 167|0x000000008a700000, 0x000000008a700000, 0x000000008a800000|  0%| F|  |TAMS 0x000000008a700000, 0x000000008a700000| Untracked 
| 168|0x000000008a800000, 0x000000008a800000, 0x000000008a900000|  0%| F|  |TAMS 0x000000008a800000, 0x000000008a800000| Untracked 
| 169|0x000000008a900000, 0x000000008a900000, 0x000000008aa00000|  0%| F|  |TAMS 0x000000008a900000, 0x000000008a900000| Untracked 
| 170|0x000000008aa00000, 0x000000008aa00000, 0x000000008ab00000|  0%| F|  |TAMS 0x000000008aa00000, 0x000000008aa00000| Untracked 
| 171|0x000000008ab00000, 0x000000008ab00000, 0x000000008ac00000|  0%| F|  |TAMS 0x000000008ab00000, 0x000000008ab00000| Untracked 
| 172|0x000000008ac00000, 0x000000008ac00000, 0x000000008ad00000|  0%| F|  |TAMS 0x000000008ac00000, 0x000000008ac00000| Untracked 
| 173|0x000000008ad00000, 0x000000008ad00000, 0x000000008ae00000|  0%| F|  |TAMS 0x000000008ad00000, 0x000000008ad00000| Untracked 
| 174|0x000000008ae00000, 0x000000008ae00000, 0x000000008af00000|  0%| F|  |TAMS 0x000000008ae00000, 0x000000008ae00000| Untracked 
| 175|0x000000008af00000, 0x000000008af00000, 0x000000008b000000|  0%| F|  |TAMS 0x000000008af00000, 0x000000008af00000| Untracked 
| 176|0x000000008b000000, 0x000000008b000000, 0x000000008b100000|  0%| F|  |TAMS 0x000000008b000000, 0x000000008b000000| Untracked 
| 177|0x000000008b100000, 0x000000008b100000, 0x000000008b200000|  0%| F|  |TAMS 0x000000008b100000, 0x000000008b100000| Untracked 
| 178|0x000000008b200000, 0x000000008b300000, 0x000000008b300000|100%| O|  |TAMS 0x000000008b300000, 0x000000008b300000| Untracked 
| 179|0x000000008b300000, 0x000000008b400000, 0x000000008b400000|100%| O|  |TAMS 0x000000008b400000, 0x000000008b400000| Untracked 
| 180|0x000000008b400000, 0x000000008b500000, 0x000000008b500000|100%| O|  |TAMS 0x000000008b500000, 0x000000008b500000| Untracked 
| 181|0x000000008b500000, 0x000000008b600000, 0x000000008b600000|100%| O|  |TAMS 0x000000008b600000, 0x000000008b600000| Untracked 
| 182|0x000000008b600000, 0x000000008b700000, 0x000000008b700000|100%| O|  |TAMS 0x000000008b700000, 0x000000008b700000| Untracked 
| 183|0x000000008b700000, 0x000000008b800000, 0x000000008b800000|100%| O|  |TAMS 0x000000008b800000, 0x000000008b800000| Untracked 
| 184|0x000000008b800000, 0x000000008b900000, 0x000000008b900000|100%| O|  |TAMS 0x000000008b900000, 0x000000008b900000| Untracked 
| 185|0x000000008b900000, 0x000000008ba00000, 0x000000008ba00000|100%| O|  |TAMS 0x000000008ba00000, 0x000000008ba00000| Untracked 
| 186|0x000000008ba00000, 0x000000008bb00000, 0x000000008bb00000|100%| O|  |TAMS 0x000000008bb00000, 0x000000008bb00000| Untracked 
| 187|0x000000008bb00000, 0x000000008bc00000, 0x000000008bc00000|100%| O|  |TAMS 0x000000008bc00000, 0x000000008bc00000| Untracked 
| 188|0x000000008bc00000, 0x000000008bd00000, 0x000000008bd00000|100%| O|  |TAMS 0x000000008bd00000, 0x000000008bd00000| Untracked 
| 189|0x000000008bd00000, 0x000000008bd00000, 0x000000008be00000|  0%| F|  |TAMS 0x000000008bd00000, 0x000000008bd00000| Untracked 
| 190|0x000000008be00000, 0x000000008be00000, 0x000000008bf00000|  0%| F|  |TAMS 0x000000008be00000, 0x000000008be00000| Untracked 
| 191|0x000000008bf00000, 0x000000008bf00000, 0x000000008c000000|  0%| F|  |TAMS 0x000000008bf00000, 0x000000008bf00000| Untracked 
| 192|0x000000008c000000, 0x000000008c000000, 0x000000008c100000|  0%| F|  |TAMS 0x000000008c000000, 0x000000008c000000| Untracked 
| 193|0x000000008c100000, 0x000000008c200000, 0x000000008c200000|100%| O|  |TAMS 0x000000008c200000, 0x000000008c200000| Untracked 
| 194|0x000000008c200000, 0x000000008c200000, 0x000000008c300000|  0%| F|  |TAMS 0x000000008c200000, 0x000000008c200000| Untracked 
| 195|0x000000008c300000, 0x000000008c300000, 0x000000008c400000|  0%| F|  |TAMS 0x000000008c300000, 0x000000008c300000| Untracked 
| 196|0x000000008c400000, 0x000000008c400000, 0x000000008c500000|  0%| F|  |TAMS 0x000000008c400000, 0x000000008c400000| Untracked 
| 197|0x000000008c500000, 0x000000008c600000, 0x000000008c600000|100%| O|  |TAMS 0x000000008c600000, 0x000000008c600000| Untracked 
| 198|0x000000008c600000, 0x000000008c700000, 0x000000008c700000|100%| O|  |TAMS 0x000000008c700000, 0x000000008c700000| Untracked 
| 199|0x000000008c700000, 0x000000008c800000, 0x000000008c800000|100%| O|  |TAMS 0x000000008c800000, 0x000000008c800000| Untracked 
| 200|0x000000008c800000, 0x000000008c900000, 0x000000008c900000|100%| O|  |TAMS 0x000000008c900000, 0x000000008c900000| Untracked 
| 201|0x000000008c900000, 0x000000008ca00000, 0x000000008ca00000|100%| O|  |TAMS 0x000000008ca00000, 0x000000008ca00000| Untracked 
| 202|0x000000008ca00000, 0x000000008cb00000, 0x000000008cb00000|100%| O|  |TAMS 0x000000008cb00000, 0x000000008cb00000| Untracked 
| 203|0x000000008cb00000, 0x000000008cc00000, 0x000000008cc00000|100%| O|  |TAMS 0x000000008cc00000, 0x000000008cc00000| Untracked 
| 204|0x000000008cc00000, 0x000000008cd00000, 0x000000008cd00000|100%| O|  |TAMS 0x000000008cd00000, 0x000000008cd00000| Untracked 
| 205|0x000000008cd00000, 0x000000008cd00000, 0x000000008ce00000|  0%| F|  |TAMS 0x000000008cd00000, 0x000000008cd00000| Untracked 
| 206|0x000000008ce00000, 0x000000008cf00000, 0x000000008cf00000|100%| O|  |TAMS 0x000000008cf00000, 0x000000008cf00000| Untracked 
| 207|0x000000008cf00000, 0x000000008d000000, 0x000000008d000000|100%| O|  |TAMS 0x000000008d000000, 0x000000008d000000| Untracked 
| 208|0x000000008d000000, 0x000000008d100000, 0x000000008d100000|100%| O|  |TAMS 0x000000008d100000, 0x000000008d100000| Untracked 
| 209|0x000000008d100000, 0x000000008d200000, 0x000000008d200000|100%| O|  |TAMS 0x000000008d200000, 0x000000008d200000| Untracked 
| 210|0x000000008d200000, 0x000000008d300000, 0x000000008d300000|100%| O|  |TAMS 0x000000008d300000, 0x000000008d300000| Untracked 
| 211|0x000000008d300000, 0x000000008d400000, 0x000000008d400000|100%| O|  |TAMS 0x000000008d400000, 0x000000008d400000| Untracked 
| 212|0x000000008d400000, 0x000000008d500000, 0x000000008d500000|100%| O|  |TAMS 0x000000008d500000, 0x000000008d500000| Untracked 
| 213|0x000000008d500000, 0x000000008d600000, 0x000000008d600000|100%| O|  |TAMS 0x000000008d600000, 0x000000008d600000| Untracked 
| 214|0x000000008d600000, 0x000000008d700000, 0x000000008d700000|100%| O|  |TAMS 0x000000008d700000, 0x000000008d700000| Untracked 
| 215|0x000000008d700000, 0x000000008d800000, 0x000000008d800000|100%| O|  |TAMS 0x000000008d800000, 0x000000008d800000| Untracked 
| 216|0x000000008d800000, 0x000000008d900000, 0x000000008d900000|100%| O|  |TAMS 0x000000008d900000, 0x000000008d900000| Untracked 
| 217|0x000000008d900000, 0x000000008da00000, 0x000000008da00000|100%| O|  |TAMS 0x000000008da00000, 0x000000008da00000| Untracked 
| 218|0x000000008da00000, 0x000000008db00000, 0x000000008db00000|100%| O|  |TAMS 0x000000008db00000, 0x000000008db00000| Untracked 
| 219|0x000000008db00000, 0x000000008dc00000, 0x000000008dc00000|100%| O|  |TAMS 0x000000008dc00000, 0x000000008dc00000| Untracked 
| 220|0x000000008dc00000, 0x000000008dd00000, 0x000000008dd00000|100%| O|  |TAMS 0x000000008dd00000, 0x000000008dd00000| Untracked 
| 221|0x000000008dd00000, 0x000000008de00000, 0x000000008de00000|100%| O|  |TAMS 0x000000008de00000, 0x000000008de00000| Untracked 
| 222|0x000000008de00000, 0x000000008df00000, 0x000000008df00000|100%| O|  |TAMS 0x000000008df00000, 0x000000008df00000| Untracked 
| 223|0x000000008df00000, 0x000000008e000000, 0x000000008e000000|100%| O|  |TAMS 0x000000008e000000, 0x000000008e000000| Untracked 
| 224|0x000000008e000000, 0x000000008e100000, 0x000000008e100000|100%| O|  |TAMS 0x000000008e100000, 0x000000008e100000| Untracked 
| 225|0x000000008e100000, 0x000000008e200000, 0x000000008e200000|100%| O|  |TAMS 0x000000008e200000, 0x000000008e200000| Untracked 
| 226|0x000000008e200000, 0x000000008e300000, 0x000000008e300000|100%| O|  |TAMS 0x000000008e300000, 0x000000008e300000| Untracked 
| 227|0x000000008e300000, 0x000000008e400000, 0x000000008e400000|100%| O|  |TAMS 0x000000008e400000, 0x000000008e400000| Untracked 
| 228|0x000000008e400000, 0x000000008e500000, 0x000000008e500000|100%| O|  |TAMS 0x000000008e480000, 0x000000008e500000| Untracked 
| 229|0x000000008e500000, 0x000000008e500000, 0x000000008e600000|  0%| F|  |TAMS 0x000000008e500000, 0x000000008e500000| Untracked 
| 230|0x000000008e600000, 0x000000008e600000, 0x000000008e700000|  0%| F|  |TAMS 0x000000008e600000, 0x000000008e600000| Untracked 
| 231|0x000000008e700000, 0x000000008e700000, 0x000000008e800000|  0%| F|  |TAMS 0x000000008e700000, 0x000000008e700000| Untracked 
| 232|0x000000008e800000, 0x000000008e800000, 0x000000008e900000|  0%| F|  |TAMS 0x000000008e800000, 0x000000008e800000| Untracked 
| 233|0x000000008e900000, 0x000000008e900000, 0x000000008ea00000|  0%| F|  |TAMS 0x000000008e900000, 0x000000008e900000| Untracked 
| 234|0x000000008ea00000, 0x000000008ea00000, 0x000000008eb00000|  0%| F|  |TAMS 0x000000008ea00000, 0x000000008ea00000| Untracked 
| 235|0x000000008eb00000, 0x000000008eb00000, 0x000000008ec00000|  0%| F|  |TAMS 0x000000008eb00000, 0x000000008eb00000| Untracked 
| 236|0x000000008ec00000, 0x000000008ec00000, 0x000000008ed00000|  0%| F|  |TAMS 0x000000008ec00000, 0x000000008ec00000| Untracked 
| 237|0x000000008ed00000, 0x000000008ed00000, 0x000000008ee00000|  0%| F|  |TAMS 0x000000008ed00000, 0x000000008ed00000| Untracked 
| 238|0x000000008ee00000, 0x000000008ee00000, 0x000000008ef00000|  0%| F|  |TAMS 0x000000008ee00000, 0x000000008ee00000| Untracked 
| 239|0x000000008ef00000, 0x000000008ef00000, 0x000000008f000000|  0%| F|  |TAMS 0x000000008ef00000, 0x000000008ef00000| Untracked 
| 240|0x000000008f000000, 0x000000008f000000, 0x000000008f100000|  0%| F|  |TAMS 0x000000008f000000, 0x000000008f000000| Untracked 
| 241|0x000000008f100000, 0x000000008f100000, 0x000000008f200000|  0%| F|  |TAMS 0x000000008f100000, 0x000000008f100000| Untracked 
| 242|0x000000008f200000, 0x000000008f2589c0, 0x000000008f300000| 34%| S|CS|TAMS 0x000000008f200000, 0x000000008f200000| Complete 
| 243|0x000000008f300000, 0x000000008f400000, 0x000000008f400000|100%| S|CS|TAMS 0x000000008f300000, 0x000000008f300000| Complete 
| 244|0x000000008f400000, 0x000000008f500000, 0x000000008f500000|100%| S|CS|TAMS 0x000000008f400000, 0x000000008f400000| Complete 
| 245|0x000000008f500000, 0x000000008f500000, 0x000000008f600000|  0%| F|  |TAMS 0x000000008f500000, 0x000000008f500000| Untracked 
| 246|0x000000008f600000, 0x000000008f600000, 0x000000008f700000|  0%| F|  |TAMS 0x000000008f600000, 0x000000008f600000| Untracked 
| 247|0x000000008f700000, 0x000000008f700000, 0x000000008f800000|  0%| F|  |TAMS 0x000000008f700000, 0x000000008f700000| Untracked 
| 248|0x000000008f800000, 0x000000008f800000, 0x000000008f900000|  0%| F|  |TAMS 0x000000008f800000, 0x000000008f800000| Untracked 
| 249|0x000000008f900000, 0x000000008f900000, 0x000000008fa00000|  0%| F|  |TAMS 0x000000008f900000, 0x000000008f900000| Untracked 
| 250|0x000000008fa00000, 0x000000008fa00000, 0x000000008fb00000|  0%| F|  |TAMS 0x000000008fa00000, 0x000000008fa00000| Untracked 
| 251|0x000000008fb00000, 0x000000008fb00000, 0x000000008fc00000|  0%| F|  |TAMS 0x000000008fb00000, 0x000000008fb00000| Untracked 
| 252|0x000000008fc00000, 0x000000008fc00000, 0x000000008fd00000|  0%| F|  |TAMS 0x000000008fc00000, 0x000000008fc00000| Untracked 
| 253|0x000000008fd00000, 0x000000008fd00000, 0x000000008fe00000|  0%| F|  |TAMS 0x000000008fd00000, 0x000000008fd00000| Untracked 
| 254|0x000000008fe00000, 0x000000008fe00000, 0x000000008ff00000|  0%| F|  |TAMS 0x000000008fe00000, 0x000000008fe00000| Untracked 
| 255|0x000000008ff00000, 0x000000008ff00000, 0x0000000090000000|  0%| F|  |TAMS 0x000000008ff00000, 0x000000008ff00000| Untracked 
| 256|0x0000000090000000, 0x0000000090000000, 0x0000000090100000|  0%| F|  |TAMS 0x0000000090000000, 0x0000000090000000| Untracked 
| 257|0x0000000090100000, 0x0000000090100000, 0x0000000090200000|  0%| F|  |TAMS 0x0000000090100000, 0x0000000090100000| Untracked 
| 258|0x0000000090200000, 0x0000000090200000, 0x0000000090300000|  0%| F|  |TAMS 0x0000000090200000, 0x0000000090200000| Untracked 
| 259|0x0000000090300000, 0x0000000090300000, 0x0000000090400000|  0%| F|  |TAMS 0x0000000090300000, 0x0000000090300000| Untracked 
| 260|0x0000000090400000, 0x0000000090400000, 0x0000000090500000|  0%| F|  |TAMS 0x0000000090400000, 0x0000000090400000| Untracked 
| 261|0x0000000090500000, 0x0000000090500000, 0x0000000090600000|  0%| F|  |TAMS 0x0000000090500000, 0x0000000090500000| Untracked 
| 262|0x0000000090600000, 0x0000000090600000, 0x0000000090700000|  0%| F|  |TAMS 0x0000000090600000, 0x0000000090600000| Untracked 
| 263|0x0000000090700000, 0x0000000090700000, 0x0000000090800000|  0%| F|  |TAMS 0x0000000090700000, 0x0000000090700000| Untracked 
| 264|0x0000000090800000, 0x0000000090800000, 0x0000000090900000|  0%| F|  |TAMS 0x0000000090800000, 0x0000000090800000| Untracked 
| 265|0x0000000090900000, 0x0000000090900000, 0x0000000090a00000|  0%| F|  |TAMS 0x0000000090900000, 0x0000000090900000| Untracked 
| 266|0x0000000090a00000, 0x0000000090a00000, 0x0000000090b00000|  0%| F|  |TAMS 0x0000000090a00000, 0x0000000090a00000| Untracked 
| 267|0x0000000090b00000, 0x0000000090b00000, 0x0000000090c00000|  0%| F|  |TAMS 0x0000000090b00000, 0x0000000090b00000| Untracked 
| 268|0x0000000090c00000, 0x0000000090c00000, 0x0000000090d00000|  0%| F|  |TAMS 0x0000000090c00000, 0x0000000090c00000| Untracked 
| 269|0x0000000090d00000, 0x0000000090d00000, 0x0000000090e00000|  0%| F|  |TAMS 0x0000000090d00000, 0x0000000090d00000| Untracked 
| 270|0x0000000090e00000, 0x0000000090e00000, 0x0000000090f00000|  0%| F|  |TAMS 0x0000000090e00000, 0x0000000090e00000| Untracked 
| 271|0x0000000090f00000, 0x0000000090f00000, 0x0000000091000000|  0%| F|  |TAMS 0x0000000090f00000, 0x0000000090f00000| Untracked 
| 272|0x0000000091000000, 0x0000000091000000, 0x0000000091100000|  0%| F|  |TAMS 0x0000000091000000, 0x0000000091000000| Untracked 
| 273|0x0000000091100000, 0x0000000091100000, 0x0000000091200000|  0%| F|  |TAMS 0x0000000091100000, 0x0000000091100000| Untracked 
| 274|0x0000000091200000, 0x0000000091200000, 0x0000000091300000|  0%| F|  |TAMS 0x0000000091200000, 0x0000000091200000| Untracked 
| 275|0x0000000091300000, 0x0000000091300000, 0x0000000091400000|  0%| F|  |TAMS 0x0000000091300000, 0x0000000091300000| Untracked 
| 276|0x0000000091400000, 0x0000000091400000, 0x0000000091500000|  0%| F|  |TAMS 0x0000000091400000, 0x0000000091400000| Untracked 
| 277|0x0000000091500000, 0x0000000091500000, 0x0000000091600000|  0%| F|  |TAMS 0x0000000091500000, 0x0000000091500000| Untracked 
| 278|0x0000000091600000, 0x0000000091600000, 0x0000000091700000|  0%| F|  |TAMS 0x0000000091600000, 0x0000000091600000| Untracked 
| 279|0x0000000091700000, 0x0000000091700000, 0x0000000091800000|  0%| F|  |TAMS 0x0000000091700000, 0x0000000091700000| Untracked 
| 280|0x0000000091800000, 0x0000000091800000, 0x0000000091900000|  0%| F|  |TAMS 0x0000000091800000, 0x0000000091800000| Untracked 
| 281|0x0000000091900000, 0x0000000091900000, 0x0000000091a00000|  0%| F|  |TAMS 0x0000000091900000, 0x0000000091900000| Untracked 
| 282|0x0000000091a00000, 0x0000000091a00000, 0x0000000091b00000|  0%| F|  |TAMS 0x0000000091a00000, 0x0000000091a00000| Untracked 
| 283|0x0000000091b00000, 0x0000000091b00000, 0x0000000091c00000|  0%| F|  |TAMS 0x0000000091b00000, 0x0000000091b00000| Untracked 
| 284|0x0000000091c00000, 0x0000000091c00000, 0x0000000091d00000|  0%| F|  |TAMS 0x0000000091c00000, 0x0000000091c00000| Untracked 
| 285|0x0000000091d00000, 0x0000000091d00000, 0x0000000091e00000|  0%| F|  |TAMS 0x0000000091d00000, 0x0000000091d00000| Untracked 
| 286|0x0000000091e00000, 0x0000000091e00000, 0x0000000091f00000|  0%| F|  |TAMS 0x0000000091e00000, 0x0000000091e00000| Untracked 
| 287|0x0000000091f00000, 0x0000000091f00000, 0x0000000092000000|  0%| F|  |TAMS 0x0000000091f00000, 0x0000000091f00000| Untracked 
| 288|0x0000000092000000, 0x0000000092000000, 0x0000000092100000|  0%| F|  |TAMS 0x0000000092000000, 0x0000000092000000| Untracked 
| 289|0x0000000092100000, 0x0000000092100000, 0x0000000092200000|  0%| F|  |TAMS 0x0000000092100000, 0x0000000092100000| Untracked 

Card table byte_map: [0x000001f534dd0000,0x000001f5351d0000] _byte_map_base: 0x000001f5349d0000

Marking Bits (Prev, Next): (CMBitMap*) 0x000001f521a4b450, (CMBitMap*) 0x000001f521a4b418
 Prev Bits: [0x000001f5375d0000, 0x000001f5395d0000)
 Next Bits: [0x000001f5355d0000, 0x000001f5375d0000)

Polling page: 0x000001f520230000

Metaspace:

Usage:
  Non-class:     84.19 MB capacity,    82.79 MB ( 98%) used,     1.16 MB (  1%) free+waste,   245.50 KB ( <1%) overhead. 
      Class:     12.76 MB capacity,    11.97 MB ( 94%) used,   701.59 KB (  5%) free+waste,   108.69 KB ( <1%) overhead. 
       Both:     96.95 MB capacity,    94.76 MB ( 98%) used,     1.84 MB (  2%) free+waste,   354.19 KB ( <1%) overhead. 

Virtual space:
  Non-class space:       86.00 MB reserved,      84.25 MB ( 98%) committed 
      Class space:        1.00 GB reserved,      12.82 MB (  1%) committed 
             Both:        1.08 GB reserved,      97.07 MB (  9%) committed 

Chunk freelists:
   Non-Class:  2.00 KB
       Class:  17.00 KB
        Both:  19.00 KB

MaxMetaspaceSize: 17179869184.00 GB
CompressedClassSpaceSize: 1.00 GB

CodeHeap 'non-profiled nmethods': size=120064Kb used=6930Kb max_used=6930Kb free=113133Kb
 bounds [0x000001f52ce60000, 0x000001f52d530000, 0x000001f5343a0000]
CodeHeap 'profiled nmethods': size=120000Kb used=26123Kb max_used=26123Kb free=93876Kb
 bounds [0x000001f525930000, 0x000001f5272c0000, 0x000001f52ce60000]
CodeHeap 'non-nmethods': size=5696Kb used=2264Kb max_used=2303Kb free=3431Kb
 bounds [0x000001f5253a0000, 0x000001f525610000, 0x000001f525930000]
 total_blobs=12650 nmethods=11786 adapters=775
 compilation: enabled
              stopped_count=0, restarted_count=0
 full_count=0

Compilation events (20 events):
Event: 90.561 Thread 0x000001f53bc49000 12181       3       java.io.InputStreamReader::read (11 bytes)
Event: 90.561 Thread 0x000001f53bc49000 nmethod 12181 0x000001f5272b2d90 code [0x000001f5272b2f40, 0x000001f5272b3068]
Event: 90.574 Thread 0x000001f53bc49000 12184   !   3       sun.nio.cs.StreamDecoder::read (196 bytes)
Event: 90.576 Thread 0x000001f53bc49000 nmethod 12184 0x000001f5272b3190 code [0x000001f5272b3400, 0x000001f5272b4088]
Event: 90.760 Thread 0x000001f53bc46000 nmethod 12180 0x000001f52d518d90 code [0x000001f52d5192e0, 0x000001f52d51cdb8]
Event: 90.760 Thread 0x000001f53bc46000 12182       4       sun.nio.fs.WindowsPathParser::normalize (233 bytes)
Event: 90.813 Thread 0x000001f53bc46000 nmethod 12182 0x000001f52d51f190 code [0x000001f52d51f3e0, 0x000001f52d5202f0]
Event: 90.813 Thread 0x000001f53bc46000 12188       4       org.gradle.internal.serialize.DefaultSerializerRegistry$TaggedTypeSerializer::write (37 bytes)
Event: 90.814 Thread 0x000001f53bc49000 12192       3       com.google.common.cache.LocalCache$Segment::evictEntries (106 bytes)
Event: 90.815 Thread 0x000001f53bc49000 nmethod 12192 0x000001f5272b4590 code [0x000001f5272b4820, 0x000001f5272b5158]
Event: 90.826 Thread 0x000001f53bc46000 nmethod 12188 0x000001f52d520c90 code [0x000001f52d520e80, 0x000001f52d521228]
Event: 90.826 Thread 0x000001f53bc46000 12189       4       org.gradle.internal.serialize.DefaultSerializerRegistry$TaggedTypeSerializer::map (110 bytes)
Event: 90.835 Thread 0x000001f53bc46000 nmethod 12189 0x000001f52d521690 code [0x000001f52d521860, 0x000001f52d521ad8]
Event: 90.835 Thread 0x000001f53bc46000 12191       4       com.google.common.collect.ImmutableMap::isEmpty (13 bytes)
Event: 90.836 Thread 0x000001f53bc46000 nmethod 12191 0x000001f52d521d90 code [0x000001f52d521f20, 0x000001f52d521fb8]
Event: 90.836 Thread 0x000001f53bc46000 12183   !   4       org.gradle.internal.concurrent.ExecutorPolicy$CatchAndRecordFailures::onExecute (29 bytes)
Event: 90.838 Thread 0x000001f53bc46000 nmethod 12183 0x000001f52d522090 code [0x000001f52d522240, 0x000001f52d522398]
Event: 90.839 Thread 0x000001f53bc46000 12187       4       com.google.common.collect.ImmutableMultimap$Builder::put (50 bytes)
Event: 90.903 Thread 0x000001f53bc46000 nmethod 12187 0x000001f52d522510 code [0x000001f52d522760, 0x000001f52d523c38]
Event: 90.903 Thread 0x000001f53bc46000 12196       4       org.gradle.internal.snapshot.VfsRelativePath::lengthOfCommonPrefix (173 bytes)

GC Heap History (20 events):
Event: 83.676 GC heap after
{Heap after GC invocations=65 (full 0):
 garbage-first heap   total 201728K, used 138564K [0x0000000080000000, 0x0000000100000000)
  region size 1024K, 2 young (2048K), 2 survivors (2048K)
 Metaspace       used 93703K, capacity 95901K, committed 95948K, reserved 1132544K
  class space    used 11943K, capacity 12728K, committed 12748K, reserved 1048576K
}
Event: 84.100 GC heap before
{Heap before GC invocations=66 (full 0):
 garbage-first heap   total 201728K, used 145732K [0x0000000080000000, 0x0000000100000000)
  region size 1024K, 10 young (10240K), 2 survivors (2048K)
 Metaspace       used 94108K, capacity 96277K, committed 96588K, reserved 1132544K
  class space    used 11986K, capacity 12767K, committed 12876K, reserved 1048576K
}
Event: 84.108 GC heap after
{Heap after GC invocations=67 (full 0):
 garbage-first heap   total 201728K, used 139909K [0x0000000080000000, 0x0000000100000000)
  region size 1024K, 3 young (3072K), 3 survivors (3072K)
 Metaspace       used 94108K, capacity 96277K, committed 96588K, reserved 1132544K
  class space    used 11986K, capacity 12767K, committed 12876K, reserved 1048576K
}
Event: 85.073 GC heap before
{Heap before GC invocations=68 (full 0):
 garbage-first heap   total 201728K, used 162437K [0x0000000080000000, 0x0000000100000000)
  region size 1024K, 24 young (24576K), 3 survivors (3072K)
 Metaspace       used 95435K, capacity 97624K, committed 97996K, reserved 1134592K
  class space    used 12095K, capacity 12873K, committed 13004K, reserved 1048576K
}
Event: 85.098 GC heap after
{Heap after GC invocations=69 (full 0):
 garbage-first heap   total 201728K, used 149504K [0x0000000080000000, 0x0000000100000000)
  region size 1024K, 3 young (3072K), 3 survivors (3072K)
 Metaspace       used 95435K, capacity 97624K, committed 97996K, reserved 1134592K
  class space    used 12095K, capacity 12873K, committed 13004K, reserved 1048576K
}
Event: 85.211 GC heap before
{Heap before GC invocations=69 (full 0):
 garbage-first heap   total 201728K, used 163840K [0x0000000080000000, 0x0000000100000000)
  region size 1024K, 18 young (18432K), 3 survivors (3072K)
 Metaspace       used 95435K, capacity 97624K, committed 97996K, reserved 1134592K
  class space    used 12095K, capacity 12873K, committed 13004K, reserved 1048576K
}
Event: 85.256 GC heap after
{Heap after GC invocations=70 (full 0):
 garbage-first heap   total 201728K, used 164557K [0x0000000080000000, 0x0000000100000000)
  region size 1024K, 3 young (3072K), 3 survivors (3072K)
 Metaspace       used 95435K, capacity 97624K, committed 97996K, reserved 1134592K
  class space    used 12095K, capacity 12873K, committed 13004K, reserved 1048576K
}
Event: 85.293 GC heap before
{Heap before GC invocations=70 (full 0):
 garbage-first heap   total 201728K, used 170701K [0x0000000080000000, 0x0000000100000000)
  region size 1024K, 9 young (9216K), 3 survivors (3072K)
 Metaspace       used 95435K, capacity 97624K, committed 97996K, reserved 1134592K
  class space    used 12095K, capacity 12873K, committed 13004K, reserved 1048576K
}
Event: 85.327 GC heap after
{Heap after GC invocations=71 (full 0):
 garbage-first heap   total 296960K, used 170496K [0x0000000080000000, 0x0000000100000000)
  region size 1024K, 2 young (2048K), 2 survivors (2048K)
 Metaspace       used 95435K, capacity 97624K, committed 97996K, reserved 1134592K
  class space    used 12095K, capacity 12873K, committed 13004K, reserved 1048576K
}
Event: 86.168 GC heap before
{Heap before GC invocations=71 (full 0):
 garbage-first heap   total 296960K, used 209408K [0x0000000080000000, 0x0000000100000000)
  region size 1024K, 40 young (40960K), 2 survivors (2048K)
 Metaspace       used 95509K, capacity 97638K, committed 97996K, reserved 1134592K
  class space    used 12095K, capacity 12874K, committed 13004K, reserved 1048576K
}
Event: 86.236 GC heap after
{Heap after GC invocations=72 (full 0):
 garbage-first heap   total 296960K, used 201062K [0x0000000080000000, 0x0000000100000000)
  region size 1024K, 5 young (5120K), 5 survivors (5120K)
 Metaspace       used 95509K, capacity 97638K, committed 97996K, reserved 1134592K
  class space    used 12095K, capacity 12874K, committed 13004K, reserved 1048576K
}
Event: 86.420 GC heap before
{Heap before GC invocations=73 (full 0):
 garbage-first heap   total 296960K, used 225638K [0x0000000080000000, 0x0000000100000000)
  region size 1024K, 29 young (29696K), 5 survivors (5120K)
 Metaspace       used 95509K, capacity 97638K, committed 97996K, reserved 1134592K
  class space    used 12095K, capacity 12874K, committed 13004K, reserved 1048576K
}
Event: 86.503 GC heap after
{Heap after GC invocations=74 (full 0):
 garbage-first heap   total 296960K, used 225792K [0x0000000080000000, 0x0000000100000000)
  region size 1024K, 4 young (4096K), 4 survivors (4096K)
 Metaspace       used 95509K, capacity 97638K, committed 97996K, reserved 1134592K
  class space    used 12095K, capacity 12874K, committed 13004K, reserved 1048576K
}
Event: 86.739 GC heap before
{Heap before GC invocations=74 (full 0):
 garbage-first heap   total 296960K, used 239104K [0x0000000080000000, 0x0000000100000000)
  region size 1024K, 17 young (17408K), 4 survivors (4096K)
 Metaspace       used 95636K, capacity 97775K, committed 97996K, reserved 1134592K
  class space    used 12105K, capacity 12876K, committed 13004K, reserved 1048576K
}
Event: 86.789 GC heap after
{Heap after GC invocations=75 (full 0):
 garbage-first heap   total 296960K, used 237056K [0x0000000080000000, 0x0000000100000000)
  region size 1024K, 3 young (3072K), 3 survivors (3072K)
 Metaspace       used 95636K, capacity 97775K, committed 97996K, reserved 1134592K
  class space    used 12105K, capacity 12876K, committed 13004K, reserved 1048576K
}
Event: 89.133 GC heap before
{Heap before GC invocations=76 (full 0):
 garbage-first heap   total 296960K, used 179712K [0x0000000080000000, 0x0000000100000000)
  region size 1024K, 14 young (14336K), 3 survivors (3072K)
 Metaspace       used 96909K, capacity 99118K, committed 99404K, reserved 1136640K
  class space    used 12241K, capacity 13024K, committed 13132K, reserved 1048576K
}
Event: 89.146 GC heap after
{Heap after GC invocations=77 (full 0):
 garbage-first heap   total 296960K, used 169076K [0x0000000080000000, 0x0000000100000000)
  region size 1024K, 2 young (2048K), 2 survivors (2048K)
 Metaspace       used 96909K, capacity 99118K, committed 99404K, reserved 1136640K
  class space    used 12241K, capacity 13024K, committed 13132K, reserved 1048576K
}
Event: 89.535 GC heap before
{Heap before GC invocations=77 (full 0):
 garbage-first heap   total 296960K, used 180340K [0x0000000080000000, 0x0000000100000000)
  region size 1024K, 14 young (14336K), 2 survivors (2048K)
 Metaspace       used 97010K, capacity 99276K, committed 99404K, reserved 1136640K
  class space    used 12259K, capacity 13071K, committed 13132K, reserved 1048576K
}
Event: 89.564 GC heap after
{Heap after GC invocations=78 (full 0):
 garbage-first heap   total 296960K, used 145991K [0x0000000080000000, 0x0000000100000000)
  region size 1024K, 1 young (1024K), 1 survivors (1024K)
 Metaspace       used 97010K, capacity 99276K, committed 99404K, reserved 1136640K
  class space    used 12259K, capacity 13071K, committed 13132K, reserved 1048576K
}
Event: 90.917 GC heap before
{Heap before GC invocations=78 (full 0):
 garbage-first heap   total 296960K, used 190023K [0x0000000080000000, 0x0000000100000000)
  region size 1024K, 45 young (46080K), 1 survivors (1024K)
 Metaspace       used 97038K, capacity 99277K, committed 99404K, reserved 1136640K
  class space    used 12260K, capacity 13071K, committed 13132K, reserved 1048576K
}

Deoptimization events (20 events):
Event: 90.318 Thread 0x000001f53ede2800 DEOPT PACKING pc=0x000001f52d3eaddc sp=0x0000006a89afe450
Event: 90.318 Thread 0x000001f53ede2800 DEOPT UNPACKING pc=0x000001f5253c74af sp=0x0000006a89afe3a8 mode 2
Event: 90.409 Thread 0x000001f53ede2800 DEOPT PACKING pc=0x000001f526db19c4 sp=0x0000006a89afdbb0
Event: 90.409 Thread 0x000001f53ede2800 DEOPT UNPACKING pc=0x000001f5253c72ce sp=0x0000006a89afd150 mode 0
Event: 90.471 Thread 0x000001f540928000 Uncommon trap: trap_request=0xffffffde fr.pc=0x000001f52d3cca44 relative=0x0000000000000184
Event: 90.471 Thread 0x000001f540928000 Uncommon trap: reason=class_check action=maybe_recompile pc=0x000001f52d3cca44 method=java.util.concurrent.locks.ReentrantReadWriteLock$Sync.tryAcquireShared(I)I @ 33 c2
Event: 90.471 Thread 0x000001f540928000 DEOPT PACKING pc=0x000001f52d3cca44 sp=0x0000006a8fffe830
Event: 90.471 Thread 0x000001f540928000 DEOPT UNPACKING pc=0x000001f5253c74af sp=0x0000006a8fffe7d0 mode 2
Event: 90.562 Thread 0x000001f53eddc000 DEOPT PACKING pc=0x000001f526db19c4 sp=0x0000006a899fdc60
Event: 90.562 Thread 0x000001f53eddc000 DEOPT UNPACKING pc=0x000001f5253c72ce sp=0x0000006a899fd200 mode 0
Event: 90.728 Thread 0x000001f53eddd800 DEOPT PACKING pc=0x000001f526db19c4 sp=0x0000006a89bfc6d0
Event: 90.728 Thread 0x000001f53eddd800 DEOPT UNPACKING pc=0x000001f5253c72ce sp=0x0000006a89bfbc70 mode 0
Event: 90.765 Thread 0x000001f53eddc000 Uncommon trap: trap_request=0xffffff4d fr.pc=0x000001f52d4f5bbc relative=0x00000000000000fc
Event: 90.765 Thread 0x000001f53eddc000 Uncommon trap: reason=unstable_if action=reinterpret pc=0x000001f52d4f5bbc method=com.google.common.cache.LocalCache$Segment.evictEntries(Lcom/google/common/cache/ReferenceEntry;)V @ 69 c2
Event: 90.765 Thread 0x000001f53eddc000 DEOPT PACKING pc=0x000001f52d4f5bbc sp=0x0000006a899fddd0
Event: 90.765 Thread 0x000001f53eddc000 DEOPT UNPACKING pc=0x000001f5253c74af sp=0x0000006a899fdd58 mode 2
Event: 90.917 Thread 0x000001f53eddc000 Uncommon trap: trap_request=0xffffff4d fr.pc=0x000001f52d2b522c relative=0x00000000000009ac
Event: 90.917 Thread 0x000001f53eddc000 Uncommon trap: reason=unstable_if action=reinterpret pc=0x000001f52d2b522c method=java.util.concurrent.ConcurrentLinkedQueue.poll()Ljava/lang/Object; @ 24 c2
Event: 90.917 Thread 0x000001f53eddc000 DEOPT PACKING pc=0x000001f52d2b522c sp=0x0000006a899fdd90
Event: 90.917 Thread 0x000001f53eddc000 DEOPT UNPACKING pc=0x000001f5253c74af sp=0x0000006a899fdcd8 mode 2

Classes redefined (0 events):
No events

Internal exceptions (20 events):
Event: 86.673 Thread 0x000001f53d853000 Exception <a 'sun/nio/fs/WindowsException'{0x00000000916d4b50}> (0x00000000916d4b50) thrown at [./src/hotspot/share/prims/jni.cpp, line 615]
Event: 86.673 Thread 0x000001f53d853000 Exception <a 'sun/nio/fs/WindowsException'{0x00000000916d4cc8}> (0x00000000916d4cc8) thrown at [./src/hotspot/share/prims/jni.cpp, line 615]
Event: 86.716 Thread 0x000001f53d853000 Exception <a 'sun/nio/fs/WindowsException'{0x000000009151cca0}> (0x000000009151cca0) thrown at [./src/hotspot/share/prims/jni.cpp, line 615]
Event: 86.716 Thread 0x000001f53d853000 Exception <a 'sun/nio/fs/WindowsException'{0x000000009151ce30}> (0x000000009151ce30) thrown at [./src/hotspot/share/prims/jni.cpp, line 615]
Event: 86.736 Thread 0x000001f53d853000 Exception <a 'sun/nio/fs/WindowsException'{0x000000009156d4f0}> (0x000000009156d4f0) thrown at [./src/hotspot/share/prims/jni.cpp, line 615]
Event: 86.736 Thread 0x000001f53d853000 Exception <a 'sun/nio/fs/WindowsException'{0x000000009156d680}> (0x000000009156d680) thrown at [./src/hotspot/share/prims/jni.cpp, line 615]
Event: 86.795 Thread 0x000001f53d853000 Exception <a 'sun/nio/fs/WindowsException'{0x00000000921494b8}> (0x00000000921494b8) thrown at [./src/hotspot/share/prims/jni.cpp, line 615]
Event: 86.795 Thread 0x000001f53d853000 Exception <a 'sun/nio/fs/WindowsException'{0x0000000092149638}> (0x0000000092149638) thrown at [./src/hotspot/share/prims/jni.cpp, line 615]
Event: 87.077 Thread 0x000001f53d853000 Exception <a 'sun/nio/fs/WindowsException'{0x0000000091f22320}> (0x0000000091f22320) thrown at [./src/hotspot/share/prims/jni.cpp, line 615]
Event: 87.206 Thread 0x000001f53d853000 Exception <a 'sun/nio/fs/WindowsException'{0x0000000091f59ae0}> (0x0000000091f59ae0) thrown at [./src/hotspot/share/prims/jni.cpp, line 615]
Event: 87.206 Thread 0x000001f53d853000 Exception <a 'sun/nio/fs/WindowsException'{0x0000000091f59c90}> (0x0000000091f59c90) thrown at [./src/hotspot/share/prims/jni.cpp, line 615]
Event: 87.252 Thread 0x000001f53d853000 Exception <a 'java/lang/NoSuchMethodError'{0x0000000091fb8d58}: 'int java.lang.invoke.DirectMethodHandle$Holder.invokeVirtual(java.lang.Object, java.lang.Object, java.lang.Object, java.lang.Object)'> (0x0000000091fb8d58) thrown at [./src/hotspot/share/interpreter/linkResolver.cpp, line 773]
Event: 87.306 Thread 0x000001f53d853000 Exception <a 'sun/nio/fs/WindowsException'{0x0000000091e5e840}> (0x0000000091e5e840) thrown at [./src/hotspot/share/prims/jni.cpp, line 615]
Event: 87.306 Thread 0x000001f53d853000 Exception <a 'sun/nio/fs/WindowsException'{0x0000000091e5e9c8}> (0x0000000091e5e9c8) thrown at [./src/hotspot/share/prims/jni.cpp, line 615]
Event: 87.844 Thread 0x000001f53d853000 Exception <a 'sun/nio/fs/WindowsException'{0x0000000091c0f0f0}> (0x0000000091c0f0f0) thrown at [./src/hotspot/share/prims/jni.cpp, line 615]
Event: 88.299 Thread 0x000001f53d853000 Exception <a 'sun/nio/fs/WindowsException'{0x0000000091c8f4f8}> (0x0000000091c8f4f8) thrown at [./src/hotspot/share/prims/jni.cpp, line 615]
Event: 89.259 Thread 0x000001f53ca66000 Exception <a 'java/lang/NoSuchMethodError'{0x00000000920dfc70}: <clinit>> (0x00000000920dfc70) thrown at [./src/hotspot/share/prims/jni.cpp, line 1362]
Event: 89.267 Thread 0x000001f53ca66000 Exception <a 'java/lang/NoSuchMethodError'{0x0000000091f003b8}: <clinit>> (0x0000000091f003b8) thrown at [./src/hotspot/share/prims/jni.cpp, line 1362]
Event: 90.351 Thread 0x000001f53d853000 Exception <a 'sun/nio/fs/WindowsException'{0x0000000090c088f8}> (0x0000000090c088f8) thrown at [./src/hotspot/share/prims/jni.cpp, line 615]
Event: 90.352 Thread 0x000001f53d853000 Exception <a 'sun/nio/fs/WindowsException'{0x0000000090c09d88}> (0x0000000090c09d88) thrown at [./src/hotspot/share/prims/jni.cpp, line 615]

Events (20 events):
Event: 89.249 loading class org/gradle/internal/execution/steps/SkipUpToDateStep$2 done
Event: 89.254 loading class org/gradle/tooling/events/task/internal/java/DefaultJavaCompileTaskSuccessResult
Event: 89.254 loading class org/gradle/tooling/events/task/internal/java/DefaultJavaCompileTaskSuccessResult done
Event: 89.256 loading class org/gradle/tooling/events/task/java/JavaCompileTaskOperationResult
Event: 89.256 loading class org/gradle/tooling/events/task/java/JavaCompileTaskOperationResult done
Event: 89.265 loading class com/google/common/collect/ImmutableList$SerializedForm
Event: 89.265 loading class com/google/common/collect/ImmutableList$SerializedForm done
Event: 89.346 loading class org/gradle/internal/snapshot/UnknownSnapshot
Event: 89.346 loading class org/gradle/internal/snapshot/UnknownSnapshot done
Event: 89.347 Executing VM operation: Deoptimize
Event: 89.350 Executing VM operation: Deoptimize done
Event: 89.421 loading class org/gradle/internal/Try$1
Event: 89.421 loading class org/gradle/internal/Try$1 done
Event: 89.535 Executing VM operation: G1CollectForAllocation
Event: 89.564 Executing VM operation: G1CollectForAllocation done
Event: 90.765 loading class com/google/common/cache/LocalCache$AccessQueue$2
Event: 90.765 loading class com/google/common/cache/LocalCache$AccessQueue$2 done
Event: 90.766 loading class com/google/common/collect/AbstractSequentialIterator
Event: 90.766 loading class com/google/common/collect/AbstractSequentialIterator done
Event: 90.917 Executing VM operation: G1CollectForAllocation


Dynamic libraries:
0x00007ff768bc0000 - 0x00007ff768bca000 	C:\Program Files\Android\Android Studio1\jre\bin\java.exe
0x00007ffadc690000 - 0x00007ffadc885000 	C:\Windows\SYSTEM32\ntdll.dll
0x00007ffadbbb0000 - 0x00007ffadbc6e000 	C:\Windows\System32\KERNEL32.DLL
0x00007ffada410000 - 0x00007ffada6d8000 	C:\Windows\System32\KERNELBASE.dll
0x00007ffad9f00000 - 0x00007ffada000000 	C:\Windows\System32\ucrtbase.dll
0x00007ffad3e20000 - 0x00007ffad3e39000 	C:\Program Files\Android\Android Studio1\jre\bin\jli.dll
0x00007ffad3c70000 - 0x00007ffad3c87000 	C:\Program Files\Android\Android Studio1\jre\bin\VCRUNTIME140.dll
0x00007ffada770000 - 0x00007ffada911000 	C:\Windows\System32\USER32.dll
0x00007ffada3e0000 - 0x00007ffada402000 	C:\Windows\System32\win32u.dll
0x00007ffada6e0000 - 0x00007ffada70b000 	C:\Windows\System32\GDI32.dll
0x00007ffac8710000 - 0x00007ffac89aa000 	C:\Windows\WinSxS\amd64_microsoft.windows.common-controls_6595b64144ccf1df_6.0.19041.1110_none_60b5254171f9507e\COMCTL32.dll
0x00007ffada0e0000 - 0x00007ffada1eb000 	C:\Windows\System32\gdi32full.dll
0x00007ffad9db0000 - 0x00007ffad9e4d000 	C:\Windows\System32\msvcp_win.dll
0x00007ffadb5a0000 - 0x00007ffadb63e000 	C:\Windows\System32\msvcrt.dll
0x00007ffadbc70000 - 0x00007ffadbca0000 	C:\Windows\System32\IMM32.DLL
0x00007ffaa7b60000 - 0x00007ffaa7bfd000 	C:\Program Files\Android\Android Studio1\jre\bin\msvcp140.dll
0x00007ffa96300000 - 0x00007ffa96dbc000 	C:\Program Files\Android\Android Studio1\jre\bin\server\jvm.dll
0x00007ffadac10000 - 0x00007ffadacbc000 	C:\Windows\System32\ADVAPI32.dll
0x00007ffadbfc0000 - 0x00007ffadc05b000 	C:\Windows\System32\sechost.dll
0x00007ffadbe20000 - 0x00007ffadbf4a000 	C:\Windows\System32\RPCRT4.dll
0x00007ffadae50000 - 0x00007ffadae58000 	C:\Windows\System32\PSAPI.DLL
0x00007ffac4580000 - 0x00007ffac4589000 	C:\Windows\SYSTEM32\WSOCK32.dll
0x00007ffadbf50000 - 0x00007ffadbfbb000 	C:\Windows\System32\WS2_32.dll
0x00007ffac5c80000 - 0x00007ffac5ca7000 	C:\Windows\SYSTEM32\WINMM.dll
0x00007ffad2860000 - 0x00007ffad286a000 	C:\Windows\SYSTEM32\VERSION.dll
0x00007ffad8630000 - 0x00007ffad8642000 	C:\Windows\SYSTEM32\kernel.appcore.dll
0x00007ffad1f00000 - 0x00007ffad1f11000 	C:\Program Files\Android\Android Studio1\jre\bin\verify.dll
0x00007ffad8340000 - 0x00007ffad8524000 	C:\Windows\SYSTEM32\DBGHELP.DLL
0x00007ffac9300000 - 0x00007ffac932c000 	C:\Windows\SYSTEM32\dbgcore.DLL
0x00007ffada050000 - 0x00007ffada0d3000 	C:\Windows\System32\bcryptPrimitives.dll
0x00007ffaba500000 - 0x00007ffaba529000 	C:\Program Files\Android\Android Studio1\jre\bin\java.dll
0x00007ffad1ef0000 - 0x00007ffad1efb000 	C:\Program Files\Android\Android Studio1\jre\bin\jimage.dll
0x00007ffab2f20000 - 0x00007ffab2f38000 	C:\Program Files\Android\Android Studio1\jre\bin\zip.dll
0x00007ffadae60000 - 0x00007ffadb59f000 	C:\Windows\System32\SHELL32.dll
0x00007ffad7ae0000 - 0x00007ffad8270000 	C:\Windows\SYSTEM32\windows.storage.dll
0x00007ffadb710000 - 0x00007ffadba65000 	C:\Windows\System32\combase.dll
0x00007ffad9730000 - 0x00007ffad975e000 	C:\Windows\SYSTEM32\Wldp.dll
0x00007ffadada0000 - 0x00007ffadae4d000 	C:\Windows\System32\SHCORE.dll
0x00007ffadc060000 - 0x00007ffadc0b5000 	C:\Windows\System32\shlwapi.dll
0x00007ffad9cf0000 - 0x00007ffad9d0f000 	C:\Windows\SYSTEM32\profapi.dll
0x00007ffab2f00000 - 0x00007ffab2f1a000 	C:\Program Files\Android\Android Studio1\jre\bin\net.dll
0x00007ffacadc0000 - 0x00007ffacaecc000 	C:\Windows\SYSTEM32\WINHTTP.dll
0x00007ffad9490000 - 0x00007ffad94fa000 	C:\Windows\system32\mswsock.dll
0x00007ffaae8b0000 - 0x00007ffaae8c4000 	C:\Program Files\Android\Android Studio1\jre\bin\nio.dll
0x00007ffac5490000 - 0x00007ffac54b7000 	C:\Users\VuThiLanh\.gradle\native\fdc75f09e3144964f2cf3f50f0aa648679c211496f362492102eb8c894070792\windows-amd64\native-platform.dll
0x00007ffa9b500000 - 0x00007ffa9b696000 	C:\Users\VuThiLanh\.gradle\native\12488b8bf47d2d4c9fbf2f6322a914ad602e24e48041cd04a747c6da556b65c4\windows-amd64\native-platform-file-events.dll
0x00007ffad1c60000 - 0x00007ffad1c6a000 	C:\Program Files\Android\Android Studio1\jre\bin\management.dll
0x00007ffac70f0000 - 0x00007ffac70fc000 	C:\Program Files\Android\Android Studio1\jre\bin\management_ext.dll
0x00007ffad9680000 - 0x00007ffad9698000 	C:\Windows\SYSTEM32\CRYPTSP.dll
0x00007ffad8e10000 - 0x00007ffad8e44000 	C:\Windows\system32\rsaenh.dll
0x00007ffada1f0000 - 0x00007ffada217000 	C:\Windows\System32\bcrypt.dll
0x00007ffad9cb0000 - 0x00007ffad9cde000 	C:\Windows\SYSTEM32\USERENV.dll
0x00007ffad96a0000 - 0x00007ffad96ac000 	C:\Windows\SYSTEM32\CRYPTBASE.dll
0x00007ffad9180000 - 0x00007ffad91bb000 	C:\Windows\SYSTEM32\IPHLPAPI.DLL
0x00007ffadbe10000 - 0x00007ffadbe18000 	C:\Windows\System32\NSI.dll
0x00007ffacdf40000 - 0x00007ffacdf57000 	C:\Windows\SYSTEM32\dhcpcsvc6.DLL
0x00007ffad1190000 - 0x00007ffad11ad000 	C:\Windows\SYSTEM32\dhcpcsvc.DLL
0x00007ffad91c0000 - 0x00007ffad928b000 	C:\Windows\SYSTEM32\DNSAPI.dll
0x00007ffad1750000 - 0x00007ffad175b000 	C:\Windows\SYSTEM32\WINNSI.DLL

dbghelp: loaded successfully - version: 4.0.5 - missing functions: none
symbol engine: initialized successfully - sym options: 0x614 - pdb path: .;C:\Program Files\Android\Android Studio1\jre\bin;C:\Windows\SYSTEM32;C:\Windows\WinSxS\amd64_microsoft.windows.common-controls_6595b64144ccf1df_6.0.19041.1110_none_60b5254171f9507e;C:\Program Files\Android\Android Studio1\jre\bin\server;C:\Users\VuThiLanh\.gradle\native\fdc75f09e3144964f2cf3f50f0aa648679c211496f362492102eb8c894070792\windows-amd64;C:\Users\VuThiLanh\.gradle\native\12488b8bf47d2d4c9fbf2f6322a914ad602e24e48041cd04a747c6da556b65c4\windows-amd64

VM Arguments:
jvm_args: --add-opens=java.base/java.util=ALL-UNNAMED --add-opens=java.base/java.lang=ALL-UNNAMED --add-opens=java.base/java.lang.invoke=ALL-UNNAMED --add-opens=java.prefs/java.util.prefs=ALL-UNNAMED -Xmx2048m -Dfile.encoding=UTF-8 -Duser.country=US -Duser.language=en -Duser.variant 
java_command: org.gradle.launcher.daemon.bootstrap.GradleDaemon 6.7.1
java_class_path (initial): C:\Users\VuThiLanh\.gradle\wrapper\dists\gradle-6.7.1-bin\bwlcbys1h7rz3272sye1xwiv6\gradle-6.7.1\lib\gradle-launcher-6.7.1.jar
Launcher Type: SUN_STANDARD

[Global flags]
     intx CICompilerCount                          = 3                                         {product} {ergonomic}
     uint ConcGCThreads                            = 1                                         {product} {ergonomic}
     uint G1ConcRefinementThreads                  = 4                                         {product} {ergonomic}
   size_t G1HeapRegionSize                         = 1048576                                   {product} {ergonomic}
    uintx GCDrainStackTargetSize                   = 64                                        {product} {ergonomic}
   size_t InitialHeapSize                          = 65011712                                  {product} {ergonomic}
   size_t MarkStackSize                            = 4194304                                   {product} {ergonomic}
   size_t MaxHeapSize                              = 2147483648                                {product} {command line}
   size_t MaxNewSize                               = 1287651328                                {product} {ergonomic}
   size_t MinHeapDeltaBytes                        = 1048576                                   {product} {ergonomic}
    uintx NonNMethodCodeHeapSize                   = 5830732                                {pd product} {ergonomic}
    uintx NonProfiledCodeHeapSize                  = 122913754                              {pd product} {ergonomic}
    uintx ProfiledCodeHeapSize                     = 122913754                              {pd product} {ergonomic}
    uintx ReservedCodeCacheSize                    = 251658240                              {pd product} {ergonomic}
     bool SegmentedCodeCache                       = true                                      {product} {ergonomic}
     bool UseCompressedClassPointers               = true                                 {lp64_product} {ergonomic}
     bool UseCompressedOops                        = true                                 {lp64_product} {ergonomic}
     bool UseG1GC                                  = true                                      {product} {ergonomic}
     bool UseLargePagesIndividualAllocation        = false                                  {pd product} {ergonomic}

Logging:
Log output configuration:
 #0: stdout all=warning uptime,level,tags
 #1: stderr all=off uptime,level,tags

Environment Variables:
PATH=C:\Program Files\Common Files\Oracle\Java\javapath;C:\Windows\system32;C:\Windows;C:\Windows\System32\Wbem;C:\Windows\System32\WindowsPowerShell\v1.0\;C:\Windows\System32\OpenSSH\;C:\Program Files\Microsoft SQL Server\Client SDK\ODBC\170\Tools\Binn\;C:\Program Files (x86)\Microsoft SQL Server\150\Tools\Binn\;C:\Program Files\Microsoft SQL Server\150\Tools\Binn\;C:\Program Files\Microsoft SQL Server\150\DTS\Binn\;C:\Program Files (x86)\Microsoft SQL Server\150\DTS\Binn\;C:\Program Files\Azure Data Studio\bin;C:\Program Files\Microsoft SQL Server\130\Tools\Binn\;C:\Program Files\Git\cmd;C:\Program Files (x86)\Rational\common;C:\Program Files\dotnet\;C:\Users\VuThiLanh\AppData\Local\Microsoft\WindowsApps;C:\Program Files\Azure Data Studio\bin;C:\Users\VuThiLanh\.dotnet\tools;C:\Users\VuThiLanh\AppData\Local\GitHubDesktop\bin
USERNAME=VuThiLanh
OS=Windows_NT
PROCESSOR_IDENTIFIER=Intel64 Family 6 Model 142 Stepping 9, GenuineIntel



---------------  S Y S T E M  ---------------

OS: Windows 10 , 64 bit Build 19041 (10.0.19041.1348)
OS uptime: 2 days 11:08 hours

CPU:total 4 (initial active 4) (2 cores per cpu, 2 threads per core) family 6 model 142 stepping 9, cmov, cx8, fxsr, mmx, sse, sse2, sse3, ssse3, sse4.1, sse4.2, popcnt, avx, avx2, aes, clmul, erms, 3dnowpref, lzcnt, ht, tsc, tscinvbit, bmi1, bmi2, adx, fma

Memory: 4k page, system-wide physical 3961M (241M free)
TotalPageFile size 12057M (AvailPageFile size 28M)
current process WorkingSet (physical memory assigned to process): 327M, peak: 405M
current process commit charge ("private bytes"): 586M, peak: 692M

vm_info: OpenJDK 64-Bit Server VM (11.0.8+10-b944.6842174) for windows-amd64 JRE (11.0.8+10-b944.6842174), built on Sep 19 2020 01:11:42 by "builder" with MS VC++ 14.0 (VS2015)

END.
